[[34mINFO [0;39m] [] 20:32:23.929 [TestCaseId:] [Scenario:
                Create a new project, check its status and presence in Recents] [36mo.a.q.c.s.p.LoginPageObject[0;39m - Open login page
[[39mDEBUG[0;39m] [] 20:32:23.929 [TestCaseId:] [Scenario:
                Create a new project, check its status and presence in Recents] [36mo.a.q.c.s.w.WrappedWebdriver[0;39m - Opening url: http://localhost:8081/#!/login
[[39mDEBUG[0;39m] [] 20:32:24.995 [TestCaseId:] [Scenario:
                Create a new project, check its status and presence in Recents] [36mo.a.q.c.s.a.p.AllureAttachmentsProvider[0;39m - Attach screenshot to the Allure report
[[34mINFO [0;39m] [] 20:32:25.522 [TestCaseId:] [Scenario:
                Create a new project, check its status and presence in Recents] [36mo.a.q.c.s.w.WrappedWebdriver[0;39m - Open_Page Execution_Time(ms):; 1583; Page_URL:; http://localhost:8081/#!/login;
[[34mINFO [0;39m] [] 20:32:25.522 [TestCaseId:] [Scenario:
                Create a new project, check its status and presence in Recents] [36mo.a.q.c.s.p.LoginPageObject[0;39m - Set login as admin in SingIn form
[[34mINFO [0;39m] [] 20:32:25.582 [TestCaseId:] [Scenario:
                Create a new project, check its status and presence in Recents] [36mo.a.q.c.s.w.WebdriverHelper[0;39m - Wait_For_Page_Update Execution_Time(ms):; 30; Page_URL:; http://localhost:8081/#!/login;
[[39mDEBUG[0;39m] [] 20:32:25.582 [TestCaseId:] [Scenario:
                Create a new project, check its status and presence in Recents] [36mo.a.q.c.s.w.WrappedWebdriver[0;39m - Finding element by: By.name: login 
[[34mINFO [0;39m] [] 20:32:25.612 [TestCaseId:] [Scenario:
                Create a new project, check its status and presence in Recents] [36mo.a.q.c.s.w.WrappedWebdriver[0;39m - Find_Element Execution_Time(ms):; 20; Page_URL:; http://localhost:8081/#!/login;
[[39mDEBUG[0;39m] [] 20:32:25.632 [TestCaseId:] [Scenario:
                Create a new project, check its status and presence in Recents] [36mo.a.q.c.s.w.WrappedWebdriver[0;39m - Finding element by: By.name: login 
[[34mINFO [0;39m] [] 20:32:25.652 [TestCaseId:] [Scenario:
                Create a new project, check its status and presence in Recents] [36mo.a.q.c.s.w.WrappedWebdriver[0;39m - Find_Element Execution_Time(ms):; 10; Page_URL:; http://localhost:8081/#!/login;
[[39mDEBUG[0;39m] [] 20:32:25.672 [TestCaseId:] [Scenario:
                Create a new project, check its status and presence in Recents] [36mo.a.q.c.s.w.WrappedWebdriver[0;39m - Finding element by: By.name: login 
[[34mINFO [0;39m] [] 20:32:25.677 [TestCaseId:] [Scenario:
                Create a new project, check its status and presence in Recents] [36mo.a.q.c.s.w.WrappedWebdriver[0;39m - Find_Element Execution_Time(ms):; 1; Page_URL:; http://localhost:8081/#!/login;
[[34mINFO [0;39m] [] 20:32:25.732 [TestCaseId:] [Scenario:
                Create a new project, check its status and presence in Recents] [36mo.a.q.c.s.w.WebdriverHelper[0;39m - Wait_For_Page_Update Execution_Time(ms):; 5; Page_URL:; http://localhost:8081/#!/login;
[[34mINFO [0;39m] [] 20:32:25.737 [TestCaseId:] [Scenario:
                Create a new project, check its status and presence in Recents] [36mo.a.q.c.s.w.WebdriverHelper[0;39m - Send_Keys Execution_Time(ms):; 190; Page_URL:; http://localhost:8081/#!/login;
[[34mINFO [0;39m] [] 20:32:25.746 [TestCaseId:] [Scenario:
                Create a new project, check its status and presence in Recents] [36mo.a.q.c.s.w.WebdriverHelper[0;39m - Wait_For_Page_Update Execution_Time(ms):; 5; Page_URL:; http://localhost:8081/#!/login;
[[39mDEBUG[0;39m] [] 20:32:25.747 [TestCaseId:] [Scenario:
                Create a new project, check its status and presence in Recents] [36mo.a.q.c.s.w.WrappedWebdriver[0;39m - Finding element by: By.name: password 
[[34mINFO [0;39m] [] 20:32:25.783 [TestCaseId:] [Scenario:
                Create a new project, check its status and presence in Recents] [36mo.a.q.c.s.w.WrappedWebdriver[0;39m - Find_Element Execution_Time(ms):; 13; Page_URL:; http://localhost:8081/#!/login;
[[39mDEBUG[0;39m] [] 20:32:25.803 [TestCaseId:] [Scenario:
                Create a new project, check its status and presence in Recents] [36mo.a.q.c.s.w.WrappedWebdriver[0;39m - Finding element by: By.name: password 
[[34mINFO [0;39m] [] 20:32:25.823 [TestCaseId:] [Scenario:
                Create a new project, check its status and presence in Recents] [36mo.a.q.c.s.w.WrappedWebdriver[0;39m - Find_Element Execution_Time(ms):; 10; Page_URL:; http://localhost:8081/#!/login;
[[39mDEBUG[0;39m] [] 20:32:25.843 [TestCaseId:] [Scenario:
                Create a new project, check its status and presence in Recents] [36mo.a.q.c.s.w.WrappedWebdriver[0;39m - Finding element by: By.name: password 
[[34mINFO [0;39m] [] 20:32:25.850 [TestCaseId:] [Scenario:
                Create a new project, check its status and presence in Recents] [36mo.a.q.c.s.w.WrappedWebdriver[0;39m - Find_Element Execution_Time(ms):; 1; Page_URL:; http://localhost:8081/#!/login;
[[34mINFO [0;39m] [] 20:32:25.895 [TestCaseId:] [Scenario:
                Create a new project, check its status and presence in Recents] [36mo.a.q.c.s.w.WebdriverHelper[0;39m - Wait_For_Page_Update Execution_Time(ms):; 4; Page_URL:; http://localhost:8081/#!/login;
[[34mINFO [0;39m] [] 20:32:25.899 [TestCaseId:] [Scenario:
                Create a new project, check its status and presence in Recents] [36mo.a.q.c.s.w.WebdriverHelper[0;39m - Send_Keys Execution_Time(ms):; 158; Page_URL:; http://localhost:8081/#!/login;
[[34mINFO [0;39m] [] 20:32:25.909 [TestCaseId:] [Scenario:
                Create a new project, check its status and presence in Recents] [36mo.a.q.c.s.w.WebdriverHelper[0;39m - Wait_For_Page_Update Execution_Time(ms):; 5; Page_URL:; http://localhost:8081/#!/login;
[[39mDEBUG[0;39m] [] 20:32:25.910 [TestCaseId:] [Scenario:
                Create a new project, check its status and presence in Recents] [36mo.a.q.c.s.w.WrappedWebdriver[0;39m - Finding element by: By.className: login-button 
[[34mINFO [0;39m] [] 20:32:25.925 [TestCaseId:] [Scenario:
                Create a new project, check its status and presence in Recents] [36mo.a.q.c.s.w.WrappedWebdriver[0;39m - Find_Element Execution_Time(ms):; 11; Page_URL:; http://localhost:8081/#!/login;
[[39mDEBUG[0;39m] [] 20:32:25.950 [TestCaseId:] [Scenario:
                Create a new project, check its status and presence in Recents] [36mo.a.q.c.s.w.WrappedWebdriver[0;39m - Finding element by: By.className: login-button 
[[34mINFO [0;39m] [] 20:32:25.970 [TestCaseId:] [Scenario:
                Create a new project, check its status and presence in Recents] [36mo.a.q.c.s.w.WrappedWebdriver[0;39m - Find_Element Execution_Time(ms):; 10; Page_URL:; http://localhost:8081/#!/login;
[[34mINFO [0;39m] [] 20:32:25.990 [TestCaseId:] [Scenario:
                Create a new project, check its status and presence in Recents] [36mo.a.q.c.s.w.WebdriverHelper[0;39m - Wait_For_Element_To_Be_Clickable Execution_Time(ms):; 71; Page_URL:; http://localhost:8081/#!/login;
[[39mDEBUG[0;39m] [] 20:32:25.990 [TestCaseId:] [Scenario:
                Create a new project, check its status and presence in Recents] [36mo.a.q.c.s.w.WrappedWebdriver[0;39m - Finding element by: By.className: login-button 
[[34mINFO [0;39m] [] 20:32:26.010 [TestCaseId:] [Scenario:
                Create a new project, check its status and presence in Recents] [36mo.a.q.c.s.w.WrappedWebdriver[0;39m - Find_Element Execution_Time(ms):; 10; Page_URL:; http://localhost:8081/#!/login;
[[34mINFO [0;39m] [] 20:32:26.156 [TestCaseId:] [Scenario:
                Create a new project, check its status and presence in Recents] [36mo.a.q.c.s.w.WebdriverHelper[0;39m - Wait_For_Page_Update Execution_Time(ms):; 89; Page_URL:; http://localhost:8081/#!/dashboard;
[[34mINFO [0;39m] [] 20:32:26.161 [TestCaseId:] [Scenario:
                Create a new project, check its status and presence in Recents] [36mo.a.q.c.s.w.WebdriverHelper[0;39m - Click Execution_Time(ms):; 257; Page_URL:; http://localhost:8081/#!/dashboard;
[[39mDEBUG[0;39m] [] 20:32:26.162 [TestCaseId:] [Scenario:
                Create a new project, check its status and presence in Recents] [36mo.a.q.c.s.a.p.AllureAttachmentsProvider[0;39m - Attach screenshot to the Allure report
[[34mINFO [0;39m] [] 20:32:26.635 [TestCaseId:] [Scenario:
                Create a new project, check its status and presence in Recents] [36mo.a.q.c.s.p.LoginPageObject[0;39m - Submit SignIn form
[[34mINFO [0;39m] [] 20:32:26.665 [TestCaseId:] [Scenario:
                Create a new project, check its status and presence in Recents] [36mo.a.q.c.s.w.WebdriverHelper[0;39m - Wait_For_Page_Update Execution_Time(ms):; 20; Page_URL:; http://localhost:8081/#!/dashboard;
[[39mDEBUG[0;39m] [] 20:32:26.665 [TestCaseId:] [Scenario:
                Create a new project, check its status and presence in Recents] [36mo.a.q.c.s.w.WrappedWebdriver[0;39m - Finding element by: By.className: login-button 
[[34mINFO [0;39m] [] 20:32:26.695 [TestCaseId:] [Scenario:
                Create a new project, check its status and presence in Recents] [36mo.a.q.c.s.w.WrappedWebdriver[0;39m - Find_Element Execution_Time(ms):; 20; Page_URL:; http://localhost:8081/#!/dashboard;
[[39mDEBUG[0;39m] [] 20:32:27.195 [TestCaseId:] [Scenario:
                Create a new project, check its status and presence in Recents] [36mo.a.q.c.s.w.WrappedWebdriver[0;39m - Finding element by: By.className: login-button 
[[34mINFO [0;39m] [] 20:32:27.235 [TestCaseId:] [Scenario:
                Create a new project, check its status and presence in Recents] [36mo.a.q.c.s.w.WrappedWebdriver[0;39m - Find_Element Execution_Time(ms):; 30; Page_URL:; http://localhost:8081/#!/dashboard;
[[39mDEBUG[0;39m] [] 20:32:27.735 [TestCaseId:] [Scenario:
                Create a new project, check its status and presence in Recents] [36mo.a.q.c.s.w.WrappedWebdriver[0;39m - Finding element by: By.className: login-button 
[[34mINFO [0;39m] [] 20:32:27.785 [TestCaseId:] [Scenario:
                Create a new project, check its status and presence in Recents] [36mo.a.q.c.s.w.WrappedWebdriver[0;39m - Find_Element Execution_Time(ms):; 30; Page_URL:; http://localhost:8081/#!/dashboard;
[[39mDEBUG[0;39m] [] 20:32:28.287 [TestCaseId:] [Scenario:
                Create a new project, check its status and presence in Recents] [36mo.a.q.c.s.w.WrappedWebdriver[0;39m - Finding element by: By.className: login-button 
[[34mINFO [0;39m] [] 20:32:28.337 [TestCaseId:] [Scenario:
                Create a new project, check its status and presence in Recents] [36mo.a.q.c.s.w.WrappedWebdriver[0;39m - Find_Element Execution_Time(ms):; 30; Page_URL:; http://localhost:8081/#!/dashboard;
[[39mDEBUG[0;39m] [] 20:32:28.844 [TestCaseId:] [Scenario:
                Create a new project, check its status and presence in Recents] [36mo.a.q.c.s.w.WrappedWebdriver[0;39m - Finding element by: By.className: login-button 
[[34mINFO [0;39m] [] 20:32:28.884 [TestCaseId:] [Scenario:
                Create a new project, check its status and presence in Recents] [36mo.a.q.c.s.w.WrappedWebdriver[0;39m - Find_Element Execution_Time(ms):; 30; Page_URL:; http://localhost:8081/#!/dashboard;
[[39mDEBUG[0;39m] [] 20:32:29.366 [TestCaseId:] [Scenario:
                Create a new project, check its status and presence in Recents] [36mo.a.q.c.s.w.WrappedWebdriver[0;39m - Finding element by: By.className: login-button 
[[34mINFO [0;39m] [] 20:32:29.423 [TestCaseId:] [Scenario:
                Create a new project, check its status and presence in Recents] [36mo.a.q.c.s.w.WrappedWebdriver[0;39m - Find_Element Execution_Time(ms):; 36; Page_URL:; http://localhost:8081/#!/dashboard;
[[39mDEBUG[0;39m] [] 20:32:29.929 [TestCaseId:] [Scenario:
                Create a new project, check its status and presence in Recents] [36mo.a.q.c.s.w.WrappedWebdriver[0;39m - Finding element by: By.className: login-button 
[[34mINFO [0;39m] [] 20:32:29.976 [TestCaseId:] [Scenario:
                Create a new project, check its status and presence in Recents] [36mo.a.q.c.s.w.WrappedWebdriver[0;39m - Find_Element Execution_Time(ms):; 21; Page_URL:; http://localhost:8081/#!/dashboard;
[[39mDEBUG[0;39m] [] 20:32:30.485 [TestCaseId:] [Scenario:
                Create a new project, check its status and presence in Recents] [36mo.a.q.c.s.w.WrappedWebdriver[0;39m - Finding element by: By.className: login-button 
[[34mINFO [0;39m] [] 20:32:30.515 [TestCaseId:] [Scenario:
                Create a new project, check its status and presence in Recents] [36mo.a.q.c.s.w.WrappedWebdriver[0;39m - Find_Element Execution_Time(ms):; 20; Page_URL:; http://localhost:8081/#!/dashboard;
[[39mDEBUG[0;39m] [] 20:32:31.017 [TestCaseId:] [Scenario:
                Create a new project, check its status and presence in Recents] [36mo.a.q.c.s.w.WrappedWebdriver[0;39m - Finding element by: By.className: login-button 
[[34mINFO [0;39m] [] 20:32:31.067 [TestCaseId:] [Scenario:
                Create a new project, check its status and presence in Recents] [36mo.a.q.c.s.w.WrappedWebdriver[0;39m - Find_Element Execution_Time(ms):; 30; Page_URL:; http://localhost:8081/#!/dashboard;
[[39mDEBUG[0;39m] [] 20:32:31.549 [TestCaseId:] [Scenario:
                Create a new project, check its status and presence in Recents] [36mo.a.q.c.s.w.WrappedWebdriver[0;39m - Finding element by: By.className: login-button 
[[34mINFO [0;39m] [] 20:32:31.561 [TestCaseId:] [Scenario:
                Create a new project, check its status and presence in Recents] [36mo.a.q.c.s.w.WrappedWebdriver[0;39m - Find_Element Execution_Time(ms):; 9; Page_URL:; http://localhost:8081/#!/dashboard;
[[39mDEBUG[0;39m] [] 20:32:32.061 [TestCaseId:] [Scenario:
                Create a new project, check its status and presence in Recents] [36mo.a.q.c.s.w.WrappedWebdriver[0;39m - Finding element by: By.className: login-button 
[[34mINFO [0;39m] [] 20:32:32.085 [TestCaseId:] [Scenario:
                Create a new project, check its status and presence in Recents] [36mo.a.q.c.s.w.WrappedWebdriver[0;39m - Find_Element Execution_Time(ms):; 16; Page_URL:; http://localhost:8081/#!/dashboard;
[[39mDEBUG[0;39m] [] 20:32:32.586 [TestCaseId:] [Scenario:
                Create a new project, check its status and presence in Recents] [36mo.a.q.c.s.w.WrappedWebdriver[0;39m - Finding element by: By.className: login-button 
[[34mINFO [0;39m] [] 20:32:32.621 [TestCaseId:] [Scenario:
                Create a new project, check its status and presence in Recents] [36mo.a.q.c.s.w.WrappedWebdriver[0;39m - Find_Element Execution_Time(ms):; 25; Page_URL:; http://localhost:8081/#!/dashboard;
[[39mDEBUG[0;39m] [] 20:32:33.146 [TestCaseId:] [Scenario:
                Create a new project, check its status and presence in Recents] [36mo.a.q.c.s.w.WrappedWebdriver[0;39m - Finding element by: By.className: login-button 
[[34mINFO [0;39m] [] 20:32:33.196 [TestCaseId:] [Scenario:
                Create a new project, check its status and presence in Recents] [36mo.a.q.c.s.w.WrappedWebdriver[0;39m - Find_Element Execution_Time(ms):; 30; Page_URL:; http://localhost:8081/#!/dashboard;
[[39mDEBUG[0;39m] [] 20:32:33.703 [TestCaseId:] [Scenario:
                Create a new project, check its status and presence in Recents] [36mo.a.q.c.s.w.WrappedWebdriver[0;39m - Finding element by: By.className: login-button 
[[34mINFO [0;39m] [] 20:32:33.753 [TestCaseId:] [Scenario:
                Create a new project, check its status and presence in Recents] [36mo.a.q.c.s.w.WrappedWebdriver[0;39m - Find_Element Execution_Time(ms):; 30; Page_URL:; http://localhost:8081/#!/dashboard;
[[39mDEBUG[0;39m] [] 20:32:33.753 [TestCaseId:] [Scenario:
                Create a new project, check its status and presence in Recents] [36mo.a.q.c.s.w.WrappedWebdriver[0;39m - Finding element by: By.className: login-button 
[[34mINFO [0;39m] [] 20:32:33.803 [TestCaseId:] [Scenario:
                Create a new project, check its status and presence in Recents] [36mo.a.q.c.s.w.WrappedWebdriver[0;39m - Find_Element Execution_Time(ms):; 30; Page_URL:; http://localhost:8081/#!/dashboard;
[[34mINFO [0;39m] [] 20:32:33.823 [TestCaseId:] [Scenario:
                Create a new project, check its status and presence in Recents] [36mo.a.q.c.s.w.WebdriverHelper[0;39m - Wait_For_Element_To_Be_Clickable Execution_Time(ms):; 7138; Page_URL:; http://localhost:8081/#!/dashboard;
[[39mDEBUG[0;39m] [] 20:32:33.823 [TestCaseId:] [Scenario:
                Create a new project, check its status and presence in Recents] [36mo.a.q.c.s.a.p.AllureAttachmentsProvider[0;39m - Attach screenshot to the Allure report
[[34mINFO [0;39m] [] 20:32:34.215 [TestCaseId:] [Scenario:
                Create a new project, check its status and presence in Recents] [36mo.a.q.c.s.w.WebdriverHelper[0;39m - Click Execution_Time(ms):; 7570; Page_URL:; http://localhost:8081/#!/dashboard;
[[39mDEBUG[0;39m] [] 20:32:34.215 [TestCaseId:] [Scenario:
                Create a new project, check its status and presence in Recents] [36mo.a.q.c.s.a.p.AllureAttachmentsProvider[0;39m - Attach screenshot to the Allure report
[[39mDEBUG[0;39m] [] 20:32:34.625 [TestCaseId:] [Scenario:
                Create a new project, check its status and presence in Recents] [36mo.a.q.c.s.w.WrappedWebdriver[0;39m - Finding element by: By.xpath: //dropdown[@title='select asset type']//button 
[[34mINFO [0;39m] [] 20:32:34.655 [TestCaseId:] [Scenario:
                Create a new project, check its status and presence in Recents] [36mo.a.q.c.s.w.WrappedWebdriver[0;39m - Find_Element Execution_Time(ms):; 20; Page_URL:; http://localhost:8081/#!/dashboard;
[[34mINFO [0;39m] [] 20:32:34.685 [TestCaseId:] [Scenario:
                Create a new project, check its status and presence in Recents] [36mo.a.q.c.s.w.WebdriverHelper[0;39m - Wait_For_Page_Update Execution_Time(ms):; 20; Page_URL:; http://localhost:8081/#!/dashboard;
[[34mINFO [0;39m] [] 20:32:34.735 [TestCaseId:] [Scenario:
                Create a new project, check its status and presence in Recents] [36mo.a.q.c.s.w.WebdriverHelper[0;39m - Wait_For_Element_To_Be_Clickable Execution_Time(ms):; 30; Page_URL:; http://localhost:8081/#!/dashboard;
[[34mINFO [0;39m] [] 20:32:34.788 [TestCaseId:] [Scenario:
                Create a new project, check its status and presence in Recents] [36mo.a.q.c.s.w.WebdriverHelper[0;39m - Wait_For_Page_Update Execution_Time(ms):; 7; Page_URL:; http://localhost:8081/#!/dashboard;
[[34mINFO [0;39m] [] 20:32:34.795 [TestCaseId:] [Scenario:
                Create a new project, check its status and presence in Recents] [36mo.a.q.c.s.w.WebdriverHelper[0;39m - Click Execution_Time(ms):; 134; Page_URL:; http://localhost:8081/#!/dashboard;
[[39mDEBUG[0;39m] [] 20:32:34.795 [TestCaseId:] [Scenario:
                Create a new project, check its status and presence in Recents] [36mo.a.q.c.s.w.WrappedWebdriver[0;39m - Finding element by: By.xpath: //ul[@class = 'dropdown-menu']//a[text()='Offshore Oil and Gas'] 
[[34mINFO [0;39m] [] 20:32:34.821 [TestCaseId:] [Scenario:
                Create a new project, check its status and presence in Recents] [36mo.a.q.c.s.w.WrappedWebdriver[0;39m - Find_Element Execution_Time(ms):; 22; Page_URL:; http://localhost:8081/#!/dashboard;
[[34mINFO [0;39m] [] 20:32:34.833 [TestCaseId:] [Scenario:
                Create a new project, check its status and presence in Recents] [36mo.a.q.c.s.w.WebdriverHelper[0;39m - Wait_For_Page_Update Execution_Time(ms):; 6; Page_URL:; http://localhost:8081/#!/dashboard;
[[34mINFO [0;39m] [] 20:32:34.876 [TestCaseId:] [Scenario:
                Create a new project, check its status and presence in Recents] [36mo.a.q.c.s.w.WebdriverHelper[0;39m - Wait_For_Element_To_Be_Clickable Execution_Time(ms):; 22; Page_URL:; http://localhost:8081/#!/dashboard;
[[34mINFO [0;39m] [] 20:32:34.917 [TestCaseId:] [Scenario:
                Create a new project, check its status and presence in Recents] [36mo.a.q.c.s.w.WebdriverHelper[0;39m - Wait_For_Page_Update Execution_Time(ms):; 6; Page_URL:; http://localhost:8081/#!/dashboard;
[[34mINFO [0;39m] [] 20:32:34.921 [TestCaseId:] [Scenario:
                Create a new project, check its status and presence in Recents] [36mo.a.q.c.s.w.WebdriverHelper[0;39m - Click Execution_Time(ms):; 95; Page_URL:; http://localhost:8081/#!/dashboard;
[[39mDEBUG[0;39m] [] 20:32:34.922 [TestCaseId:] [Scenario:
                Create a new project, check its status and presence in Recents] [36mo.a.q.c.s.w.WrappedWebdriver[0;39m - Finding element by: By.xpath: //div[contains(@ng-repeat, 'system')]/span[text()='oil dehydration']/.. 
[[34mINFO [0;39m] [] 20:32:34.939 [TestCaseId:] [Scenario:
                Create a new project, check its status and presence in Recents] [36mo.a.q.c.s.w.WrappedWebdriver[0;39m - Find_Element Execution_Time(ms):; 13; Page_URL:; http://localhost:8081/#!/dashboard;
[[34mINFO [0;39m] [] 20:32:34.946 [TestCaseId:] [Scenario:
                Create a new project, check its status and presence in Recents] [36mo.a.q.c.s.w.WebdriverHelper[0;39m - Wait_For_Page_Update Execution_Time(ms):; 5; Page_URL:; http://localhost:8081/#!/dashboard;
[[34mINFO [0;39m] [] 20:32:34.996 [TestCaseId:] [Scenario:
                Create a new project, check its status and presence in Recents] [36mo.a.q.c.s.w.WebdriverHelper[0;39m - Wait_For_Element_To_Be_Clickable Execution_Time(ms):; 39; Page_URL:; http://localhost:8081/#!/dashboard;
[[34mINFO [0;39m] [] 20:32:35.038 [TestCaseId:] [Scenario:
                Create a new project, check its status and presence in Recents] [36mo.a.q.c.s.w.WebdriverHelper[0;39m - Wait_For_Page_Update Execution_Time(ms):; 7; Page_URL:; http://localhost:8081/#!/dashboard;
[[34mINFO [0;39m] [] 20:32:35.042 [TestCaseId:] [Scenario:
                Create a new project, check its status and presence in Recents] [36mo.a.q.c.s.w.WebdriverHelper[0;39m - Click Execution_Time(ms):; 99; Page_URL:; http://localhost:8081/#!/dashboard;
[[39mDEBUG[0;39m] [] 20:32:35.043 [TestCaseId:] [Scenario:
                Create a new project, check its status and presence in Recents] [36mo.a.q.c.s.w.WrappedWebdriver[0;39m - Finding element by: By.xpath: //div[contains(@ng-repeat, 'system')]/span[text()='oil dehydration']/.. 
[[34mINFO [0;39m] [] 20:32:35.052 [TestCaseId:] [Scenario:
                Create a new project, check its status and presence in Recents] [36mo.a.q.c.s.w.WrappedWebdriver[0;39m - Find_Element Execution_Time(ms):; 6; Page_URL:; http://localhost:8081/#!/dashboard;
[[39mDEBUG[0;39m] [] 20:32:35.063 [TestCaseId:] [Scenario:
                Create a new project, check its status and presence in Recents] [36mo.a.q.c.s.w.WrappedWebdriver[0;39m - Finding element by: By.xpath: //dropdown[@title='select library']//button 
[[34mINFO [0;39m] [] 20:32:35.102 [TestCaseId:] [Scenario:
                Create a new project, check its status and presence in Recents] [36mo.a.q.c.s.w.WrappedWebdriver[0;39m - Find_Element Execution_Time(ms):; 29; Page_URL:; http://localhost:8081/#!/dashboard;
[[34mINFO [0;39m] [] 20:32:35.123 [TestCaseId:] [Scenario:
                Create a new project, check its status and presence in Recents] [36mo.a.q.c.s.w.WebdriverHelper[0;39m - Wait_For_Page_Update Execution_Time(ms):; 20; Page_URL:; http://localhost:8081/#!/dashboard;
[[34mINFO [0;39m] [] 20:32:35.193 [TestCaseId:] [Scenario:
                Create a new project, check its status and presence in Recents] [36mo.a.q.c.s.w.WebdriverHelper[0;39m - Wait_For_Element_To_Be_Clickable Execution_Time(ms):; 60; Page_URL:; http://localhost:8081/#!/dashboard;
[[34mINFO [0;39m] [] 20:32:35.245 [TestCaseId:] [Scenario:
                Create a new project, check its status and presence in Recents] [36mo.a.q.c.s.w.WebdriverHelper[0;39m - Wait_For_Page_Update Execution_Time(ms):; 6; Page_URL:; http://localhost:8081/#!/dashboard;
[[34mINFO [0;39m] [] 20:32:35.250 [TestCaseId:] [Scenario:
                Create a new project, check its status and presence in Recents] [36mo.a.q.c.s.w.WebdriverHelper[0;39m - Click Execution_Time(ms):; 143; Page_URL:; http://localhost:8081/#!/dashboard;
[[39mDEBUG[0;39m] [] 20:32:35.251 [TestCaseId:] [Scenario:
                Create a new project, check its status and presence in Recents] [36mo.a.q.c.s.w.WrappedWebdriver[0;39m - Finding element by: By.xpath: //ul[@class = 'dropdown-menu']//a[text()='Main Library'] 
[[34mINFO [0;39m] [] 20:32:35.274 [TestCaseId:] [Scenario:
                Create a new project, check its status and presence in Recents] [36mo.a.q.c.s.w.WrappedWebdriver[0;39m - Find_Element Execution_Time(ms):; 18; Page_URL:; http://localhost:8081/#!/dashboard;
[[34mINFO [0;39m] [] 20:32:35.283 [TestCaseId:] [Scenario:
                Create a new project, check its status and presence in Recents] [36mo.a.q.c.s.w.WebdriverHelper[0;39m - Wait_For_Page_Update Execution_Time(ms):; 5; Page_URL:; http://localhost:8081/#!/dashboard;
[[34mINFO [0;39m] [] 20:32:35.329 [TestCaseId:] [Scenario:
                Create a new project, check its status and presence in Recents] [36mo.a.q.c.s.w.WebdriverHelper[0;39m - Wait_For_Element_To_Be_Clickable Execution_Time(ms):; 36; Page_URL:; http://localhost:8081/#!/dashboard;
[[34mINFO [0;39m] [] 20:32:35.370 [TestCaseId:] [Scenario:
                Create a new project, check its status and presence in Recents] [36mo.a.q.c.s.w.WebdriverHelper[0;39m - Wait_For_Page_Update Execution_Time(ms):; 6; Page_URL:; http://localhost:8081/#!/dashboard;
[[34mINFO [0;39m] [] 20:32:35.374 [TestCaseId:] [Scenario:
                Create a new project, check its status and presence in Recents] [36mo.a.q.c.s.w.WebdriverHelper[0;39m - Click Execution_Time(ms):; 96; Page_URL:; http://localhost:8081/#!/dashboard;
[[39mDEBUG[0;39m] [] 20:32:35.375 [TestCaseId:] [Scenario:
                Create a new project, check its status and presence in Recents] [36mo.a.q.c.s.w.WrappedWebdriver[0;39m - Finding element by: By.xpath: //dropdown[@title='select region']//button 
[[34mINFO [0;39m] [] 20:32:35.393 [TestCaseId:] [Scenario:
                Create a new project, check its status and presence in Recents] [36mo.a.q.c.s.w.WrappedWebdriver[0;39m - Find_Element Execution_Time(ms):; 13; Page_URL:; http://localhost:8081/#!/dashboard;
[[34mINFO [0;39m] [] 20:32:35.400 [TestCaseId:] [Scenario:
                Create a new project, check its status and presence in Recents] [36mo.a.q.c.s.w.WebdriverHelper[0;39m - Wait_For_Page_Update Execution_Time(ms):; 4; Page_URL:; http://localhost:8081/#!/dashboard;
[[34mINFO [0;39m] [] 20:32:35.437 [TestCaseId:] [Scenario:
                Create a new project, check its status and presence in Recents] [36mo.a.q.c.s.w.WebdriverHelper[0;39m - Wait_For_Element_To_Be_Clickable Execution_Time(ms):; 36; Page_URL:; http://localhost:8081/#!/dashboard;
[[34mINFO [0;39m] [] 20:32:35.490 [TestCaseId:] [Scenario:
                Create a new project, check its status and presence in Recents] [36mo.a.q.c.s.w.WebdriverHelper[0;39m - Wait_For_Page_Update Execution_Time(ms):; 3; Page_URL:; http://localhost:8081/#!/dashboard;
[[34mINFO [0;39m] [] 20:32:35.494 [TestCaseId:] [Scenario:
                Create a new project, check its status and presence in Recents] [36mo.a.q.c.s.w.WebdriverHelper[0;39m - Click Execution_Time(ms):; 97; Page_URL:; http://localhost:8081/#!/dashboard;
[[39mDEBUG[0;39m] [] 20:32:35.494 [TestCaseId:] [Scenario:
                Create a new project, check its status and presence in Recents] [36mo.a.q.c.s.w.WrappedWebdriver[0;39m - Finding element by: By.xpath: //ul[@class = 'dropdown-menu']//a[text()='USA'] 
[[34mINFO [0;39m] [] 20:32:35.526 [TestCaseId:] [Scenario:
                Create a new project, check its status and presence in Recents] [36mo.a.q.c.s.w.WrappedWebdriver[0;39m - Find_Element Execution_Time(ms):; 22; Page_URL:; http://localhost:8081/#!/dashboard;
[[34mINFO [0;39m] [] 20:32:35.556 [TestCaseId:] [Scenario:
                Create a new project, check its status and presence in Recents] [36mo.a.q.c.s.w.WebdriverHelper[0;39m - Wait_For_Page_Update Execution_Time(ms):; 20; Page_URL:; http://localhost:8081/#!/dashboard;
[[34mINFO [0;39m] [] 20:32:35.607 [TestCaseId:] [Scenario:
                Create a new project, check its status and presence in Recents] [36mo.a.q.c.s.w.WebdriverHelper[0;39m - Wait_For_Element_To_Be_Clickable Execution_Time(ms):; 31; Page_URL:; http://localhost:8081/#!/dashboard;
[[34mINFO [0;39m] [] 20:32:35.660 [TestCaseId:] [Scenario:
                Create a new project, check its status and presence in Recents] [36mo.a.q.c.s.w.WebdriverHelper[0;39m - Wait_For_Page_Update Execution_Time(ms):; 8; Page_URL:; http://localhost:8081/#!/dashboard;
[[34mINFO [0;39m] [] 20:32:35.664 [TestCaseId:] [Scenario:
                Create a new project, check its status and presence in Recents] [36mo.a.q.c.s.w.WebdriverHelper[0;39m - Click Execution_Time(ms):; 134; Page_URL:; http://localhost:8081/#!/dashboard;
[[39mDEBUG[0;39m] [] 20:32:35.665 [TestCaseId:] [Scenario:
                Create a new project, check its status and presence in Recents] [36mo.a.q.c.s.w.WrappedWebdriver[0;39m - Finding element by: By.xpath: //dropdown[@title='select location']//button 
[[34mINFO [0;39m] [] 20:32:35.680 [TestCaseId:] [Scenario:
                Create a new project, check its status and presence in Recents] [36mo.a.q.c.s.w.WrappedWebdriver[0;39m - Find_Element Execution_Time(ms):; 12; Page_URL:; http://localhost:8081/#!/dashboard;
[[34mINFO [0;39m] [] 20:32:35.689 [TestCaseId:] [Scenario:
                Create a new project, check its status and presence in Recents] [36mo.a.q.c.s.w.WebdriverHelper[0;39m - Wait_For_Page_Update Execution_Time(ms):; 4; Page_URL:; http://localhost:8081/#!/dashboard;
[[34mINFO [0;39m] [] 20:32:35.730 [TestCaseId:] [Scenario:
                Create a new project, check its status and presence in Recents] [36mo.a.q.c.s.w.WebdriverHelper[0;39m - Wait_For_Element_To_Be_Clickable Execution_Time(ms):; 31; Page_URL:; http://localhost:8081/#!/dashboard;
[[34mINFO [0;39m] [] 20:32:35.767 [TestCaseId:] [Scenario:
                Create a new project, check its status and presence in Recents] [36mo.a.q.c.s.w.WebdriverHelper[0;39m - Wait_For_Page_Update Execution_Time(ms):; 5; Page_URL:; http://localhost:8081/#!/dashboard;
[[34mINFO [0;39m] [] 20:32:35.769 [TestCaseId:] [Scenario:
                Create a new project, check its status and presence in Recents] [36mo.a.q.c.s.w.WebdriverHelper[0;39m - Click Execution_Time(ms):; 86; Page_URL:; http://localhost:8081/#!/dashboard;
[[39mDEBUG[0;39m] [] 20:32:35.770 [TestCaseId:] [Scenario:
                Create a new project, check its status and presence in Recents] [36mo.a.q.c.s.w.WrappedWebdriver[0;39m - Finding element by: By.xpath: //ul[@class = 'dropdown-menu']//a[text()='Gulf of Mexico'] 
[[34mINFO [0;39m] [] 20:32:35.786 [TestCaseId:] [Scenario:
                Create a new project, check its status and presence in Recents] [36mo.a.q.c.s.w.WrappedWebdriver[0;39m - Find_Element Execution_Time(ms):; 12; Page_URL:; http://localhost:8081/#!/dashboard;
[[34mINFO [0;39m] [] 20:32:35.795 [TestCaseId:] [Scenario:
                Create a new project, check its status and presence in Recents] [36mo.a.q.c.s.w.WebdriverHelper[0;39m - Wait_For_Page_Update Execution_Time(ms):; 6; Page_URL:; http://localhost:8081/#!/dashboard;
[[34mINFO [0;39m] [] 20:32:35.836 [TestCaseId:] [Scenario:
                Create a new project, check its status and presence in Recents] [36mo.a.q.c.s.w.WebdriverHelper[0;39m - Wait_For_Element_To_Be_Clickable Execution_Time(ms):; 31; Page_URL:; http://localhost:8081/#!/dashboard;
[[34mINFO [0;39m] [] 20:32:35.872 [TestCaseId:] [Scenario:
                Create a new project, check its status and presence in Recents] [36mo.a.q.c.s.w.WebdriverHelper[0;39m - Wait_For_Page_Update Execution_Time(ms):; 5; Page_URL:; http://localhost:8081/#!/dashboard;
[[34mINFO [0;39m] [] 20:32:35.877 [TestCaseId:] [Scenario:
                Create a new project, check its status and presence in Recents] [36mo.a.q.c.s.w.WebdriverHelper[0;39m - Click Execution_Time(ms):; 86; Page_URL:; http://localhost:8081/#!/dashboard;
[[34mINFO [0;39m] [] 20:32:35.891 [TestCaseId:] [Scenario:
                Create a new project, check its status and presence in Recents] [36mo.a.q.c.s.w.WebdriverHelper[0;39m - Wait_For_Page_Update Execution_Time(ms):; 5; Page_URL:; http://localhost:8081/#!/dashboard;
[[39mDEBUG[0;39m] [] 20:32:35.891 [TestCaseId:] [Scenario:
                Create a new project, check its status and presence in Recents] [36mo.a.q.c.s.w.WrappedWebdriver[0;39m - Finding element by: By.className: new-project__title-input 
[[34mINFO [0;39m] [] 20:32:35.907 [TestCaseId:] [Scenario:
                Create a new project, check its status and presence in Recents] [36mo.a.q.c.s.w.WrappedWebdriver[0;39m - Find_Element Execution_Time(ms):; 12; Page_URL:; http://localhost:8081/#!/dashboard;
[[39mDEBUG[0;39m] [] 20:32:35.921 [TestCaseId:] [Scenario:
                Create a new project, check its status and presence in Recents] [36mo.a.q.c.s.w.WrappedWebdriver[0;39m - Finding element by: By.className: new-project__title-input 
[[34mINFO [0;39m] [] 20:32:35.953 [TestCaseId:] [Scenario:
                Create a new project, check its status and presence in Recents] [36mo.a.q.c.s.w.WrappedWebdriver[0;39m - Find_Element Execution_Time(ms):; 22; Page_URL:; http://localhost:8081/#!/dashboard;
[[39mDEBUG[0;39m] [] 20:32:35.973 [TestCaseId:] [Scenario:
                Create a new project, check its status and presence in Recents] [36mo.a.q.c.s.w.WrappedWebdriver[0;39m - Finding element by: By.className: new-project__title-input 
[[34mINFO [0;39m] [] 20:32:35.978 [TestCaseId:] [Scenario:
                Create a new project, check its status and presence in Recents] [36mo.a.q.c.s.w.WrappedWebdriver[0;39m - Find_Element Execution_Time(ms):; 1; Page_URL:; http://localhost:8081/#!/dashboard;
[[34mINFO [0;39m] [] 20:32:36.088 [TestCaseId:] [Scenario:
                Create a new project, check its status and presence in Recents] [36mo.a.q.c.s.w.WebdriverHelper[0;39m - Wait_For_Page_Update Execution_Time(ms):; 6; Page_URL:; http://localhost:8081/#!/dashboard;
[[34mINFO [0;39m] [] 20:32:36.092 [TestCaseId:] [Scenario:
                Create a new project, check its status and presence in Recents] [36mo.a.q.c.s.w.WebdriverHelper[0;39m - Send_Keys Execution_Time(ms):; 205; Page_URL:; http://localhost:8081/#!/dashboard;
[[34mINFO [0;39m] [] 20:32:36.102 [TestCaseId:] [Scenario:
                Create a new project, check its status and presence in Recents] [36mo.a.q.c.s.w.WebdriverHelper[0;39m - Wait_For_Page_Update Execution_Time(ms):; 5; Page_URL:; http://localhost:8081/#!/dashboard;
[[39mDEBUG[0;39m] [] 20:32:36.102 [TestCaseId:] [Scenario:
                Create a new project, check its status and presence in Recents] [36mo.a.q.c.s.w.WrappedWebdriver[0;39m - Finding element by: By.className: new-project__description-input 
[[34mINFO [0;39m] [] 20:32:36.118 [TestCaseId:] [Scenario:
                Create a new project, check its status and presence in Recents] [36mo.a.q.c.s.w.WrappedWebdriver[0;39m - Find_Element Execution_Time(ms):; 13; Page_URL:; http://localhost:8081/#!/dashboard;
[[39mDEBUG[0;39m] [] 20:32:36.131 [TestCaseId:] [Scenario:
                Create a new project, check its status and presence in Recents] [36mo.a.q.c.s.w.WrappedWebdriver[0;39m - Finding element by: By.className: new-project__description-input 
[[34mINFO [0;39m] [] 20:32:36.142 [TestCaseId:] [Scenario:
                Create a new project, check its status and presence in Recents] [36mo.a.q.c.s.w.WrappedWebdriver[0;39m - Find_Element Execution_Time(ms):; 7; Page_URL:; http://localhost:8081/#!/dashboard;
[[39mDEBUG[0;39m] [] 20:32:36.158 [TestCaseId:] [Scenario:
                Create a new project, check its status and presence in Recents] [36mo.a.q.c.s.w.WrappedWebdriver[0;39m - Finding element by: By.className: new-project__description-input 
[[34mINFO [0;39m] [] 20:32:36.169 [TestCaseId:] [Scenario:
                Create a new project, check its status and presence in Recents] [36mo.a.q.c.s.w.WrappedWebdriver[0;39m - Find_Element Execution_Time(ms):; 7; Page_URL:; http://localhost:8081/#!/dashboard;
[[34mINFO [0;39m] [] 20:32:36.259 [TestCaseId:] [Scenario:
                Create a new project, check its status and presence in Recents] [36mo.a.q.c.s.w.WebdriverHelper[0;39m - Wait_For_Page_Update Execution_Time(ms):; 6; Page_URL:; http://localhost:8081/#!/dashboard;
[[34mINFO [0;39m] [] 20:32:36.262 [TestCaseId:] [Scenario:
                Create a new project, check its status and presence in Recents] [36mo.a.q.c.s.w.WebdriverHelper[0;39m - Send_Keys Execution_Time(ms):; 166; Page_URL:; http://localhost:8081/#!/dashboard;
[[34mINFO [0;39m] [] 20:32:36.272 [TestCaseId:] [Scenario:
                Create a new project, check its status and presence in Recents] [36mo.a.q.c.s.w.WebdriverHelper[0;39m - Wait_For_Page_Update Execution_Time(ms):; 5; Page_URL:; http://localhost:8081/#!/dashboard;
[[39mDEBUG[0;39m] [] 20:32:36.272 [TestCaseId:] [Scenario:
                Create a new project, check its status and presence in Recents] [36mo.a.q.c.s.w.WrappedWebdriver[0;39m - Finding element by: By.className: new-project__create-button 
[[34mINFO [0;39m] [] 20:32:36.288 [TestCaseId:] [Scenario:
                Create a new project, check its status and presence in Recents] [36mo.a.q.c.s.w.WrappedWebdriver[0;39m - Find_Element Execution_Time(ms):; 13; Page_URL:; http://localhost:8081/#!/dashboard;
[[39mDEBUG[0;39m] [] 20:32:36.300 [TestCaseId:] [Scenario:
                Create a new project, check its status and presence in Recents] [36mo.a.q.c.s.w.WrappedWebdriver[0;39m - Finding element by: By.className: new-project__create-button 
[[34mINFO [0;39m] [] 20:32:36.312 [TestCaseId:] [Scenario:
                Create a new project, check its status and presence in Recents] [36mo.a.q.c.s.w.WrappedWebdriver[0;39m - Find_Element Execution_Time(ms):; 8; Page_URL:; http://localhost:8081/#!/dashboard;
[[34mINFO [0;39m] [] 20:32:36.325 [TestCaseId:] [Scenario:
                Create a new project, check its status and presence in Recents] [36mo.a.q.c.s.w.WebdriverHelper[0;39m - Wait_For_Element_To_Be_Clickable Execution_Time(ms):; 49; Page_URL:; http://localhost:8081/#!/dashboard;
[[39mDEBUG[0;39m] [] 20:32:36.325 [TestCaseId:] [Scenario:
                Create a new project, check its status and presence in Recents] [36mo.a.q.c.s.w.WrappedWebdriver[0;39m - Finding element by: By.className: new-project__create-button 
[[34mINFO [0;39m] [] 20:32:36.335 [TestCaseId:] [Scenario:
                Create a new project, check its status and presence in Recents] [36mo.a.q.c.s.w.WrappedWebdriver[0;39m - Find_Element Execution_Time(ms):; 7; Page_URL:; http://localhost:8081/#!/dashboard;
[[34mINFO [0;39m] [] 20:32:36.486 [TestCaseId:] [Scenario:
                Create a new project, check its status and presence in Recents] [36mo.a.q.c.s.w.WebdriverHelper[0;39m - Wait_For_Page_Update Execution_Time(ms):; 47; Page_URL:; http://localhost:8081/#!/project/01f1be91-cdb3-41b0-a2d2-e174b5c619e1/questionnaire;
[[34mINFO [0;39m] [] 20:32:36.491 [TestCaseId:] [Scenario:
                Create a new project, check its status and presence in Recents] [36mo.a.q.c.s.w.WebdriverHelper[0;39m - Click Execution_Time(ms):; 223; Page_URL:; http://localhost:8081/#!/project/01f1be91-cdb3-41b0-a2d2-e174b5c619e1/questionnaire;
[[34mINFO [0;39m] [] 20:32:36.522 [TestCaseId:] [Scenario:
                Create a new project, check its status and presence in Recents] [36mo.a.q.c.s.w.WebdriverHelper[0;39m - Wait_For_Page_Update Execution_Time(ms):; 6; Page_URL:; http://localhost:8081/#!/project/01f1be91-cdb3-41b0-a2d2-e174b5c619e1/questionnaire;
[[39mDEBUG[0;39m] [] 20:32:36.523 [TestCaseId:] [Scenario:
                Create a new project, check its status and presence in Recents] [36mo.a.q.c.s.w.WrappedWebdriver[0;39m - Finding element by: By.className: save 
[[34mINFO [0;39m] [] 20:32:36.538 [TestCaseId:] [Scenario:
                Create a new project, check its status and presence in Recents] [36mo.a.q.c.s.w.WrappedWebdriver[0;39m - Find_Element Execution_Time(ms):; 12; Page_URL:; http://localhost:8081/#!/project/01f1be91-cdb3-41b0-a2d2-e174b5c619e1/questionnaire;
[[39mDEBUG[0;39m] [] 20:32:36.562 [TestCaseId:] [Scenario:
                Create a new project, check its status and presence in Recents] [36mo.a.q.c.s.w.WrappedWebdriver[0;39m - Finding element by: By.className: save 
[[34mINFO [0;39m] [] 20:32:36.582 [TestCaseId:] [Scenario:
                Create a new project, check its status and presence in Recents] [36mo.a.q.c.s.w.WrappedWebdriver[0;39m - Find_Element Execution_Time(ms):; 10; Page_URL:; http://localhost:8081/#!/project/01f1be91-cdb3-41b0-a2d2-e174b5c619e1/questionnaire;
[[34mINFO [0;39m] [] 20:32:36.602 [TestCaseId:] [Scenario:
                Create a new project, check its status and presence in Recents] [36mo.a.q.c.s.w.WebdriverHelper[0;39m - Wait_For_Element_To_Be_Clickable Execution_Time(ms):; 70; Page_URL:; http://localhost:8081/#!/project/01f1be91-cdb3-41b0-a2d2-e174b5c619e1/questionnaire;
[[39mDEBUG[0;39m] [] 20:32:36.602 [TestCaseId:] [Scenario:
                Create a new project, check its status and presence in Recents] [36mo.a.q.c.s.w.WrappedWebdriver[0;39m - Finding element by: By.className: save 
[[34mINFO [0;39m] [] 20:32:36.622 [TestCaseId:] [Scenario:
                Create a new project, check its status and presence in Recents] [36mo.a.q.c.s.w.WrappedWebdriver[0;39m - Find_Element Execution_Time(ms):; 10; Page_URL:; http://localhost:8081/#!/project/01f1be91-cdb3-41b0-a2d2-e174b5c619e1/questionnaire;
[[34mINFO [0;39m] [] 20:32:36.682 [TestCaseId:] [Scenario:
                Create a new project, check its status and presence in Recents] [36mo.a.q.c.s.w.WebdriverHelper[0;39m - Wait_For_Page_Update Execution_Time(ms):; 26; Page_URL:; http://localhost:8081/#!/project/01f1be91-cdb3-41b0-a2d2-e174b5c619e1/questionnaire;
[[34mINFO [0;39m] [] 20:32:36.687 [TestCaseId:] [Scenario:
                Create a new project, check its status and presence in Recents] [36mo.a.q.c.s.w.WebdriverHelper[0;39m - Click Execution_Time(ms):; 170; Page_URL:; http://localhost:8081/#!/project/01f1be91-cdb3-41b0-a2d2-e174b5c619e1/questionnaire;
[[39mDEBUG[0;39m] [] 20:32:36.700 [TestCaseId:] [Scenario:
                Create a new project, check its status and presence in Recents] [36mo.a.q.c.s.w.WrappedWebdriver[0;39m - Finding elements by: By.cssSelector: .modal-content
[[34mINFO [0;39m] [] 20:32:36.719 [TestCaseId:] [Scenario:
                Create a new project, check its status and presence in Recents] [36mo.a.q.c.s.w.WrappedWebdriver[0;39m - Find_Elements Execution_Time(ms):; 15; Page_URL:; http://localhost:8081/#!/project/01f1be91-cdb3-41b0-a2d2-e174b5c619e1/questionnaire;
[[34mINFO [0;39m] [] 20:32:36.770 [TestCaseId:] [Scenario:
                Create a new project, check its status and presence in Recents] [36mo.a.q.c.s.w.WebdriverHelper[0;39m - Wait_For_Page_Update Execution_Time(ms):; 6; Page_URL:; http://localhost:8081/#!/project/01f1be91-cdb3-41b0-a2d2-e174b5c619e1/questionnaire;
[[39mDEBUG[0;39m] [] 20:32:36.770 [TestCaseId:] [Scenario:
                Create a new project, check its status and presence in Recents] [36mo.a.q.c.s.w.WrappedWebdriver[0;39m - Finding element by: By.cssSelector: .modal-content .modal-title 
[[34mINFO [0;39m] [] 20:32:36.784 [TestCaseId:] [Scenario:
                Create a new project, check its status and presence in Recents] [36mo.a.q.c.s.w.WrappedWebdriver[0;39m - Find_Element Execution_Time(ms):; 11; Page_URL:; http://localhost:8081/#!/project/01f1be91-cdb3-41b0-a2d2-e174b5c619e1/questionnaire;
[[39mDEBUG[0;39m] [] 20:32:36.795 [TestCaseId:] [Scenario:
                Create a new project, check its status and presence in Recents] [36mo.a.q.c.s.w.WrappedWebdriver[0;39m - Finding element by: By.cssSelector: .modal-content .modal-title 
[[34mINFO [0;39m] [] 20:32:36.805 [TestCaseId:] [Scenario:
                Create a new project, check its status and presence in Recents] [36mo.a.q.c.s.w.WrappedWebdriver[0;39m - Find_Element Execution_Time(ms):; 7; Page_URL:; http://localhost:8081/#!/project/01f1be91-cdb3-41b0-a2d2-e174b5c619e1/questionnaire;
[[34mINFO [0;39m] [] 20:32:36.826 [TestCaseId:] [Scenario:
                Create a new project, check its status and presence in Recents] [36mo.a.q.c.s.w.WebdriverHelper[0;39m - Wait_For_Page_Update Execution_Time(ms):; 5; Page_URL:; http://localhost:8081/#!/project/01f1be91-cdb3-41b0-a2d2-e174b5c619e1/questionnaire;
[[34mINFO [0;39m] [] 20:32:36.830 [TestCaseId:] [Scenario:
                Create a new project, check its status and presence in Recents] [36mo.a.q.c.s.w.WebdriverHelper[0;39m - get_Text Execution_Time(ms):; 66; Page_URL:; http://localhost:8081/#!/project/01f1be91-cdb3-41b0-a2d2-e174b5c619e1/questionnaire;
[[34mINFO [0;39m] [] 20:32:36.842 [TestCaseId:] [Scenario:
                Create a new project, check its status and presence in Recents] [36mo.a.q.c.s.w.WebdriverHelper[0;39m - Wait_For_Page_Update Execution_Time(ms):; 5; Page_URL:; http://localhost:8081/#!/project/01f1be91-cdb3-41b0-a2d2-e174b5c619e1/questionnaire;
[[39mDEBUG[0;39m] [] 20:32:36.843 [TestCaseId:] [Scenario:
                Create a new project, check its status and presence in Recents] [36mo.a.q.c.s.w.WrappedWebdriver[0;39m - Finding element by: By.cssSelector: .modal-content .modal-body 
[[34mINFO [0;39m] [] 20:32:36.858 [TestCaseId:] [Scenario:
                Create a new project, check its status and presence in Recents] [36mo.a.q.c.s.w.WrappedWebdriver[0;39m - Find_Element Execution_Time(ms):; 11; Page_URL:; http://localhost:8081/#!/project/01f1be91-cdb3-41b0-a2d2-e174b5c619e1/questionnaire;
[[39mDEBUG[0;39m] [] 20:32:36.870 [TestCaseId:] [Scenario:
                Create a new project, check its status and presence in Recents] [36mo.a.q.c.s.w.WrappedWebdriver[0;39m - Finding element by: By.cssSelector: .modal-content .modal-body 
[[34mINFO [0;39m] [] 20:32:36.880 [TestCaseId:] [Scenario:
                Create a new project, check its status and presence in Recents] [36mo.a.q.c.s.w.WrappedWebdriver[0;39m - Find_Element Execution_Time(ms):; 7; Page_URL:; http://localhost:8081/#!/project/01f1be91-cdb3-41b0-a2d2-e174b5c619e1/questionnaire;
[[34mINFO [0;39m] [] 20:32:36.902 [TestCaseId:] [Scenario:
                Create a new project, check its status and presence in Recents] [36mo.a.q.c.s.w.WebdriverHelper[0;39m - Wait_For_Page_Update Execution_Time(ms):; 4; Page_URL:; http://localhost:8081/#!/project/01f1be91-cdb3-41b0-a2d2-e174b5c619e1/questionnaire;
[[34mINFO [0;39m] [] 20:32:36.905 [TestCaseId:] [Scenario:
                Create a new project, check its status and presence in Recents] [36mo.a.q.c.s.w.WebdriverHelper[0;39m - get_Text Execution_Time(ms):; 68; Page_URL:; http://localhost:8081/#!/project/01f1be91-cdb3-41b0-a2d2-e174b5c619e1/questionnaire;
[[34mINFO [0;39m] [] 20:32:36.905 [TestCaseId:] [Scenario:
                Create a new project, check its status and presence in Recents] [36mo.a.q.c.s.c.ModalWindow[0;39m - Close modal window by Ok button
[[34mINFO [0;39m] [] 20:32:36.914 [TestCaseId:] [Scenario:
                Create a new project, check its status and presence in Recents] [36mo.a.q.c.s.w.WebdriverHelper[0;39m - Wait_For_Page_Update Execution_Time(ms):; 5; Page_URL:; http://localhost:8081/#!/project/01f1be91-cdb3-41b0-a2d2-e174b5c619e1/questionnaire;
[[39mDEBUG[0;39m] [] 20:32:36.914 [TestCaseId:] [Scenario:
                Create a new project, check its status and presence in Recents] [36mo.a.q.c.s.w.WrappedWebdriver[0;39m - Finding element by: By.cssSelector: .modal-content .modal-footer .ok 
[[34mINFO [0;39m] [] 20:32:36.930 [TestCaseId:] [Scenario:
                Create a new project, check its status and presence in Recents] [36mo.a.q.c.s.w.WrappedWebdriver[0;39m - Find_Element Execution_Time(ms):; 12; Page_URL:; http://localhost:8081/#!/project/01f1be91-cdb3-41b0-a2d2-e174b5c619e1/questionnaire;
[[39mDEBUG[0;39m] [] 20:32:36.942 [TestCaseId:] [Scenario:
                Create a new project, check its status and presence in Recents] [36mo.a.q.c.s.w.WrappedWebdriver[0;39m - Finding element by: By.cssSelector: .modal-content .modal-footer .ok 
[[34mINFO [0;39m] [] 20:32:36.952 [TestCaseId:] [Scenario:
                Create a new project, check its status and presence in Recents] [36mo.a.q.c.s.w.WrappedWebdriver[0;39m - Find_Element Execution_Time(ms):; 6; Page_URL:; http://localhost:8081/#!/project/01f1be91-cdb3-41b0-a2d2-e174b5c619e1/questionnaire;
[[34mINFO [0;39m] [] 20:32:36.964 [TestCaseId:] [Scenario:
                Create a new project, check its status and presence in Recents] [36mo.a.q.c.s.w.WebdriverHelper[0;39m - Wait_For_Element_To_Be_Clickable Execution_Time(ms):; 47; Page_URL:; http://localhost:8081/#!/project/01f1be91-cdb3-41b0-a2d2-e174b5c619e1/questionnaire;
[[39mDEBUG[0;39m] [] 20:32:36.964 [TestCaseId:] [Scenario:
                Create a new project, check its status and presence in Recents] [36mo.a.q.c.s.w.WrappedWebdriver[0;39m - Finding element by: By.cssSelector: .modal-content .modal-footer .ok 
[[34mINFO [0;39m] [] 20:32:36.973 [TestCaseId:] [Scenario:
                Create a new project, check its status and presence in Recents] [36mo.a.q.c.s.w.WrappedWebdriver[0;39m - Find_Element Execution_Time(ms):; 6; Page_URL:; http://localhost:8081/#!/project/01f1be91-cdb3-41b0-a2d2-e174b5c619e1/questionnaire;
[[34mINFO [0;39m] [] 20:32:37.024 [TestCaseId:] [Scenario:
                Create a new project, check its status and presence in Recents] [36mo.a.q.c.s.w.WebdriverHelper[0;39m - Wait_For_Page_Update Execution_Time(ms):; 5; Page_URL:; http://localhost:8081/#!/project/01f1be91-cdb3-41b0-a2d2-e174b5c619e1/questionnaire;
[[34mINFO [0;39m] [] 20:32:37.029 [TestCaseId:] [Scenario:
                Create a new project, check its status and presence in Recents] [36mo.a.q.c.s.w.WebdriverHelper[0;39m - Click Execution_Time(ms):; 118; Page_URL:; http://localhost:8081/#!/project/01f1be91-cdb3-41b0-a2d2-e174b5c619e1/questionnaire;
[[39mDEBUG[0;39m] [] 20:32:37.029 [TestCaseId:] [Scenario:
                Create a new project, check its status and presence in Recents] [36mo.a.q.c.s.a.p.AllureAttachmentsProvider[0;39m - Attach screenshot to the Allure report
[[34mINFO [0;39m] [] 20:32:37.474 [TestCaseId:] [Scenario:
                Create a new project, check its status and presence in Recents] [36mo.a.q.c.s.w.WebdriverHelper[0;39m - Wait_For_Page_Update Execution_Time(ms):; 11; Page_URL:; http://localhost:8081/#!/project/01f1be91-cdb3-41b0-a2d2-e174b5c619e1/questionnaire;
[[39mDEBUG[0;39m] [] 20:32:37.474 [TestCaseId:] [Scenario:
                Create a new project, check its status and presence in Recents] [36mo.a.q.c.s.w.WrappedWebdriver[0;39m - Finding element by: By.className: fa-home 
[[34mINFO [0;39m] [] 20:32:37.504 [TestCaseId:] [Scenario:
                Create a new project, check its status and presence in Recents] [36mo.a.q.c.s.w.WrappedWebdriver[0;39m - Find_Element Execution_Time(ms):; 20; Page_URL:; http://localhost:8081/#!/project/01f1be91-cdb3-41b0-a2d2-e174b5c619e1/questionnaire;
[[39mDEBUG[0;39m] [] 20:32:37.524 [TestCaseId:] [Scenario:
                Create a new project, check its status and presence in Recents] [36mo.a.q.c.s.w.WrappedWebdriver[0;39m - Finding element by: By.className: fa-home 
[[34mINFO [0;39m] [] 20:32:37.544 [TestCaseId:] [Scenario:
                Create a new project, check its status and presence in Recents] [36mo.a.q.c.s.w.WrappedWebdriver[0;39m - Find_Element Execution_Time(ms):; 10; Page_URL:; http://localhost:8081/#!/project/01f1be91-cdb3-41b0-a2d2-e174b5c619e1/questionnaire;
[[34mINFO [0;39m] [] 20:32:37.564 [TestCaseId:] [Scenario:
                Create a new project, check its status and presence in Recents] [36mo.a.q.c.s.w.WebdriverHelper[0;39m - Wait_For_Element_To_Be_Clickable Execution_Time(ms):; 80; Page_URL:; http://localhost:8081/#!/project/01f1be91-cdb3-41b0-a2d2-e174b5c619e1/questionnaire;
[[39mDEBUG[0;39m] [] 20:32:37.564 [TestCaseId:] [Scenario:
                Create a new project, check its status and presence in Recents] [36mo.a.q.c.s.w.WrappedWebdriver[0;39m - Finding element by: By.className: fa-home 
[[34mINFO [0;39m] [] 20:32:37.584 [TestCaseId:] [Scenario:
                Create a new project, check its status and presence in Recents] [36mo.a.q.c.s.w.WrappedWebdriver[0;39m - Find_Element Execution_Time(ms):; 10; Page_URL:; http://localhost:8081/#!/project/01f1be91-cdb3-41b0-a2d2-e174b5c619e1/questionnaire;
[[34mINFO [0;39m] [] 20:32:37.669 [TestCaseId:] [Scenario:
                Create a new project, check its status and presence in Recents] [36mo.a.q.c.s.w.WebdriverHelper[0;39m - Wait_For_Page_Update Execution_Time(ms):; 9; Page_URL:; http://localhost:8081/#!/dashboard;
[[34mINFO [0;39m] [] 20:32:37.672 [TestCaseId:] [Scenario:
                Create a new project, check its status and presence in Recents] [36mo.a.q.c.s.w.WebdriverHelper[0;39m - Click Execution_Time(ms):; 226; Page_URL:; http://localhost:8081/#!/dashboard;
[[39mDEBUG[0;39m] [] 20:32:37.678 [TestCaseId:] [Scenario:
                Create a new project, check its status and presence in Recents] [36mo.a.q.c.s.w.WrappedWebdriver[0;39m - Finding element by: By.cssSelector: label.filter[for='all-projects'] 
[[34mINFO [0;39m] [] 20:32:37.696 [TestCaseId:] [Scenario:
                Create a new project, check its status and presence in Recents] [36mo.a.q.c.s.w.WrappedWebdriver[0;39m - Find_Element Execution_Time(ms):; 14; Page_URL:; http://localhost:8081/#!/dashboard;
[[34mINFO [0;39m] [] 20:32:37.702 [TestCaseId:] [Scenario:
                Create a new project, check its status and presence in Recents] [36mo.a.q.c.s.w.WebdriverHelper[0;39m - Wait_For_Page_Update Execution_Time(ms):; 4; Page_URL:; http://localhost:8081/#!/dashboard;
[[34mINFO [0;39m] [] 20:32:37.743 [TestCaseId:] [Scenario:
                Create a new project, check its status and presence in Recents] [36mo.a.q.c.s.w.WebdriverHelper[0;39m - Wait_For_Element_To_Be_Clickable Execution_Time(ms):; 30; Page_URL:; http://localhost:8081/#!/dashboard;
[[34mINFO [0;39m] [] 20:32:37.795 [TestCaseId:] [Scenario:
                Create a new project, check its status and presence in Recents] [36mo.a.q.c.s.w.WebdriverHelper[0;39m - Wait_For_Page_Update Execution_Time(ms):; 11; Page_URL:; http://localhost:8081/#!/dashboard;
[[34mINFO [0;39m] [] 20:32:37.799 [TestCaseId:] [Scenario:
                Create a new project, check its status and presence in Recents] [36mo.a.q.c.s.w.WebdriverHelper[0;39m - Click Execution_Time(ms):; 99; Page_URL:; http://localhost:8081/#!/dashboard;
[[39mDEBUG[0;39m] [] 20:32:37.799 [TestCaseId:] [Scenario:
                Create a new project, check its status and presence in Recents] [36mo.a.q.c.s.w.WrappedWebdriver[0;39m - Finding elements by: By.xpath: //ul[@class='projects-list']/li
[[34mINFO [0;39m] [] 20:32:37.840 [TestCaseId:] [Scenario:
                Create a new project, check its status and presence in Recents] [36mo.a.q.c.s.w.WrappedWebdriver[0;39m - Find_Elements Execution_Time(ms):; 31; Page_URL:; http://localhost:8081/#!/dashboard;
[[39mDEBUG[0;39m] [] 20:32:38.461 [TestCaseId:] [Scenario:
                Create a new project, check its status and presence in Recents] [36mo.a.q.c.s.w.WrappedWebdriver[0;39m - Finding elements by: By.xpath: //ul[@class='projects-list']/li
[[34mINFO [0;39m] [] 20:32:38.481 [TestCaseId:] [Scenario:
                Create a new project, check its status and presence in Recents] [36mo.a.q.c.s.w.WrappedWebdriver[0;39m - Find_Elements Execution_Time(ms):; 10; Page_URL:; http://localhost:8081/#!/dashboard;
[[39mDEBUG[0;39m] [] 20:32:38.842 [TestCaseId:] [Scenario:
                Create a new project, check its status and presence in Recents] [36mo.a.q.c.s.w.WrappedWebdriver[0;39m - Finding element by: By.cssSelector: label.filter[for='in-progress'] 
[[34mINFO [0;39m] [] 20:32:38.872 [TestCaseId:] [Scenario:
                Create a new project, check its status and presence in Recents] [36mo.a.q.c.s.w.WrappedWebdriver[0;39m - Find_Element Execution_Time(ms):; 20; Page_URL:; http://localhost:8081/#!/dashboard;
[[34mINFO [0;39m] [] 20:32:38.902 [TestCaseId:] [Scenario:
                Create a new project, check its status and presence in Recents] [36mo.a.q.c.s.w.WebdriverHelper[0;39m - Wait_For_Page_Update Execution_Time(ms):; 20; Page_URL:; http://localhost:8081/#!/dashboard;
[[34mINFO [0;39m] [] 20:32:38.962 [TestCaseId:] [Scenario:
                Create a new project, check its status and presence in Recents] [36mo.a.q.c.s.w.WebdriverHelper[0;39m - Wait_For_Element_To_Be_Clickable Execution_Time(ms):; 40; Page_URL:; http://localhost:8081/#!/dashboard;
[[34mINFO [0;39m] [] 20:32:39.020 [TestCaseId:] [Scenario:
                Create a new project, check its status and presence in Recents] [36mo.a.q.c.s.w.WebdriverHelper[0;39m - Wait_For_Page_Update Execution_Time(ms):; 13; Page_URL:; http://localhost:8081/#!/dashboard;
[[34mINFO [0;39m] [] 20:32:39.024 [TestCaseId:] [Scenario:
                Create a new project, check its status and presence in Recents] [36mo.a.q.c.s.w.WebdriverHelper[0;39m - Click Execution_Time(ms):; 148; Page_URL:; http://localhost:8081/#!/dashboard;
[[39mDEBUG[0;39m] [] 20:32:39.024 [TestCaseId:] [Scenario:
                Create a new project, check its status and presence in Recents] [36mo.a.q.c.s.w.WrappedWebdriver[0;39m - Finding elements by: By.xpath: //ul[@class='projects-list']/li
[[34mINFO [0;39m] [] 20:32:39.037 [TestCaseId:] [Scenario:
                Create a new project, check its status and presence in Recents] [36mo.a.q.c.s.w.WrappedWebdriver[0;39m - Find_Elements Execution_Time(ms):; 10; Page_URL:; http://localhost:8081/#!/dashboard;
[[39mDEBUG[0;39m] [] 20:32:39.343 [TestCaseId:] [Scenario:
                Create a new project, check its status and presence in Recents] [36mo.a.q.c.s.w.WrappedWebdriver[0;39m - Finding elements by: By.xpath: //ul[@class='projects-list']/li
[[34mINFO [0;39m] [] 20:32:39.354 [TestCaseId:] [Scenario:
                Create a new project, check its status and presence in Recents] [36mo.a.q.c.s.w.WrappedWebdriver[0;39m - Find_Elements Execution_Time(ms):; 10; Page_URL:; http://localhost:8081/#!/dashboard;
[[39mDEBUG[0;39m] [] 20:32:39.695 [TestCaseId:] [Scenario:
                Create a new project, check its status and presence in Recents] [36mo.a.q.c.s.w.WrappedWebdriver[0;39m - Finding element by: By.cssSelector: label.filter[for='completed'] 
[[34mINFO [0;39m] [] 20:32:39.725 [TestCaseId:] [Scenario:
                Create a new project, check its status and presence in Recents] [36mo.a.q.c.s.w.WrappedWebdriver[0;39m - Find_Element Execution_Time(ms):; 20; Page_URL:; http://localhost:8081/#!/dashboard;
[[34mINFO [0;39m] [] 20:32:39.755 [TestCaseId:] [Scenario:
                Create a new project, check its status and presence in Recents] [36mo.a.q.c.s.w.WebdriverHelper[0;39m - Wait_For_Page_Update Execution_Time(ms):; 20; Page_URL:; http://localhost:8081/#!/dashboard;
[[34mINFO [0;39m] [] 20:32:39.815 [TestCaseId:] [Scenario:
                Create a new project, check its status and presence in Recents] [36mo.a.q.c.s.w.WebdriverHelper[0;39m - Wait_For_Element_To_Be_Clickable Execution_Time(ms):; 50; Page_URL:; http://localhost:8081/#!/dashboard;
[[34mINFO [0;39m] [] 20:32:39.876 [TestCaseId:] [Scenario:
                Create a new project, check its status and presence in Recents] [36mo.a.q.c.s.w.WebdriverHelper[0;39m - Wait_For_Page_Update Execution_Time(ms):; 7; Page_URL:; http://localhost:8081/#!/dashboard;
[[34mINFO [0;39m] [] 20:32:39.880 [TestCaseId:] [Scenario:
                Create a new project, check its status and presence in Recents] [36mo.a.q.c.s.w.WebdriverHelper[0;39m - Click Execution_Time(ms):; 152; Page_URL:; http://localhost:8081/#!/dashboard;
[[39mDEBUG[0;39m] [] 20:32:39.880 [TestCaseId:] [Scenario:
                Create a new project, check its status and presence in Recents] [36mo.a.q.c.s.w.WrappedWebdriver[0;39m - Finding elements by: By.xpath: //ul[@class='projects-list']/li
[[34mINFO [0;39m] [] 20:32:39.890 [TestCaseId:] [Scenario:
                Create a new project, check its status and presence in Recents] [36mo.a.q.c.s.w.WrappedWebdriver[0;39m - Find_Elements Execution_Time(ms):; 7; Page_URL:; http://localhost:8081/#!/dashboard;
[[39mDEBUG[0;39m] [] 20:32:39.933 [TestCaseId:] [Scenario:
                Create a new project, check its status and presence in Recents] [36mo.a.q.c.s.w.WrappedWebdriver[0;39m - Finding element by: By.cssSelector: label.filter[for='all-projects'] 
[[34mINFO [0;39m] [] 20:32:39.953 [TestCaseId:] [Scenario:
                Create a new project, check its status and presence in Recents] [36mo.a.q.c.s.w.WrappedWebdriver[0;39m - Find_Element Execution_Time(ms):; 10; Page_URL:; http://localhost:8081/#!/dashboard;
[[34mINFO [0;39m] [] 20:32:39.983 [TestCaseId:] [Scenario:
                Create a new project, check its status and presence in Recents] [36mo.a.q.c.s.w.WebdriverHelper[0;39m - Wait_For_Page_Update Execution_Time(ms):; 20; Page_URL:; http://localhost:8081/#!/dashboard;
[[34mINFO [0;39m] [] 20:32:40.033 [TestCaseId:] [Scenario:
                Create a new project, check its status and presence in Recents] [36mo.a.q.c.s.w.WebdriverHelper[0;39m - Wait_For_Element_To_Be_Clickable Execution_Time(ms):; 30; Page_URL:; http://localhost:8081/#!/dashboard;
[[34mINFO [0;39m] [] 20:32:40.077 [TestCaseId:] [Scenario:
                Create a new project, check its status and presence in Recents] [36mo.a.q.c.s.w.WebdriverHelper[0;39m - Wait_For_Page_Update Execution_Time(ms):; 6; Page_URL:; http://localhost:8081/#!/dashboard;
[[34mINFO [0;39m] [] 20:32:40.081 [TestCaseId:] [Scenario:
                Create a new project, check its status and presence in Recents] [36mo.a.q.c.s.w.WebdriverHelper[0;39m - Click Execution_Time(ms):; 124; Page_URL:; http://localhost:8081/#!/dashboard;
[[39mDEBUG[0;39m] [] 20:32:40.081 [TestCaseId:] [Scenario:
                Create a new project, check its status and presence in Recents] [36mo.a.q.c.s.w.WrappedWebdriver[0;39m - Finding elements by: By.xpath: //ul[@class='projects-list']/li
[[34mINFO [0;39m] [] 20:32:40.103 [TestCaseId:] [Scenario:
                Create a new project, check its status and presence in Recents] [36mo.a.q.c.s.w.WrappedWebdriver[0;39m - Find_Elements Execution_Time(ms):; 9; Page_URL:; http://localhost:8081/#!/dashboard;
[[39mDEBUG[0;39m] [] 20:32:40.845 [TestCaseId:] [Scenario:
                Create a new project, check its status and presence in Recents] [36mo.a.q.c.s.w.WrappedWebdriver[0;39m - Finding elements by: By.xpath: //ul[@class='projects-list']/li
[[34mINFO [0;39m] [] 20:32:40.865 [TestCaseId:] [Scenario:
                Create a new project, check its status and presence in Recents] [36mo.a.q.c.s.w.WrappedWebdriver[0;39m - Find_Elements Execution_Time(ms):; 10; Page_URL:; http://localhost:8081/#!/dashboard;
[[39mDEBUG[0;39m] [] 20:32:42.855 [TestCaseId:] [Scenario:
                Create a new project, check its status and presence in Recents] [36mo.a.q.c.s.w.WrappedWebdriver[0;39m - Finding elements by: By.xpath: //ul[@class='projects-list']/li
[[34mINFO [0;39m] [] 20:32:42.875 [TestCaseId:] [Scenario:
                Create a new project, check its status and presence in Recents] [36mo.a.q.c.s.w.WrappedWebdriver[0;39m - Find_Elements Execution_Time(ms):; 10; Page_URL:; http://localhost:8081/#!/dashboard;
[[39mDEBUG[0;39m] [] 20:32:43.269 [TestCaseId:] [Scenario:
                Create a new project, check its status and presence in Recents] [36mo.a.q.c.s.w.WrappedWebdriver[0;39m - Finding element by: By.className: logout-button 
[[34mINFO [0;39m] [] 20:32:43.299 [TestCaseId:] [Scenario:
                Create a new project, check its status and presence in Recents] [36mo.a.q.c.s.w.WrappedWebdriver[0;39m - Find_Element Execution_Time(ms):; 20; Page_URL:; http://localhost:8081/#!/dashboard;
[[39mDEBUG[0;39m] [] 20:32:43.299 [TestCaseId:] [Scenario:
                Create a new project, check its status and presence in Recents] [36mo.a.q.c.s.w.WrappedWebdriver[0;39m - Finding element by: By.className: system-icons 
[[34mINFO [0;39m] [] 20:32:43.329 [TestCaseId:] [Scenario:
                Create a new project, check its status and presence in Recents] [36mo.a.q.c.s.w.WrappedWebdriver[0;39m - Find_Element Execution_Time(ms):; 20; Page_URL:; http://localhost:8081/#!/dashboard;
[[39mDEBUG[0;39m] [] 20:32:43.329 [TestCaseId:] [Scenario:
                Create a new project, check its status and presence in Recents] [36mo.a.q.c.s.w.WrappedWebdriver[0;39m - Finding element by: By.className: new-project__title-input 
[[34mINFO [0;39m] [] 20:32:43.359 [TestCaseId:] [Scenario:
                Create a new project, check its status and presence in Recents] [36mo.a.q.c.s.w.WrappedWebdriver[0;39m - Find_Element Execution_Time(ms):; 20; Page_URL:; http://localhost:8081/#!/dashboard;
[[39mDEBUG[0;39m] [] 20:32:43.359 [TestCaseId:] [Scenario:
                Create a new project, check its status and presence in Recents] [36mo.a.q.c.s.w.WrappedWebdriver[0;39m - Finding element by: By.className: new-project__description-input 
[[34mINFO [0;39m] [] 20:32:43.367 [TestCaseId:] [Scenario:
                Create a new project, check its status and presence in Recents] [36mo.a.q.c.s.w.WrappedWebdriver[0;39m - Find_Element Execution_Time(ms):; 4; Page_URL:; http://localhost:8081/#!/dashboard;
[[39mDEBUG[0;39m] [] 20:32:43.368 [TestCaseId:] [Scenario:
                Create a new project, check its status and presence in Recents] [36mo.a.q.c.s.w.WrappedWebdriver[0;39m - Finding element by: By.className: new-project__create-button 
[[34mINFO [0;39m] [] 20:32:43.404 [TestCaseId:] [Scenario:
                Create a new project, check its status and presence in Recents] [36mo.a.q.c.s.w.WrappedWebdriver[0;39m - Find_Element Execution_Time(ms):; 26; Page_URL:; http://localhost:8081/#!/dashboard;
[[34mINFO [0;39m] [] 20:32:52.886 [TestCaseId:] [Scenario:
                Create a new project, check its status and presence in Recents] [36mo.a.q.c.s.w.WebdriverHelper[0;39m - Wait_For_Page_Update Execution_Time(ms):; 3; Page_URL:; http://localhost:8081/#!/dashboard;
[[34mINFO [0;39m] [] 20:32:52.936 [TestCaseId:] [Scenario:
                Create a new project, check its status and presence in Recents] [36mo.a.q.c.s.w.WebdriverHelper[0;39m - Wait_For_Element_To_Be_Clickable Execution_Time(ms):; 40; Page_URL:; http://localhost:8081/#!/dashboard;
