[[34mINFO [0;39m] [] 21:16:21.584 [TestCaseId:] [Scenario:
                Sign Up with correct credentials] [36mo.a.q.c.g.s.p.LoginPageObject[0;39m - Open login page
[[39mDEBUG[0;39m] [] 21:16:21.584 [TestCaseId:] [Scenario:
                Sign Up with correct credentials] [36mo.a.q.c.g.s.w.WrappedWebdriver[0;39m - Opening url: http://localhost:8081/#!/login
[[39mDEBUG[0;39m] [] 21:16:22.634 [TestCaseId:] [Scenario:
                Sign Up with correct credentials] [36mo.a.q.c.g.s.a.p.AllureAttachmentsProvider[0;39m - Attach screenshot to the Allure report
[[34mINFO [0;39m] [] 21:16:23.088 [TestCaseId:] [Scenario:
                Sign Up with correct credentials] [36mo.a.q.c.g.s.w.WrappedWebdriver[0;39m - Open_Page Execution_Time(ms):; 1504; Page_URL:; http://localhost:8081/#!/login;
[[34mINFO [0;39m] [] 21:16:23.088 [TestCaseId:] [Scenario:
                Sign Up with correct credentials] [36mo.a.q.c.g.s.p.LoginPageObject[0;39m - Set login as admin in SingIn form
[[34mINFO [0;39m] [] 21:16:23.139 [TestCaseId:] [Scenario:
                Sign Up with correct credentials] [36mo.a.q.c.g.s.w.WebdriverHelper[0;39m - Wait_For_Page_Update Execution_Time(ms):; 11; Page_URL:; http://localhost:8081/#!/login;
[[39mDEBUG[0;39m] [] 21:16:23.139 [TestCaseId:] [Scenario:
                Sign Up with correct credentials] [36mo.a.q.c.g.s.w.WrappedWebdriver[0;39m - Finding element by: By.name: login 
[[34mINFO [0;39m] [] 21:16:23.169 [TestCaseId:] [Scenario:
                Sign Up with correct credentials] [36mo.a.q.c.g.s.w.WrappedWebdriver[0;39m - Find_Element Execution_Time(ms):; 20; Page_URL:; http://localhost:8081/#!/login;
[[39mDEBUG[0;39m] [] 21:16:23.189 [TestCaseId:] [Scenario:
                Sign Up with correct credentials] [36mo.a.q.c.g.s.w.WrappedWebdriver[0;39m - Finding element by: By.name: login 
[[34mINFO [0;39m] [] 21:16:23.209 [TestCaseId:] [Scenario:
                Sign Up with correct credentials] [36mo.a.q.c.g.s.w.WrappedWebdriver[0;39m - Find_Element Execution_Time(ms):; 10; Page_URL:; http://localhost:8081/#!/login;
[[39mDEBUG[0;39m] [] 21:16:23.229 [TestCaseId:] [Scenario:
                Sign Up with correct credentials] [36mo.a.q.c.g.s.w.WrappedWebdriver[0;39m - Finding element by: By.name: login 
[[34mINFO [0;39m] [] 21:16:23.234 [TestCaseId:] [Scenario:
                Sign Up with correct credentials] [36mo.a.q.c.g.s.w.WrappedWebdriver[0;39m - Find_Element Execution_Time(ms):; 1; Page_URL:; http://localhost:8081/#!/login;
[[34mINFO [0;39m] [] 21:16:23.289 [TestCaseId:] [Scenario:
                Sign Up with correct credentials] [36mo.a.q.c.g.s.w.WebdriverHelper[0;39m - Wait_For_Page_Update Execution_Time(ms):; 7; Page_URL:; http://localhost:8081/#!/login;
[[34mINFO [0;39m] [] 21:16:23.296 [TestCaseId:] [Scenario:
                Sign Up with correct credentials] [36mo.a.q.c.g.s.w.WebdriverHelper[0;39m - Send_Keys Execution_Time(ms):; 182; Page_URL:; http://localhost:8081/#!/login;
[[34mINFO [0;39m] [] 21:16:23.306 [TestCaseId:] [Scenario:
                Sign Up with correct credentials] [36mo.a.q.c.g.s.w.WebdriverHelper[0;39m - Wait_For_Page_Update Execution_Time(ms):; 5; Page_URL:; http://localhost:8081/#!/login;
[[39mDEBUG[0;39m] [] 21:16:23.306 [TestCaseId:] [Scenario:
                Sign Up with correct credentials] [36mo.a.q.c.g.s.w.WrappedWebdriver[0;39m - Finding element by: By.name: password 
[[34mINFO [0;39m] [] 21:16:23.345 [TestCaseId:] [Scenario:
                Sign Up with correct credentials] [36mo.a.q.c.g.s.w.WrappedWebdriver[0;39m - Find_Element Execution_Time(ms):; 24; Page_URL:; http://localhost:8081/#!/login;
[[39mDEBUG[0;39m] [] 21:16:23.356 [TestCaseId:] [Scenario:
                Sign Up with correct credentials] [36mo.a.q.c.g.s.w.WrappedWebdriver[0;39m - Finding element by: By.name: password 
[[34mINFO [0;39m] [] 21:16:23.387 [TestCaseId:] [Scenario:
                Sign Up with correct credentials] [36mo.a.q.c.g.s.w.WrappedWebdriver[0;39m - Find_Element Execution_Time(ms):; 21; Page_URL:; http://localhost:8081/#!/login;
[[39mDEBUG[0;39m] [] 21:16:23.417 [TestCaseId:] [Scenario:
                Sign Up with correct credentials] [36mo.a.q.c.g.s.w.WrappedWebdriver[0;39m - Finding element by: By.name: password 
[[34mINFO [0;39m] [] 21:16:23.424 [TestCaseId:] [Scenario:
                Sign Up with correct credentials] [36mo.a.q.c.g.s.w.WrappedWebdriver[0;39m - Find_Element Execution_Time(ms):; 1; Page_URL:; http://localhost:8081/#!/login;
[[34mINFO [0;39m] [] 21:16:23.472 [TestCaseId:] [Scenario:
                Sign Up with correct credentials] [36mo.a.q.c.g.s.w.WebdriverHelper[0;39m - Wait_For_Page_Update Execution_Time(ms):; 7; Page_URL:; http://localhost:8081/#!/login;
[[34mINFO [0;39m] [] 21:16:23.476 [TestCaseId:] [Scenario:
                Sign Up with correct credentials] [36mo.a.q.c.g.s.w.WebdriverHelper[0;39m - Send_Keys Execution_Time(ms):; 175; Page_URL:; http://localhost:8081/#!/login;
[[34mINFO [0;39m] [] 21:16:23.484 [TestCaseId:] [Scenario:
                Sign Up with correct credentials] [36mo.a.q.c.g.s.w.WebdriverHelper[0;39m - Wait_For_Page_Update Execution_Time(ms):; 4; Page_URL:; http://localhost:8081/#!/login;
[[39mDEBUG[0;39m] [] 21:16:23.485 [TestCaseId:] [Scenario:
                Sign Up with correct credentials] [36mo.a.q.c.g.s.w.WrappedWebdriver[0;39m - Finding element by: By.className: login-button 
[[34mINFO [0;39m] [] 21:16:23.518 [TestCaseId:] [Scenario:
                Sign Up with correct credentials] [36mo.a.q.c.g.s.w.WrappedWebdriver[0;39m - Find_Element Execution_Time(ms):; 12; Page_URL:; http://localhost:8081/#!/login;
[[39mDEBUG[0;39m] [] 21:16:23.538 [TestCaseId:] [Scenario:
                Sign Up with correct credentials] [36mo.a.q.c.g.s.w.WrappedWebdriver[0;39m - Finding element by: By.className: login-button 
[[34mINFO [0;39m] [] 21:16:23.558 [TestCaseId:] [Scenario:
                Sign Up with correct credentials] [36mo.a.q.c.g.s.w.WrappedWebdriver[0;39m - Find_Element Execution_Time(ms):; 10; Page_URL:; http://localhost:8081/#!/login;
[[34mINFO [0;39m] [] 21:16:23.578 [TestCaseId:] [Scenario:
                Sign Up with correct credentials] [36mo.a.q.c.g.s.w.WebdriverHelper[0;39m - Wait_For_Element_To_Be_Clickable Execution_Time(ms):; 84; Page_URL:; http://localhost:8081/#!/login;
[[39mDEBUG[0;39m] [] 21:16:23.578 [TestCaseId:] [Scenario:
                Sign Up with correct credentials] [36mo.a.q.c.g.s.w.WrappedWebdriver[0;39m - Finding element by: By.className: login-button 
[[34mINFO [0;39m] [] 21:16:23.598 [TestCaseId:] [Scenario:
                Sign Up with correct credentials] [36mo.a.q.c.g.s.w.WrappedWebdriver[0;39m - Find_Element Execution_Time(ms):; 10; Page_URL:; http://localhost:8081/#!/login;
[[34mINFO [0;39m] [] 21:16:23.719 [TestCaseId:] [Scenario:
                Sign Up with correct credentials] [36mo.a.q.c.g.s.w.WebdriverHelper[0;39m - Wait_For_Page_Update Execution_Time(ms):; 80; Page_URL:; http://localhost:8081/#!/dashboard;
[[34mINFO [0;39m] [] 21:16:23.723 [TestCaseId:] [Scenario:
                Sign Up with correct credentials] [36mo.a.q.c.g.s.w.WebdriverHelper[0;39m - Click Execution_Time(ms):; 243; Page_URL:; http://localhost:8081/#!/dashboard;
[[39mDEBUG[0;39m] [] 21:16:23.723 [TestCaseId:] [Scenario:
                Sign Up with correct credentials] [36mo.a.q.c.g.s.a.p.AllureAttachmentsProvider[0;39m - Attach screenshot to the Allure report
[[34mINFO [0;39m] [] 21:16:24.136 [TestCaseId:] [Scenario:
                Sign Up with correct credentials] [36mo.a.q.c.g.s.p.LoginPageObject[0;39m - Submit SignIn form
[[34mINFO [0;39m] [] 21:16:24.166 [TestCaseId:] [Scenario:
                Sign Up with correct credentials] [36mo.a.q.c.g.s.w.WebdriverHelper[0;39m - Wait_For_Page_Update Execution_Time(ms):; 20; Page_URL:; http://localhost:8081/#!/dashboard;
[[39mDEBUG[0;39m] [] 21:16:24.166 [TestCaseId:] [Scenario:
                Sign Up with correct credentials] [36mo.a.q.c.g.s.w.WrappedWebdriver[0;39m - Finding element by: By.className: login-button 
[[34mINFO [0;39m] [] 21:16:24.196 [TestCaseId:] [Scenario:
                Sign Up with correct credentials] [36mo.a.q.c.g.s.w.WrappedWebdriver[0;39m - Find_Element Execution_Time(ms):; 20; Page_URL:; http://localhost:8081/#!/dashboard;
[[39mDEBUG[0;39m] [] 21:16:24.701 [TestCaseId:] [Scenario:
                Sign Up with correct credentials] [36mo.a.q.c.g.s.w.WrappedWebdriver[0;39m - Finding element by: By.className: login-button 
[[34mINFO [0;39m] [] 21:16:24.721 [TestCaseId:] [Scenario:
                Sign Up with correct credentials] [36mo.a.q.c.g.s.w.WrappedWebdriver[0;39m - Find_Element Execution_Time(ms):; 10; Page_URL:; http://localhost:8081/#!/dashboard;
[[39mDEBUG[0;39m] [] 21:16:25.221 [TestCaseId:] [Scenario:
                Sign Up with correct credentials] [36mo.a.q.c.g.s.w.WrappedWebdriver[0;39m - Finding element by: By.className: login-button 
[[34mINFO [0;39m] [] 21:16:25.226 [TestCaseId:] [Scenario:
                Sign Up with correct credentials] [36mo.a.q.c.g.s.w.WrappedWebdriver[0;39m - Find_Element Execution_Time(ms):; 1; Page_URL:; http://localhost:8081/#!/dashboard;
[[39mDEBUG[0;39m] [] 21:16:25.749 [TestCaseId:] [Scenario:
                Sign Up with correct credentials] [36mo.a.q.c.g.s.w.WrappedWebdriver[0;39m - Finding element by: By.className: login-button 
[[34mINFO [0;39m] [] 21:16:25.769 [TestCaseId:] [Scenario:
                Sign Up with correct credentials] [36mo.a.q.c.g.s.w.WrappedWebdriver[0;39m - Find_Element Execution_Time(ms):; 10; Page_URL:; http://localhost:8081/#!/dashboard;
[[39mDEBUG[0;39m] [] 21:16:26.275 [TestCaseId:] [Scenario:
                Sign Up with correct credentials] [36mo.a.q.c.g.s.w.WrappedWebdriver[0;39m - Finding element by: By.className: login-button 
[[34mINFO [0;39m] [] 21:16:26.295 [TestCaseId:] [Scenario:
                Sign Up with correct credentials] [36mo.a.q.c.g.s.w.WrappedWebdriver[0;39m - Find_Element Execution_Time(ms):; 10; Page_URL:; http://localhost:8081/#!/dashboard;
[[39mDEBUG[0;39m] [] 21:16:26.798 [TestCaseId:] [Scenario:
                Sign Up with correct credentials] [36mo.a.q.c.g.s.w.WrappedWebdriver[0;39m - Finding element by: By.className: login-button 
[[34mINFO [0;39m] [] 21:16:26.818 [TestCaseId:] [Scenario:
                Sign Up with correct credentials] [36mo.a.q.c.g.s.w.WrappedWebdriver[0;39m - Find_Element Execution_Time(ms):; 10; Page_URL:; http://localhost:8081/#!/dashboard;
[[39mDEBUG[0;39m] [] 21:16:27.317 [TestCaseId:] [Scenario:
                Sign Up with correct credentials] [36mo.a.q.c.g.s.w.WrappedWebdriver[0;39m - Finding element by: By.className: login-button 
[[34mINFO [0;39m] [] 21:16:27.347 [TestCaseId:] [Scenario:
                Sign Up with correct credentials] [36mo.a.q.c.g.s.w.WrappedWebdriver[0;39m - Find_Element Execution_Time(ms):; 20; Page_URL:; http://localhost:8081/#!/dashboard;
[[39mDEBUG[0;39m] [] 21:16:27.849 [TestCaseId:] [Scenario:
                Sign Up with correct credentials] [36mo.a.q.c.g.s.w.WrappedWebdriver[0;39m - Finding element by: By.className: login-button 
[[34mINFO [0;39m] [] 21:16:27.869 [TestCaseId:] [Scenario:
                Sign Up with correct credentials] [36mo.a.q.c.g.s.w.WrappedWebdriver[0;39m - Find_Element Execution_Time(ms):; 10; Page_URL:; http://localhost:8081/#!/dashboard;
[[39mDEBUG[0;39m] [] 21:16:28.377 [TestCaseId:] [Scenario:
                Sign Up with correct credentials] [36mo.a.q.c.g.s.w.WrappedWebdriver[0;39m - Finding element by: By.className: login-button 
[[34mINFO [0;39m] [] 21:16:28.397 [TestCaseId:] [Scenario:
                Sign Up with correct credentials] [36mo.a.q.c.g.s.w.WrappedWebdriver[0;39m - Find_Element Execution_Time(ms):; 10; Page_URL:; http://localhost:8081/#!/dashboard;
[[39mDEBUG[0;39m] [] 21:16:28.898 [TestCaseId:] [Scenario:
                Sign Up with correct credentials] [36mo.a.q.c.g.s.w.WrappedWebdriver[0;39m - Finding element by: By.className: login-button 
[[34mINFO [0;39m] [] 21:16:28.918 [TestCaseId:] [Scenario:
                Sign Up with correct credentials] [36mo.a.q.c.g.s.w.WrappedWebdriver[0;39m - Find_Element Execution_Time(ms):; 10; Page_URL:; http://localhost:8081/#!/dashboard;
[[39mDEBUG[0;39m] [] 21:16:29.418 [TestCaseId:] [Scenario:
                Sign Up with correct credentials] [36mo.a.q.c.g.s.w.WrappedWebdriver[0;39m - Finding element by: By.className: login-button 
[[34mINFO [0;39m] [] 21:16:29.438 [TestCaseId:] [Scenario:
                Sign Up with correct credentials] [36mo.a.q.c.g.s.w.WrappedWebdriver[0;39m - Find_Element Execution_Time(ms):; 10; Page_URL:; http://localhost:8081/#!/dashboard;
[[39mDEBUG[0;39m] [] 21:16:29.938 [TestCaseId:] [Scenario:
                Sign Up with correct credentials] [36mo.a.q.c.g.s.w.WrappedWebdriver[0;39m - Finding element by: By.className: login-button 
[[34mINFO [0;39m] [] 21:16:29.958 [TestCaseId:] [Scenario:
                Sign Up with correct credentials] [36mo.a.q.c.g.s.w.WrappedWebdriver[0;39m - Find_Element Execution_Time(ms):; 10; Page_URL:; http://localhost:8081/#!/dashboard;
[[39mDEBUG[0;39m] [] 21:16:30.466 [TestCaseId:] [Scenario:
                Sign Up with correct credentials] [36mo.a.q.c.g.s.w.WrappedWebdriver[0;39m - Finding element by: By.className: login-button 
[[34mINFO [0;39m] [] 21:16:30.486 [TestCaseId:] [Scenario:
                Sign Up with correct credentials] [36mo.a.q.c.g.s.w.WrappedWebdriver[0;39m - Find_Element Execution_Time(ms):; 10; Page_URL:; http://localhost:8081/#!/dashboard;
[[39mDEBUG[0;39m] [] 21:16:30.988 [TestCaseId:] [Scenario:
                Sign Up with correct credentials] [36mo.a.q.c.g.s.w.WrappedWebdriver[0;39m - Finding element by: By.className: login-button 
[[34mINFO [0;39m] [] 21:16:31.008 [TestCaseId:] [Scenario:
                Sign Up with correct credentials] [36mo.a.q.c.g.s.w.WrappedWebdriver[0;39m - Find_Element Execution_Time(ms):; 10; Page_URL:; http://localhost:8081/#!/dashboard;
[[39mDEBUG[0;39m] [] 21:16:31.517 [TestCaseId:] [Scenario:
                Sign Up with correct credentials] [36mo.a.q.c.g.s.w.WrappedWebdriver[0;39m - Finding element by: By.className: login-button 
[[34mINFO [0;39m] [] 21:16:31.537 [TestCaseId:] [Scenario:
                Sign Up with correct credentials] [36mo.a.q.c.g.s.w.WrappedWebdriver[0;39m - Find_Element Execution_Time(ms):; 10; Page_URL:; http://localhost:8081/#!/dashboard;
[[39mDEBUG[0;39m] [] 21:16:31.537 [TestCaseId:] [Scenario:
                Sign Up with correct credentials] [36mo.a.q.c.g.s.w.WrappedWebdriver[0;39m - Finding element by: By.className: login-button 
[[34mINFO [0;39m] [] 21:16:31.567 [TestCaseId:] [Scenario:
                Sign Up with correct credentials] [36mo.a.q.c.g.s.w.WrappedWebdriver[0;39m - Find_Element Execution_Time(ms):; 20; Page_URL:; http://localhost:8081/#!/dashboard;
[[34mINFO [0;39m] [] 21:16:31.577 [TestCaseId:] [Scenario:
                Sign Up with correct credentials] [36mo.a.q.c.g.s.w.WebdriverHelper[0;39m - Wait_For_Element_To_Be_Clickable Execution_Time(ms):; 7401; Page_URL:; http://localhost:8081/#!/dashboard;
[[39mDEBUG[0;39m] [] 21:16:31.577 [TestCaseId:] [Scenario:
                Sign Up with correct credentials] [36mo.a.q.c.g.s.a.p.AllureAttachmentsProvider[0;39m - Attach screenshot to the Allure report
[[34mINFO [0;39m] [] 21:16:31.910 [TestCaseId:] [Scenario:
                Sign Up with correct credentials] [36mo.a.q.c.g.s.w.WebdriverHelper[0;39m - Click Execution_Time(ms):; 7764; Page_URL:; http://localhost:8081/#!/dashboard;
[[39mDEBUG[0;39m] [] 21:16:31.910 [TestCaseId:] [Scenario:
                Sign Up with correct credentials] [36mo.a.q.c.g.s.a.p.AllureAttachmentsProvider[0;39m - Attach screenshot to the Allure report
[[39mDEBUG[0;39m] [] 21:16:32.250 [TestCaseId:] [Scenario:
                Sign Up with correct credentials] [36mo.a.q.c.g.s.a.p.AllureAttachmentsProvider[0;39m - Attach screenshot to the Allure report
[[34mINFO [0;39m] [] 21:16:44.932 [TestCaseId:] [Scenario:
                Sign Up with fake credentials] [36mo.a.q.c.g.s.p.LoginPageObject[0;39m - Open login page
[[39mDEBUG[0;39m] [] 21:16:44.932 [TestCaseId:] [Scenario:
                Sign Up with fake credentials] [36mo.a.q.c.g.s.w.WrappedWebdriver[0;39m - Opening url: http://localhost:8081/#!/login
[[39mDEBUG[0;39m] [] 21:16:45.638 [TestCaseId:] [Scenario:
                Sign Up with fake credentials] [36mo.a.q.c.g.s.a.p.AllureAttachmentsProvider[0;39m - Attach screenshot to the Allure report
[[34mINFO [0;39m] [] 21:16:46.088 [TestCaseId:] [Scenario:
                Sign Up with fake credentials] [36mo.a.q.c.g.s.w.WrappedWebdriver[0;39m - Open_Page Execution_Time(ms):; 1146; Page_URL:; http://localhost:8081/#!/login;
[[34mINFO [0;39m] [] 21:16:46.089 [TestCaseId:] [Scenario:
                Sign Up with fake credentials] [36mo.a.q.c.g.s.p.LoginPageObject[0;39m - Set login as fake in SingIn form
[[34mINFO [0;39m] [] 21:16:46.099 [TestCaseId:] [Scenario:
                Sign Up with fake credentials] [36mo.a.q.c.g.s.w.WebdriverHelper[0;39m - Wait_For_Page_Update Execution_Time(ms):; 6; Page_URL:; http://localhost:8081/#!/login;
[[39mDEBUG[0;39m] [] 21:16:46.099 [TestCaseId:] [Scenario:
                Sign Up with fake credentials] [36mo.a.q.c.g.s.w.WrappedWebdriver[0;39m - Finding element by: By.name: login 
[[34mINFO [0;39m] [] 21:16:46.108 [TestCaseId:] [Scenario:
                Sign Up with fake credentials] [36mo.a.q.c.g.s.w.WrappedWebdriver[0;39m - Find_Element Execution_Time(ms):; 6; Page_URL:; http://localhost:8081/#!/login;
[[39mDEBUG[0;39m] [] 21:16:46.129 [TestCaseId:] [Scenario:
                Sign Up with fake credentials] [36mo.a.q.c.g.s.w.WrappedWebdriver[0;39m - Finding element by: By.name: login 
[[34mINFO [0;39m] [] 21:16:46.149 [TestCaseId:] [Scenario:
                Sign Up with fake credentials] [36mo.a.q.c.g.s.w.WrappedWebdriver[0;39m - Find_Element Execution_Time(ms):; 10; Page_URL:; http://localhost:8081/#!/login;
[[39mDEBUG[0;39m] [] 21:16:46.170 [TestCaseId:] [Scenario:
                Sign Up with fake credentials] [36mo.a.q.c.g.s.w.WrappedWebdriver[0;39m - Finding element by: By.name: login 
[[34mINFO [0;39m] [] 21:16:46.175 [TestCaseId:] [Scenario:
                Sign Up with fake credentials] [36mo.a.q.c.g.s.w.WrappedWebdriver[0;39m - Find_Element Execution_Time(ms):; 1; Page_URL:; http://localhost:8081/#!/login;
[[34mINFO [0;39m] [] 21:16:46.228 [TestCaseId:] [Scenario:
                Sign Up with fake credentials] [36mo.a.q.c.g.s.w.WebdriverHelper[0;39m - Wait_For_Page_Update Execution_Time(ms):; 6; Page_URL:; http://localhost:8081/#!/login;
[[34mINFO [0;39m] [] 21:16:46.232 [TestCaseId:] [Scenario:
                Sign Up with fake credentials] [36mo.a.q.c.g.s.w.WebdriverHelper[0;39m - Send_Keys Execution_Time(ms):; 139; Page_URL:; http://localhost:8081/#!/login;
[[34mINFO [0;39m] [] 21:16:46.239 [TestCaseId:] [Scenario:
                Sign Up with fake credentials] [36mo.a.q.c.g.s.w.WebdriverHelper[0;39m - Wait_For_Page_Update Execution_Time(ms):; 4; Page_URL:; http://localhost:8081/#!/login;
[[39mDEBUG[0;39m] [] 21:16:46.239 [TestCaseId:] [Scenario:
                Sign Up with fake credentials] [36mo.a.q.c.g.s.w.WrappedWebdriver[0;39m - Finding element by: By.name: password 
[[34mINFO [0;39m] [] 21:16:46.251 [TestCaseId:] [Scenario:
                Sign Up with fake credentials] [36mo.a.q.c.g.s.w.WrappedWebdriver[0;39m - Find_Element Execution_Time(ms):; 7; Page_URL:; http://localhost:8081/#!/login;
[[39mDEBUG[0;39m] [] 21:16:46.264 [TestCaseId:] [Scenario:
                Sign Up with fake credentials] [36mo.a.q.c.g.s.w.WrappedWebdriver[0;39m - Finding element by: By.name: password 
[[34mINFO [0;39m] [] 21:16:46.300 [TestCaseId:] [Scenario:
                Sign Up with fake credentials] [36mo.a.q.c.g.s.w.WrappedWebdriver[0;39m - Find_Element Execution_Time(ms):; 26; Page_URL:; http://localhost:8081/#!/login;
[[39mDEBUG[0;39m] [] 21:16:46.311 [TestCaseId:] [Scenario:
                Sign Up with fake credentials] [36mo.a.q.c.g.s.w.WrappedWebdriver[0;39m - Finding element by: By.name: password 
[[34mINFO [0;39m] [] 21:16:46.322 [TestCaseId:] [Scenario:
                Sign Up with fake credentials] [36mo.a.q.c.g.s.w.WrappedWebdriver[0;39m - Find_Element Execution_Time(ms):; 8; Page_URL:; http://localhost:8081/#!/login;
[[34mINFO [0;39m] [] 21:16:46.367 [TestCaseId:] [Scenario:
                Sign Up with fake credentials] [36mo.a.q.c.g.s.w.WebdriverHelper[0;39m - Wait_For_Page_Update Execution_Time(ms):; 5; Page_URL:; http://localhost:8081/#!/login;
[[34mINFO [0;39m] [] 21:16:46.370 [TestCaseId:] [Scenario:
                Sign Up with fake credentials] [36mo.a.q.c.g.s.w.WebdriverHelper[0;39m - Send_Keys Execution_Time(ms):; 135; Page_URL:; http://localhost:8081/#!/login;
[[34mINFO [0;39m] [] 21:16:46.379 [TestCaseId:] [Scenario:
                Sign Up with fake credentials] [36mo.a.q.c.g.s.w.WebdriverHelper[0;39m - Wait_For_Page_Update Execution_Time(ms):; 5; Page_URL:; http://localhost:8081/#!/login;
[[39mDEBUG[0;39m] [] 21:16:46.379 [TestCaseId:] [Scenario:
                Sign Up with fake credentials] [36mo.a.q.c.g.s.w.WrappedWebdriver[0;39m - Finding element by: By.className: login-button 
[[34mINFO [0;39m] [] 21:16:46.408 [TestCaseId:] [Scenario:
                Sign Up with fake credentials] [36mo.a.q.c.g.s.w.WrappedWebdriver[0;39m - Find_Element Execution_Time(ms):; 7; Page_URL:; http://localhost:8081/#!/login;
[[39mDEBUG[0;39m] [] 21:16:46.428 [TestCaseId:] [Scenario:
                Sign Up with fake credentials] [36mo.a.q.c.g.s.w.WrappedWebdriver[0;39m - Finding element by: By.className: login-button 
[[34mINFO [0;39m] [] 21:16:46.448 [TestCaseId:] [Scenario:
                Sign Up with fake credentials] [36mo.a.q.c.g.s.w.WrappedWebdriver[0;39m - Find_Element Execution_Time(ms):; 10; Page_URL:; http://localhost:8081/#!/login;
[[34mINFO [0;39m] [] 21:16:46.478 [TestCaseId:] [Scenario:
                Sign Up with fake credentials] [36mo.a.q.c.g.s.w.WebdriverHelper[0;39m - Wait_For_Element_To_Be_Clickable Execution_Time(ms):; 79; Page_URL:; http://localhost:8081/#!/login;
[[39mDEBUG[0;39m] [] 21:16:46.478 [TestCaseId:] [Scenario:
                Sign Up with fake credentials] [36mo.a.q.c.g.s.w.WrappedWebdriver[0;39m - Finding element by: By.className: login-button 
[[34mINFO [0;39m] [] 21:16:46.498 [TestCaseId:] [Scenario:
                Sign Up with fake credentials] [36mo.a.q.c.g.s.w.WrappedWebdriver[0;39m - Find_Element Execution_Time(ms):; 10; Page_URL:; http://localhost:8081/#!/login;
[[34mINFO [0;39m] [] 21:16:46.562 [TestCaseId:] [Scenario:
                Sign Up with fake credentials] [36mo.a.q.c.g.s.w.WebdriverHelper[0;39m - Wait_For_Page_Update Execution_Time(ms):; 18; Page_URL:; http://localhost:8081/#!/login;
[[34mINFO [0;39m] [] 21:16:46.569 [TestCaseId:] [Scenario:
                Sign Up with fake credentials] [36mo.a.q.c.g.s.w.WebdriverHelper[0;39m - Click Execution_Time(ms):; 193; Page_URL:; http://localhost:8081/#!/login;
[[39mDEBUG[0;39m] [] 21:16:46.569 [TestCaseId:] [Scenario:
                Sign Up with fake credentials] [36mo.a.q.c.g.s.a.p.AllureAttachmentsProvider[0;39m - Attach screenshot to the Allure report
[[34mINFO [0;39m] [] 21:16:46.986 [TestCaseId:] [Scenario:
                Sign Up with fake credentials] [36mo.a.q.c.g.s.p.LoginPageObject[0;39m - Submit SignIn form
[[34mINFO [0;39m] [] 21:16:47.016 [TestCaseId:] [Scenario:
                Sign Up with fake credentials] [36mo.a.q.c.g.s.w.WebdriverHelper[0;39m - Wait_For_Page_Update Execution_Time(ms):; 20; Page_URL:; http://localhost:8081/#!/login;
[[39mDEBUG[0;39m] [] 21:16:47.016 [TestCaseId:] [Scenario:
                Sign Up with fake credentials] [36mo.a.q.c.g.s.w.WrappedWebdriver[0;39m - Finding element by: By.className: login-button 
[[34mINFO [0;39m] [] 21:16:47.046 [TestCaseId:] [Scenario:
                Sign Up with fake credentials] [36mo.a.q.c.g.s.w.WrappedWebdriver[0;39m - Find_Element Execution_Time(ms):; 20; Page_URL:; http://localhost:8081/#!/login;
[[39mDEBUG[0;39m] [] 21:16:47.066 [TestCaseId:] [Scenario:
                Sign Up with fake credentials] [36mo.a.q.c.g.s.w.WrappedWebdriver[0;39m - Finding element by: By.className: login-button 
[[34mINFO [0;39m] [] 21:16:47.096 [TestCaseId:] [Scenario:
                Sign Up with fake credentials] [36mo.a.q.c.g.s.w.WrappedWebdriver[0;39m - Find_Element Execution_Time(ms):; 20; Page_URL:; http://localhost:8081/#!/login;
[[34mINFO [0;39m] [] 21:16:47.126 [TestCaseId:] [Scenario:
                Sign Up with fake credentials] [36mo.a.q.c.g.s.w.WebdriverHelper[0;39m - Wait_For_Element_To_Be_Clickable Execution_Time(ms):; 100; Page_URL:; http://localhost:8081/#!/login;
[[39mDEBUG[0;39m] [] 21:16:47.126 [TestCaseId:] [Scenario:
                Sign Up with fake credentials] [36mo.a.q.c.g.s.w.WrappedWebdriver[0;39m - Finding element by: By.className: login-button 
[[34mINFO [0;39m] [] 21:16:47.156 [TestCaseId:] [Scenario:
                Sign Up with fake credentials] [36mo.a.q.c.g.s.w.WrappedWebdriver[0;39m - Find_Element Execution_Time(ms):; 20; Page_URL:; http://localhost:8081/#!/login;
[[39mDEBUG[0;39m] [] 21:16:47.176 [TestCaseId:] [Scenario:
                Sign Up with fake credentials] [36mo.a.q.c.g.s.a.p.AllureAttachmentsProvider[0;39m - Attach screenshot to the Allure report
[[34mINFO [0;39m] [] 21:16:47.506 [TestCaseId:] [Scenario:
                Sign Up with fake credentials] [36mo.a.q.c.g.s.w.WebdriverHelper[0;39m - Click Execution_Time(ms):; 510; Page_URL:; http://localhost:8081/#!/login;
[[39mDEBUG[0;39m] [] 21:16:47.506 [TestCaseId:] [Scenario:
                Sign Up with fake credentials] [36mo.a.q.c.g.s.a.p.AllureAttachmentsProvider[0;39m - Attach screenshot to the Allure report
[[39mDEBUG[0;39m] [] 21:16:47.853 [TestCaseId:] [Scenario:
                Sign Up with fake credentials] [36mo.a.q.c.g.s.w.WrappedWebdriver[0;39m - Finding elements by: By.cssSelector: .modal-content
[[34mINFO [0;39m] [] 21:16:47.883 [TestCaseId:] [Scenario:
                Sign Up with fake credentials] [36mo.a.q.c.g.s.w.WrappedWebdriver[0;39m - Find_Elements Execution_Time(ms):; 20; Page_URL:; http://localhost:8081/#!/login;
[[34mINFO [0;39m] [] 21:16:47.913 [TestCaseId:] [Scenario:
                Sign Up with fake credentials] [36mo.a.q.c.g.s.w.WebdriverHelper[0;39m - Wait_For_Page_Update Execution_Time(ms):; 20; Page_URL:; http://localhost:8081/#!/login;
[[39mDEBUG[0;39m] [] 21:16:47.913 [TestCaseId:] [Scenario:
                Sign Up with fake credentials] [36mo.a.q.c.g.s.w.WrappedWebdriver[0;39m - Finding element by: By.cssSelector: .modal-content .modal-title 
[[34mINFO [0;39m] [] 21:16:47.953 [TestCaseId:] [Scenario:
                Sign Up with fake credentials] [36mo.a.q.c.g.s.w.WrappedWebdriver[0;39m - Find_Element Execution_Time(ms):; 30; Page_URL:; http://localhost:8081/#!/login;
[[39mDEBUG[0;39m] [] 21:16:47.973 [TestCaseId:] [Scenario:
                Sign Up with fake credentials] [36mo.a.q.c.g.s.w.WrappedWebdriver[0;39m - Finding element by: By.cssSelector: .modal-content .modal-title 
[[34mINFO [0;39m] [] 21:16:47.993 [TestCaseId:] [Scenario:
                Sign Up with fake credentials] [36mo.a.q.c.g.s.w.WrappedWebdriver[0;39m - Find_Element Execution_Time(ms):; 10; Page_URL:; http://localhost:8081/#!/login;
[[34mINFO [0;39m] [] 21:16:48.043 [TestCaseId:] [Scenario:
                Sign Up with fake credentials] [36mo.a.q.c.g.s.w.WebdriverHelper[0;39m - Wait_For_Page_Update Execution_Time(ms):; 20; Page_URL:; http://localhost:8081/#!/login;
[[34mINFO [0;39m] [] 21:16:48.053 [TestCaseId:] [Scenario:
                Sign Up with fake credentials] [36mo.a.q.c.g.s.w.WebdriverHelper[0;39m - get_Text Execution_Time(ms):; 160; Page_URL:; http://localhost:8081/#!/login;
[[34mINFO [0;39m] [] 21:16:48.083 [TestCaseId:] [Scenario:
                Sign Up with fake credentials] [36mo.a.q.c.g.s.w.WebdriverHelper[0;39m - Wait_For_Page_Update Execution_Time(ms):; 20; Page_URL:; http://localhost:8081/#!/login;
[[39mDEBUG[0;39m] [] 21:16:48.083 [TestCaseId:] [Scenario:
                Sign Up with fake credentials] [36mo.a.q.c.g.s.w.WrappedWebdriver[0;39m - Finding element by: By.cssSelector: .modal-content .modal-title 
[[34mINFO [0;39m] [] 21:16:48.103 [TestCaseId:] [Scenario:
                Sign Up with fake credentials] [36mo.a.q.c.g.s.w.WrappedWebdriver[0;39m - Find_Element Execution_Time(ms):; 10; Page_URL:; http://localhost:8081/#!/login;
[[39mDEBUG[0;39m] [] 21:16:48.123 [TestCaseId:] [Scenario:
                Sign Up with fake credentials] [36mo.a.q.c.g.s.w.WrappedWebdriver[0;39m - Finding element by: By.cssSelector: .modal-content .modal-title 
[[34mINFO [0;39m] [] 21:16:48.153 [TestCaseId:] [Scenario:
                Sign Up with fake credentials] [36mo.a.q.c.g.s.w.WrappedWebdriver[0;39m - Find_Element Execution_Time(ms):; 20; Page_URL:; http://localhost:8081/#!/login;
[[34mINFO [0;39m] [] 21:16:48.213 [TestCaseId:] [Scenario:
                Sign Up with fake credentials] [36mo.a.q.c.g.s.w.WebdriverHelper[0;39m - Wait_For_Page_Update Execution_Time(ms):; 30; Page_URL:; http://localhost:8081/#!/login;
[[34mINFO [0;39m] [] 21:16:48.224 [TestCaseId:] [Scenario:
                Sign Up with fake credentials] [36mo.a.q.c.g.s.w.WebdriverHelper[0;39m - get_Text Execution_Time(ms):; 160; Page_URL:; http://localhost:8081/#!/login;
[[39mDEBUG[0;39m] [] 21:16:48.277 [TestCaseId:] [Scenario:
                Sign Up with fake credentials] [36mo.a.q.c.g.s.w.WrappedWebdriver[0;39m - Finding element by: By.cssSelector: .modal-content .modal-body 
[[34mINFO [0;39m] [] 21:16:48.317 [TestCaseId:] [Scenario:
                Sign Up with fake credentials] [36mo.a.q.c.g.s.w.WrappedWebdriver[0;39m - Find_Element Execution_Time(ms):; 30; Page_URL:; http://localhost:8081/#!/login;
[[39mDEBUG[0;39m] [] 21:16:48.317 [TestCaseId:] [Scenario:
                Sign Up with fake credentials] [36mo.a.q.c.g.s.w.WrappedWebdriver[0;39m - Finding element by: By.cssSelector: .modal-content .modal-title 
[[34mINFO [0;39m] [] 21:16:48.347 [TestCaseId:] [Scenario:
                Sign Up with fake credentials] [36mo.a.q.c.g.s.w.WrappedWebdriver[0;39m - Find_Element Execution_Time(ms):; 20; Page_URL:; http://localhost:8081/#!/login;
[[39mDEBUG[0;39m] [] 21:16:48.347 [TestCaseId:] [Scenario:
                Sign Up with fake credentials] [36mo.a.q.c.g.s.w.WrappedWebdriver[0;39m - Finding element by: By.cssSelector: .modal-content .modal-title .close-modal 
[[34mINFO [0;39m] [] 21:16:48.377 [TestCaseId:] [Scenario:
                Sign Up with fake credentials] [36mo.a.q.c.g.s.w.WrappedWebdriver[0;39m - Find_Element Execution_Time(ms):; 20; Page_URL:; http://localhost:8081/#!/login;
[[39mDEBUG[0;39m] [] 21:16:48.377 [TestCaseId:] [Scenario:
                Sign Up with fake credentials] [36mo.a.q.c.g.s.w.WrappedWebdriver[0;39m - Finding element by: By.cssSelector: .modal-content .modal-body 
[[34mINFO [0;39m] [] 21:16:48.397 [TestCaseId:] [Scenario:
                Sign Up with fake credentials] [36mo.a.q.c.g.s.w.WrappedWebdriver[0;39m - Find_Element Execution_Time(ms):; 10; Page_URL:; http://localhost:8081/#!/login;
[[39mDEBUG[0;39m] [] 21:16:48.397 [TestCaseId:] [Scenario:
                Sign Up with fake credentials] [36mo.a.q.c.g.s.w.WrappedWebdriver[0;39m - Finding element by: By.cssSelector: .modal-content .modal-footer .ok 
[[34mINFO [0;39m] [] 21:16:48.427 [TestCaseId:] [Scenario:
                Sign Up with fake credentials] [36mo.a.q.c.g.s.w.WrappedWebdriver[0;39m - Find_Element Execution_Time(ms):; 20; Page_URL:; http://localhost:8081/#!/login;
[[34mINFO [0;39m] [] 21:16:59.649 [TestCaseId:] [Scenario:
                Sign Up with fake credentials] [36mo.a.q.c.g.s.w.WebdriverHelper[0;39m - Wait_For_Page_Update Execution_Time(ms):; 40; Page_URL:; http://localhost:8081/#!/login;
[[39mDEBUG[0;39m] [] 21:16:59.649 [TestCaseId:] [Scenario:
                Sign Up with fake credentials] [36mo.a.q.c.g.s.w.WrappedWebdriver[0;39m - Finding element by: By.cssSelector: .modal-content .modal-body 
[[34mINFO [0;39m] [] 21:16:59.679 [TestCaseId:] [Scenario:
                Sign Up with fake credentials] [36mo.a.q.c.g.s.w.WrappedWebdriver[0;39m - Find_Element Execution_Time(ms):; 20; Page_URL:; http://localhost:8081/#!/login;
[[39mDEBUG[0;39m] [] 21:16:59.709 [TestCaseId:] [Scenario:
                Sign Up with fake credentials] [36mo.a.q.c.g.s.w.WrappedWebdriver[0;39m - Finding element by: By.cssSelector: .modal-content .modal-body 
[[34mINFO [0;39m] [] 21:16:59.739 [TestCaseId:] [Scenario:
                Sign Up with fake credentials] [36mo.a.q.c.g.s.w.WrappedWebdriver[0;39m - Find_Element Execution_Time(ms):; 20; Page_URL:; http://localhost:8081/#!/login;
[[34mINFO [0;39m] [] 21:16:59.799 [TestCaseId:] [Scenario:
                Sign Up with fake credentials] [36mo.a.q.c.g.s.w.WebdriverHelper[0;39m - Wait_For_Page_Update Execution_Time(ms):; 20; Page_URL:; http://localhost:8081/#!/login;
[[34mINFO [0;39m] [] 21:16:59.809 [TestCaseId:] [Scenario:
                Sign Up with fake credentials] [36mo.a.q.c.g.s.w.WebdriverHelper[0;39m - get_Text Execution_Time(ms):; 210; Page_URL:; http://localhost:8081/#!/login;
[[39mDEBUG[0;39m] [] 21:16:59.839 [TestCaseId:] [Scenario:
                Sign Up with fake credentials] [36mo.a.q.c.g.s.w.WrappedWebdriver[0;39m - Finding element by: By.cssSelector: .modal-content .modal-body 
[[34mINFO [0;39m] [] 21:16:59.869 [TestCaseId:] [Scenario:
                Sign Up with fake credentials] [36mo.a.q.c.g.s.w.WrappedWebdriver[0;39m - Find_Element Execution_Time(ms):; 20; Page_URL:; http://localhost:8081/#!/login;
[[39mDEBUG[0;39m] [] 21:16:59.879 [TestCaseId:] [Scenario:
                Sign Up with fake credentials] [36mo.a.q.c.g.s.w.WrappedWebdriver[0;39m - Finding element by: By.cssSelector: .modal-content .modal-title 
[[34mINFO [0;39m] [] 21:16:59.909 [TestCaseId:] [Scenario:
                Sign Up with fake credentials] [36mo.a.q.c.g.s.w.WrappedWebdriver[0;39m - Find_Element Execution_Time(ms):; 20; Page_URL:; http://localhost:8081/#!/login;
[[39mDEBUG[0;39m] [] 21:16:59.909 [TestCaseId:] [Scenario:
                Sign Up with fake credentials] [36mo.a.q.c.g.s.w.WrappedWebdriver[0;39m - Finding element by: By.cssSelector: .modal-content .modal-title .close-modal 
[[34mINFO [0;39m] [] 21:16:59.939 [TestCaseId:] [Scenario:
                Sign Up with fake credentials] [36mo.a.q.c.g.s.w.WrappedWebdriver[0;39m - Find_Element Execution_Time(ms):; 20; Page_URL:; http://localhost:8081/#!/login;
[[39mDEBUG[0;39m] [] 21:16:59.939 [TestCaseId:] [Scenario:
                Sign Up with fake credentials] [36mo.a.q.c.g.s.w.WrappedWebdriver[0;39m - Finding element by: By.cssSelector: .modal-content .modal-body 
[[34mINFO [0;39m] [] 21:16:59.969 [TestCaseId:] [Scenario:
                Sign Up with fake credentials] [36mo.a.q.c.g.s.w.WrappedWebdriver[0;39m - Find_Element Execution_Time(ms):; 20; Page_URL:; http://localhost:8081/#!/login;
[[39mDEBUG[0;39m] [] 21:16:59.969 [TestCaseId:] [Scenario:
                Sign Up with fake credentials] [36mo.a.q.c.g.s.w.WrappedWebdriver[0;39m - Finding element by: By.cssSelector: .modal-content .modal-footer .ok 
[[34mINFO [0;39m] [] 21:16:59.999 [TestCaseId:] [Scenario:
                Sign Up with fake credentials] [36mo.a.q.c.g.s.w.WrappedWebdriver[0;39m - Find_Element Execution_Time(ms):; 20; Page_URL:; http://localhost:8081/#!/login;
[[34mINFO [0;39m] [] 21:17:00.613 [TestCaseId:] [Scenario:
                Sign Up with fake credentials] [36mo.a.q.c.g.s.w.WebdriverHelper[0;39m - Wait_For_Page_Update Execution_Time(ms):; 30; Page_URL:; http://localhost:8081/#!/login;
[[39mDEBUG[0;39m] [] 21:17:00.613 [TestCaseId:] [Scenario:
                Sign Up with fake credentials] [36mo.a.q.c.g.s.w.WrappedWebdriver[0;39m - Finding element by: By.cssSelector: .modal-content .modal-body 
[[34mINFO [0;39m] [] 21:17:00.663 [TestCaseId:] [Scenario:
                Sign Up with fake credentials] [36mo.a.q.c.g.s.w.WrappedWebdriver[0;39m - Find_Element Execution_Time(ms):; 30; Page_URL:; http://localhost:8081/#!/login;
[[39mDEBUG[0;39m] [] 21:17:00.693 [TestCaseId:] [Scenario:
                Sign Up with fake credentials] [36mo.a.q.c.g.s.w.WrappedWebdriver[0;39m - Finding element by: By.cssSelector: .modal-content .modal-body 
[[34mINFO [0;39m] [] 21:17:00.753 [TestCaseId:] [Scenario:
                Sign Up with fake credentials] [36mo.a.q.c.g.s.w.WrappedWebdriver[0;39m - Find_Element Execution_Time(ms):; 50; Page_URL:; http://localhost:8081/#!/login;
[[34mINFO [0;39m] [] 21:17:00.803 [TestCaseId:] [Scenario:
                Sign Up with fake credentials] [36mo.a.q.c.g.s.w.WebdriverHelper[0;39m - Wait_For_Page_Update Execution_Time(ms):; 20; Page_URL:; http://localhost:8081/#!/login;
[[34mINFO [0;39m] [] 21:17:00.813 [TestCaseId:] [Scenario:
                Sign Up with fake credentials] [36mo.a.q.c.g.s.w.WebdriverHelper[0;39m - get_Text Execution_Time(ms):; 240; Page_URL:; http://localhost:8081/#!/login;
[[34mINFO [0;39m] [] 21:17:00.813 [TestCaseId:] [Scenario:
                Sign Up with fake credentials] [36mo.a.q.c.g.s.c.ModalWindow[0;39m - Close modal window by Ok button
[[34mINFO [0;39m] [] 21:17:00.843 [TestCaseId:] [Scenario:
                Sign Up with fake credentials] [36mo.a.q.c.g.s.w.WebdriverHelper[0;39m - Wait_For_Page_Update Execution_Time(ms):; 20; Page_URL:; http://localhost:8081/#!/login;
[[39mDEBUG[0;39m] [] 21:17:00.843 [TestCaseId:] [Scenario:
                Sign Up with fake credentials] [36mo.a.q.c.g.s.w.WrappedWebdriver[0;39m - Finding element by: By.cssSelector: .modal-content .modal-footer .ok 
[[34mINFO [0;39m] [] 21:17:00.873 [TestCaseId:] [Scenario:
                Sign Up with fake credentials] [36mo.a.q.c.g.s.w.WrappedWebdriver[0;39m - Find_Element Execution_Time(ms):; 10; Page_URL:; http://localhost:8081/#!/login;
[[39mDEBUG[0;39m] [] 21:17:00.893 [TestCaseId:] [Scenario:
                Sign Up with fake credentials] [36mo.a.q.c.g.s.w.WrappedWebdriver[0;39m - Finding element by: By.cssSelector: .modal-content .modal-footer .ok 
[[34mINFO [0;39m] [] 21:17:00.913 [TestCaseId:] [Scenario:
                Sign Up with fake credentials] [36mo.a.q.c.g.s.w.WrappedWebdriver[0;39m - Find_Element Execution_Time(ms):; 10; Page_URL:; http://localhost:8081/#!/login;
[[34mINFO [0;39m] [] 21:17:00.943 [TestCaseId:] [Scenario:
                Sign Up with fake credentials] [36mo.a.q.c.g.s.w.WebdriverHelper[0;39m - Wait_For_Element_To_Be_Clickable Execution_Time(ms):; 90; Page_URL:; http://localhost:8081/#!/login;
[[39mDEBUG[0;39m] [] 21:17:00.943 [TestCaseId:] [Scenario:
                Sign Up with fake credentials] [36mo.a.q.c.g.s.w.WrappedWebdriver[0;39m - Finding element by: By.cssSelector: .modal-content .modal-footer .ok 
[[34mINFO [0;39m] [] 21:17:00.973 [TestCaseId:] [Scenario:
                Sign Up with fake credentials] [36mo.a.q.c.g.s.w.WrappedWebdriver[0;39m - Find_Element Execution_Time(ms):; 10; Page_URL:; http://localhost:8081/#!/login;
[[34mINFO [0;39m] [] 21:17:01.038 [TestCaseId:] [Scenario:
                Sign Up with fake credentials] [36mo.a.q.c.g.s.w.WebdriverHelper[0;39m - Wait_For_Page_Update Execution_Time(ms):; 7; Page_URL:; http://localhost:8081/#!/login;
[[34mINFO [0;39m] [] 21:17:01.043 [TestCaseId:] [Scenario:
                Sign Up with fake credentials] [36mo.a.q.c.g.s.w.WebdriverHelper[0;39m - Click Execution_Time(ms):; 226; Page_URL:; http://localhost:8081/#!/login;
[[39mDEBUG[0;39m] [] 21:17:01.043 [TestCaseId:] [Scenario:
                Sign Up with fake credentials] [36mo.a.q.c.g.s.a.p.AllureAttachmentsProvider[0;39m - Attach screenshot to the Allure report
[[39mDEBUG[0;39m] [] 21:17:01.546 [TestCaseId:] [Scenario:
                Sign Up with fake credentials] [36mo.a.q.c.g.s.w.WrappedWebdriver[0;39m - Finding elements by: By.className: error-message
[[34mINFO [0;39m] [] 21:17:01.576 [TestCaseId:] [Scenario:
                Sign Up with fake credentials] [36mo.a.q.c.g.s.w.WrappedWebdriver[0;39m - Find_Elements Execution_Time(ms):; 20; Page_URL:; http://localhost:8081/#!/login;
[[39mDEBUG[0;39m] [] 21:17:01.586 [TestCaseId:] [Scenario:
                Sign Up with fake credentials] [36mo.a.q.c.g.s.w.WrappedWebdriver[0;39m - Finding element by: By.className: error-message 
[[34mINFO [0;39m] [] 21:17:01.616 [TestCaseId:] [Scenario:
                Sign Up with fake credentials] [36mo.a.q.c.g.s.w.WrappedWebdriver[0;39m - Find_Element Execution_Time(ms):; 20; Page_URL:; http://localhost:8081/#!/login;
[[34mINFO [0;39m] [] 21:17:01.676 [TestCaseId:] [Scenario:
                Sign Up with fake credentials] [36mo.a.q.c.g.s.w.WebdriverHelper[0;39m - Wait_For_Page_Update Execution_Time(ms):; 20; Page_URL:; http://localhost:8081/#!/login;
[[39mDEBUG[0;39m] [] 21:17:01.676 [TestCaseId:] [Scenario:
                Sign Up with fake credentials] [36mo.a.q.c.g.s.w.WrappedWebdriver[0;39m - Finding element by: By.className: error-message 
[[34mINFO [0;39m] [] 21:17:01.707 [TestCaseId:] [Scenario:
                Sign Up with fake credentials] [36mo.a.q.c.g.s.w.WrappedWebdriver[0;39m - Find_Element Execution_Time(ms):; 11; Page_URL:; http://localhost:8081/#!/login;
[[39mDEBUG[0;39m] [] 21:17:01.727 [TestCaseId:] [Scenario:
                Sign Up with fake credentials] [36mo.a.q.c.g.s.w.WrappedWebdriver[0;39m - Finding element by: By.className: error-message 
[[34mINFO [0;39m] [] 21:17:01.757 [TestCaseId:] [Scenario:
                Sign Up with fake credentials] [36mo.a.q.c.g.s.w.WrappedWebdriver[0;39m - Find_Element Execution_Time(ms):; 20; Page_URL:; http://localhost:8081/#!/login;
[[34mINFO [0;39m] [] 21:17:01.827 [TestCaseId:] [Scenario:
                Sign Up with fake credentials] [36mo.a.q.c.g.s.w.WebdriverHelper[0;39m - Wait_For_Page_Update Execution_Time(ms):; 20; Page_URL:; http://localhost:8081/#!/login;
[[34mINFO [0;39m] [] 21:17:01.837 [TestCaseId:] [Scenario:
                Sign Up with fake credentials] [36mo.a.q.c.g.s.w.WebdriverHelper[0;39m - get_Text Execution_Time(ms):; 181; Page_URL:; http://localhost:8081/#!/login;
[[34mINFO [0;39m] [] 21:17:01.867 [TestCaseId:] [Scenario:
                Sign Up with fake credentials] [36mo.a.q.c.g.s.w.WebdriverHelper[0;39m - Wait_For_Page_Update Execution_Time(ms):; 20; Page_URL:; http://localhost:8081/#!/login;
[[39mDEBUG[0;39m] [] 21:17:01.867 [TestCaseId:] [Scenario:
                Sign Up with fake credentials] [36mo.a.q.c.g.s.w.WrappedWebdriver[0;39m - Finding element by: By.className: error-message 
[[34mINFO [0;39m] [] 21:17:01.897 [TestCaseId:] [Scenario:
                Sign Up with fake credentials] [36mo.a.q.c.g.s.w.WrappedWebdriver[0;39m - Find_Element Execution_Time(ms):; 20; Page_URL:; http://localhost:8081/#!/login;
[[39mDEBUG[0;39m] [] 21:17:01.917 [TestCaseId:] [Scenario:
                Sign Up with fake credentials] [36mo.a.q.c.g.s.w.WrappedWebdriver[0;39m - Finding element by: By.className: error-message 
[[34mINFO [0;39m] [] 21:17:01.947 [TestCaseId:] [Scenario:
                Sign Up with fake credentials] [36mo.a.q.c.g.s.w.WrappedWebdriver[0;39m - Find_Element Execution_Time(ms):; 20; Page_URL:; http://localhost:8081/#!/login;
[[34mINFO [0;39m] [] 21:17:01.997 [TestCaseId:] [Scenario:
                Sign Up with fake credentials] [36mo.a.q.c.g.s.w.WebdriverHelper[0;39m - Wait_For_Page_Update Execution_Time(ms):; 20; Page_URL:; http://localhost:8081/#!/login;
[[34mINFO [0;39m] [] 21:17:02.007 [TestCaseId:] [Scenario:
                Sign Up with fake credentials] [36mo.a.q.c.g.s.w.WebdriverHelper[0;39m - get_Text Execution_Time(ms):; 160; Page_URL:; http://localhost:8081/#!/login;
[[39mDEBUG[0;39m] [] 21:17:02.730 [TestCaseId:] [Scenario:
                ] [36mo.a.q.c.g.s.w.WrappedWebdriver[0;39m - Driver quit
[[34mINFO [0;39m] [] 21:17:03.763 [TestCaseId:] [Scenario:
                ] [36mo.a.q.c.g.s.w.WrappedWebdriver[0;39m - Driver_Quit Execution_Time(ms):; 1033; Page_URL:; ;
