[[34mINFO [0;39m] [] 12:16:14.063 [TestCaseId:] [Scenario:
                Check availability of inputs when creating a new project on Dashboard page] [36mo.a.q.c.s.p.LoginPageObject[0;39m - Open login page
[[39mDEBUG[0;39m] [] 12:16:14.073 [TestCaseId:] [Scenario:
                Check availability of inputs when creating a new project on Dashboard page] [36mo.a.q.c.s.w.WrappedWebdriver[0;39m - Opening url: http://localhost:8081/#!/login
[[39mDEBUG[0;39m] [] 12:16:15.181 [TestCaseId:] [Scenario:
                Check availability of inputs when creating a new project on Dashboard page] [36mo.a.q.c.s.a.p.AllureAttachmentsProvider[0;39m - Attach screenshot to the Allure report
[[34mINFO [0;39m] [] 12:16:15.721 [TestCaseId:] [Scenario:
                Check availability of inputs when creating a new project on Dashboard page] [36mo.a.q.c.s.w.WrappedWebdriver[0;39m - Open_Page Execution_Time(ms):; 1648; Page_URL:; http://localhost:8081/#!/login;
[[34mINFO [0;39m] [] 12:16:15.721 [TestCaseId:] [Scenario:
                Check availability of inputs when creating a new project on Dashboard page] [36mo.a.q.c.s.p.LoginPageObject[0;39m - Set login as admin in SingIn form
[[34mINFO [0;39m] [] 12:16:15.771 [TestCaseId:] [Scenario:
                Check availability of inputs when creating a new project on Dashboard page] [36mo.a.q.c.s.w.WebdriverHelper[0;39m - Wait_For_Page_Update Execution_Time(ms):; 20; Page_URL:; http://localhost:8081/#!/login;
[[39mDEBUG[0;39m] [] 12:16:15.771 [TestCaseId:] [Scenario:
                Check availability of inputs when creating a new project on Dashboard page] [36mo.a.q.c.s.w.WrappedWebdriver[0;39m - Finding element by: By.name: login 
[[34mINFO [0;39m] [] 12:16:15.792 [TestCaseId:] [Scenario:
                Check availability of inputs when creating a new project on Dashboard page] [36mo.a.q.c.s.w.WrappedWebdriver[0;39m - Find_Element Execution_Time(ms):; 20; Page_URL:; http://localhost:8081/#!/login;
[[39mDEBUG[0;39m] [] 12:16:15.822 [TestCaseId:] [Scenario:
                Check availability of inputs when creating a new project on Dashboard page] [36mo.a.q.c.s.w.WrappedWebdriver[0;39m - Finding element by: By.name: login 
[[34mINFO [0;39m] [] 12:16:15.842 [TestCaseId:] [Scenario:
                Check availability of inputs when creating a new project on Dashboard page] [36mo.a.q.c.s.w.WrappedWebdriver[0;39m - Find_Element Execution_Time(ms):; 10; Page_URL:; http://localhost:8081/#!/login;
[[39mDEBUG[0;39m] [] 12:16:15.862 [TestCaseId:] [Scenario:
                Check availability of inputs when creating a new project on Dashboard page] [36mo.a.q.c.s.w.WrappedWebdriver[0;39m - Finding element by: By.name: login 
[[34mINFO [0;39m] [] 12:16:15.867 [TestCaseId:] [Scenario:
                Check availability of inputs when creating a new project on Dashboard page] [36mo.a.q.c.s.w.WrappedWebdriver[0;39m - Find_Element Execution_Time(ms):; 1; Page_URL:; http://localhost:8081/#!/login;
[[34mINFO [0;39m] [] 12:16:15.920 [TestCaseId:] [Scenario:
                Check availability of inputs when creating a new project on Dashboard page] [36mo.a.q.c.s.w.WebdriverHelper[0;39m - Wait_For_Page_Update Execution_Time(ms):; 6; Page_URL:; http://localhost:8081/#!/login;
[[34mINFO [0;39m] [] 12:16:15.924 [TestCaseId:] [Scenario:
                Check availability of inputs when creating a new project on Dashboard page] [36mo.a.q.c.s.w.WebdriverHelper[0;39m - Send_Keys Execution_Time(ms):; 179; Page_URL:; http://localhost:8081/#!/login;
[[34mINFO [0;39m] [] 12:16:15.933 [TestCaseId:] [Scenario:
                Check availability of inputs when creating a new project on Dashboard page] [36mo.a.q.c.s.w.WebdriverHelper[0;39m - Wait_For_Page_Update Execution_Time(ms):; 5; Page_URL:; http://localhost:8081/#!/login;
[[39mDEBUG[0;39m] [] 12:16:15.934 [TestCaseId:] [Scenario:
                Check availability of inputs when creating a new project on Dashboard page] [36mo.a.q.c.s.w.WrappedWebdriver[0;39m - Finding element by: By.name: password 
[[34mINFO [0;39m] [] 12:16:15.960 [TestCaseId:] [Scenario:
                Check availability of inputs when creating a new project on Dashboard page] [36mo.a.q.c.s.w.WrappedWebdriver[0;39m - Find_Element Execution_Time(ms):; 14; Page_URL:; http://localhost:8081/#!/login;
[[39mDEBUG[0;39m] [] 12:16:15.990 [TestCaseId:] [Scenario:
                Check availability of inputs when creating a new project on Dashboard page] [36mo.a.q.c.s.w.WrappedWebdriver[0;39m - Finding element by: By.name: password 
[[34mINFO [0;39m] [] 12:16:16.010 [TestCaseId:] [Scenario:
                Check availability of inputs when creating a new project on Dashboard page] [36mo.a.q.c.s.w.WrappedWebdriver[0;39m - Find_Element Execution_Time(ms):; 10; Page_URL:; http://localhost:8081/#!/login;
[[39mDEBUG[0;39m] [] 12:16:16.030 [TestCaseId:] [Scenario:
                Check availability of inputs when creating a new project on Dashboard page] [36mo.a.q.c.s.w.WrappedWebdriver[0;39m - Finding element by: By.name: password 
[[34mINFO [0;39m] [] 12:16:16.035 [TestCaseId:] [Scenario:
                Check availability of inputs when creating a new project on Dashboard page] [36mo.a.q.c.s.w.WrappedWebdriver[0;39m - Find_Element Execution_Time(ms):; 1; Page_URL:; http://localhost:8081/#!/login;
[[34mINFO [0;39m] [] 12:16:16.080 [TestCaseId:] [Scenario:
                Check availability of inputs when creating a new project on Dashboard page] [36mo.a.q.c.s.w.WebdriverHelper[0;39m - Wait_For_Page_Update Execution_Time(ms):; 5; Page_URL:; http://localhost:8081/#!/login;
[[34mINFO [0;39m] [] 12:16:16.085 [TestCaseId:] [Scenario:
                Check availability of inputs when creating a new project on Dashboard page] [36mo.a.q.c.s.w.WebdriverHelper[0;39m - Send_Keys Execution_Time(ms):; 155; Page_URL:; http://localhost:8081/#!/login;
[[34mINFO [0;39m] [] 12:16:16.098 [TestCaseId:] [Scenario:
                Check availability of inputs when creating a new project on Dashboard page] [36mo.a.q.c.s.w.WebdriverHelper[0;39m - Wait_For_Page_Update Execution_Time(ms):; 8; Page_URL:; http://localhost:8081/#!/login;
[[39mDEBUG[0;39m] [] 12:16:16.099 [TestCaseId:] [Scenario:
                Check availability of inputs when creating a new project on Dashboard page] [36mo.a.q.c.s.w.WrappedWebdriver[0;39m - Finding element by: By.className: login-button 
[[34mINFO [0;39m] [] 12:16:16.116 [TestCaseId:] [Scenario:
                Check availability of inputs when creating a new project on Dashboard page] [36mo.a.q.c.s.w.WrappedWebdriver[0;39m - Find_Element Execution_Time(ms):; 12; Page_URL:; http://localhost:8081/#!/login;
[[39mDEBUG[0;39m] [] 12:16:16.128 [TestCaseId:] [Scenario:
                Check availability of inputs when creating a new project on Dashboard page] [36mo.a.q.c.s.w.WrappedWebdriver[0;39m - Finding element by: By.className: login-button 
[[34mINFO [0;39m] [] 12:16:16.161 [TestCaseId:] [Scenario:
                Check availability of inputs when creating a new project on Dashboard page] [36mo.a.q.c.s.w.WrappedWebdriver[0;39m - Find_Element Execution_Time(ms):; 23; Page_URL:; http://localhost:8081/#!/login;
[[34mINFO [0;39m] [] 12:16:16.181 [TestCaseId:] [Scenario:
                Check availability of inputs when creating a new project on Dashboard page] [36mo.a.q.c.s.w.WebdriverHelper[0;39m - Wait_For_Element_To_Be_Clickable Execution_Time(ms):; 73; Page_URL:; http://localhost:8081/#!/login;
[[39mDEBUG[0;39m] [] 12:16:16.181 [TestCaseId:] [Scenario:
                Check availability of inputs when creating a new project on Dashboard page] [36mo.a.q.c.s.w.WrappedWebdriver[0;39m - Finding element by: By.className: login-button 
[[34mINFO [0;39m] [] 12:16:16.201 [TestCaseId:] [Scenario:
                Check availability of inputs when creating a new project on Dashboard page] [36mo.a.q.c.s.w.WrappedWebdriver[0;39m - Find_Element Execution_Time(ms):; 10; Page_URL:; http://localhost:8081/#!/login;
[[34mINFO [0;39m] [] 12:16:16.363 [TestCaseId:] [Scenario:
                Check availability of inputs when creating a new project on Dashboard page] [36mo.a.q.c.s.w.WebdriverHelper[0;39m - Wait_For_Page_Update Execution_Time(ms):; 115; Page_URL:; http://localhost:8081/#!/dashboard;
[[34mINFO [0;39m] [] 12:16:16.373 [TestCaseId:] [Scenario:
                Check availability of inputs when creating a new project on Dashboard page] [36mo.a.q.c.s.w.WebdriverHelper[0;39m - Click Execution_Time(ms):; 278; Page_URL:; http://localhost:8081/#!/dashboard;
[[39mDEBUG[0;39m] [] 12:16:16.373 [TestCaseId:] [Scenario:
                Check availability of inputs when creating a new project on Dashboard page] [36mo.a.q.c.s.a.p.AllureAttachmentsProvider[0;39m - Attach screenshot to the Allure report
[[34mINFO [0;39m] [] 12:16:16.858 [TestCaseId:] [Scenario:
                Check availability of inputs when creating a new project on Dashboard page] [36mo.a.q.c.s.p.LoginPageObject[0;39m - Submit SignIn form
[[34mINFO [0;39m] [] 12:16:16.888 [TestCaseId:] [Scenario:
                Check availability of inputs when creating a new project on Dashboard page] [36mo.a.q.c.s.w.WebdriverHelper[0;39m - Wait_For_Page_Update Execution_Time(ms):; 20; Page_URL:; http://localhost:8081/#!/dashboard;
[[39mDEBUG[0;39m] [] 12:16:16.888 [TestCaseId:] [Scenario:
                Check availability of inputs when creating a new project on Dashboard page] [36mo.a.q.c.s.w.WrappedWebdriver[0;39m - Finding element by: By.className: login-button 
[[34mINFO [0;39m] [] 12:16:16.928 [TestCaseId:] [Scenario:
                Check availability of inputs when creating a new project on Dashboard page] [36mo.a.q.c.s.w.WrappedWebdriver[0;39m - Find_Element Execution_Time(ms):; 30; Page_URL:; http://localhost:8081/#!/dashboard;
[[39mDEBUG[0;39m] [] 12:16:17.410 [TestCaseId:] [Scenario:
                Check availability of inputs when creating a new project on Dashboard page] [36mo.a.q.c.s.w.WrappedWebdriver[0;39m - Finding element by: By.className: login-button 
[[34mINFO [0;39m] [] 12:16:17.476 [TestCaseId:] [Scenario:
                Check availability of inputs when creating a new project on Dashboard page] [36mo.a.q.c.s.w.WrappedWebdriver[0;39m - Find_Element Execution_Time(ms):; 35; Page_URL:; http://localhost:8081/#!/dashboard;
[[39mDEBUG[0;39m] [] 12:16:17.984 [TestCaseId:] [Scenario:
                Check availability of inputs when creating a new project on Dashboard page] [36mo.a.q.c.s.w.WrappedWebdriver[0;39m - Finding element by: By.className: login-button 
[[34mINFO [0;39m] [] 12:16:18.034 [TestCaseId:] [Scenario:
                Check availability of inputs when creating a new project on Dashboard page] [36mo.a.q.c.s.w.WrappedWebdriver[0;39m - Find_Element Execution_Time(ms):; 30; Page_URL:; http://localhost:8081/#!/dashboard;
[[39mDEBUG[0;39m] [] 12:16:18.539 [TestCaseId:] [Scenario:
                Check availability of inputs when creating a new project on Dashboard page] [36mo.a.q.c.s.w.WrappedWebdriver[0;39m - Finding element by: By.className: login-button 
[[34mINFO [0;39m] [] 12:16:18.559 [TestCaseId:] [Scenario:
                Check availability of inputs when creating a new project on Dashboard page] [36mo.a.q.c.s.w.WrappedWebdriver[0;39m - Find_Element Execution_Time(ms):; 10; Page_URL:; http://localhost:8081/#!/dashboard;
[[39mDEBUG[0;39m] [] 12:16:19.058 [TestCaseId:] [Scenario:
                Check availability of inputs when creating a new project on Dashboard page] [36mo.a.q.c.s.w.WrappedWebdriver[0;39m - Finding element by: By.className: login-button 
[[34mINFO [0;39m] [] 12:16:19.098 [TestCaseId:] [Scenario:
                Check availability of inputs when creating a new project on Dashboard page] [36mo.a.q.c.s.w.WrappedWebdriver[0;39m - Find_Element Execution_Time(ms):; 30; Page_URL:; http://localhost:8081/#!/dashboard;
[[39mDEBUG[0;39m] [] 12:16:19.606 [TestCaseId:] [Scenario:
                Check availability of inputs when creating a new project on Dashboard page] [36mo.a.q.c.s.w.WrappedWebdriver[0;39m - Finding element by: By.className: login-button 
[[34mINFO [0;39m] [] 12:16:19.656 [TestCaseId:] [Scenario:
                Check availability of inputs when creating a new project on Dashboard page] [36mo.a.q.c.s.w.WrappedWebdriver[0;39m - Find_Element Execution_Time(ms):; 30; Page_URL:; http://localhost:8081/#!/dashboard;
[[39mDEBUG[0;39m] [] 12:16:20.147 [TestCaseId:] [Scenario:
                Check availability of inputs when creating a new project on Dashboard page] [36mo.a.q.c.s.w.WrappedWebdriver[0;39m - Finding element by: By.className: login-button 
[[34mINFO [0;39m] [] 12:16:20.208 [TestCaseId:] [Scenario:
                Check availability of inputs when creating a new project on Dashboard page] [36mo.a.q.c.s.w.WrappedWebdriver[0;39m - Find_Element Execution_Time(ms):; 41; Page_URL:; http://localhost:8081/#!/dashboard;
[[39mDEBUG[0;39m] [] 12:16:20.715 [TestCaseId:] [Scenario:
                Check availability of inputs when creating a new project on Dashboard page] [36mo.a.q.c.s.w.WrappedWebdriver[0;39m - Finding element by: By.className: login-button 
[[34mINFO [0;39m] [] 12:16:20.765 [TestCaseId:] [Scenario:
                Check availability of inputs when creating a new project on Dashboard page] [36mo.a.q.c.s.w.WrappedWebdriver[0;39m - Find_Element Execution_Time(ms):; 30; Page_URL:; http://localhost:8081/#!/dashboard;
[[39mDEBUG[0;39m] [] 12:16:21.265 [TestCaseId:] [Scenario:
                Check availability of inputs when creating a new project on Dashboard page] [36mo.a.q.c.s.w.WrappedWebdriver[0;39m - Finding element by: By.className: login-button 
[[34mINFO [0;39m] [] 12:16:21.315 [TestCaseId:] [Scenario:
                Check availability of inputs when creating a new project on Dashboard page] [36mo.a.q.c.s.w.WrappedWebdriver[0;39m - Find_Element Execution_Time(ms):; 30; Page_URL:; http://localhost:8081/#!/dashboard;
[[39mDEBUG[0;39m] [] 12:16:21.819 [TestCaseId:] [Scenario:
                Check availability of inputs when creating a new project on Dashboard page] [36mo.a.q.c.s.w.WrappedWebdriver[0;39m - Finding element by: By.className: login-button 
[[34mINFO [0;39m] [] 12:16:21.869 [TestCaseId:] [Scenario:
                Check availability of inputs when creating a new project on Dashboard page] [36mo.a.q.c.s.w.WrappedWebdriver[0;39m - Find_Element Execution_Time(ms):; 30; Page_URL:; http://localhost:8081/#!/dashboard;
[[39mDEBUG[0;39m] [] 12:16:22.369 [TestCaseId:] [Scenario:
                Check availability of inputs when creating a new project on Dashboard page] [36mo.a.q.c.s.w.WrappedWebdriver[0;39m - Finding element by: By.className: login-button 
[[34mINFO [0;39m] [] 12:16:22.399 [TestCaseId:] [Scenario:
                Check availability of inputs when creating a new project on Dashboard page] [36mo.a.q.c.s.w.WrappedWebdriver[0;39m - Find_Element Execution_Time(ms):; 20; Page_URL:; http://localhost:8081/#!/dashboard;
[[39mDEBUG[0;39m] [] 12:16:22.906 [TestCaseId:] [Scenario:
                Check availability of inputs when creating a new project on Dashboard page] [36mo.a.q.c.s.w.WrappedWebdriver[0;39m - Finding element by: By.className: login-button 
[[34mINFO [0;39m] [] 12:16:22.956 [TestCaseId:] [Scenario:
                Check availability of inputs when creating a new project on Dashboard page] [36mo.a.q.c.s.w.WrappedWebdriver[0;39m - Find_Element Execution_Time(ms):; 30; Page_URL:; http://localhost:8081/#!/dashboard;
[[39mDEBUG[0;39m] [] 12:16:23.457 [TestCaseId:] [Scenario:
                Check availability of inputs when creating a new project on Dashboard page] [36mo.a.q.c.s.w.WrappedWebdriver[0;39m - Finding element by: By.className: login-button 
[[34mINFO [0;39m] [] 12:16:23.477 [TestCaseId:] [Scenario:
                Check availability of inputs when creating a new project on Dashboard page] [36mo.a.q.c.s.w.WrappedWebdriver[0;39m - Find_Element Execution_Time(ms):; 10; Page_URL:; http://localhost:8081/#!/dashboard;
[[39mDEBUG[0;39m] [] 12:16:23.984 [TestCaseId:] [Scenario:
                Check availability of inputs when creating a new project on Dashboard page] [36mo.a.q.c.s.w.WrappedWebdriver[0;39m - Finding element by: By.className: login-button 
[[34mINFO [0;39m] [] 12:16:24.044 [TestCaseId:] [Scenario:
                Check availability of inputs when creating a new project on Dashboard page] [36mo.a.q.c.s.w.WrappedWebdriver[0;39m - Find_Element Execution_Time(ms):; 30; Page_URL:; http://localhost:8081/#!/dashboard;
[[39mDEBUG[0;39m] [] 12:16:24.044 [TestCaseId:] [Scenario:
                Check availability of inputs when creating a new project on Dashboard page] [36mo.a.q.c.s.w.WrappedWebdriver[0;39m - Finding element by: By.className: login-button 
[[34mINFO [0;39m] [] 12:16:24.066 [TestCaseId:] [Scenario:
                Check availability of inputs when creating a new project on Dashboard page] [36mo.a.q.c.s.w.WrappedWebdriver[0;39m - Find_Element Execution_Time(ms):; 21; Page_URL:; http://localhost:8081/#!/dashboard;
[[34mINFO [0;39m] [] 12:16:24.071 [TestCaseId:] [Scenario:
                Check availability of inputs when creating a new project on Dashboard page] [36mo.a.q.c.s.w.WebdriverHelper[0;39m - Wait_For_Element_To_Be_Clickable Execution_Time(ms):; 7178; Page_URL:; http://localhost:8081/#!/dashboard;
[[39mDEBUG[0;39m] [] 12:16:24.072 [TestCaseId:] [Scenario:
                Check availability of inputs when creating a new project on Dashboard page] [36mo.a.q.c.s.a.p.AllureAttachmentsProvider[0;39m - Attach screenshot to the Allure report
[[34mINFO [0;39m] [] 12:16:24.465 [TestCaseId:] [Scenario:
                Check availability of inputs when creating a new project on Dashboard page] [36mo.a.q.c.s.w.WebdriverHelper[0;39m - Click Execution_Time(ms):; 7597; Page_URL:; http://localhost:8081/#!/dashboard;
[[39mDEBUG[0;39m] [] 12:16:24.465 [TestCaseId:] [Scenario:
                Check availability of inputs when creating a new project on Dashboard page] [36mo.a.q.c.s.a.p.AllureAttachmentsProvider[0;39m - Attach screenshot to the Allure report
[[39mDEBUG[0;39m] [] 12:16:24.832 [TestCaseId:] [Scenario:
                Check availability of inputs when creating a new project on Dashboard page] [36mo.a.q.c.s.a.p.AllureAttachmentsProvider[0;39m - Attach screenshot to the Allure report
[[39mDEBUG[0;39m] [] 12:16:25.240 [TestCaseId:] [Scenario:
                Check availability of inputs when creating a new project on Dashboard page] [36mo.a.q.c.s.w.WrappedWebdriver[0;39m - Finding element by: By.className: page-title 
[[34mINFO [0;39m] [] 12:16:25.270 [TestCaseId:] [Scenario:
                Check availability of inputs when creating a new project on Dashboard page] [36mo.a.q.c.s.w.WrappedWebdriver[0;39m - Find_Element Execution_Time(ms):; 20; Page_URL:; http://localhost:8081/#!/dashboard;
[[39mDEBUG[0;39m] [] 12:16:25.310 [TestCaseId:] [Scenario:
                Check availability of inputs when creating a new project on Dashboard page] [36mo.a.q.c.s.w.WrappedWebdriver[0;39m - Finding element by: By.xpath: //button[contains(text(),'select asset type')] 
[[34mINFO [0;39m] [] 12:16:25.340 [TestCaseId:] [Scenario:
                Check availability of inputs when creating a new project on Dashboard page] [36mo.a.q.c.s.w.WrappedWebdriver[0;39m - Find_Element Execution_Time(ms):; 20; Page_URL:; http://localhost:8081/#!/dashboard;
[[39mDEBUG[0;39m] [] 12:16:25.350 [TestCaseId:] [Scenario:
                Check availability of inputs when creating a new project on Dashboard page] [36mo.a.q.c.s.w.WrappedWebdriver[0;39m - Finding element by: By.xpath: //button[contains(text(),'select library')] 
[[34mINFO [0;39m] [] 12:16:25.380 [TestCaseId:] [Scenario:
                Check availability of inputs when creating a new project on Dashboard page] [36mo.a.q.c.s.w.WrappedWebdriver[0;39m - Find_Element Execution_Time(ms):; 20; Page_URL:; http://localhost:8081/#!/dashboard;
[[39mDEBUG[0;39m] [] 12:16:25.390 [TestCaseId:] [Scenario:
                Check availability of inputs when creating a new project on Dashboard page] [36mo.a.q.c.s.w.WrappedWebdriver[0;39m - Finding element by: By.xpath: //button[contains(text(),'select library')] 
[[34mINFO [0;39m] [] 12:16:25.401 [TestCaseId:] [Scenario:
                Check availability of inputs when creating a new project on Dashboard page] [36mo.a.q.c.s.w.WrappedWebdriver[0;39m - Find_Element Execution_Time(ms):; 10; Page_URL:; http://localhost:8081/#!/dashboard;
[[39mDEBUG[0;39m] [] 12:16:25.406 [TestCaseId:] [Scenario:
                Check availability of inputs when creating a new project on Dashboard page] [36mo.a.q.c.s.w.WrappedWebdriver[0;39m - Finding element by: By.xpath: //button[contains(text(),'select region')] 
[[34mINFO [0;39m] [] 12:16:25.445 [TestCaseId:] [Scenario:
                Check availability of inputs when creating a new project on Dashboard page] [36mo.a.q.c.s.w.WrappedWebdriver[0;39m - Find_Element Execution_Time(ms):; 29; Page_URL:; http://localhost:8081/#!/dashboard;
[[39mDEBUG[0;39m] [] 12:16:25.455 [TestCaseId:] [Scenario:
                Check availability of inputs when creating a new project on Dashboard page] [36mo.a.q.c.s.w.WrappedWebdriver[0;39m - Finding element by: By.xpath: //button[contains(text(),'select region')] 
[[34mINFO [0;39m] [] 12:16:25.475 [TestCaseId:] [Scenario:
                Check availability of inputs when creating a new project on Dashboard page] [36mo.a.q.c.s.w.WrappedWebdriver[0;39m - Find_Element Execution_Time(ms):; 10; Page_URL:; http://localhost:8081/#!/dashboard;
[[39mDEBUG[0;39m] [] 12:16:25.485 [TestCaseId:] [Scenario:
                Check availability of inputs when creating a new project on Dashboard page] [36mo.a.q.c.s.w.WrappedWebdriver[0;39m - Finding element by: By.xpath: //button[contains(text(),'select location')] 
[[34mINFO [0;39m] [] 12:16:25.516 [TestCaseId:] [Scenario:
                Check availability of inputs when creating a new project on Dashboard page] [36mo.a.q.c.s.w.WrappedWebdriver[0;39m - Find_Element Execution_Time(ms):; 11; Page_URL:; http://localhost:8081/#!/dashboard;
[[39mDEBUG[0;39m] [] 12:16:25.526 [TestCaseId:] [Scenario:
                Check availability of inputs when creating a new project on Dashboard page] [36mo.a.q.c.s.w.WrappedWebdriver[0;39m - Finding element by: By.xpath: //button[contains(text(),'select location')] 
[[34mINFO [0;39m] [] 12:16:25.546 [TestCaseId:] [Scenario:
                Check availability of inputs when creating a new project on Dashboard page] [36mo.a.q.c.s.w.WrappedWebdriver[0;39m - Find_Element Execution_Time(ms):; 10; Page_URL:; http://localhost:8081/#!/dashboard;
[[39mDEBUG[0;39m] [] 12:16:25.556 [TestCaseId:] [Scenario:
                Check availability of inputs when creating a new project on Dashboard page] [36mo.a.q.c.s.w.WrappedWebdriver[0;39m - Finding element by: By.className: new-project__title-input 
[[34mINFO [0;39m] [] 12:16:25.586 [TestCaseId:] [Scenario:
                Check availability of inputs when creating a new project on Dashboard page] [36mo.a.q.c.s.w.WrappedWebdriver[0;39m - Find_Element Execution_Time(ms):; 20; Page_URL:; http://localhost:8081/#!/dashboard;
[[39mDEBUG[0;39m] [] 12:16:25.596 [TestCaseId:] [Scenario:
                Check availability of inputs when creating a new project on Dashboard page] [36mo.a.q.c.s.w.WrappedWebdriver[0;39m - Finding element by: By.className: new-project__description-input 
[[34mINFO [0;39m] [] 12:16:25.626 [TestCaseId:] [Scenario:
                Check availability of inputs when creating a new project on Dashboard page] [36mo.a.q.c.s.w.WrappedWebdriver[0;39m - Find_Element Execution_Time(ms):; 20; Page_URL:; http://localhost:8081/#!/dashboard;
[[39mDEBUG[0;39m] [] 12:16:25.636 [TestCaseId:] [Scenario:
                Check availability of inputs when creating a new project on Dashboard page] [36mo.a.q.c.s.w.WrappedWebdriver[0;39m - Finding element by: By.className: system-icons 
[[34mINFO [0;39m] [] 12:16:25.676 [TestCaseId:] [Scenario:
                Check availability of inputs when creating a new project on Dashboard page] [36mo.a.q.c.s.w.WrappedWebdriver[0;39m - Find_Element Execution_Time(ms):; 30; Page_URL:; http://localhost:8081/#!/dashboard;
[[34mINFO [0;39m] [] 12:16:25.746 [TestCaseId:] [Scenario:
                Check availability of inputs when creating a new project on Dashboard page] [36mo.a.q.c.s.w.WebdriverHelper[0;39m - Wait_For_Page_Update Execution_Time(ms):; 20; Page_URL:; http://localhost:8081/#!/dashboard;
[[39mDEBUG[0;39m] [] 12:16:25.746 [TestCaseId:] [Scenario:
                Check availability of inputs when creating a new project on Dashboard page] [36mo.a.q.c.s.w.WrappedWebdriver[0;39m - Finding element by: By.className: logout-button 
[[34mINFO [0;39m] [] 12:16:25.776 [TestCaseId:] [Scenario:
                Check availability of inputs when creating a new project on Dashboard page] [36mo.a.q.c.s.w.WrappedWebdriver[0;39m - Find_Element Execution_Time(ms):; 20; Page_URL:; http://localhost:8081/#!/dashboard;
[[39mDEBUG[0;39m] [] 12:16:25.796 [TestCaseId:] [Scenario:
                Check availability of inputs when creating a new project on Dashboard page] [36mo.a.q.c.s.w.WrappedWebdriver[0;39m - Finding element by: By.className: logout-button 
[[34mINFO [0;39m] [] 12:16:25.816 [TestCaseId:] [Scenario:
                Check availability of inputs when creating a new project on Dashboard page] [36mo.a.q.c.s.w.WrappedWebdriver[0;39m - Find_Element Execution_Time(ms):; 10; Page_URL:; http://localhost:8081/#!/dashboard;
[[34mINFO [0;39m] [] 12:16:25.836 [TestCaseId:] [Scenario:
                Check availability of inputs when creating a new project on Dashboard page] [36mo.a.q.c.s.w.WebdriverHelper[0;39m - Wait_For_Element_To_Be_Clickable Execution_Time(ms):; 80; Page_URL:; http://localhost:8081/#!/dashboard;
[[39mDEBUG[0;39m] [] 12:16:25.836 [TestCaseId:] [Scenario:
                Check availability of inputs when creating a new project on Dashboard page] [36mo.a.q.c.s.w.WrappedWebdriver[0;39m - Finding element by: By.className: logout-button 
[[34mINFO [0;39m] [] 12:16:25.856 [TestCaseId:] [Scenario:
                Check availability of inputs when creating a new project on Dashboard page] [36mo.a.q.c.s.w.WrappedWebdriver[0;39m - Find_Element Execution_Time(ms):; 10; Page_URL:; http://localhost:8081/#!/dashboard;
[[34mINFO [0;39m] [] 12:16:25.899 [TestCaseId:] [Scenario:
                Check availability of inputs when creating a new project on Dashboard page] [36mo.a.q.c.s.w.WebdriverHelper[0;39m - Wait_For_Page_Update Execution_Time(ms):; 8; Page_URL:; http://localhost:8081/#!/dashboard;
[[34mINFO [0;39m] [] 12:16:25.905 [TestCaseId:] [Scenario:
                Check availability of inputs when creating a new project on Dashboard page] [36mo.a.q.c.s.w.WebdriverHelper[0;39m - Click Execution_Time(ms):; 184; Page_URL:; http://localhost:8081/#!/dashboard;
[[39mDEBUG[0;39m] [] 12:16:25.905 [TestCaseId:] [Scenario:
                Check availability of inputs when creating a new project on Dashboard page] [36mo.a.q.c.s.w.WrappedWebdriver[0;39m - Finding element by: By.cssSelector: .logout-menu li 
[[34mINFO [0;39m] [] 12:16:25.926 [TestCaseId:] [Scenario:
                Check availability of inputs when creating a new project on Dashboard page] [36mo.a.q.c.s.w.WrappedWebdriver[0;39m - Find_Element Execution_Time(ms):; 16; Page_URL:; http://localhost:8081/#!/dashboard;
[[34mINFO [0;39m] [] 12:16:25.940 [TestCaseId:] [Scenario:
                Check availability of inputs when creating a new project on Dashboard page] [36mo.a.q.c.s.w.WebdriverHelper[0;39m - Wait_For_Page_Update Execution_Time(ms):; 8; Page_URL:; http://localhost:8081/#!/dashboard;
[[34mINFO [0;39m] [] 12:16:25.990 [TestCaseId:] [Scenario:
                Check availability of inputs when creating a new project on Dashboard page] [36mo.a.q.c.s.w.WebdriverHelper[0;39m - Wait_For_Element_To_Be_Clickable Execution_Time(ms):; 40; Page_URL:; http://localhost:8081/#!/dashboard;
[[34mINFO [0;39m] [] 12:16:26.036 [TestCaseId:] [Scenario:
                Check availability of inputs when creating a new project on Dashboard page] [36mo.a.q.c.s.w.WebdriverHelper[0;39m - Wait_For_Page_Update Execution_Time(ms):; 2; Page_URL:; http://localhost:8081/#!/dashboard;
[[34mINFO [0;39m] [] 12:16:26.039 [TestCaseId:] [Scenario:
                Check availability of inputs when creating a new project on Dashboard page] [36mo.a.q.c.s.w.WebdriverHelper[0;39m - Click Execution_Time(ms):; 110; Page_URL:; http://localhost:8081/#!/dashboard;
[[39mDEBUG[0;39m] [] 12:16:26.042 [TestCaseId:] [Scenario:
                ] [36mo.a.q.c.s.w.WrappedWebdriver[0;39m - Driver quit
[[34mINFO [0;39m] [] 12:16:27.038 [TestCaseId:] [Scenario:
                ] [36mo.a.q.c.s.w.WrappedWebdriver[0;39m - Driver_Quit Execution_Time(ms):; 996; Page_URL:; ;
