[[34mINFO [0;39m] [] 18:17:06.462 [TestCaseId:] [Scenario:
                Create a new project] [36mo.a.q.c.s.p.LoginPageObject[0;39m - Open login page
[[39mDEBUG[0;39m] [] 18:17:06.472 [TestCaseId:] [Scenario:
                Create a new project] [36mo.a.q.c.s.w.WrappedWebdriver[0;39m - Opening url: http://localhost:8081/#!/login
[[39mDEBUG[0;39m] [] 18:17:07.717 [TestCaseId:] [Scenario:
                Create a new project] [36mo.a.q.c.s.a.p.AllureAttachmentsProvider[0;39m - Attach screenshot to the Allure report
[[34mINFO [0;39m] [] 18:17:08.283 [TestCaseId:] [Scenario:
                Create a new project] [36mo.a.q.c.s.w.WrappedWebdriver[0;39m - Open_Page Execution_Time(ms):; 1811; Page_URL:; http://localhost:8081/#!/login;
[[34mINFO [0;39m] [] 18:17:08.283 [TestCaseId:] [Scenario:
                Create a new project] [36mo.a.q.c.s.p.LoginPageObject[0;39m - Set login as admin in SingIn form
[[34mINFO [0;39m] [] 18:17:08.333 [TestCaseId:] [Scenario:
                Create a new project] [36mo.a.q.c.s.w.WebdriverHelper[0;39m - Wait_For_Page_Update Execution_Time(ms):; 20; Page_URL:; http://localhost:8081/#!/login;
[[39mDEBUG[0;39m] [] 18:17:08.333 [TestCaseId:] [Scenario:
                Create a new project] [36mo.a.q.c.s.w.WrappedWebdriver[0;39m - Finding element by: By.name: login 
[[34mINFO [0;39m] [] 18:17:08.363 [TestCaseId:] [Scenario:
                Create a new project] [36mo.a.q.c.s.w.WrappedWebdriver[0;39m - Find_Element Execution_Time(ms):; 20; Page_URL:; http://localhost:8081/#!/login;
[[39mDEBUG[0;39m] [] 18:17:08.383 [TestCaseId:] [Scenario:
                Create a new project] [36mo.a.q.c.s.w.WrappedWebdriver[0;39m - Finding element by: By.name: login 
[[34mINFO [0;39m] [] 18:17:08.403 [TestCaseId:] [Scenario:
                Create a new project] [36mo.a.q.c.s.w.WrappedWebdriver[0;39m - Find_Element Execution_Time(ms):; 10; Page_URL:; http://localhost:8081/#!/login;
[[39mDEBUG[0;39m] [] 18:17:08.423 [TestCaseId:] [Scenario:
                Create a new project] [36mo.a.q.c.s.w.WrappedWebdriver[0;39m - Finding element by: By.name: login 
[[34mINFO [0;39m] [] 18:17:08.428 [TestCaseId:] [Scenario:
                Create a new project] [36mo.a.q.c.s.w.WrappedWebdriver[0;39m - Find_Element Execution_Time(ms):; 1; Page_URL:; http://localhost:8081/#!/login;
[[34mINFO [0;39m] [] 18:17:08.490 [TestCaseId:] [Scenario:
                Create a new project] [36mo.a.q.c.s.w.WebdriverHelper[0;39m - Wait_For_Page_Update Execution_Time(ms):; 6; Page_URL:; http://localhost:8081/#!/login;
[[34mINFO [0;39m] [] 18:17:08.495 [TestCaseId:] [Scenario:
                Create a new project] [36mo.a.q.c.s.w.WebdriverHelper[0;39m - Send_Keys Execution_Time(ms):; 188; Page_URL:; http://localhost:8081/#!/login;
[[34mINFO [0;39m] [] 18:17:08.506 [TestCaseId:] [Scenario:
                Create a new project] [36mo.a.q.c.s.w.WebdriverHelper[0;39m - Wait_For_Page_Update Execution_Time(ms):; 7; Page_URL:; http://localhost:8081/#!/login;
[[39mDEBUG[0;39m] [] 18:17:08.507 [TestCaseId:] [Scenario:
                Create a new project] [36mo.a.q.c.s.w.WrappedWebdriver[0;39m - Finding element by: By.name: password 
[[34mINFO [0;39m] [] 18:17:08.524 [TestCaseId:] [Scenario:
                Create a new project] [36mo.a.q.c.s.w.WrappedWebdriver[0;39m - Find_Element Execution_Time(ms):; 14; Page_URL:; http://localhost:8081/#!/login;
[[39mDEBUG[0;39m] [] 18:17:08.548 [TestCaseId:] [Scenario:
                Create a new project] [36mo.a.q.c.s.w.WrappedWebdriver[0;39m - Finding element by: By.name: password 
[[34mINFO [0;39m] [] 18:17:08.568 [TestCaseId:] [Scenario:
                Create a new project] [36mo.a.q.c.s.w.WrappedWebdriver[0;39m - Find_Element Execution_Time(ms):; 10; Page_URL:; http://localhost:8081/#!/login;
[[39mDEBUG[0;39m] [] 18:17:08.588 [TestCaseId:] [Scenario:
                Create a new project] [36mo.a.q.c.s.w.WrappedWebdriver[0;39m - Finding element by: By.name: password 
[[34mINFO [0;39m] [] 18:17:08.592 [TestCaseId:] [Scenario:
                Create a new project] [36mo.a.q.c.s.w.WrappedWebdriver[0;39m - Find_Element Execution_Time(ms):; 1; Page_URL:; http://localhost:8081/#!/login;
[[34mINFO [0;39m] [] 18:17:08.640 [TestCaseId:] [Scenario:
                Create a new project] [36mo.a.q.c.s.w.WebdriverHelper[0;39m - Wait_For_Page_Update Execution_Time(ms):; 6; Page_URL:; http://localhost:8081/#!/login;
[[34mINFO [0;39m] [] 18:17:08.643 [TestCaseId:] [Scenario:
                Create a new project] [36mo.a.q.c.s.w.WebdriverHelper[0;39m - Send_Keys Execution_Time(ms):; 145; Page_URL:; http://localhost:8081/#!/login;
[[34mINFO [0;39m] [] 18:17:08.650 [TestCaseId:] [Scenario:
                Create a new project] [36mo.a.q.c.s.w.WebdriverHelper[0;39m - Wait_For_Page_Update Execution_Time(ms):; 4; Page_URL:; http://localhost:8081/#!/login;
[[39mDEBUG[0;39m] [] 18:17:08.651 [TestCaseId:] [Scenario:
                Create a new project] [36mo.a.q.c.s.w.WrappedWebdriver[0;39m - Finding element by: By.className: login-button 
[[34mINFO [0;39m] [] 18:17:08.666 [TestCaseId:] [Scenario:
                Create a new project] [36mo.a.q.c.s.w.WrappedWebdriver[0;39m - Find_Element Execution_Time(ms):; 11; Page_URL:; http://localhost:8081/#!/login;
[[39mDEBUG[0;39m] [] 18:17:08.694 [TestCaseId:] [Scenario:
                Create a new project] [36mo.a.q.c.s.w.WrappedWebdriver[0;39m - Finding element by: By.className: login-button 
[[34mINFO [0;39m] [] 18:17:08.714 [TestCaseId:] [Scenario:
                Create a new project] [36mo.a.q.c.s.w.WrappedWebdriver[0;39m - Find_Element Execution_Time(ms):; 10; Page_URL:; http://localhost:8081/#!/login;
[[34mINFO [0;39m] [] 18:17:08.725 [TestCaseId:] [Scenario:
                Create a new project] [36mo.a.q.c.s.w.WebdriverHelper[0;39m - Wait_For_Element_To_Be_Clickable Execution_Time(ms):; 74; Page_URL:; http://localhost:8081/#!/login;
[[39mDEBUG[0;39m] [] 18:17:08.725 [TestCaseId:] [Scenario:
                Create a new project] [36mo.a.q.c.s.w.WrappedWebdriver[0;39m - Finding element by: By.className: login-button 
[[34mINFO [0;39m] [] 18:17:08.761 [TestCaseId:] [Scenario:
                Create a new project] [36mo.a.q.c.s.w.WrappedWebdriver[0;39m - Find_Element Execution_Time(ms):; 16; Page_URL:; http://localhost:8081/#!/login;
[[34mINFO [0;39m] [] 18:17:08.897 [TestCaseId:] [Scenario:
                Create a new project] [36mo.a.q.c.s.w.WebdriverHelper[0;39m - Wait_For_Page_Update Execution_Time(ms):; 82; Page_URL:; http://localhost:8081/#!/dashboard;
[[34mINFO [0;39m] [] 18:17:08.902 [TestCaseId:] [Scenario:
                Create a new project] [36mo.a.q.c.s.w.WebdriverHelper[0;39m - Click Execution_Time(ms):; 254; Page_URL:; http://localhost:8081/#!/dashboard;
[[39mDEBUG[0;39m] [] 18:17:08.902 [TestCaseId:] [Scenario:
                Create a new project] [36mo.a.q.c.s.a.p.AllureAttachmentsProvider[0;39m - Attach screenshot to the Allure report
[[34mINFO [0;39m] [] 18:17:09.408 [TestCaseId:] [Scenario:
                Create a new project] [36mo.a.q.c.s.p.LoginPageObject[0;39m - Submit SignIn form
[[34mINFO [0;39m] [] 18:17:09.438 [TestCaseId:] [Scenario:
                Create a new project] [36mo.a.q.c.s.w.WebdriverHelper[0;39m - Wait_For_Page_Update Execution_Time(ms):; 20; Page_URL:; http://localhost:8081/#!/dashboard;
[[39mDEBUG[0;39m] [] 18:17:09.438 [TestCaseId:] [Scenario:
                Create a new project] [36mo.a.q.c.s.w.WrappedWebdriver[0;39m - Finding element by: By.className: login-button 
[[34mINFO [0;39m] [] 18:17:09.468 [TestCaseId:] [Scenario:
                Create a new project] [36mo.a.q.c.s.w.WrappedWebdriver[0;39m - Find_Element Execution_Time(ms):; 10; Page_URL:; http://localhost:8081/#!/dashboard;
[[39mDEBUG[0;39m] [] 18:17:09.968 [TestCaseId:] [Scenario:
                Create a new project] [36mo.a.q.c.s.w.WrappedWebdriver[0;39m - Finding element by: By.className: login-button 
[[34mINFO [0;39m] [] 18:17:10.018 [TestCaseId:] [Scenario:
                Create a new project] [36mo.a.q.c.s.w.WrappedWebdriver[0;39m - Find_Element Execution_Time(ms):; 30; Page_URL:; http://localhost:8081/#!/dashboard;
[[39mDEBUG[0;39m] [] 18:17:10.511 [TestCaseId:] [Scenario:
                Create a new project] [36mo.a.q.c.s.w.WrappedWebdriver[0;39m - Finding element by: By.className: login-button 
[[34mINFO [0;39m] [] 18:17:10.573 [TestCaseId:] [Scenario:
                Create a new project] [36mo.a.q.c.s.w.WrappedWebdriver[0;39m - Find_Element Execution_Time(ms):; 42; Page_URL:; http://localhost:8081/#!/dashboard;
[[39mDEBUG[0;39m] [] 18:17:11.073 [TestCaseId:] [Scenario:
                Create a new project] [36mo.a.q.c.s.w.WrappedWebdriver[0;39m - Finding element by: By.className: login-button 
[[34mINFO [0;39m] [] 18:17:11.113 [TestCaseId:] [Scenario:
                Create a new project] [36mo.a.q.c.s.w.WrappedWebdriver[0;39m - Find_Element Execution_Time(ms):; 20; Page_URL:; http://localhost:8081/#!/dashboard;
[[39mDEBUG[0;39m] [] 18:17:11.595 [TestCaseId:] [Scenario:
                Create a new project] [36mo.a.q.c.s.w.WrappedWebdriver[0;39m - Finding element by: By.className: login-button 
[[34mINFO [0;39m] [] 18:17:11.667 [TestCaseId:] [Scenario:
                Create a new project] [36mo.a.q.c.s.w.WrappedWebdriver[0;39m - Find_Element Execution_Time(ms):; 41; Page_URL:; http://localhost:8081/#!/dashboard;
[[39mDEBUG[0;39m] [] 18:17:12.167 [TestCaseId:] [Scenario:
                Create a new project] [36mo.a.q.c.s.w.WrappedWebdriver[0;39m - Finding element by: By.className: login-button 
[[34mINFO [0;39m] [] 18:17:12.217 [TestCaseId:] [Scenario:
                Create a new project] [36mo.a.q.c.s.w.WrappedWebdriver[0;39m - Find_Element Execution_Time(ms):; 30; Page_URL:; http://localhost:8081/#!/dashboard;
[[39mDEBUG[0;39m] [] 18:17:12.718 [TestCaseId:] [Scenario:
                Create a new project] [36mo.a.q.c.s.w.WrappedWebdriver[0;39m - Finding element by: By.className: login-button 
[[34mINFO [0;39m] [] 18:17:12.768 [TestCaseId:] [Scenario:
                Create a new project] [36mo.a.q.c.s.w.WrappedWebdriver[0;39m - Find_Element Execution_Time(ms):; 30; Page_URL:; http://localhost:8081/#!/dashboard;
[[39mDEBUG[0;39m] [] 18:17:13.268 [TestCaseId:] [Scenario:
                Create a new project] [36mo.a.q.c.s.w.WrappedWebdriver[0;39m - Finding element by: By.className: login-button 
[[34mINFO [0;39m] [] 18:17:13.318 [TestCaseId:] [Scenario:
                Create a new project] [36mo.a.q.c.s.w.WrappedWebdriver[0;39m - Find_Element Execution_Time(ms):; 30; Page_URL:; http://localhost:8081/#!/dashboard;
[[39mDEBUG[0;39m] [] 18:17:13.824 [TestCaseId:] [Scenario:
                Create a new project] [36mo.a.q.c.s.w.WrappedWebdriver[0;39m - Finding element by: By.className: login-button 
[[34mINFO [0;39m] [] 18:17:13.874 [TestCaseId:] [Scenario:
                Create a new project] [36mo.a.q.c.s.w.WrappedWebdriver[0;39m - Find_Element Execution_Time(ms):; 30; Page_URL:; http://localhost:8081/#!/dashboard;
[[39mDEBUG[0;39m] [] 18:17:14.376 [TestCaseId:] [Scenario:
                Create a new project] [36mo.a.q.c.s.w.WrappedWebdriver[0;39m - Finding element by: By.className: login-button 
[[34mINFO [0;39m] [] 18:17:14.416 [TestCaseId:] [Scenario:
                Create a new project] [36mo.a.q.c.s.w.WrappedWebdriver[0;39m - Find_Element Execution_Time(ms):; 30; Page_URL:; http://localhost:8081/#!/dashboard;
[[39mDEBUG[0;39m] [] 18:17:14.925 [TestCaseId:] [Scenario:
                Create a new project] [36mo.a.q.c.s.w.WrappedWebdriver[0;39m - Finding element by: By.className: login-button 
[[34mINFO [0;39m] [] 18:17:14.975 [TestCaseId:] [Scenario:
                Create a new project] [36mo.a.q.c.s.w.WrappedWebdriver[0;39m - Find_Element Execution_Time(ms):; 30; Page_URL:; http://localhost:8081/#!/dashboard;
[[39mDEBUG[0;39m] [] 18:17:15.475 [TestCaseId:] [Scenario:
                Create a new project] [36mo.a.q.c.s.w.WrappedWebdriver[0;39m - Finding element by: By.className: login-button 
[[34mINFO [0;39m] [] 18:17:15.506 [TestCaseId:] [Scenario:
                Create a new project] [36mo.a.q.c.s.w.WrappedWebdriver[0;39m - Find_Element Execution_Time(ms):; 30; Page_URL:; http://localhost:8081/#!/dashboard;
[[39mDEBUG[0;39m] [] 18:17:16.025 [TestCaseId:] [Scenario:
                Create a new project] [36mo.a.q.c.s.w.WrappedWebdriver[0;39m - Finding element by: By.className: login-button 
[[34mINFO [0;39m] [] 18:17:16.075 [TestCaseId:] [Scenario:
                Create a new project] [36mo.a.q.c.s.w.WrappedWebdriver[0;39m - Find_Element Execution_Time(ms):; 30; Page_URL:; http://localhost:8081/#!/dashboard;
[[39mDEBUG[0;39m] [] 18:17:16.575 [TestCaseId:] [Scenario:
                Create a new project] [36mo.a.q.c.s.w.WrappedWebdriver[0;39m - Finding element by: By.className: login-button 
[[34mINFO [0;39m] [] 18:17:16.595 [TestCaseId:] [Scenario:
                Create a new project] [36mo.a.q.c.s.w.WrappedWebdriver[0;39m - Find_Element Execution_Time(ms):; 10; Page_URL:; http://localhost:8081/#!/dashboard;
[[39mDEBUG[0;39m] [] 18:17:16.595 [TestCaseId:] [Scenario:
                Create a new project] [36mo.a.q.c.s.w.WrappedWebdriver[0;39m - Finding element by: By.className: login-button 
[[34mINFO [0;39m] [] 18:17:16.606 [TestCaseId:] [Scenario:
                Create a new project] [36mo.a.q.c.s.w.WrappedWebdriver[0;39m - Find_Element Execution_Time(ms):; 10; Page_URL:; http://localhost:8081/#!/dashboard;
[[34mINFO [0;39m] [] 18:17:16.626 [TestCaseId:] [Scenario:
                Create a new project] [36mo.a.q.c.s.w.WebdriverHelper[0;39m - Wait_For_Element_To_Be_Clickable Execution_Time(ms):; 7168; Page_URL:; http://localhost:8081/#!/dashboard;
[[39mDEBUG[0;39m] [] 18:17:16.626 [TestCaseId:] [Scenario:
                Create a new project] [36mo.a.q.c.s.a.p.AllureAttachmentsProvider[0;39m - Attach screenshot to the Allure report
[[34mINFO [0;39m] [] 18:17:16.992 [TestCaseId:] [Scenario:
                Create a new project] [36mo.a.q.c.s.w.WebdriverHelper[0;39m - Click Execution_Time(ms):; 7564; Page_URL:; http://localhost:8081/#!/dashboard;
[[39mDEBUG[0;39m] [] 18:17:16.992 [TestCaseId:] [Scenario:
                Create a new project] [36mo.a.q.c.s.a.p.AllureAttachmentsProvider[0;39m - Attach screenshot to the Allure report
[[39mDEBUG[0;39m] [] 18:17:17.359 [TestCaseId:] [Scenario:
                Create a new project] [36mo.a.q.c.s.a.p.AllureAttachmentsProvider[0;39m - Attach screenshot to the Allure report
[[39mDEBUG[0;39m] [] 18:17:17.772 [TestCaseId:] [Scenario:
                Create a new project] [36mo.a.q.c.s.w.WrappedWebdriver[0;39m - Finding element by: By.className: page-title 
[[34mINFO [0;39m] [] 18:17:17.802 [TestCaseId:] [Scenario:
                Create a new project] [36mo.a.q.c.s.w.WrappedWebdriver[0;39m - Find_Element Execution_Time(ms):; 20; Page_URL:; http://localhost:8081/#!/dashboard;
[[39mDEBUG[0;39m] [] 18:17:17.832 [TestCaseId:] [Scenario:
                Create a new project] [36mo.a.q.c.s.w.WrappedWebdriver[0;39m - Finding element by: By.xpath: //button[contains(text(),'select asset type')] 
[[34mINFO [0;39m] [] 18:17:17.862 [TestCaseId:] [Scenario:
                Create a new project] [36mo.a.q.c.s.w.WrappedWebdriver[0;39m - Find_Element Execution_Time(ms):; 20; Page_URL:; http://localhost:8081/#!/dashboard;
[[34mINFO [0;39m] [] 18:17:17.892 [TestCaseId:] [Scenario:
                Create a new project] [36mo.a.q.c.s.w.WebdriverHelper[0;39m - Wait_For_Page_Update Execution_Time(ms):; 20; Page_URL:; http://localhost:8081/#!/dashboard;
[[34mINFO [0;39m] [] 18:17:17.942 [TestCaseId:] [Scenario:
                Create a new project] [36mo.a.q.c.s.w.WebdriverHelper[0;39m - Wait_For_Element_To_Be_Clickable Execution_Time(ms):; 30; Page_URL:; http://localhost:8081/#!/dashboard;
[[34mINFO [0;39m] [] 18:17:17.989 [TestCaseId:] [Scenario:
                Create a new project] [36mo.a.q.c.s.w.WebdriverHelper[0;39m - Wait_For_Page_Update Execution_Time(ms):; 8; Page_URL:; http://localhost:8081/#!/dashboard;
[[34mINFO [0;39m] [] 18:17:17.993 [TestCaseId:] [Scenario:
                Create a new project] [36mo.a.q.c.s.w.WebdriverHelper[0;39m - Click Execution_Time(ms):; 127; Page_URL:; http://localhost:8081/#!/dashboard;
[[39mDEBUG[0;39m] [] 18:17:17.993 [TestCaseId:] [Scenario:
                Create a new project] [36mo.a.q.c.s.w.WrappedWebdriver[0;39m - Finding element by: By.xpath: //ul[@class = 'dropdown-menu']//a[text()='Offshore Oil and Gas'] 
[[34mINFO [0;39m] [] 18:17:18.016 [TestCaseId:] [Scenario:
                Create a new project] [36mo.a.q.c.s.w.WrappedWebdriver[0;39m - Find_Element Execution_Time(ms):; 17; Page_URL:; http://localhost:8081/#!/dashboard;
[[34mINFO [0;39m] [] 18:17:18.037 [TestCaseId:] [Scenario:
                Create a new project] [36mo.a.q.c.s.w.WebdriverHelper[0;39m - Wait_For_Page_Update Execution_Time(ms):; 11; Page_URL:; http://localhost:8081/#!/dashboard;
[[34mINFO [0;39m] [] 18:17:18.089 [TestCaseId:] [Scenario:
                Create a new project] [36mo.a.q.c.s.w.WebdriverHelper[0;39m - Wait_For_Element_To_Be_Clickable Execution_Time(ms):; 41; Page_URL:; http://localhost:8081/#!/dashboard;
[[34mINFO [0;39m] [] 18:17:18.130 [TestCaseId:] [Scenario:
                Create a new project] [36mo.a.q.c.s.w.WebdriverHelper[0;39m - Wait_For_Page_Update Execution_Time(ms):; 5; Page_URL:; http://localhost:8081/#!/dashboard;
[[34mINFO [0;39m] [] 18:17:18.133 [TestCaseId:] [Scenario:
                Create a new project] [36mo.a.q.c.s.w.WebdriverHelper[0;39m - Click Execution_Time(ms):; 113; Page_URL:; http://localhost:8081/#!/dashboard;
[[39mDEBUG[0;39m] [] 18:17:18.134 [TestCaseId:] [Scenario:
                Create a new project] [36mo.a.q.c.s.w.WrappedWebdriver[0;39m - Finding element by: By.xpath: //div[contains(@ng-repeat, 'system')]/span[text()='oil dehydration'] 
[[34mINFO [0;39m] [] 18:17:18.151 [TestCaseId:] [Scenario:
                Create a new project] [36mo.a.q.c.s.w.WrappedWebdriver[0;39m - Find_Element Execution_Time(ms):; 13; Page_URL:; http://localhost:8081/#!/dashboard;
[[34mINFO [0;39m] [] 18:17:18.159 [TestCaseId:] [Scenario:
                Create a new project] [36mo.a.q.c.s.w.WebdriverHelper[0;39m - Wait_For_Page_Update Execution_Time(ms):; 5; Page_URL:; http://localhost:8081/#!/dashboard;
[[34mINFO [0;39m] [] 18:17:18.206 [TestCaseId:] [Scenario:
                Create a new project] [36mo.a.q.c.s.w.WebdriverHelper[0;39m - Wait_For_Element_To_Be_Clickable Execution_Time(ms):; 37; Page_URL:; http://localhost:8081/#!/dashboard;
[[34mINFO [0;39m] [] 18:17:18.246 [TestCaseId:] [Scenario:
                Create a new project] [36mo.a.q.c.s.w.WebdriverHelper[0;39m - Wait_For_Page_Update Execution_Time(ms):; 6; Page_URL:; http://localhost:8081/#!/dashboard;
[[34mINFO [0;39m] [] 18:17:18.251 [TestCaseId:] [Scenario:
                Create a new project] [36mo.a.q.c.s.w.WebdriverHelper[0;39m - Click Execution_Time(ms):; 95; Page_URL:; http://localhost:8081/#!/dashboard;
[[39mDEBUG[0;39m] [] 18:17:18.251 [TestCaseId:] [Scenario:
                Create a new project] [36mo.a.q.c.s.w.WrappedWebdriver[0;39m - Finding element by: By.xpath: //div[contains(@ng-repeat, 'system')]/span[text()='oil dehydration'] 
[[34mINFO [0;39m] [] 18:17:18.306 [TestCaseId:] [Scenario:
                Create a new project] [36mo.a.q.c.s.w.WrappedWebdriver[0;39m - Find_Element Execution_Time(ms):; 8; Page_URL:; http://localhost:8081/#!/dashboard;
[[34mINFO [0;39m] [] 18:17:18.377 [TestCaseId:] [Scenario:
                Create a new project] [36mo.a.q.c.s.w.WebdriverHelper[0;39m - Wait_For_Page_Update Execution_Time(ms):; 30; Page_URL:; http://localhost:8081/#!/dashboard;
[[39mDEBUG[0;39m] [] 18:17:18.377 [TestCaseId:] [Scenario:
                Create a new project] [36mo.a.q.c.s.w.WrappedWebdriver[0;39m - Finding element by: By.className: logout-button 
[[34mINFO [0;39m] [] 18:17:18.407 [TestCaseId:] [Scenario:
                Create a new project] [36mo.a.q.c.s.w.WrappedWebdriver[0;39m - Find_Element Execution_Time(ms):; 20; Page_URL:; http://localhost:8081/#!/dashboard;
[[39mDEBUG[0;39m] [] 18:17:18.427 [TestCaseId:] [Scenario:
                Create a new project] [36mo.a.q.c.s.w.WrappedWebdriver[0;39m - Finding element by: By.className: logout-button 
[[34mINFO [0;39m] [] 18:17:18.447 [TestCaseId:] [Scenario:
                Create a new project] [36mo.a.q.c.s.w.WrappedWebdriver[0;39m - Find_Element Execution_Time(ms):; 10; Page_URL:; http://localhost:8081/#!/dashboard;
[[34mINFO [0;39m] [] 18:17:18.467 [TestCaseId:] [Scenario:
                Create a new project] [36mo.a.q.c.s.w.WebdriverHelper[0;39m - Wait_For_Element_To_Be_Clickable Execution_Time(ms):; 80; Page_URL:; http://localhost:8081/#!/dashboard;
[[39mDEBUG[0;39m] [] 18:17:18.467 [TestCaseId:] [Scenario:
                Create a new project] [36mo.a.q.c.s.w.WrappedWebdriver[0;39m - Finding element by: By.className: logout-button 
[[34mINFO [0;39m] [] 18:17:18.487 [TestCaseId:] [Scenario:
                Create a new project] [36mo.a.q.c.s.w.WrappedWebdriver[0;39m - Find_Element Execution_Time(ms):; 10; Page_URL:; http://localhost:8081/#!/dashboard;
[[34mINFO [0;39m] [] 18:17:18.520 [TestCaseId:] [Scenario:
                Create a new project] [36mo.a.q.c.s.w.WebdriverHelper[0;39m - Wait_For_Page_Update Execution_Time(ms):; 4; Page_URL:; http://localhost:8081/#!/dashboard;
[[34mINFO [0;39m] [] 18:17:18.524 [TestCaseId:] [Scenario:
                Create a new project] [36mo.a.q.c.s.w.WebdriverHelper[0;39m - Click Execution_Time(ms):; 184; Page_URL:; http://localhost:8081/#!/dashboard;
[[39mDEBUG[0;39m] [] 18:17:18.524 [TestCaseId:] [Scenario:
                Create a new project] [36mo.a.q.c.s.w.WrappedWebdriver[0;39m - Finding element by: By.cssSelector: .logout-menu li 
[[34mINFO [0;39m] [] 18:17:18.542 [TestCaseId:] [Scenario:
                Create a new project] [36mo.a.q.c.s.w.WrappedWebdriver[0;39m - Find_Element Execution_Time(ms):; 13; Page_URL:; http://localhost:8081/#!/dashboard;
[[34mINFO [0;39m] [] 18:17:18.553 [TestCaseId:] [Scenario:
                Create a new project] [36mo.a.q.c.s.w.WebdriverHelper[0;39m - Wait_For_Page_Update Execution_Time(ms):; 7; Page_URL:; http://localhost:8081/#!/dashboard;
[[34mINFO [0;39m] [] 18:17:18.600 [TestCaseId:] [Scenario:
                Create a new project] [36mo.a.q.c.s.w.WebdriverHelper[0;39m - Wait_For_Element_To_Be_Clickable Execution_Time(ms):; 36; Page_URL:; http://localhost:8081/#!/dashboard;
[[34mINFO [0;39m] [] 18:17:18.648 [TestCaseId:] [Scenario:
                Create a new project] [36mo.a.q.c.s.w.WebdriverHelper[0;39m - Wait_For_Page_Update Execution_Time(ms):; 10; Page_URL:; http://localhost:8081/#!/login;
[[34mINFO [0;39m] [] 18:17:18.653 [TestCaseId:] [Scenario:
                Create a new project] [36mo.a.q.c.s.w.WebdriverHelper[0;39m - Click Execution_Time(ms):; 106; Page_URL:; http://localhost:8081/#!/login;
[[39mDEBUG[0;39m] [] 18:17:18.657 [TestCaseId:] [Scenario:
                ] [36mo.a.q.c.s.w.WrappedWebdriver[0;39m - Driver quit
[[34mINFO [0;39m] [] 18:17:19.804 [TestCaseId:] [Scenario:
                ] [36mo.a.q.c.s.w.WrappedWebdriver[0;39m - Driver_Quit Execution_Time(ms):; 1147; Page_URL:; ;
