[[34mINFO [0;39m] [] 14:32:25.507 [TestCaseId:] [Scenario:
                Create a new project] [36mo.a.q.c.g.s.p.LoginPageObject[0;39m - Open login page
[[39mDEBUG[0;39m] [] 14:32:25.507 [TestCaseId:] [Scenario:
                Create a new project] [36mo.a.q.c.g.s.w.WrappedWebdriver[0;39m - Opening url: http://localhost:8081/#!/login
[[39mDEBUG[0;39m] [] 14:32:29.142 [TestCaseId:] [Scenario:
                Create a new project] [36mo.a.q.c.g.s.a.p.AllureAttachmentsProvider[0;39m - Attach screenshot to the Allure report
[[34mINFO [0;39m] [] 14:32:29.676 [TestCaseId:] [Scenario:
                Create a new project] [36mo.a.q.c.g.s.w.WrappedWebdriver[0;39m - Open_Page Execution_Time(ms):; 4159; Page_URL:; http://localhost:8081/#!/login;
[[34mINFO [0;39m] [] 14:32:29.676 [TestCaseId:] [Scenario:
                Create a new project] [36mo.a.q.c.g.s.p.LoginPageObject[0;39m - Set login as admin in SingIn form
[[34mINFO [0;39m] [] 14:32:29.726 [TestCaseId:] [Scenario:
                Create a new project] [36mo.a.q.c.g.s.w.WebdriverHelper[0;39m - Wait_For_Page_Update Execution_Time(ms):; 30; Page_URL:; http://localhost:8081/#!/login;
[[39mDEBUG[0;39m] [] 14:32:29.726 [TestCaseId:] [Scenario:
                Create a new project] [36mo.a.q.c.g.s.w.WrappedWebdriver[0;39m - Finding element by: By.name: login 
[[34mINFO [0;39m] [] 14:32:29.756 [TestCaseId:] [Scenario:
                Create a new project] [36mo.a.q.c.g.s.w.WrappedWebdriver[0;39m - Find_Element Execution_Time(ms):; 20; Page_URL:; http://localhost:8081/#!/login;
[[39mDEBUG[0;39m] [] 14:32:29.776 [TestCaseId:] [Scenario:
                Create a new project] [36mo.a.q.c.g.s.w.WrappedWebdriver[0;39m - Finding element by: By.name: login 
[[34mINFO [0;39m] [] 14:32:29.797 [TestCaseId:] [Scenario:
                Create a new project] [36mo.a.q.c.g.s.w.WrappedWebdriver[0;39m - Find_Element Execution_Time(ms):; 1; Page_URL:; http://localhost:8081/#!/login;
[[39mDEBUG[0;39m] [] 14:32:29.817 [TestCaseId:] [Scenario:
                Create a new project] [36mo.a.q.c.g.s.w.WrappedWebdriver[0;39m - Finding element by: By.name: login 
[[34mINFO [0;39m] [] 14:32:29.822 [TestCaseId:] [Scenario:
                Create a new project] [36mo.a.q.c.g.s.w.WrappedWebdriver[0;39m - Find_Element Execution_Time(ms):; 1; Page_URL:; http://localhost:8081/#!/login;
[[34mINFO [0;39m] [] 14:32:29.871 [TestCaseId:] [Scenario:
                Create a new project] [36mo.a.q.c.g.s.w.WebdriverHelper[0;39m - Wait_For_Page_Update Execution_Time(ms):; 4; Page_URL:; http://localhost:8081/#!/login;
[[34mINFO [0;39m] [] 14:32:29.876 [TestCaseId:] [Scenario:
                Create a new project] [36mo.a.q.c.g.s.w.WebdriverHelper[0;39m - Send_Keys Execution_Time(ms):; 185; Page_URL:; http://localhost:8081/#!/login;
[[34mINFO [0;39m] [] 14:32:29.886 [TestCaseId:] [Scenario:
                Create a new project] [36mo.a.q.c.g.s.w.WebdriverHelper[0;39m - Wait_For_Page_Update Execution_Time(ms):; 5; Page_URL:; http://localhost:8081/#!/login;
[[39mDEBUG[0;39m] [] 14:32:29.886 [TestCaseId:] [Scenario:
                Create a new project] [36mo.a.q.c.g.s.w.WrappedWebdriver[0;39m - Finding element by: By.name: password 
[[34mINFO [0;39m] [] 14:32:29.903 [TestCaseId:] [Scenario:
                Create a new project] [36mo.a.q.c.g.s.w.WrappedWebdriver[0;39m - Find_Element Execution_Time(ms):; 13; Page_URL:; http://localhost:8081/#!/login;
[[39mDEBUG[0;39m] [] 14:32:29.933 [TestCaseId:] [Scenario:
                Create a new project] [36mo.a.q.c.g.s.w.WrappedWebdriver[0;39m - Finding element by: By.name: password 
[[34mINFO [0;39m] [] 14:32:29.953 [TestCaseId:] [Scenario:
                Create a new project] [36mo.a.q.c.g.s.w.WrappedWebdriver[0;39m - Find_Element Execution_Time(ms):; 10; Page_URL:; http://localhost:8081/#!/login;
[[39mDEBUG[0;39m] [] 14:32:29.973 [TestCaseId:] [Scenario:
                Create a new project] [36mo.a.q.c.g.s.w.WrappedWebdriver[0;39m - Finding element by: By.name: password 
[[34mINFO [0;39m] [] 14:32:29.977 [TestCaseId:] [Scenario:
                Create a new project] [36mo.a.q.c.g.s.w.WrappedWebdriver[0;39m - Find_Element Execution_Time(ms):; 1; Page_URL:; http://localhost:8081/#!/login;
[[34mINFO [0;39m] [] 14:32:30.019 [TestCaseId:] [Scenario:
                Create a new project] [36mo.a.q.c.g.s.w.WebdriverHelper[0;39m - Wait_For_Page_Update Execution_Time(ms):; 4; Page_URL:; http://localhost:8081/#!/login;
[[34mINFO [0;39m] [] 14:32:30.023 [TestCaseId:] [Scenario:
                Create a new project] [36mo.a.q.c.g.s.w.WebdriverHelper[0;39m - Send_Keys Execution_Time(ms):; 143; Page_URL:; http://localhost:8081/#!/login;
[[34mINFO [0;39m] [] 14:32:30.032 [TestCaseId:] [Scenario:
                Create a new project] [36mo.a.q.c.g.s.w.WebdriverHelper[0;39m - Wait_For_Page_Update Execution_Time(ms):; 6; Page_URL:; http://localhost:8081/#!/login;
[[39mDEBUG[0;39m] [] 14:32:30.033 [TestCaseId:] [Scenario:
                Create a new project] [36mo.a.q.c.g.s.w.WrappedWebdriver[0;39m - Finding element by: By.className: login-button 
[[34mINFO [0;39m] [] 14:32:30.048 [TestCaseId:] [Scenario:
                Create a new project] [36mo.a.q.c.g.s.w.WrappedWebdriver[0;39m - Find_Element Execution_Time(ms):; 12; Page_URL:; http://localhost:8081/#!/login;
[[39mDEBUG[0;39m] [] 14:32:30.059 [TestCaseId:] [Scenario:
                Create a new project] [36mo.a.q.c.g.s.w.WrappedWebdriver[0;39m - Finding element by: By.className: login-button 
[[34mINFO [0;39m] [] 14:32:30.091 [TestCaseId:] [Scenario:
                Create a new project] [36mo.a.q.c.g.s.w.WrappedWebdriver[0;39m - Find_Element Execution_Time(ms):; 22; Page_URL:; http://localhost:8081/#!/login;
[[34mINFO [0;39m] [] 14:32:30.111 [TestCaseId:] [Scenario:
                Create a new project] [36mo.a.q.c.g.s.w.WebdriverHelper[0;39m - Wait_For_Element_To_Be_Clickable Execution_Time(ms):; 69; Page_URL:; http://localhost:8081/#!/login;
[[39mDEBUG[0;39m] [] 14:32:30.111 [TestCaseId:] [Scenario:
                Create a new project] [36mo.a.q.c.g.s.w.WrappedWebdriver[0;39m - Finding element by: By.className: login-button 
[[34mINFO [0;39m] [] 14:32:30.131 [TestCaseId:] [Scenario:
                Create a new project] [36mo.a.q.c.g.s.w.WrappedWebdriver[0;39m - Find_Element Execution_Time(ms):; 10; Page_URL:; http://localhost:8081/#!/login;
[[34mINFO [0;39m] [] 14:32:30.270 [TestCaseId:] [Scenario:
                Create a new project] [36mo.a.q.c.g.s.w.WebdriverHelper[0;39m - Wait_For_Page_Update Execution_Time(ms):; 90; Page_URL:; http://localhost:8081/#!/dashboard;
[[34mINFO [0;39m] [] 14:32:30.275 [TestCaseId:] [Scenario:
                Create a new project] [36mo.a.q.c.g.s.w.WebdriverHelper[0;39m - Click Execution_Time(ms):; 247; Page_URL:; http://localhost:8081/#!/dashboard;
[[39mDEBUG[0;39m] [] 14:32:30.275 [TestCaseId:] [Scenario:
                Create a new project] [36mo.a.q.c.g.s.a.p.AllureAttachmentsProvider[0;39m - Attach screenshot to the Allure report
[[34mINFO [0;39m] [] 14:32:30.724 [TestCaseId:] [Scenario:
                Create a new project] [36mo.a.q.c.g.s.p.LoginPageObject[0;39m - Submit SignIn form
[[34mINFO [0;39m] [] 14:32:30.764 [TestCaseId:] [Scenario:
                Create a new project] [36mo.a.q.c.g.s.w.WebdriverHelper[0;39m - Wait_For_Page_Update Execution_Time(ms):; 30; Page_URL:; http://localhost:8081/#!/dashboard;
[[39mDEBUG[0;39m] [] 14:32:30.764 [TestCaseId:] [Scenario:
                Create a new project] [36mo.a.q.c.g.s.w.WrappedWebdriver[0;39m - Finding element by: By.className: login-button 
[[34mINFO [0;39m] [] 14:32:30.804 [TestCaseId:] [Scenario:
                Create a new project] [36mo.a.q.c.g.s.w.WrappedWebdriver[0;39m - Find_Element Execution_Time(ms):; 30; Page_URL:; http://localhost:8081/#!/dashboard;
[[39mDEBUG[0;39m] [] 14:32:31.304 [TestCaseId:] [Scenario:
                Create a new project] [36mo.a.q.c.g.s.w.WrappedWebdriver[0;39m - Finding element by: By.className: login-button 
[[34mINFO [0;39m] [] 14:32:31.334 [TestCaseId:] [Scenario:
                Create a new project] [36mo.a.q.c.g.s.w.WrappedWebdriver[0;39m - Find_Element Execution_Time(ms):; 20; Page_URL:; http://localhost:8081/#!/dashboard;
[[39mDEBUG[0;39m] [] 14:32:31.835 [TestCaseId:] [Scenario:
                Create a new project] [36mo.a.q.c.g.s.w.WrappedWebdriver[0;39m - Finding element by: By.className: login-button 
[[34mINFO [0;39m] [] 14:32:31.865 [TestCaseId:] [Scenario:
                Create a new project] [36mo.a.q.c.g.s.w.WrappedWebdriver[0;39m - Find_Element Execution_Time(ms):; 20; Page_URL:; http://localhost:8081/#!/dashboard;
[[39mDEBUG[0;39m] [] 14:32:32.365 [TestCaseId:] [Scenario:
                Create a new project] [36mo.a.q.c.g.s.w.WrappedWebdriver[0;39m - Finding element by: By.className: login-button 
[[34mINFO [0;39m] [] 14:32:32.415 [TestCaseId:] [Scenario:
                Create a new project] [36mo.a.q.c.g.s.w.WrappedWebdriver[0;39m - Find_Element Execution_Time(ms):; 30; Page_URL:; http://localhost:8081/#!/dashboard;
[[39mDEBUG[0;39m] [] 14:32:32.918 [TestCaseId:] [Scenario:
                Create a new project] [36mo.a.q.c.g.s.w.WrappedWebdriver[0;39m - Finding element by: By.className: login-button 
[[34mINFO [0;39m] [] 14:32:32.968 [TestCaseId:] [Scenario:
                Create a new project] [36mo.a.q.c.g.s.w.WrappedWebdriver[0;39m - Find_Element Execution_Time(ms):; 30; Page_URL:; http://localhost:8081/#!/dashboard;
[[39mDEBUG[0;39m] [] 14:32:33.468 [TestCaseId:] [Scenario:
                Create a new project] [36mo.a.q.c.g.s.w.WrappedWebdriver[0;39m - Finding element by: By.className: login-button 
[[34mINFO [0;39m] [] 14:32:33.498 [TestCaseId:] [Scenario:
                Create a new project] [36mo.a.q.c.g.s.w.WrappedWebdriver[0;39m - Find_Element Execution_Time(ms):; 20; Page_URL:; http://localhost:8081/#!/dashboard;
[[39mDEBUG[0;39m] [] 14:32:34.002 [TestCaseId:] [Scenario:
                Create a new project] [36mo.a.q.c.g.s.w.WrappedWebdriver[0;39m - Finding element by: By.className: login-button 
[[34mINFO [0;39m] [] 14:32:34.052 [TestCaseId:] [Scenario:
                Create a new project] [36mo.a.q.c.g.s.w.WrappedWebdriver[0;39m - Find_Element Execution_Time(ms):; 30; Page_URL:; http://localhost:8081/#!/dashboard;
[[39mDEBUG[0;39m] [] 14:32:34.534 [TestCaseId:] [Scenario:
                Create a new project] [36mo.a.q.c.g.s.w.WrappedWebdriver[0;39m - Finding element by: By.className: login-button 
[[34mINFO [0;39m] [] 14:32:34.598 [TestCaseId:] [Scenario:
                Create a new project] [36mo.a.q.c.g.s.w.WrappedWebdriver[0;39m - Find_Element Execution_Time(ms):; 43; Page_URL:; http://localhost:8081/#!/dashboard;
[[39mDEBUG[0;39m] [] 14:32:35.102 [TestCaseId:] [Scenario:
                Create a new project] [36mo.a.q.c.g.s.w.WrappedWebdriver[0;39m - Finding element by: By.className: login-button 
[[34mINFO [0;39m] [] 14:32:35.152 [TestCaseId:] [Scenario:
                Create a new project] [36mo.a.q.c.g.s.w.WrappedWebdriver[0;39m - Find_Element Execution_Time(ms):; 30; Page_URL:; http://localhost:8081/#!/dashboard;
[[39mDEBUG[0;39m] [] 14:32:35.657 [TestCaseId:] [Scenario:
                Create a new project] [36mo.a.q.c.g.s.w.WrappedWebdriver[0;39m - Finding element by: By.className: login-button 
[[34mINFO [0;39m] [] 14:32:35.707 [TestCaseId:] [Scenario:
                Create a new project] [36mo.a.q.c.g.s.w.WrappedWebdriver[0;39m - Find_Element Execution_Time(ms):; 30; Page_URL:; http://localhost:8081/#!/dashboard;
[[39mDEBUG[0;39m] [] 14:32:36.209 [TestCaseId:] [Scenario:
                Create a new project] [36mo.a.q.c.g.s.w.WrappedWebdriver[0;39m - Finding element by: By.className: login-button 
[[34mINFO [0;39m] [] 14:32:36.259 [TestCaseId:] [Scenario:
                Create a new project] [36mo.a.q.c.g.s.w.WrappedWebdriver[0;39m - Find_Element Execution_Time(ms):; 30; Page_URL:; http://localhost:8081/#!/dashboard;
[[39mDEBUG[0;39m] [] 14:32:36.765 [TestCaseId:] [Scenario:
                Create a new project] [36mo.a.q.c.g.s.w.WrappedWebdriver[0;39m - Finding element by: By.className: login-button 
[[34mINFO [0;39m] [] 14:32:36.805 [TestCaseId:] [Scenario:
                Create a new project] [36mo.a.q.c.g.s.w.WrappedWebdriver[0;39m - Find_Element Execution_Time(ms):; 30; Page_URL:; http://localhost:8081/#!/dashboard;
[[39mDEBUG[0;39m] [] 14:32:37.305 [TestCaseId:] [Scenario:
                Create a new project] [36mo.a.q.c.g.s.w.WrappedWebdriver[0;39m - Finding element by: By.className: login-button 
[[34mINFO [0;39m] [] 14:32:37.335 [TestCaseId:] [Scenario:
                Create a new project] [36mo.a.q.c.g.s.w.WrappedWebdriver[0;39m - Find_Element Execution_Time(ms):; 20; Page_URL:; http://localhost:8081/#!/dashboard;
[[39mDEBUG[0;39m] [] 14:32:37.840 [TestCaseId:] [Scenario:
                Create a new project] [36mo.a.q.c.g.s.w.WrappedWebdriver[0;39m - Finding element by: By.className: login-button 
[[34mINFO [0;39m] [] 14:32:37.890 [TestCaseId:] [Scenario:
                Create a new project] [36mo.a.q.c.g.s.w.WrappedWebdriver[0;39m - Find_Element Execution_Time(ms):; 40; Page_URL:; http://localhost:8081/#!/dashboard;
[[39mDEBUG[0;39m] [] 14:32:37.890 [TestCaseId:] [Scenario:
                Create a new project] [36mo.a.q.c.g.s.w.WrappedWebdriver[0;39m - Finding element by: By.className: login-button 
[[34mINFO [0;39m] [] 14:32:37.930 [TestCaseId:] [Scenario:
                Create a new project] [36mo.a.q.c.g.s.w.WrappedWebdriver[0;39m - Find_Element Execution_Time(ms):; 30; Page_URL:; http://localhost:8081/#!/dashboard;
[[34mINFO [0;39m] [] 14:32:37.940 [TestCaseId:] [Scenario:
                Create a new project] [36mo.a.q.c.g.s.w.WebdriverHelper[0;39m - Wait_For_Element_To_Be_Clickable Execution_Time(ms):; 7166; Page_URL:; http://localhost:8081/#!/dashboard;
[[39mDEBUG[0;39m] [] 14:32:37.940 [TestCaseId:] [Scenario:
                Create a new project] [36mo.a.q.c.g.s.a.p.AllureAttachmentsProvider[0;39m - Attach screenshot to the Allure report
[[34mINFO [0;39m] [] 14:32:38.315 [TestCaseId:] [Scenario:
                Create a new project] [36mo.a.q.c.g.s.w.WebdriverHelper[0;39m - Click Execution_Time(ms):; 7581; Page_URL:; http://localhost:8081/#!/dashboard;
[[39mDEBUG[0;39m] [] 14:32:38.315 [TestCaseId:] [Scenario:
                Create a new project] [36mo.a.q.c.g.s.a.p.AllureAttachmentsProvider[0;39m - Attach screenshot to the Allure report
[[39mDEBUG[0;39m] [] 14:32:38.677 [TestCaseId:] [Scenario:
                Create a new project] [36mo.a.q.c.g.s.a.p.AllureAttachmentsProvider[0;39m - Attach screenshot to the Allure report
[[39mDEBUG[0;39m] [] 14:32:39.073 [TestCaseId:] [Scenario:
                Create a new project] [36mo.a.q.c.g.s.w.WrappedWebdriver[0;39m - Finding element by: By.className: page-title 
[[34mINFO [0;39m] [] 14:32:39.104 [TestCaseId:] [Scenario:
                Create a new project] [36mo.a.q.c.g.s.w.WrappedWebdriver[0;39m - Find_Element Execution_Time(ms):; 11; Page_URL:; http://localhost:8081/#!/dashboard;
[[39mDEBUG[0;39m] [] 14:32:39.164 [TestCaseId:] [Scenario:
                Create a new project] [36mo.a.q.c.g.s.w.WrappedWebdriver[0;39m - Finding element by: By.xpath: //button[contains(text(),'select asset type')] 
[[34mINFO [0;39m] [] 14:32:39.194 [TestCaseId:] [Scenario:
                Create a new project] [36mo.a.q.c.g.s.w.WrappedWebdriver[0;39m - Find_Element Execution_Time(ms):; 20; Page_URL:; http://localhost:8081/#!/dashboard;
[[34mINFO [0;39m] [] 14:32:39.224 [TestCaseId:] [Scenario:
                Create a new project] [36mo.a.q.c.g.s.w.WebdriverHelper[0;39m - Wait_For_Page_Update Execution_Time(ms):; 20; Page_URL:; http://localhost:8081/#!/dashboard;
[[34mINFO [0;39m] [] 14:32:39.294 [TestCaseId:] [Scenario:
                Create a new project] [36mo.a.q.c.g.s.w.WebdriverHelper[0;39m - Wait_For_Element_To_Be_Clickable Execution_Time(ms):; 60; Page_URL:; http://localhost:8081/#!/dashboard;
[[34mINFO [0;39m] [] 14:32:39.347 [TestCaseId:] [Scenario:
                Create a new project] [36mo.a.q.c.g.s.w.WebdriverHelper[0;39m - Wait_For_Page_Update Execution_Time(ms):; 7; Page_URL:; http://localhost:8081/#!/dashboard;
[[34mINFO [0;39m] [] 14:32:39.353 [TestCaseId:] [Scenario:
                Create a new project] [36mo.a.q.c.g.s.w.WebdriverHelper[0;39m - Click Execution_Time(ms):; 154; Page_URL:; http://localhost:8081/#!/dashboard;
[[39mDEBUG[0;39m] [] 14:32:39.353 [TestCaseId:] [Scenario:
                Create a new project] [36mo.a.q.c.g.s.w.WrappedWebdriver[0;39m - Finding element by: By.xpath: //ul[@class = 'dropdown-menu']//a[text()='Offshore Oil and Gas'] 
[[34mINFO [0;39m] [] 14:32:39.378 [TestCaseId:] [Scenario:
                Create a new project] [36mo.a.q.c.g.s.w.WrappedWebdriver[0;39m - Find_Element Execution_Time(ms):; 20; Page_URL:; http://localhost:8081/#!/dashboard;
[[34mINFO [0;39m] [] 14:32:39.390 [TestCaseId:] [Scenario:
                Create a new project] [36mo.a.q.c.g.s.w.WebdriverHelper[0;39m - Wait_For_Page_Update Execution_Time(ms):; 7; Page_URL:; http://localhost:8081/#!/dashboard;
[[34mINFO [0;39m] [] 14:32:39.431 [TestCaseId:] [Scenario:
                Create a new project] [36mo.a.q.c.g.s.w.WebdriverHelper[0;39m - Wait_For_Element_To_Be_Clickable Execution_Time(ms):; 40; Page_URL:; http://localhost:8081/#!/dashboard;
[[34mINFO [0;39m] [] 14:32:39.482 [TestCaseId:] [Scenario:
                Create a new project] [36mo.a.q.c.g.s.w.WebdriverHelper[0;39m - Wait_For_Page_Update Execution_Time(ms):; 6; Page_URL:; http://localhost:8081/#!/dashboard;
[[34mINFO [0;39m] [] 14:32:39.488 [TestCaseId:] [Scenario:
                Create a new project] [36mo.a.q.c.g.s.w.WebdriverHelper[0;39m - Click Execution_Time(ms):; 104; Page_URL:; http://localhost:8081/#!/dashboard;
[[39mDEBUG[0;39m] [] 14:32:39.490 [TestCaseId:] [Scenario:
                Create a new project] [36mo.a.q.c.g.s.w.WrappedWebdriver[0;39m - Finding element by: By.xpath: //div[contains(@ng-repeat, 'system')]/span[text()='oil dehydration'] 
[[34mINFO [0;39m] [] 14:32:39.509 [TestCaseId:] [Scenario:
                Create a new project] [36mo.a.q.c.g.s.w.WrappedWebdriver[0;39m - Find_Element Execution_Time(ms):; 14; Page_URL:; http://localhost:8081/#!/dashboard;
[[34mINFO [0;39m] [] 14:32:39.520 [TestCaseId:] [Scenario:
                Create a new project] [36mo.a.q.c.g.s.w.WebdriverHelper[0;39m - Wait_For_Page_Update Execution_Time(ms):; 7; Page_URL:; http://localhost:8081/#!/dashboard;
[[34mINFO [0;39m] [] 14:32:39.567 [TestCaseId:] [Scenario:
                Create a new project] [36mo.a.q.c.g.s.w.WebdriverHelper[0;39m - Wait_For_Element_To_Be_Clickable Execution_Time(ms):; 36; Page_URL:; http://localhost:8081/#!/dashboard;
[[34mINFO [0;39m] [] 14:32:39.610 [TestCaseId:] [Scenario:
                Create a new project] [36mo.a.q.c.g.s.w.WebdriverHelper[0;39m - Wait_For_Page_Update Execution_Time(ms):; 8; Page_URL:; http://localhost:8081/#!/dashboard;
[[34mINFO [0;39m] [] 14:32:39.615 [TestCaseId:] [Scenario:
                Create a new project] [36mo.a.q.c.g.s.w.WebdriverHelper[0;39m - Click Execution_Time(ms):; 101; Page_URL:; http://localhost:8081/#!/dashboard;
[[39mDEBUG[0;39m] [] 14:32:39.615 [TestCaseId:] [Scenario:
                Create a new project] [36mo.a.q.c.g.s.w.WrappedWebdriver[0;39m - Finding element by: By.xpath: //button[contains(text(),'select library')] 
[[34mINFO [0;39m] [] 14:32:39.632 [TestCaseId:] [Scenario:
                Create a new project] [36mo.a.q.c.g.s.w.WrappedWebdriver[0;39m - Find_Element Execution_Time(ms):; 13; Page_URL:; http://localhost:8081/#!/dashboard;
[[34mINFO [0;39m] [] 14:32:39.673 [TestCaseId:] [Scenario:
                Create a new project] [36mo.a.q.c.g.s.w.WebdriverHelper[0;39m - Wait_For_Page_Update Execution_Time(ms):; 31; Page_URL:; http://localhost:8081/#!/dashboard;
[[34mINFO [0;39m] [] 14:32:39.721 [TestCaseId:] [Scenario:
                Create a new project] [36mo.a.q.c.g.s.w.WebdriverHelper[0;39m - Wait_For_Element_To_Be_Clickable Execution_Time(ms):; 38; Page_URL:; http://localhost:8081/#!/dashboard;
[[34mINFO [0;39m] [] 14:32:39.767 [TestCaseId:] [Scenario:
                Create a new project] [36mo.a.q.c.g.s.w.WebdriverHelper[0;39m - Wait_For_Page_Update Execution_Time(ms):; 3; Page_URL:; http://localhost:8081/#!/dashboard;
[[34mINFO [0;39m] [] 14:32:39.771 [TestCaseId:] [Scenario:
                Create a new project] [36mo.a.q.c.g.s.w.WebdriverHelper[0;39m - Click Execution_Time(ms):; 136; Page_URL:; http://localhost:8081/#!/dashboard;
[[39mDEBUG[0;39m] [] 14:32:39.772 [TestCaseId:] [Scenario:
                Create a new project] [36mo.a.q.c.g.s.w.WrappedWebdriver[0;39m - Finding element by: By.xpath: //ul[@class = 'dropdown-menu']//a[text()='Main Library'] 
[[34mINFO [0;39m] [] 14:32:39.789 [TestCaseId:] [Scenario:
                Create a new project] [36mo.a.q.c.g.s.w.WrappedWebdriver[0;39m - Find_Element Execution_Time(ms):; 13; Page_URL:; http://localhost:8081/#!/dashboard;
[[34mINFO [0;39m] [] 14:32:39.830 [TestCaseId:] [Scenario:
                Create a new project] [36mo.a.q.c.g.s.w.WebdriverHelper[0;39m - Wait_For_Page_Update Execution_Time(ms):; 30; Page_URL:; http://localhost:8081/#!/dashboard;
[[34mINFO [0;39m] [] 14:32:39.870 [TestCaseId:] [Scenario:
                Create a new project] [36mo.a.q.c.g.s.w.WebdriverHelper[0;39m - Wait_For_Element_To_Be_Clickable Execution_Time(ms):; 30; Page_URL:; http://localhost:8081/#!/dashboard;
[[34mINFO [0;39m] [] 14:32:39.917 [TestCaseId:] [Scenario:
                Create a new project] [36mo.a.q.c.g.s.w.WebdriverHelper[0;39m - Wait_For_Page_Update Execution_Time(ms):; 3; Page_URL:; http://localhost:8081/#!/dashboard;
[[34mINFO [0;39m] [] 14:32:39.921 [TestCaseId:] [Scenario:
                Create a new project] [36mo.a.q.c.g.s.w.WebdriverHelper[0;39m - Click Execution_Time(ms):; 127; Page_URL:; http://localhost:8081/#!/dashboard;
[[39mDEBUG[0;39m] [] 14:32:39.922 [TestCaseId:] [Scenario:
                Create a new project] [36mo.a.q.c.g.s.w.WrappedWebdriver[0;39m - Finding element by: By.xpath: //button[contains(text(),'select region')] 
[[34mINFO [0;39m] [] 14:32:39.937 [TestCaseId:] [Scenario:
                Create a new project] [36mo.a.q.c.g.s.w.WrappedWebdriver[0;39m - Find_Element Execution_Time(ms):; 12; Page_URL:; http://localhost:8081/#!/dashboard;
[[34mINFO [0;39m] [] 14:32:39.944 [TestCaseId:] [Scenario:
                Create a new project] [36mo.a.q.c.g.s.w.WebdriverHelper[0;39m - Wait_For_Page_Update Execution_Time(ms):; 4; Page_URL:; http://localhost:8081/#!/dashboard;
[[34mINFO [0;39m] [] 14:32:39.991 [TestCaseId:] [Scenario:
                Create a new project] [36mo.a.q.c.g.s.w.WebdriverHelper[0;39m - Wait_For_Element_To_Be_Clickable Execution_Time(ms):; 36; Page_URL:; http://localhost:8081/#!/dashboard;
[[34mINFO [0;39m] [] 14:32:40.031 [TestCaseId:] [Scenario:
                Create a new project] [36mo.a.q.c.g.s.w.WebdriverHelper[0;39m - Wait_For_Page_Update Execution_Time(ms):; 6; Page_URL:; http://localhost:8081/#!/dashboard;
[[34mINFO [0;39m] [] 14:32:40.034 [TestCaseId:] [Scenario:
                Create a new project] [36mo.a.q.c.g.s.w.WebdriverHelper[0;39m - Click Execution_Time(ms):; 93; Page_URL:; http://localhost:8081/#!/dashboard;
[[39mDEBUG[0;39m] [] 14:32:40.034 [TestCaseId:] [Scenario:
                Create a new project] [36mo.a.q.c.g.s.w.WrappedWebdriver[0;39m - Finding element by: By.xpath: //ul[@class = 'dropdown-menu']//a[text()='USA'] 
[[34mINFO [0;39m] [] 14:32:40.050 [TestCaseId:] [Scenario:
                Create a new project] [36mo.a.q.c.g.s.w.WrappedWebdriver[0;39m - Find_Element Execution_Time(ms):; 13; Page_URL:; http://localhost:8081/#!/dashboard;
[[34mINFO [0;39m] [] 14:32:40.057 [TestCaseId:] [Scenario:
                Create a new project] [36mo.a.q.c.g.s.w.WebdriverHelper[0;39m - Wait_For_Page_Update Execution_Time(ms):; 4; Page_URL:; http://localhost:8081/#!/dashboard;
[[34mINFO [0;39m] [] 14:32:40.107 [TestCaseId:] [Scenario:
                Create a new project] [36mo.a.q.c.g.s.w.WebdriverHelper[0;39m - Wait_For_Element_To_Be_Clickable Execution_Time(ms):; 40; Page_URL:; http://localhost:8081/#!/dashboard;
[[34mINFO [0;39m] [] 14:32:40.154 [TestCaseId:] [Scenario:
                Create a new project] [36mo.a.q.c.g.s.w.WebdriverHelper[0;39m - Wait_For_Page_Update Execution_Time(ms):; 6; Page_URL:; http://localhost:8081/#!/dashboard;
[[34mINFO [0;39m] [] 14:32:40.157 [TestCaseId:] [Scenario:
                Create a new project] [36mo.a.q.c.g.s.w.WebdriverHelper[0;39m - Click Execution_Time(ms):; 104; Page_URL:; http://localhost:8081/#!/dashboard;
[[39mDEBUG[0;39m] [] 14:32:40.157 [TestCaseId:] [Scenario:
                Create a new project] [36mo.a.q.c.g.s.w.WrappedWebdriver[0;39m - Finding element by: By.xpath: //button[contains(text(),'select location')] 
[[34mINFO [0;39m] [] 14:32:40.173 [TestCaseId:] [Scenario:
                Create a new project] [36mo.a.q.c.g.s.w.WrappedWebdriver[0;39m - Find_Element Execution_Time(ms):; 12; Page_URL:; http://localhost:8081/#!/dashboard;
[[34mINFO [0;39m] [] 14:32:40.179 [TestCaseId:] [Scenario:
                Create a new project] [36mo.a.q.c.g.s.w.WebdriverHelper[0;39m - Wait_For_Page_Update Execution_Time(ms):; 4; Page_URL:; http://localhost:8081/#!/dashboard;
[[34mINFO [0;39m] [] 14:32:40.215 [TestCaseId:] [Scenario:
                Create a new project] [36mo.a.q.c.g.s.w.WebdriverHelper[0;39m - Wait_For_Element_To_Be_Clickable Execution_Time(ms):; 34; Page_URL:; http://localhost:8081/#!/dashboard;
[[34mINFO [0;39m] [] 14:32:40.260 [TestCaseId:] [Scenario:
                Create a new project] [36mo.a.q.c.g.s.w.WebdriverHelper[0;39m - Wait_For_Page_Update Execution_Time(ms):; 7; Page_URL:; http://localhost:8081/#!/dashboard;
[[34mINFO [0;39m] [] 14:32:40.264 [TestCaseId:] [Scenario:
                Create a new project] [36mo.a.q.c.g.s.w.WebdriverHelper[0;39m - Click Execution_Time(ms):; 87; Page_URL:; http://localhost:8081/#!/dashboard;
[[39mDEBUG[0;39m] [] 14:32:40.264 [TestCaseId:] [Scenario:
                Create a new project] [36mo.a.q.c.g.s.w.WrappedWebdriver[0;39m - Finding element by: By.xpath: //ul[@class = 'dropdown-menu']//a[text()='Gulf of Mexico'] 
[[34mINFO [0;39m] [] 14:32:40.280 [TestCaseId:] [Scenario:
                Create a new project] [36mo.a.q.c.g.s.w.WrappedWebdriver[0;39m - Find_Element Execution_Time(ms):; 12; Page_URL:; http://localhost:8081/#!/dashboard;
[[34mINFO [0;39m] [] 14:32:40.288 [TestCaseId:] [Scenario:
                Create a new project] [36mo.a.q.c.g.s.w.WebdriverHelper[0;39m - Wait_For_Page_Update Execution_Time(ms):; 4; Page_URL:; http://localhost:8081/#!/dashboard;
[[34mINFO [0;39m] [] 14:32:40.311 [TestCaseId:] [Scenario:
                Create a new project] [36mo.a.q.c.g.s.w.WebdriverHelper[0;39m - Wait_For_Element_To_Be_Clickable Execution_Time(ms):; 20; Page_URL:; http://localhost:8081/#!/dashboard;
[[34mINFO [0;39m] [] 14:32:40.356 [TestCaseId:] [Scenario:
                Create a new project] [36mo.a.q.c.g.s.w.WebdriverHelper[0;39m - Wait_For_Page_Update Execution_Time(ms):; 5; Page_URL:; http://localhost:8081/#!/dashboard;
[[34mINFO [0;39m] [] 14:32:40.360 [TestCaseId:] [Scenario:
                Create a new project] [36mo.a.q.c.g.s.w.WebdriverHelper[0;39m - Click Execution_Time(ms):; 76; Page_URL:; http://localhost:8081/#!/dashboard;
[[34mINFO [0;39m] [] 14:32:40.377 [TestCaseId:] [Scenario:
                Create a new project] [36mo.a.q.c.g.s.w.WebdriverHelper[0;39m - Wait_For_Page_Update Execution_Time(ms):; 13; Page_URL:; http://localhost:8081/#!/dashboard;
[[39mDEBUG[0;39m] [] 14:32:40.378 [TestCaseId:] [Scenario:
                Create a new project] [36mo.a.q.c.g.s.w.WrappedWebdriver[0;39m - Finding element by: By.className: new-project__title-input 
[[34mINFO [0;39m] [] 14:32:40.393 [TestCaseId:] [Scenario:
                Create a new project] [36mo.a.q.c.g.s.w.WrappedWebdriver[0;39m - Find_Element Execution_Time(ms):; 12; Page_URL:; http://localhost:8081/#!/dashboard;
[[39mDEBUG[0;39m] [] 14:32:40.421 [TestCaseId:] [Scenario:
                Create a new project] [36mo.a.q.c.g.s.w.WrappedWebdriver[0;39m - Finding element by: By.className: new-project__title-input 
[[34mINFO [0;39m] [] 14:32:40.441 [TestCaseId:] [Scenario:
                Create a new project] [36mo.a.q.c.g.s.w.WrappedWebdriver[0;39m - Find_Element Execution_Time(ms):; 10; Page_URL:; http://localhost:8081/#!/dashboard;
[[39mDEBUG[0;39m] [] 14:32:40.461 [TestCaseId:] [Scenario:
                Create a new project] [36mo.a.q.c.g.s.w.WrappedWebdriver[0;39m - Finding element by: By.className: new-project__title-input 
[[34mINFO [0;39m] [] 14:32:40.465 [TestCaseId:] [Scenario:
                Create a new project] [36mo.a.q.c.g.s.w.WrappedWebdriver[0;39m - Find_Element Execution_Time(ms):; 1; Page_URL:; http://localhost:8081/#!/dashboard;
[[34mINFO [0;39m] [] 14:32:40.536 [TestCaseId:] [Scenario:
                Create a new project] [36mo.a.q.c.g.s.w.WebdriverHelper[0;39m - Wait_For_Page_Update Execution_Time(ms):; 5; Page_URL:; http://localhost:8081/#!/dashboard;
[[34mINFO [0;39m] [] 14:32:40.540 [TestCaseId:] [Scenario:
                Create a new project] [36mo.a.q.c.g.s.w.WebdriverHelper[0;39m - Send_Keys Execution_Time(ms):; 175; Page_URL:; http://localhost:8081/#!/dashboard;
[[34mINFO [0;39m] [] 14:32:40.550 [TestCaseId:] [Scenario:
                Create a new project] [36mo.a.q.c.g.s.w.WebdriverHelper[0;39m - Wait_For_Page_Update Execution_Time(ms):; 6; Page_URL:; http://localhost:8081/#!/dashboard;
[[39mDEBUG[0;39m] [] 14:32:40.550 [TestCaseId:] [Scenario:
                Create a new project] [36mo.a.q.c.g.s.w.WrappedWebdriver[0;39m - Finding element by: By.className: new-project__description-input 
[[34mINFO [0;39m] [] 14:32:40.566 [TestCaseId:] [Scenario:
                Create a new project] [36mo.a.q.c.g.s.w.WrappedWebdriver[0;39m - Find_Element Execution_Time(ms):; 13; Page_URL:; http://localhost:8081/#!/dashboard;
[[39mDEBUG[0;39m] [] 14:32:40.579 [TestCaseId:] [Scenario:
                Create a new project] [36mo.a.q.c.g.s.w.WrappedWebdriver[0;39m - Finding element by: By.className: new-project__description-input 
[[34mINFO [0;39m] [] 14:32:40.589 [TestCaseId:] [Scenario:
                Create a new project] [36mo.a.q.c.g.s.w.WrappedWebdriver[0;39m - Find_Element Execution_Time(ms):; 7; Page_URL:; http://localhost:8081/#!/dashboard;
[[39mDEBUG[0;39m] [] 14:32:40.606 [TestCaseId:] [Scenario:
                Create a new project] [36mo.a.q.c.g.s.w.WrappedWebdriver[0;39m - Finding element by: By.className: new-project__description-input 
[[34mINFO [0;39m] [] 14:32:40.619 [TestCaseId:] [Scenario:
                Create a new project] [36mo.a.q.c.g.s.w.WrappedWebdriver[0;39m - Find_Element Execution_Time(ms):; 7; Page_URL:; http://localhost:8081/#!/dashboard;
[[34mINFO [0;39m] [] 14:32:40.700 [TestCaseId:] [Scenario:
                Create a new project] [36mo.a.q.c.g.s.w.WebdriverHelper[0;39m - Wait_For_Page_Update Execution_Time(ms):; 4; Page_URL:; http://localhost:8081/#!/dashboard;
[[34mINFO [0;39m] [] 14:32:40.704 [TestCaseId:] [Scenario:
                Create a new project] [36mo.a.q.c.g.s.w.WebdriverHelper[0;39m - Send_Keys Execution_Time(ms):; 159; Page_URL:; http://localhost:8081/#!/dashboard;
[[34mINFO [0;39m] [] 14:32:40.714 [TestCaseId:] [Scenario:
                Create a new project] [36mo.a.q.c.g.s.w.WebdriverHelper[0;39m - Wait_For_Page_Update Execution_Time(ms):; 5; Page_URL:; http://localhost:8081/#!/dashboard;
[[39mDEBUG[0;39m] [] 14:32:40.714 [TestCaseId:] [Scenario:
                Create a new project] [36mo.a.q.c.g.s.w.WrappedWebdriver[0;39m - Finding element by: By.className: new-project__create-button 
[[34mINFO [0;39m] [] 14:32:40.730 [TestCaseId:] [Scenario:
                Create a new project] [36mo.a.q.c.g.s.w.WrappedWebdriver[0;39m - Find_Element Execution_Time(ms):; 12; Page_URL:; http://localhost:8081/#!/dashboard;
[[39mDEBUG[0;39m] [] 14:32:40.743 [TestCaseId:] [Scenario:
                Create a new project] [36mo.a.q.c.g.s.w.WrappedWebdriver[0;39m - Finding element by: By.className: new-project__create-button 
[[34mINFO [0;39m] [] 14:32:40.754 [TestCaseId:] [Scenario:
                Create a new project] [36mo.a.q.c.g.s.w.WrappedWebdriver[0;39m - Find_Element Execution_Time(ms):; 7; Page_URL:; http://localhost:8081/#!/dashboard;
[[34mINFO [0;39m] [] 14:32:40.767 [TestCaseId:] [Scenario:
                Create a new project] [36mo.a.q.c.g.s.w.WebdriverHelper[0;39m - Wait_For_Element_To_Be_Clickable Execution_Time(ms):; 50; Page_URL:; http://localhost:8081/#!/dashboard;
[[39mDEBUG[0;39m] [] 14:32:40.767 [TestCaseId:] [Scenario:
                Create a new project] [36mo.a.q.c.g.s.w.WrappedWebdriver[0;39m - Finding element by: By.className: new-project__create-button 
[[34mINFO [0;39m] [] 14:32:40.778 [TestCaseId:] [Scenario:
                Create a new project] [36mo.a.q.c.g.s.w.WrappedWebdriver[0;39m - Find_Element Execution_Time(ms):; 8; Page_URL:; http://localhost:8081/#!/dashboard;
[[34mINFO [0;39m] [] 14:32:40.943 [TestCaseId:] [Scenario:
                Create a new project] [36mo.a.q.c.g.s.w.WebdriverHelper[0;39m - Wait_For_Page_Update Execution_Time(ms):; 46; Page_URL:; http://localhost:8081/#!/project/cc338bc4-d228-436e-9f06-0f4d39c90ae9/questionnaire;
[[34mINFO [0;39m] [] 14:32:40.949 [TestCaseId:] [Scenario:
                Create a new project] [36mo.a.q.c.g.s.w.WebdriverHelper[0;39m - Click Execution_Time(ms):; 238; Page_URL:; http://localhost:8081/#!/project/cc338bc4-d228-436e-9f06-0f4d39c90ae9/questionnaire;
[[39mDEBUG[0;39m] [] 14:32:40.950 [TestCaseId:] [Scenario:
                Create a new project] [36mo.a.q.c.g.s.a.p.AllureAttachmentsProvider[0;39m - Attach screenshot to the Allure report
[[39mDEBUG[0;39m] [] 14:32:41.398 [TestCaseId:] [Scenario:
                Create a new project] [36mo.a.q.c.g.s.w.WrappedWebdriver[0;39m - Finding element by: By.className: page-title 
[[34mINFO [0;39m] [] 14:32:41.418 [TestCaseId:] [Scenario:
                Create a new project] [36mo.a.q.c.g.s.w.WrappedWebdriver[0;39m - Find_Element Execution_Time(ms):; 10; Page_URL:; http://localhost:8081/#!/project/cc338bc4-d228-436e-9f06-0f4d39c90ae9/questionnaire;
[[34mINFO [0;39m] [] 14:32:41.468 [TestCaseId:] [Scenario:
                Create a new project] [36mo.a.q.c.g.s.w.WebdriverHelper[0;39m - Wait_For_Page_Update Execution_Time(ms):; 20; Page_URL:; http://localhost:8081/#!/project/cc338bc4-d228-436e-9f06-0f4d39c90ae9/questionnaire;
[[39mDEBUG[0;39m] [] 14:32:41.468 [TestCaseId:] [Scenario:
                Create a new project] [36mo.a.q.c.g.s.w.WrappedWebdriver[0;39m - Finding element by: By.className: save 
[[34mINFO [0;39m] [] 14:32:41.498 [TestCaseId:] [Scenario:
                Create a new project] [36mo.a.q.c.g.s.w.WrappedWebdriver[0;39m - Find_Element Execution_Time(ms):; 20; Page_URL:; http://localhost:8081/#!/project/cc338bc4-d228-436e-9f06-0f4d39c90ae9/questionnaire;
[[39mDEBUG[0;39m] [] 14:32:41.518 [TestCaseId:] [Scenario:
                Create a new project] [36mo.a.q.c.g.s.w.WrappedWebdriver[0;39m - Finding element by: By.className: save 
[[34mINFO [0;39m] [] 14:32:41.523 [TestCaseId:] [Scenario:
                Create a new project] [36mo.a.q.c.g.s.w.WrappedWebdriver[0;39m - Find_Element Execution_Time(ms):; 1; Page_URL:; http://localhost:8081/#!/project/cc338bc4-d228-436e-9f06-0f4d39c90ae9/questionnaire;
[[34mINFO [0;39m] [] 14:32:41.558 [TestCaseId:] [Scenario:
                Create a new project] [36mo.a.q.c.g.s.w.WebdriverHelper[0;39m - Wait_For_Element_To_Be_Clickable Execution_Time(ms):; 80; Page_URL:; http://localhost:8081/#!/project/cc338bc4-d228-436e-9f06-0f4d39c90ae9/questionnaire;
[[39mDEBUG[0;39m] [] 14:32:41.558 [TestCaseId:] [Scenario:
                Create a new project] [36mo.a.q.c.g.s.w.WrappedWebdriver[0;39m - Finding element by: By.className: save 
[[34mINFO [0;39m] [] 14:32:41.578 [TestCaseId:] [Scenario:
                Create a new project] [36mo.a.q.c.g.s.w.WrappedWebdriver[0;39m - Find_Element Execution_Time(ms):; 10; Page_URL:; http://localhost:8081/#!/project/cc338bc4-d228-436e-9f06-0f4d39c90ae9/questionnaire;
[[34mINFO [0;39m] [] 14:32:41.647 [TestCaseId:] [Scenario:
                Create a new project] [36mo.a.q.c.g.s.w.WebdriverHelper[0;39m - Wait_For_Page_Update Execution_Time(ms):; 32; Page_URL:; http://localhost:8081/#!/project/cc338bc4-d228-436e-9f06-0f4d39c90ae9/questionnaire;
[[34mINFO [0;39m] [] 14:32:41.656 [TestCaseId:] [Scenario:
                Create a new project] [36mo.a.q.c.g.s.w.WebdriverHelper[0;39m - Click Execution_Time(ms):; 209; Page_URL:; http://localhost:8081/#!/project/cc338bc4-d228-436e-9f06-0f4d39c90ae9/questionnaire;
[[39mDEBUG[0;39m] [] 14:32:41.667 [TestCaseId:] [Scenario:
                Create a new project] [36mo.a.q.c.g.s.w.WrappedWebdriver[0;39m - Finding elements by: By.cssSelector: .modal-content
[[34mINFO [0;39m] [] 14:32:41.684 [TestCaseId:] [Scenario:
                Create a new project] [36mo.a.q.c.g.s.w.WrappedWebdriver[0;39m - Find_Elements Execution_Time(ms):; 14; Page_URL:; http://localhost:8081/#!/project/cc338bc4-d228-436e-9f06-0f4d39c90ae9/questionnaire;
[[34mINFO [0;39m] [] 14:32:41.695 [TestCaseId:] [Scenario:
                Create a new project] [36mo.a.q.c.g.s.w.WebdriverHelper[0;39m - Wait_For_Page_Update Execution_Time(ms):; 7; Page_URL:; http://localhost:8081/#!/project/cc338bc4-d228-436e-9f06-0f4d39c90ae9/questionnaire;
[[39mDEBUG[0;39m] [] 14:32:41.695 [TestCaseId:] [Scenario:
                Create a new project] [36mo.a.q.c.g.s.w.WrappedWebdriver[0;39m - Finding element by: By.cssSelector: .modal-content .modal-title 
[[34mINFO [0;39m] [] 14:32:41.712 [TestCaseId:] [Scenario:
                Create a new project] [36mo.a.q.c.g.s.w.WrappedWebdriver[0;39m - Find_Element Execution_Time(ms):; 13; Page_URL:; http://localhost:8081/#!/project/cc338bc4-d228-436e-9f06-0f4d39c90ae9/questionnaire;
[[39mDEBUG[0;39m] [] 14:32:41.724 [TestCaseId:] [Scenario:
                Create a new project] [36mo.a.q.c.g.s.w.WrappedWebdriver[0;39m - Finding element by: By.cssSelector: .modal-content .modal-title 
[[34mINFO [0;39m] [] 14:32:41.733 [TestCaseId:] [Scenario:
                Create a new project] [36mo.a.q.c.g.s.w.WrappedWebdriver[0;39m - Find_Element Execution_Time(ms):; 6; Page_URL:; http://localhost:8081/#!/project/cc338bc4-d228-436e-9f06-0f4d39c90ae9/questionnaire;
[[34mINFO [0;39m] [] 14:32:41.755 [TestCaseId:] [Scenario:
                Create a new project] [36mo.a.q.c.g.s.w.WebdriverHelper[0;39m - Wait_For_Page_Update Execution_Time(ms):; 5; Page_URL:; http://localhost:8081/#!/project/cc338bc4-d228-436e-9f06-0f4d39c90ae9/questionnaire;
[[34mINFO [0;39m] [] 14:32:41.758 [TestCaseId:] [Scenario:
                Create a new project] [36mo.a.q.c.g.s.w.WebdriverHelper[0;39m - get_Text Execution_Time(ms):; 70; Page_URL:; http://localhost:8081/#!/project/cc338bc4-d228-436e-9f06-0f4d39c90ae9/questionnaire;
[[34mINFO [0;39m] [] 14:32:41.770 [TestCaseId:] [Scenario:
                Create a new project] [36mo.a.q.c.g.s.w.WebdriverHelper[0;39m - Wait_For_Page_Update Execution_Time(ms):; 6; Page_URL:; http://localhost:8081/#!/project/cc338bc4-d228-436e-9f06-0f4d39c90ae9/questionnaire;
[[39mDEBUG[0;39m] [] 14:32:41.770 [TestCaseId:] [Scenario:
                Create a new project] [36mo.a.q.c.g.s.w.WrappedWebdriver[0;39m - Finding element by: By.cssSelector: .modal-content .modal-body 
[[34mINFO [0;39m] [] 14:32:41.785 [TestCaseId:] [Scenario:
                Create a new project] [36mo.a.q.c.g.s.w.WrappedWebdriver[0;39m - Find_Element Execution_Time(ms):; 11; Page_URL:; http://localhost:8081/#!/project/cc338bc4-d228-436e-9f06-0f4d39c90ae9/questionnaire;
[[39mDEBUG[0;39m] [] 14:32:41.797 [TestCaseId:] [Scenario:
                Create a new project] [36mo.a.q.c.g.s.w.WrappedWebdriver[0;39m - Finding element by: By.cssSelector: .modal-content .modal-body 
[[34mINFO [0;39m] [] 14:32:41.807 [TestCaseId:] [Scenario:
                Create a new project] [36mo.a.q.c.g.s.w.WrappedWebdriver[0;39m - Find_Element Execution_Time(ms):; 6; Page_URL:; http://localhost:8081/#!/project/cc338bc4-d228-436e-9f06-0f4d39c90ae9/questionnaire;
[[34mINFO [0;39m] [] 14:32:41.827 [TestCaseId:] [Scenario:
                Create a new project] [36mo.a.q.c.g.s.w.WebdriverHelper[0;39m - Wait_For_Page_Update Execution_Time(ms):; 5; Page_URL:; http://localhost:8081/#!/project/cc338bc4-d228-436e-9f06-0f4d39c90ae9/questionnaire;
[[34mINFO [0;39m] [] 14:32:41.831 [TestCaseId:] [Scenario:
                Create a new project] [36mo.a.q.c.g.s.w.WebdriverHelper[0;39m - get_Text Execution_Time(ms):; 69; Page_URL:; http://localhost:8081/#!/project/cc338bc4-d228-436e-9f06-0f4d39c90ae9/questionnaire;
[[34mINFO [0;39m] [] 14:32:41.832 [TestCaseId:] [Scenario:
                Create a new project] [36mo.a.q.c.g.s.c.ModalWindow[0;39m - Close modal window by Ok button
[[34mINFO [0;39m] [] 14:32:41.840 [TestCaseId:] [Scenario:
                Create a new project] [36mo.a.q.c.g.s.w.WebdriverHelper[0;39m - Wait_For_Page_Update Execution_Time(ms):; 4; Page_URL:; http://localhost:8081/#!/project/cc338bc4-d228-436e-9f06-0f4d39c90ae9/questionnaire;
[[39mDEBUG[0;39m] [] 14:32:41.840 [TestCaseId:] [Scenario:
                Create a new project] [36mo.a.q.c.g.s.w.WrappedWebdriver[0;39m - Finding element by: By.cssSelector: .modal-content .modal-footer .ok 
[[34mINFO [0;39m] [] 14:32:41.856 [TestCaseId:] [Scenario:
                Create a new project] [36mo.a.q.c.g.s.w.WrappedWebdriver[0;39m - Find_Element Execution_Time(ms):; 12; Page_URL:; http://localhost:8081/#!/project/cc338bc4-d228-436e-9f06-0f4d39c90ae9/questionnaire;
[[39mDEBUG[0;39m] [] 14:32:41.869 [TestCaseId:] [Scenario:
                Create a new project] [36mo.a.q.c.g.s.w.WrappedWebdriver[0;39m - Finding element by: By.cssSelector: .modal-content .modal-footer .ok 
[[34mINFO [0;39m] [] 14:32:41.880 [TestCaseId:] [Scenario:
                Create a new project] [36mo.a.q.c.g.s.w.WrappedWebdriver[0;39m - Find_Element Execution_Time(ms):; 7; Page_URL:; http://localhost:8081/#!/project/cc338bc4-d228-436e-9f06-0f4d39c90ae9/questionnaire;
[[34mINFO [0;39m] [] 14:32:41.892 [TestCaseId:] [Scenario:
                Create a new project] [36mo.a.q.c.g.s.w.WebdriverHelper[0;39m - Wait_For_Element_To_Be_Clickable Execution_Time(ms):; 48; Page_URL:; http://localhost:8081/#!/project/cc338bc4-d228-436e-9f06-0f4d39c90ae9/questionnaire;
[[39mDEBUG[0;39m] [] 14:32:41.892 [TestCaseId:] [Scenario:
                Create a new project] [36mo.a.q.c.g.s.w.WrappedWebdriver[0;39m - Finding element by: By.cssSelector: .modal-content .modal-footer .ok 
[[34mINFO [0;39m] [] 14:32:41.900 [TestCaseId:] [Scenario:
                Create a new project] [36mo.a.q.c.g.s.w.WrappedWebdriver[0;39m - Find_Element Execution_Time(ms):; 5; Page_URL:; http://localhost:8081/#!/project/cc338bc4-d228-436e-9f06-0f4d39c90ae9/questionnaire;
[[34mINFO [0;39m] [] 14:32:41.955 [TestCaseId:] [Scenario:
                Create a new project] [36mo.a.q.c.g.s.w.WebdriverHelper[0;39m - Wait_For_Page_Update Execution_Time(ms):; 7; Page_URL:; http://localhost:8081/#!/project/cc338bc4-d228-436e-9f06-0f4d39c90ae9/questionnaire;
[[34mINFO [0;39m] [] 14:32:41.960 [TestCaseId:] [Scenario:
                Create a new project] [36mo.a.q.c.g.s.w.WebdriverHelper[0;39m - Click Execution_Time(ms):; 123; Page_URL:; http://localhost:8081/#!/project/cc338bc4-d228-436e-9f06-0f4d39c90ae9/questionnaire;
[[39mDEBUG[0;39m] [] 14:32:41.961 [TestCaseId:] [Scenario:
                Create a new project] [36mo.a.q.c.g.s.a.p.AllureAttachmentsProvider[0;39m - Attach screenshot to the Allure report
[[34mINFO [0;39m] [] 14:32:42.403 [TestCaseId:] [Scenario:
                Create a new project] [36mo.a.q.c.g.s.w.WebdriverHelper[0;39m - Wait_For_Page_Update Execution_Time(ms):; 20; Page_URL:; http://localhost:8081/#!/project/cc338bc4-d228-436e-9f06-0f4d39c90ae9/questionnaire;
[[39mDEBUG[0;39m] [] 14:32:42.403 [TestCaseId:] [Scenario:
                Create a new project] [36mo.a.q.c.g.s.w.WrappedWebdriver[0;39m - Finding element by: By.className: fa-home 
[[34mINFO [0;39m] [] 14:32:42.433 [TestCaseId:] [Scenario:
                Create a new project] [36mo.a.q.c.g.s.w.WrappedWebdriver[0;39m - Find_Element Execution_Time(ms):; 20; Page_URL:; http://localhost:8081/#!/project/cc338bc4-d228-436e-9f06-0f4d39c90ae9/questionnaire;
[[39mDEBUG[0;39m] [] 14:32:42.453 [TestCaseId:] [Scenario:
                Create a new project] [36mo.a.q.c.g.s.w.WrappedWebdriver[0;39m - Finding element by: By.className: fa-home 
[[34mINFO [0;39m] [] 14:32:42.473 [TestCaseId:] [Scenario:
                Create a new project] [36mo.a.q.c.g.s.w.WrappedWebdriver[0;39m - Find_Element Execution_Time(ms):; 10; Page_URL:; http://localhost:8081/#!/project/cc338bc4-d228-436e-9f06-0f4d39c90ae9/questionnaire;
[[34mINFO [0;39m] [] 14:32:42.493 [TestCaseId:] [Scenario:
                Create a new project] [36mo.a.q.c.g.s.w.WebdriverHelper[0;39m - Wait_For_Element_To_Be_Clickable Execution_Time(ms):; 80; Page_URL:; http://localhost:8081/#!/project/cc338bc4-d228-436e-9f06-0f4d39c90ae9/questionnaire;
[[39mDEBUG[0;39m] [] 14:32:42.493 [TestCaseId:] [Scenario:
                Create a new project] [36mo.a.q.c.g.s.w.WrappedWebdriver[0;39m - Finding element by: By.className: fa-home 
[[34mINFO [0;39m] [] 14:32:42.513 [TestCaseId:] [Scenario:
                Create a new project] [36mo.a.q.c.g.s.w.WrappedWebdriver[0;39m - Find_Element Execution_Time(ms):; 10; Page_URL:; http://localhost:8081/#!/project/cc338bc4-d228-436e-9f06-0f4d39c90ae9/questionnaire;
[[34mINFO [0;39m] [] 14:32:42.599 [TestCaseId:] [Scenario:
                Create a new project] [36mo.a.q.c.g.s.w.WebdriverHelper[0;39m - Wait_For_Page_Update Execution_Time(ms):; 7; Page_URL:; http://localhost:8081/#!/dashboard;
[[34mINFO [0;39m] [] 14:32:42.612 [TestCaseId:] [Scenario:
                Create a new project] [36mo.a.q.c.g.s.w.WebdriverHelper[0;39m - Click Execution_Time(ms):; 226; Page_URL:; http://localhost:8081/#!/dashboard;
[[39mDEBUG[0;39m] [] 14:32:42.614 [TestCaseId:] [Scenario:
                Create a new project] [36mo.a.q.c.g.s.w.WrappedWebdriver[0;39m - Finding element by: By.cssSelector: label.filter[for='all-projects'] 
[[34mINFO [0;39m] [] 14:32:42.630 [TestCaseId:] [Scenario:
                Create a new project] [36mo.a.q.c.g.s.w.WrappedWebdriver[0;39m - Find_Element Execution_Time(ms):; 13; Page_URL:; http://localhost:8081/#!/dashboard;
[[39mDEBUG[0;39m] [] 14:32:42.673 [TestCaseId:] [Scenario:
                Create a new project] [36mo.a.q.c.g.s.w.WrappedWebdriver[0;39m - Finding elements by: By.xpath: //ul[@class='projects-list']/li
[[34mINFO [0;39m] [] 14:32:42.692 [TestCaseId:] [Scenario:
                Create a new project] [36mo.a.q.c.g.s.w.WrappedWebdriver[0;39m - Find_Elements Execution_Time(ms):; 16; Page_URL:; http://localhost:8081/#!/dashboard;
[[39mDEBUG[0;39m] [] 14:32:43.023 [TestCaseId:] [Scenario:
                Create a new project] [36mo.a.q.c.g.s.w.WrappedWebdriver[0;39m - Finding elements by: By.xpath: //ul[@class='projects-list']/li
[[34mINFO [0;39m] [] 14:32:43.043 [TestCaseId:] [Scenario:
                Create a new project] [36mo.a.q.c.g.s.w.WrappedWebdriver[0;39m - Find_Elements Execution_Time(ms):; 10; Page_URL:; http://localhost:8081/#!/dashboard;
[[34mINFO [0;39m] [] 14:32:43.283 [TestCaseId:] [Scenario:
                Create a new project] [36mo.a.q.c.g.s.w.WebdriverHelper[0;39m - Wait_For_Page_Update Execution_Time(ms):; 20; Page_URL:; http://localhost:8081/#!/dashboard;
[[39mDEBUG[0;39m] [] 14:32:43.283 [TestCaseId:] [Scenario:
                Create a new project] [36mo.a.q.c.g.s.w.WrappedWebdriver[0;39m - Finding element by: By.className: logout-button 
[[34mINFO [0;39m] [] 14:32:43.333 [TestCaseId:] [Scenario:
                Create a new project] [36mo.a.q.c.g.s.w.WrappedWebdriver[0;39m - Find_Element Execution_Time(ms):; 40; Page_URL:; http://localhost:8081/#!/dashboard;
[[39mDEBUG[0;39m] [] 14:32:43.353 [TestCaseId:] [Scenario:
                Create a new project] [36mo.a.q.c.g.s.w.WrappedWebdriver[0;39m - Finding element by: By.className: logout-button 
[[34mINFO [0;39m] [] 14:32:43.393 [TestCaseId:] [Scenario:
                Create a new project] [36mo.a.q.c.g.s.w.WrappedWebdriver[0;39m - Find_Element Execution_Time(ms):; 10; Page_URL:; http://localhost:8081/#!/dashboard;
[[34mINFO [0;39m] [] 14:32:43.423 [TestCaseId:] [Scenario:
                Create a new project] [36mo.a.q.c.g.s.w.WebdriverHelper[0;39m - Wait_For_Element_To_Be_Clickable Execution_Time(ms):; 130; Page_URL:; http://localhost:8081/#!/dashboard;
[[39mDEBUG[0;39m] [] 14:32:43.423 [TestCaseId:] [Scenario:
                Create a new project] [36mo.a.q.c.g.s.w.WrappedWebdriver[0;39m - Finding element by: By.className: logout-button 
[[34mINFO [0;39m] [] 14:32:43.453 [TestCaseId:] [Scenario:
                Create a new project] [36mo.a.q.c.g.s.w.WrappedWebdriver[0;39m - Find_Element Execution_Time(ms):; 10; Page_URL:; http://localhost:8081/#!/dashboard;
[[34mINFO [0;39m] [] 14:32:43.513 [TestCaseId:] [Scenario:
                Create a new project] [36mo.a.q.c.g.s.w.WebdriverHelper[0;39m - Wait_For_Page_Update Execution_Time(ms):; 6; Page_URL:; http://localhost:8081/#!/dashboard;
[[34mINFO [0;39m] [] 14:32:43.518 [TestCaseId:] [Scenario:
                Create a new project] [36mo.a.q.c.g.s.w.WebdriverHelper[0;39m - Click Execution_Time(ms):; 261; Page_URL:; http://localhost:8081/#!/dashboard;
[[39mDEBUG[0;39m] [] 14:32:43.518 [TestCaseId:] [Scenario:
                Create a new project] [36mo.a.q.c.g.s.w.WrappedWebdriver[0;39m - Finding element by: By.cssSelector: .logout-menu li 
[[34mINFO [0;39m] [] 14:32:43.534 [TestCaseId:] [Scenario:
                Create a new project] [36mo.a.q.c.g.s.w.WrappedWebdriver[0;39m - Find_Element Execution_Time(ms):; 13; Page_URL:; http://localhost:8081/#!/dashboard;
[[34mINFO [0;39m] [] 14:32:43.560 [TestCaseId:] [Scenario:
                Create a new project] [36mo.a.q.c.g.s.w.WebdriverHelper[0;39m - Wait_For_Page_Update Execution_Time(ms):; 6; Page_URL:; http://localhost:8081/#!/dashboard;
[[34mINFO [0;39m] [] 14:32:43.584 [TestCaseId:] [Scenario:
                Create a new project] [36mo.a.q.c.g.s.w.WebdriverHelper[0;39m - Wait_For_Element_To_Be_Clickable Execution_Time(ms):; 21; Page_URL:; http://localhost:8081/#!/dashboard;
[[34mINFO [0;39m] [] 14:32:43.642 [TestCaseId:] [Scenario:
                Create a new project] [36mo.a.q.c.g.s.w.WebdriverHelper[0;39m - Wait_For_Page_Update Execution_Time(ms):; 5; Page_URL:; http://localhost:8081/#!/login;
[[34mINFO [0;39m] [] 14:32:43.646 [TestCaseId:] [Scenario:
                Create a new project] [36mo.a.q.c.g.s.w.WebdriverHelper[0;39m - Click Execution_Time(ms):; 108; Page_URL:; http://localhost:8081/#!/login;
[[39mDEBUG[0;39m] [] 14:32:43.649 [TestCaseId:] [Scenario:
                ] [36mo.a.q.c.g.s.w.WrappedWebdriver[0;39m - Driver quit
[[34mINFO [0;39m] [] 14:32:44.669 [TestCaseId:] [Scenario:
                ] [36mo.a.q.c.g.s.w.WrappedWebdriver[0;39m - Driver_Quit Execution_Time(ms):; 1020; Page_URL:; ;
