[[34mINFO [0;39m] [] 19:17:57.241 [TestCaseId:] [Scenario:
                Sign Up with correct credentials] [36mo.a.q.c.g.s.p.LoginPageObject[0;39m - Open login page
[[39mDEBUG[0;39m] [] 19:17:57.249 [TestCaseId:] [Scenario:
                Sign Up with correct credentials] [36mo.a.q.c.g.s.w.WrappedWebdriver[0;39m - Opening url: http://localhost:8081/#!/login
[[39mDEBUG[0;39m] [] 19:17:58.570 [TestCaseId:] [Scenario:
                Sign Up with correct credentials] [36mo.a.q.c.g.s.a.p.AllureAttachmentsProvider[0;39m - Attach screenshot to the Allure report
[[34mINFO [0;39m] [] 19:17:59.022 [TestCaseId:] [Scenario:
                Sign Up with correct credentials] [36mo.a.q.c.g.s.w.WrappedWebdriver[0;39m - Open_Page Execution_Time(ms):; 1768; Page_URL:; http://localhost:8081/#!/login;
[[34mINFO [0;39m] [] 19:17:59.023 [TestCaseId:] [Scenario:
                Sign Up with correct credentials] [36mo.a.q.c.g.s.p.LoginPageObject[0;39m - Set login as admin in SingIn form
[[34mINFO [0;39m] [] 19:17:59.056 [TestCaseId:] [Scenario:
                Sign Up with correct credentials] [36mo.a.q.c.g.s.w.WebdriverHelper[0;39m - Wait_For_Page_Update Execution_Time(ms):; 12; Page_URL:; http://localhost:8081/#!/login;
[[39mDEBUG[0;39m] [] 19:17:59.059 [TestCaseId:] [Scenario:
                Sign Up with correct credentials] [36mo.a.q.c.g.s.w.WrappedWebdriver[0;39m - Finding element by: By.name: login 
[[34mINFO [0;39m] [] 19:17:59.076 [TestCaseId:] [Scenario:
                Sign Up with correct credentials] [36mo.a.q.c.g.s.w.WrappedWebdriver[0;39m - Find_Element Execution_Time(ms):; 14; Page_URL:; http://localhost:8081/#!/login;
[[39mDEBUG[0;39m] [] 19:17:59.089 [TestCaseId:] [Scenario:
                Sign Up with correct credentials] [36mo.a.q.c.g.s.w.WrappedWebdriver[0;39m - Finding element by: By.name: login 
[[34mINFO [0;39m] [] 19:17:59.100 [TestCaseId:] [Scenario:
                Sign Up with correct credentials] [36mo.a.q.c.g.s.w.WrappedWebdriver[0;39m - Find_Element Execution_Time(ms):; 8; Page_URL:; http://localhost:8081/#!/login;
[[39mDEBUG[0;39m] [] 19:17:59.119 [TestCaseId:] [Scenario:
                Sign Up with correct credentials] [36mo.a.q.c.g.s.w.WrappedWebdriver[0;39m - Finding element by: By.name: login 
[[34mINFO [0;39m] [] 19:17:59.133 [TestCaseId:] [Scenario:
                Sign Up with correct credentials] [36mo.a.q.c.g.s.w.WrappedWebdriver[0;39m - Find_Element Execution_Time(ms):; 10; Page_URL:; http://localhost:8081/#!/login;
[[34mINFO [0;39m] [] 19:17:59.184 [TestCaseId:] [Scenario:
                Sign Up with correct credentials] [36mo.a.q.c.g.s.w.WebdriverHelper[0;39m - Wait_For_Page_Update Execution_Time(ms):; 4; Page_URL:; http://localhost:8081/#!/login;
[[34mINFO [0;39m] [] 19:17:59.188 [TestCaseId:] [Scenario:
                Sign Up with correct credentials] [36mo.a.q.c.g.s.w.WebdriverHelper[0;39m - Send_Keys Execution_Time(ms):; 145; Page_URL:; http://localhost:8081/#!/login;
[[34mINFO [0;39m] [] 19:17:59.196 [TestCaseId:] [Scenario:
                Sign Up with correct credentials] [36mo.a.q.c.g.s.w.WebdriverHelper[0;39m - Wait_For_Page_Update Execution_Time(ms):; 5; Page_URL:; http://localhost:8081/#!/login;
[[39mDEBUG[0;39m] [] 19:17:59.196 [TestCaseId:] [Scenario:
                Sign Up with correct credentials] [36mo.a.q.c.g.s.w.WrappedWebdriver[0;39m - Finding element by: By.name: password 
[[34mINFO [0;39m] [] 19:17:59.212 [TestCaseId:] [Scenario:
                Sign Up with correct credentials] [36mo.a.q.c.g.s.w.WrappedWebdriver[0;39m - Find_Element Execution_Time(ms):; 11; Page_URL:; http://localhost:8081/#!/login;
[[39mDEBUG[0;39m] [] 19:17:59.223 [TestCaseId:] [Scenario:
                Sign Up with correct credentials] [36mo.a.q.c.g.s.w.WrappedWebdriver[0;39m - Finding element by: By.name: password 
[[34mINFO [0;39m] [] 19:17:59.236 [TestCaseId:] [Scenario:
                Sign Up with correct credentials] [36mo.a.q.c.g.s.w.WrappedWebdriver[0;39m - Find_Element Execution_Time(ms):; 7; Page_URL:; http://localhost:8081/#!/login;
[[39mDEBUG[0;39m] [] 19:17:59.254 [TestCaseId:] [Scenario:
                Sign Up with correct credentials] [36mo.a.q.c.g.s.w.WrappedWebdriver[0;39m - Finding element by: By.name: password 
[[34mINFO [0;39m] [] 19:17:59.266 [TestCaseId:] [Scenario:
                Sign Up with correct credentials] [36mo.a.q.c.g.s.w.WrappedWebdriver[0;39m - Find_Element Execution_Time(ms):; 8; Page_URL:; http://localhost:8081/#!/login;
[[34mINFO [0;39m] [] 19:17:59.321 [TestCaseId:] [Scenario:
                Sign Up with correct credentials] [36mo.a.q.c.g.s.w.WebdriverHelper[0;39m - Wait_For_Page_Update Execution_Time(ms):; 6; Page_URL:; http://localhost:8081/#!/login;
[[34mINFO [0;39m] [] 19:17:59.325 [TestCaseId:] [Scenario:
                Sign Up with correct credentials] [36mo.a.q.c.g.s.w.WebdriverHelper[0;39m - Send_Keys Execution_Time(ms):; 133; Page_URL:; http://localhost:8081/#!/login;
[[34mINFO [0;39m] [] 19:17:59.334 [TestCaseId:] [Scenario:
                Sign Up with correct credentials] [36mo.a.q.c.g.s.w.WebdriverHelper[0;39m - Wait_For_Page_Update Execution_Time(ms):; 6; Page_URL:; http://localhost:8081/#!/login;
[[39mDEBUG[0;39m] [] 19:17:59.335 [TestCaseId:] [Scenario:
                Sign Up with correct credentials] [36mo.a.q.c.g.s.w.WrappedWebdriver[0;39m - Finding element by: By.className: login-button 
[[34mINFO [0;39m] [] 19:17:59.353 [TestCaseId:] [Scenario:
                Sign Up with correct credentials] [36mo.a.q.c.g.s.w.WrappedWebdriver[0;39m - Find_Element Execution_Time(ms):; 13; Page_URL:; http://localhost:8081/#!/login;
[[39mDEBUG[0;39m] [] 19:17:59.366 [TestCaseId:] [Scenario:
                Sign Up with correct credentials] [36mo.a.q.c.g.s.w.WrappedWebdriver[0;39m - Finding element by: By.className: login-button 
[[34mINFO [0;39m] [] 19:17:59.377 [TestCaseId:] [Scenario:
                Sign Up with correct credentials] [36mo.a.q.c.g.s.w.WrappedWebdriver[0;39m - Find_Element Execution_Time(ms):; 8; Page_URL:; http://localhost:8081/#!/login;
[[34mINFO [0;39m] [] 19:17:59.389 [TestCaseId:] [Scenario:
                Sign Up with correct credentials] [36mo.a.q.c.g.s.w.WebdriverHelper[0;39m - Wait_For_Element_To_Be_Clickable Execution_Time(ms):; 50; Page_URL:; http://localhost:8081/#!/login;
[[39mDEBUG[0;39m] [] 19:17:59.389 [TestCaseId:] [Scenario:
                Sign Up with correct credentials] [36mo.a.q.c.g.s.w.WrappedWebdriver[0;39m - Finding element by: By.className: login-button 
[[34mINFO [0;39m] [] 19:17:59.399 [TestCaseId:] [Scenario:
                Sign Up with correct credentials] [36mo.a.q.c.g.s.w.WrappedWebdriver[0;39m - Find_Element Execution_Time(ms):; 7; Page_URL:; http://localhost:8081/#!/login;
[[34mINFO [0;39m] [] 19:17:59.553 [TestCaseId:] [Scenario:
                Sign Up with correct credentials] [36mo.a.q.c.g.s.w.WebdriverHelper[0;39m - Wait_For_Page_Update Execution_Time(ms):; 88; Page_URL:; http://localhost:8081/#!/dashboard;
[[34mINFO [0;39m] [] 19:17:59.557 [TestCaseId:] [Scenario:
                Sign Up with correct credentials] [36mo.a.q.c.g.s.w.WebdriverHelper[0;39m - Click Execution_Time(ms):; 229; Page_URL:; http://localhost:8081/#!/dashboard;
[[39mDEBUG[0;39m] [] 19:17:59.558 [TestCaseId:] [Scenario:
                Sign Up with correct credentials] [36mo.a.q.c.g.s.a.p.AllureAttachmentsProvider[0;39m - Attach screenshot to the Allure report
[[34mINFO [0;39m] [] 19:17:59.986 [TestCaseId:] [Scenario:
                Sign Up with correct credentials] [36mo.a.q.c.g.s.p.LoginPageObject[0;39m - Submit SignIn form
[[34mINFO [0;39m] [] 19:17:59.997 [TestCaseId:] [Scenario:
                Sign Up with correct credentials] [36mo.a.q.c.g.s.w.WebdriverHelper[0;39m - Wait_For_Page_Update Execution_Time(ms):; 7; Page_URL:; http://localhost:8081/#!/dashboard;
[[39mDEBUG[0;39m] [] 19:17:59.997 [TestCaseId:] [Scenario:
                Sign Up with correct credentials] [36mo.a.q.c.g.s.w.WrappedWebdriver[0;39m - Finding element by: By.className: login-button 
[[34mINFO [0;39m] [] 19:18:00.011 [TestCaseId:] [Scenario:
                Sign Up with correct credentials] [36mo.a.q.c.g.s.w.WrappedWebdriver[0;39m - Find_Element Execution_Time(ms):; 11; Page_URL:; http://localhost:8081/#!/dashboard;
[[39mDEBUG[0;39m] [] 19:18:00.512 [TestCaseId:] [Scenario:
                Sign Up with correct credentials] [36mo.a.q.c.g.s.w.WrappedWebdriver[0;39m - Finding element by: By.className: login-button 
[[34mINFO [0;39m] [] 19:18:00.534 [TestCaseId:] [Scenario:
                Sign Up with correct credentials] [36mo.a.q.c.g.s.w.WrappedWebdriver[0;39m - Find_Element Execution_Time(ms):; 17; Page_URL:; http://localhost:8081/#!/dashboard;
[[39mDEBUG[0;39m] [] 19:18:01.035 [TestCaseId:] [Scenario:
                Sign Up with correct credentials] [36mo.a.q.c.g.s.w.WrappedWebdriver[0;39m - Finding element by: By.className: login-button 
[[34mINFO [0;39m] [] 19:18:01.067 [TestCaseId:] [Scenario:
                Sign Up with correct credentials] [36mo.a.q.c.g.s.w.WrappedWebdriver[0;39m - Find_Element Execution_Time(ms):; 25; Page_URL:; http://localhost:8081/#!/dashboard;
[[39mDEBUG[0;39m] [] 19:18:01.568 [TestCaseId:] [Scenario:
                Sign Up with correct credentials] [36mo.a.q.c.g.s.w.WrappedWebdriver[0;39m - Finding element by: By.className: login-button 
[[34mINFO [0;39m] [] 19:18:01.590 [TestCaseId:] [Scenario:
                Sign Up with correct credentials] [36mo.a.q.c.g.s.w.WrappedWebdriver[0;39m - Find_Element Execution_Time(ms):; 12; Page_URL:; http://localhost:8081/#!/dashboard;
[[39mDEBUG[0;39m] [] 19:18:02.090 [TestCaseId:] [Scenario:
                Sign Up with correct credentials] [36mo.a.q.c.g.s.w.WrappedWebdriver[0;39m - Finding element by: By.className: login-button 
[[34mINFO [0;39m] [] 19:18:02.143 [TestCaseId:] [Scenario:
                Sign Up with correct credentials] [36mo.a.q.c.g.s.w.WrappedWebdriver[0;39m - Find_Element Execution_Time(ms):; 32; Page_URL:; http://localhost:8081/#!/dashboard;
[[39mDEBUG[0;39m] [] 19:18:02.643 [TestCaseId:] [Scenario:
                Sign Up with correct credentials] [36mo.a.q.c.g.s.w.WrappedWebdriver[0;39m - Finding element by: By.className: login-button 
[[34mINFO [0;39m] [] 19:18:02.671 [TestCaseId:] [Scenario:
                Sign Up with correct credentials] [36mo.a.q.c.g.s.w.WrappedWebdriver[0;39m - Find_Element Execution_Time(ms):; 19; Page_URL:; http://localhost:8081/#!/dashboard;
[[39mDEBUG[0;39m] [] 19:18:03.172 [TestCaseId:] [Scenario:
                Sign Up with correct credentials] [36mo.a.q.c.g.s.w.WrappedWebdriver[0;39m - Finding element by: By.className: login-button 
[[34mINFO [0;39m] [] 19:18:03.184 [TestCaseId:] [Scenario:
                Sign Up with correct credentials] [36mo.a.q.c.g.s.w.WrappedWebdriver[0;39m - Find_Element Execution_Time(ms):; 8; Page_URL:; http://localhost:8081/#!/dashboard;
[[39mDEBUG[0;39m] [] 19:18:03.684 [TestCaseId:] [Scenario:
                Sign Up with correct credentials] [36mo.a.q.c.g.s.w.WrappedWebdriver[0;39m - Finding element by: By.className: login-button 
[[34mINFO [0;39m] [] 19:18:03.717 [TestCaseId:] [Scenario:
                Sign Up with correct credentials] [36mo.a.q.c.g.s.w.WrappedWebdriver[0;39m - Find_Element Execution_Time(ms):; 23; Page_URL:; http://localhost:8081/#!/dashboard;
[[39mDEBUG[0;39m] [] 19:18:04.218 [TestCaseId:] [Scenario:
                Sign Up with correct credentials] [36mo.a.q.c.g.s.w.WrappedWebdriver[0;39m - Finding element by: By.className: login-button 
[[34mINFO [0;39m] [] 19:18:04.251 [TestCaseId:] [Scenario:
                Sign Up with correct credentials] [36mo.a.q.c.g.s.w.WrappedWebdriver[0;39m - Find_Element Execution_Time(ms):; 22; Page_URL:; http://localhost:8081/#!/dashboard;
[[39mDEBUG[0;39m] [] 19:18:04.752 [TestCaseId:] [Scenario:
                Sign Up with correct credentials] [36mo.a.q.c.g.s.w.WrappedWebdriver[0;39m - Finding element by: By.className: login-button 
[[34mINFO [0;39m] [] 19:18:04.762 [TestCaseId:] [Scenario:
                Sign Up with correct credentials] [36mo.a.q.c.g.s.w.WrappedWebdriver[0;39m - Find_Element Execution_Time(ms):; 7; Page_URL:; http://localhost:8081/#!/dashboard;
[[39mDEBUG[0;39m] [] 19:18:05.262 [TestCaseId:] [Scenario:
                Sign Up with correct credentials] [36mo.a.q.c.g.s.w.WrappedWebdriver[0;39m - Finding element by: By.className: login-button 
[[34mINFO [0;39m] [] 19:18:05.298 [TestCaseId:] [Scenario:
                Sign Up with correct credentials] [36mo.a.q.c.g.s.w.WrappedWebdriver[0;39m - Find_Element Execution_Time(ms):; 25; Page_URL:; http://localhost:8081/#!/dashboard;
[[39mDEBUG[0;39m] [] 19:18:05.798 [TestCaseId:] [Scenario:
                Sign Up with correct credentials] [36mo.a.q.c.g.s.w.WrappedWebdriver[0;39m - Finding element by: By.className: login-button 
[[34mINFO [0;39m] [] 19:18:05.835 [TestCaseId:] [Scenario:
                Sign Up with correct credentials] [36mo.a.q.c.g.s.w.WrappedWebdriver[0;39m - Find_Element Execution_Time(ms):; 26; Page_URL:; http://localhost:8081/#!/dashboard;
[[39mDEBUG[0;39m] [] 19:18:06.335 [TestCaseId:] [Scenario:
                Sign Up with correct credentials] [36mo.a.q.c.g.s.w.WrappedWebdriver[0;39m - Finding element by: By.className: login-button 
[[34mINFO [0;39m] [] 19:18:06.373 [TestCaseId:] [Scenario:
                Sign Up with correct credentials] [36mo.a.q.c.g.s.w.WrappedWebdriver[0;39m - Find_Element Execution_Time(ms):; 26; Page_URL:; http://localhost:8081/#!/dashboard;
[[39mDEBUG[0;39m] [] 19:18:06.874 [TestCaseId:] [Scenario:
                Sign Up with correct credentials] [36mo.a.q.c.g.s.w.WrappedWebdriver[0;39m - Finding element by: By.className: login-button 
[[34mINFO [0;39m] [] 19:18:06.913 [TestCaseId:] [Scenario:
                Sign Up with correct credentials] [36mo.a.q.c.g.s.w.WrappedWebdriver[0;39m - Find_Element Execution_Time(ms):; 27; Page_URL:; http://localhost:8081/#!/dashboard;
[[39mDEBUG[0;39m] [] 19:18:07.413 [TestCaseId:] [Scenario:
                Sign Up with correct credentials] [36mo.a.q.c.g.s.w.WrappedWebdriver[0;39m - Finding element by: By.className: login-button 
[[34mINFO [0;39m] [] 19:18:07.446 [TestCaseId:] [Scenario:
                Sign Up with correct credentials] [36mo.a.q.c.g.s.w.WrappedWebdriver[0;39m - Find_Element Execution_Time(ms):; 25; Page_URL:; http://localhost:8081/#!/dashboard;
[[39mDEBUG[0;39m] [] 19:18:07.447 [TestCaseId:] [Scenario:
                Sign Up with correct credentials] [36mo.a.q.c.g.s.w.WrappedWebdriver[0;39m - Finding element by: By.className: login-button 
[[34mINFO [0;39m] [] 19:18:07.475 [TestCaseId:] [Scenario:
                Sign Up with correct credentials] [36mo.a.q.c.g.s.w.WrappedWebdriver[0;39m - Find_Element Execution_Time(ms):; 18; Page_URL:; http://localhost:8081/#!/dashboard;
[[34mINFO [0;39m] [] 19:18:07.484 [TestCaseId:] [Scenario:
                Sign Up with correct credentials] [36mo.a.q.c.g.s.w.WebdriverHelper[0;39m - Wait_For_Element_To_Be_Clickable Execution_Time(ms):; 7479; Page_URL:; http://localhost:8081/#!/dashboard;
[[39mDEBUG[0;39m] [] 19:18:07.484 [TestCaseId:] [Scenario:
                Sign Up with correct credentials] [36mo.a.q.c.g.s.a.p.AllureAttachmentsProvider[0;39m - Attach screenshot to the Allure report
[[34mINFO [0;39m] [] 19:18:07.833 [TestCaseId:] [Scenario:
                Sign Up with correct credentials] [36mo.a.q.c.g.s.w.WebdriverHelper[0;39m - Click Execution_Time(ms):; 7844; Page_URL:; http://localhost:8081/#!/dashboard;
[[39mDEBUG[0;39m] [] 19:18:07.834 [TestCaseId:] [Scenario:
                Sign Up with correct credentials] [36mo.a.q.c.g.s.a.p.AllureAttachmentsProvider[0;39m - Attach screenshot to the Allure report
[[39mDEBUG[0;39m] [] 19:18:08.205 [TestCaseId:] [Scenario:
                Sign Up with correct credentials] [36mo.a.q.c.g.s.a.p.AllureAttachmentsProvider[0;39m - Attach screenshot to the Allure report
[[39mDEBUG[0;39m] [] 19:18:08.577 [TestCaseId:] [Scenario:
                Sign Up with correct credentials] [36mo.a.q.c.g.s.w.WrappedWebdriver[0;39m - Finding element by: By.className: .page-title 
[[34mINFO [0;39m] [] 19:18:08.594 [TestCaseId:] [Scenario:
                Sign Up with correct credentials] [36mo.a.q.c.g.s.w.WrappedWebdriver[0;39m - Find_Element Execution_Time(ms):; 12; Page_URL:; http://localhost:8081/#!/dashboard;
[[34mINFO [0;39m] [] 19:18:08.620 [TestCaseId:] [Scenario:
                Sign Up with correct credentials] [36mo.a.q.c.g.s.w.WebdriverHelper[0;39m - Wait_For_Page_Update Execution_Time(ms):; 4; Page_URL:; http://localhost:8081/#!/dashboard;
[[39mDEBUG[0;39m] [] 19:18:08.620 [TestCaseId:] [Scenario:
                Sign Up with correct credentials] [36mo.a.q.c.g.s.w.WrappedWebdriver[0;39m - Finding element by: By.className: logout-button 
[[34mINFO [0;39m] [] 19:18:08.648 [TestCaseId:] [Scenario:
                Sign Up with correct credentials] [36mo.a.q.c.g.s.w.WrappedWebdriver[0;39m - Find_Element Execution_Time(ms):; 22; Page_URL:; http://localhost:8081/#!/dashboard;
[[39mDEBUG[0;39m] [] 19:18:08.661 [TestCaseId:] [Scenario:
                Sign Up with correct credentials] [36mo.a.q.c.g.s.w.WrappedWebdriver[0;39m - Finding element by: By.className: logout-button 
[[34mINFO [0;39m] [] 19:18:08.672 [TestCaseId:] [Scenario:
                Sign Up with correct credentials] [36mo.a.q.c.g.s.w.WrappedWebdriver[0;39m - Find_Element Execution_Time(ms):; 7; Page_URL:; http://localhost:8081/#!/dashboard;
[[34mINFO [0;39m] [] 19:18:08.684 [TestCaseId:] [Scenario:
                Sign Up with correct credentials] [36mo.a.q.c.g.s.w.WebdriverHelper[0;39m - Wait_For_Element_To_Be_Clickable Execution_Time(ms):; 61; Page_URL:; http://localhost:8081/#!/dashboard;
[[39mDEBUG[0;39m] [] 19:18:08.684 [TestCaseId:] [Scenario:
                Sign Up with correct credentials] [36mo.a.q.c.g.s.w.WrappedWebdriver[0;39m - Finding element by: By.className: logout-button 
[[34mINFO [0;39m] [] 19:18:08.694 [TestCaseId:] [Scenario:
                Sign Up with correct credentials] [36mo.a.q.c.g.s.w.WrappedWebdriver[0;39m - Find_Element Execution_Time(ms):; 6; Page_URL:; http://localhost:8081/#!/dashboard;
[[34mINFO [0;39m] [] 19:18:08.741 [TestCaseId:] [Scenario:
                Sign Up with correct credentials] [36mo.a.q.c.g.s.w.WebdriverHelper[0;39m - Wait_For_Page_Update Execution_Time(ms):; 7; Page_URL:; http://localhost:8081/#!/dashboard;
[[34mINFO [0;39m] [] 19:18:08.746 [TestCaseId:] [Scenario:
                Sign Up with correct credentials] [36mo.a.q.c.g.s.w.WebdriverHelper[0;39m - Click Execution_Time(ms):; 128; Page_URL:; http://localhost:8081/#!/dashboard;
[[39mDEBUG[0;39m] [] 19:18:08.747 [TestCaseId:] [Scenario:
                Sign Up with correct credentials] [36mo.a.q.c.g.s.w.WrappedWebdriver[0;39m - Finding element by: By.cssSelector: .logout-menu li 
[[34mINFO [0;39m] [] 19:18:08.768 [TestCaseId:] [Scenario:
                Sign Up with correct credentials] [36mo.a.q.c.g.s.w.WrappedWebdriver[0;39m - Find_Element Execution_Time(ms):; 17; Page_URL:; http://localhost:8081/#!/dashboard;
[[34mINFO [0;39m] [] 19:18:08.780 [TestCaseId:] [Scenario:
                Sign Up with correct credentials] [36mo.a.q.c.g.s.w.WebdriverHelper[0;39m - Wait_For_Page_Update Execution_Time(ms):; 7; Page_URL:; http://localhost:8081/#!/dashboard;
[[34mINFO [0;39m] [] 19:18:08.809 [TestCaseId:] [Scenario:
                Sign Up with correct credentials] [36mo.a.q.c.g.s.w.WebdriverHelper[0;39m - Wait_For_Element_To_Be_Clickable Execution_Time(ms):; 23; Page_URL:; http://localhost:8081/#!/dashboard;
[[34mINFO [0;39m] [] 19:18:08.864 [TestCaseId:] [Scenario:
                Sign Up with correct credentials] [36mo.a.q.c.g.s.w.WebdriverHelper[0;39m - Wait_For_Page_Update Execution_Time(ms):; 8; Page_URL:; http://localhost:8081/#!/dashboard;
[[34mINFO [0;39m] [] 19:18:08.868 [TestCaseId:] [Scenario:
                Sign Up with correct credentials] [36mo.a.q.c.g.s.w.WebdriverHelper[0;39m - Click Execution_Time(ms):; 96; Page_URL:; http://localhost:8081/#!/dashboard;
[[34mINFO [0;39m] [] 19:18:08.871 [TestCaseId:] [Scenario:
                Sign Up with fake credentials] [36mo.a.q.c.g.s.p.LoginPageObject[0;39m - Open login page
[[39mDEBUG[0;39m] [] 19:18:08.872 [TestCaseId:] [Scenario:
                Sign Up with fake credentials] [36mo.a.q.c.g.s.w.WrappedWebdriver[0;39m - Opening url: http://localhost:8081/#!/login
