[[34mINFO [0;39m] [] 18:16:33.490 [TestCaseId:] [Scenario:
                Sign Up with correct credentials] [36mo.a.q.c.s.p.LoginPageObject[0;39m - Open login page
[[39mDEBUG[0;39m] [] 18:16:33.490 [TestCaseId:] [Scenario:
                Sign Up with correct credentials] [36mo.a.q.c.s.w.WrappedWebdriver[0;39m - Opening url: http://localhost:8081/#!/login
[[39mDEBUG[0;39m] [] 18:16:36.573 [TestCaseId:] [Scenario:
                Sign Up with correct credentials] [36mo.a.q.c.s.a.p.AllureAttachmentsProvider[0;39m - Attach screenshot to the Allure report
[[34mINFO [0;39m] [] 18:16:37.058 [TestCaseId:] [Scenario:
                Sign Up with correct credentials] [36mo.a.q.c.s.w.WrappedWebdriver[0;39m - Open_Page Execution_Time(ms):; 3558; Page_URL:; http://localhost:8081/#!/login;
[[34mINFO [0;39m] [] 18:16:37.059 [TestCaseId:] [Scenario:
                Sign Up with correct credentials] [36mo.a.q.c.s.p.LoginPageObject[0;39m - Set login as admin in SingIn form
[[34mINFO [0;39m] [] 18:16:37.122 [TestCaseId:] [Scenario:
                Sign Up with correct credentials] [36mo.a.q.c.s.w.WebdriverHelper[0;39m - Wait_For_Page_Update Execution_Time(ms):; 20; Page_URL:; http://localhost:8081/#!/login;
[[39mDEBUG[0;39m] [] 18:16:37.122 [TestCaseId:] [Scenario:
                Sign Up with correct credentials] [36mo.a.q.c.s.w.WrappedWebdriver[0;39m - Finding element by: By.name: login 
[[34mINFO [0;39m] [] 18:16:37.152 [TestCaseId:] [Scenario:
                Sign Up with correct credentials] [36mo.a.q.c.s.w.WrappedWebdriver[0;39m - Find_Element Execution_Time(ms):; 20; Page_URL:; http://localhost:8081/#!/login;
[[39mDEBUG[0;39m] [] 18:16:37.172 [TestCaseId:] [Scenario:
                Sign Up with correct credentials] [36mo.a.q.c.s.w.WrappedWebdriver[0;39m - Finding element by: By.name: login 
[[34mINFO [0;39m] [] 18:16:37.192 [TestCaseId:] [Scenario:
                Sign Up with correct credentials] [36mo.a.q.c.s.w.WrappedWebdriver[0;39m - Find_Element Execution_Time(ms):; 10; Page_URL:; http://localhost:8081/#!/login;
[[39mDEBUG[0;39m] [] 18:16:37.212 [TestCaseId:] [Scenario:
                Sign Up with correct credentials] [36mo.a.q.c.s.w.WrappedWebdriver[0;39m - Finding element by: By.name: login 
[[34mINFO [0;39m] [] 18:16:37.217 [TestCaseId:] [Scenario:
                Sign Up with correct credentials] [36mo.a.q.c.s.w.WrappedWebdriver[0;39m - Find_Element Execution_Time(ms):; 1; Page_URL:; http://localhost:8081/#!/login;
[[34mINFO [0;39m] [] 18:16:37.273 [TestCaseId:] [Scenario:
                Sign Up with correct credentials] [36mo.a.q.c.s.w.WebdriverHelper[0;39m - Wait_For_Page_Update Execution_Time(ms):; 5; Page_URL:; http://localhost:8081/#!/login;
[[34mINFO [0;39m] [] 18:16:37.277 [TestCaseId:] [Scenario:
                Sign Up with correct credentials] [36mo.a.q.c.s.w.WebdriverHelper[0;39m - Send_Keys Execution_Time(ms):; 181; Page_URL:; http://localhost:8081/#!/login;
[[34mINFO [0;39m] [] 18:16:37.288 [TestCaseId:] [Scenario:
                Sign Up with correct credentials] [36mo.a.q.c.s.w.WebdriverHelper[0;39m - Wait_For_Page_Update Execution_Time(ms):; 5; Page_URL:; http://localhost:8081/#!/login;
[[39mDEBUG[0;39m] [] 18:16:37.288 [TestCaseId:] [Scenario:
                Sign Up with correct credentials] [36mo.a.q.c.s.w.WrappedWebdriver[0;39m - Finding element by: By.name: password 
[[34mINFO [0;39m] [] 18:16:37.322 [TestCaseId:] [Scenario:
                Sign Up with correct credentials] [36mo.a.q.c.s.w.WrappedWebdriver[0;39m - Find_Element Execution_Time(ms):; 13; Page_URL:; http://localhost:8081/#!/login;
[[39mDEBUG[0;39m] [] 18:16:37.342 [TestCaseId:] [Scenario:
                Sign Up with correct credentials] [36mo.a.q.c.s.w.WrappedWebdriver[0;39m - Finding element by: By.name: password 
[[34mINFO [0;39m] [] 18:16:37.362 [TestCaseId:] [Scenario:
                Sign Up with correct credentials] [36mo.a.q.c.s.w.WrappedWebdriver[0;39m - Find_Element Execution_Time(ms):; 10; Page_URL:; http://localhost:8081/#!/login;
[[39mDEBUG[0;39m] [] 18:16:37.382 [TestCaseId:] [Scenario:
                Sign Up with correct credentials] [36mo.a.q.c.s.w.WrappedWebdriver[0;39m - Finding element by: By.name: password 
[[34mINFO [0;39m] [] 18:16:37.387 [TestCaseId:] [Scenario:
                Sign Up with correct credentials] [36mo.a.q.c.s.w.WrappedWebdriver[0;39m - Find_Element Execution_Time(ms):; 1; Page_URL:; http://localhost:8081/#!/login;
[[34mINFO [0;39m] [] 18:16:37.433 [TestCaseId:] [Scenario:
                Sign Up with correct credentials] [36mo.a.q.c.s.w.WebdriverHelper[0;39m - Wait_For_Page_Update Execution_Time(ms):; 4; Page_URL:; http://localhost:8081/#!/login;
[[34mINFO [0;39m] [] 18:16:37.436 [TestCaseId:] [Scenario:
                Sign Up with correct credentials] [36mo.a.q.c.s.w.WebdriverHelper[0;39m - Send_Keys Execution_Time(ms):; 155; Page_URL:; http://localhost:8081/#!/login;
[[34mINFO [0;39m] [] 18:16:37.445 [TestCaseId:] [Scenario:
                Sign Up with correct credentials] [36mo.a.q.c.s.w.WebdriverHelper[0;39m - Wait_For_Page_Update Execution_Time(ms):; 5; Page_URL:; http://localhost:8081/#!/login;
[[39mDEBUG[0;39m] [] 18:16:37.445 [TestCaseId:] [Scenario:
                Sign Up with correct credentials] [36mo.a.q.c.s.w.WrappedWebdriver[0;39m - Finding element by: By.className: login-button 
[[34mINFO [0;39m] [] 18:16:37.461 [TestCaseId:] [Scenario:
                Sign Up with correct credentials] [36mo.a.q.c.s.w.WrappedWebdriver[0;39m - Find_Element Execution_Time(ms):; 13; Page_URL:; http://localhost:8081/#!/login;
[[39mDEBUG[0;39m] [] 18:16:37.474 [TestCaseId:] [Scenario:
                Sign Up with correct credentials] [36mo.a.q.c.s.w.WrappedWebdriver[0;39m - Finding element by: By.className: login-button 
[[34mINFO [0;39m] [] 18:16:37.485 [TestCaseId:] [Scenario:
                Sign Up with correct credentials] [36mo.a.q.c.s.w.WrappedWebdriver[0;39m - Find_Element Execution_Time(ms):; 6; Page_URL:; http://localhost:8081/#!/login;
[[34mINFO [0;39m] [] 18:16:37.499 [TestCaseId:] [Scenario:
                Sign Up with correct credentials] [36mo.a.q.c.s.w.WebdriverHelper[0;39m - Wait_For_Element_To_Be_Clickable Execution_Time(ms):; 51; Page_URL:; http://localhost:8081/#!/login;
[[39mDEBUG[0;39m] [] 18:16:37.500 [TestCaseId:] [Scenario:
                Sign Up with correct credentials] [36mo.a.q.c.s.w.WrappedWebdriver[0;39m - Finding element by: By.className: login-button 
[[34mINFO [0;39m] [] 18:16:37.510 [TestCaseId:] [Scenario:
                Sign Up with correct credentials] [36mo.a.q.c.s.w.WrappedWebdriver[0;39m - Find_Element Execution_Time(ms):; 6; Page_URL:; http://localhost:8081/#!/login;
[[34mINFO [0;39m] [] 18:16:37.657 [TestCaseId:] [Scenario:
                Sign Up with correct credentials] [36mo.a.q.c.s.w.WebdriverHelper[0;39m - Wait_For_Page_Update Execution_Time(ms):; 58; Page_URL:; http://localhost:8081/#!/dashboard;
[[34mINFO [0;39m] [] 18:16:37.665 [TestCaseId:] [Scenario:
                Sign Up with correct credentials] [36mo.a.q.c.s.w.WebdriverHelper[0;39m - Click Execution_Time(ms):; 220; Page_URL:; http://localhost:8081/#!/dashboard;
[[39mDEBUG[0;39m] [] 18:16:37.666 [TestCaseId:] [Scenario:
                Sign Up with correct credentials] [36mo.a.q.c.s.a.p.AllureAttachmentsProvider[0;39m - Attach screenshot to the Allure report
[[34mINFO [0;39m] [] 18:16:38.179 [TestCaseId:] [Scenario:
                Sign Up with correct credentials] [36mo.a.q.c.s.p.LoginPageObject[0;39m - Submit SignIn form
[[34mINFO [0;39m] [] 18:16:38.209 [TestCaseId:] [Scenario:
                Sign Up with correct credentials] [36mo.a.q.c.s.w.WebdriverHelper[0;39m - Wait_For_Page_Update Execution_Time(ms):; 20; Page_URL:; http://localhost:8081/#!/dashboard;
[[39mDEBUG[0;39m] [] 18:16:38.209 [TestCaseId:] [Scenario:
                Sign Up with correct credentials] [36mo.a.q.c.s.w.WrappedWebdriver[0;39m - Finding element by: By.className: login-button 
[[34mINFO [0;39m] [] 18:16:38.239 [TestCaseId:] [Scenario:
                Sign Up with correct credentials] [36mo.a.q.c.s.w.WrappedWebdriver[0;39m - Find_Element Execution_Time(ms):; 20; Page_URL:; http://localhost:8081/#!/dashboard;
[[39mDEBUG[0;39m] [] 18:16:38.739 [TestCaseId:] [Scenario:
                Sign Up with correct credentials] [36mo.a.q.c.s.w.WrappedWebdriver[0;39m - Finding element by: By.className: login-button 
[[34mINFO [0;39m] [] 18:16:38.779 [TestCaseId:] [Scenario:
                Sign Up with correct credentials] [36mo.a.q.c.s.w.WrappedWebdriver[0;39m - Find_Element Execution_Time(ms):; 30; Page_URL:; http://localhost:8081/#!/dashboard;
[[39mDEBUG[0;39m] [] 18:16:39.279 [TestCaseId:] [Scenario:
                Sign Up with correct credentials] [36mo.a.q.c.s.w.WrappedWebdriver[0;39m - Finding element by: By.className: login-button 
[[34mINFO [0;39m] [] 18:16:39.319 [TestCaseId:] [Scenario:
                Sign Up with correct credentials] [36mo.a.q.c.s.w.WrappedWebdriver[0;39m - Find_Element Execution_Time(ms):; 30; Page_URL:; http://localhost:8081/#!/dashboard;
[[39mDEBUG[0;39m] [] 18:16:39.824 [TestCaseId:] [Scenario:
                Sign Up with correct credentials] [36mo.a.q.c.s.w.WrappedWebdriver[0;39m - Finding element by: By.className: login-button 
[[34mINFO [0;39m] [] 18:16:39.874 [TestCaseId:] [Scenario:
                Sign Up with correct credentials] [36mo.a.q.c.s.w.WrappedWebdriver[0;39m - Find_Element Execution_Time(ms):; 30; Page_URL:; http://localhost:8081/#!/dashboard;
[[39mDEBUG[0;39m] [] 18:16:40.374 [TestCaseId:] [Scenario:
                Sign Up with correct credentials] [36mo.a.q.c.s.w.WrappedWebdriver[0;39m - Finding element by: By.className: login-button 
[[34mINFO [0;39m] [] 18:16:40.424 [TestCaseId:] [Scenario:
                Sign Up with correct credentials] [36mo.a.q.c.s.w.WrappedWebdriver[0;39m - Find_Element Execution_Time(ms):; 30; Page_URL:; http://localhost:8081/#!/dashboard;
[[39mDEBUG[0;39m] [] 18:16:40.925 [TestCaseId:] [Scenario:
                Sign Up with correct credentials] [36mo.a.q.c.s.w.WrappedWebdriver[0;39m - Finding element by: By.className: login-button 
[[34mINFO [0;39m] [] 18:16:40.975 [TestCaseId:] [Scenario:
                Sign Up with correct credentials] [36mo.a.q.c.s.w.WrappedWebdriver[0;39m - Find_Element Execution_Time(ms):; 40; Page_URL:; http://localhost:8081/#!/dashboard;
[[39mDEBUG[0;39m] [] 18:16:41.476 [TestCaseId:] [Scenario:
                Sign Up with correct credentials] [36mo.a.q.c.s.w.WrappedWebdriver[0;39m - Finding element by: By.className: login-button 
[[34mINFO [0;39m] [] 18:16:41.507 [TestCaseId:] [Scenario:
                Sign Up with correct credentials] [36mo.a.q.c.s.w.WrappedWebdriver[0;39m - Find_Element Execution_Time(ms):; 30; Page_URL:; http://localhost:8081/#!/dashboard;
[[39mDEBUG[0;39m] [] 18:16:42.016 [TestCaseId:] [Scenario:
                Sign Up with correct credentials] [36mo.a.q.c.s.w.WrappedWebdriver[0;39m - Finding element by: By.className: login-button 
[[34mINFO [0;39m] [] 18:16:42.066 [TestCaseId:] [Scenario:
                Sign Up with correct credentials] [36mo.a.q.c.s.w.WrappedWebdriver[0;39m - Find_Element Execution_Time(ms):; 30; Page_URL:; http://localhost:8081/#!/dashboard;
[[39mDEBUG[0;39m] [] 18:16:42.572 [TestCaseId:] [Scenario:
                Sign Up with correct credentials] [36mo.a.q.c.s.w.WrappedWebdriver[0;39m - Finding element by: By.className: login-button 
[[34mINFO [0;39m] [] 18:16:42.614 [TestCaseId:] [Scenario:
                Sign Up with correct credentials] [36mo.a.q.c.s.w.WrappedWebdriver[0;39m - Find_Element Execution_Time(ms):; 21; Page_URL:; http://localhost:8081/#!/dashboard;
[[39mDEBUG[0;39m] [] 18:16:43.119 [TestCaseId:] [Scenario:
                Sign Up with correct credentials] [36mo.a.q.c.s.w.WrappedWebdriver[0;39m - Finding element by: By.className: login-button 
[[34mINFO [0;39m] [] 18:16:43.169 [TestCaseId:] [Scenario:
                Sign Up with correct credentials] [36mo.a.q.c.s.w.WrappedWebdriver[0;39m - Find_Element Execution_Time(ms):; 30; Page_URL:; http://localhost:8081/#!/dashboard;
[[39mDEBUG[0;39m] [] 18:16:43.675 [TestCaseId:] [Scenario:
                Sign Up with correct credentials] [36mo.a.q.c.s.w.WrappedWebdriver[0;39m - Finding element by: By.className: login-button 
[[34mINFO [0;39m] [] 18:16:43.725 [TestCaseId:] [Scenario:
                Sign Up with correct credentials] [36mo.a.q.c.s.w.WrappedWebdriver[0;39m - Find_Element Execution_Time(ms):; 30; Page_URL:; http://localhost:8081/#!/dashboard;
[[39mDEBUG[0;39m] [] 18:16:44.226 [TestCaseId:] [Scenario:
                Sign Up with correct credentials] [36mo.a.q.c.s.w.WrappedWebdriver[0;39m - Finding element by: By.className: login-button 
[[34mINFO [0;39m] [] 18:16:44.276 [TestCaseId:] [Scenario:
                Sign Up with correct credentials] [36mo.a.q.c.s.w.WrappedWebdriver[0;39m - Find_Element Execution_Time(ms):; 30; Page_URL:; http://localhost:8081/#!/dashboard;
[[39mDEBUG[0;39m] [] 18:16:44.783 [TestCaseId:] [Scenario:
                Sign Up with correct credentials] [36mo.a.q.c.s.w.WrappedWebdriver[0;39m - Finding element by: By.className: login-button 
[[34mINFO [0;39m] [] 18:16:44.813 [TestCaseId:] [Scenario:
                Sign Up with correct credentials] [36mo.a.q.c.s.w.WrappedWebdriver[0;39m - Find_Element Execution_Time(ms):; 20; Page_URL:; http://localhost:8081/#!/dashboard;
[[39mDEBUG[0;39m] [] 18:16:45.313 [TestCaseId:] [Scenario:
                Sign Up with correct credentials] [36mo.a.q.c.s.w.WrappedWebdriver[0;39m - Finding element by: By.className: login-button 
[[34mINFO [0;39m] [] 18:16:45.363 [TestCaseId:] [Scenario:
                Sign Up with correct credentials] [36mo.a.q.c.s.w.WrappedWebdriver[0;39m - Find_Element Execution_Time(ms):; 30; Page_URL:; http://localhost:8081/#!/dashboard;
[[39mDEBUG[0;39m] [] 18:16:45.373 [TestCaseId:] [Scenario:
                Sign Up with correct credentials] [36mo.a.q.c.s.w.WrappedWebdriver[0;39m - Finding element by: By.className: login-button 
[[34mINFO [0;39m] [] 18:16:45.403 [TestCaseId:] [Scenario:
                Sign Up with correct credentials] [36mo.a.q.c.s.w.WrappedWebdriver[0;39m - Find_Element Execution_Time(ms):; 20; Page_URL:; http://localhost:8081/#!/dashboard;
[[34mINFO [0;39m] [] 18:16:45.413 [TestCaseId:] [Scenario:
                Sign Up with correct credentials] [36mo.a.q.c.s.w.WebdriverHelper[0;39m - Wait_For_Element_To_Be_Clickable Execution_Time(ms):; 7194; Page_URL:; http://localhost:8081/#!/dashboard;
[[39mDEBUG[0;39m] [] 18:16:45.413 [TestCaseId:] [Scenario:
                Sign Up with correct credentials] [36mo.a.q.c.s.a.p.AllureAttachmentsProvider[0;39m - Attach screenshot to the Allure report
[[34mINFO [0;39m] [] 18:16:45.767 [TestCaseId:] [Scenario:
                Sign Up with correct credentials] [36mo.a.q.c.s.w.WebdriverHelper[0;39m - Click Execution_Time(ms):; 7578; Page_URL:; http://localhost:8081/#!/dashboard;
[[39mDEBUG[0;39m] [] 18:16:45.767 [TestCaseId:] [Scenario:
                Sign Up with correct credentials] [36mo.a.q.c.s.a.p.AllureAttachmentsProvider[0;39m - Attach screenshot to the Allure report
[[39mDEBUG[0;39m] [] 18:16:46.138 [TestCaseId:] [Scenario:
                Sign Up with correct credentials] [36mo.a.q.c.s.a.p.AllureAttachmentsProvider[0;39m - Attach screenshot to the Allure report
[[39mDEBUG[0;39m] [] 18:16:46.495 [TestCaseId:] [Scenario:
                Sign Up with correct credentials] [36mo.a.q.c.s.w.WrappedWebdriver[0;39m - Finding element by: By.className: page-title 
[[34mINFO [0;39m] [] 18:16:46.509 [TestCaseId:] [Scenario:
                Sign Up with correct credentials] [36mo.a.q.c.s.w.WrappedWebdriver[0;39m - Find_Element Execution_Time(ms):; 11; Page_URL:; http://localhost:8081/#!/dashboard;
[[34mINFO [0;39m] [] 18:16:46.714 [TestCaseId:] [Scenario:
                Sign Up with correct credentials] [36mo.a.q.c.s.w.WebdriverHelper[0;39m - Wait_For_Page_Update Execution_Time(ms):; 20; Page_URL:; http://localhost:8081/#!/dashboard;
[[39mDEBUG[0;39m] [] 18:16:46.714 [TestCaseId:] [Scenario:
                Sign Up with correct credentials] [36mo.a.q.c.s.w.WrappedWebdriver[0;39m - Finding element by: By.className: logout-button 
[[34mINFO [0;39m] [] 18:16:46.744 [TestCaseId:] [Scenario:
                Sign Up with correct credentials] [36mo.a.q.c.s.w.WrappedWebdriver[0;39m - Find_Element Execution_Time(ms):; 20; Page_URL:; http://localhost:8081/#!/dashboard;
[[39mDEBUG[0;39m] [] 18:16:46.764 [TestCaseId:] [Scenario:
                Sign Up with correct credentials] [36mo.a.q.c.s.w.WrappedWebdriver[0;39m - Finding element by: By.className: logout-button 
[[34mINFO [0;39m] [] 18:16:46.784 [TestCaseId:] [Scenario:
                Sign Up with correct credentials] [36mo.a.q.c.s.w.WrappedWebdriver[0;39m - Find_Element Execution_Time(ms):; 10; Page_URL:; http://localhost:8081/#!/dashboard;
[[34mINFO [0;39m] [] 18:16:46.814 [TestCaseId:] [Scenario:
                Sign Up with correct credentials] [36mo.a.q.c.s.w.WebdriverHelper[0;39m - Wait_For_Element_To_Be_Clickable Execution_Time(ms):; 90; Page_URL:; http://localhost:8081/#!/dashboard;
[[39mDEBUG[0;39m] [] 18:16:46.814 [TestCaseId:] [Scenario:
                Sign Up with correct credentials] [36mo.a.q.c.s.w.WrappedWebdriver[0;39m - Finding element by: By.className: logout-button 
[[34mINFO [0;39m] [] 18:16:46.834 [TestCaseId:] [Scenario:
                Sign Up with correct credentials] [36mo.a.q.c.s.w.WrappedWebdriver[0;39m - Find_Element Execution_Time(ms):; 10; Page_URL:; http://localhost:8081/#!/dashboard;
[[34mINFO [0;39m] [] 18:16:46.892 [TestCaseId:] [Scenario:
                Sign Up with correct credentials] [36mo.a.q.c.s.w.WebdriverHelper[0;39m - Wait_For_Page_Update Execution_Time(ms):; 12; Page_URL:; http://localhost:8081/#!/dashboard;
[[34mINFO [0;39m] [] 18:16:46.896 [TestCaseId:] [Scenario:
                Sign Up with correct credentials] [36mo.a.q.c.s.w.WebdriverHelper[0;39m - Click Execution_Time(ms):; 208; Page_URL:; http://localhost:8081/#!/dashboard;
[[39mDEBUG[0;39m] [] 18:16:46.897 [TestCaseId:] [Scenario:
                Sign Up with correct credentials] [36mo.a.q.c.s.w.WrappedWebdriver[0;39m - Finding element by: By.cssSelector: .logout-menu li 
[[34mINFO [0;39m] [] 18:16:46.919 [TestCaseId:] [Scenario:
                Sign Up with correct credentials] [36mo.a.q.c.s.w.WrappedWebdriver[0;39m - Find_Element Execution_Time(ms):; 18; Page_URL:; http://localhost:8081/#!/dashboard;
[[34mINFO [0;39m] [] 18:16:46.930 [TestCaseId:] [Scenario:
                Sign Up with correct credentials] [36mo.a.q.c.s.w.WebdriverHelper[0;39m - Wait_For_Page_Update Execution_Time(ms):; 6; Page_URL:; http://localhost:8081/#!/dashboard;
[[34mINFO [0;39m] [] 18:16:46.981 [TestCaseId:] [Scenario:
                Sign Up with correct credentials] [36mo.a.q.c.s.w.WebdriverHelper[0;39m - Wait_For_Element_To_Be_Clickable Execution_Time(ms):; 29; Page_URL:; http://localhost:8081/#!/dashboard;
[[34mINFO [0;39m] [] 18:16:47.022 [TestCaseId:] [Scenario:
                Sign Up with correct credentials] [36mo.a.q.c.s.w.WebdriverHelper[0;39m - Wait_For_Page_Update Execution_Time(ms):; 6; Page_URL:; http://localhost:8081/#!/dashboard;
[[34mINFO [0;39m] [] 18:16:47.026 [TestCaseId:] [Scenario:
                Sign Up with correct credentials] [36mo.a.q.c.s.w.WebdriverHelper[0;39m - Click Execution_Time(ms):; 102; Page_URL:; http://localhost:8081/#!/dashboard;
[[34mINFO [0;39m] [] 18:16:47.030 [TestCaseId:] [Scenario:
                Sign Up with fake credentials] [36mo.a.q.c.s.p.LoginPageObject[0;39m - Open login page
[[39mDEBUG[0;39m] [] 18:16:47.030 [TestCaseId:] [Scenario:
                Sign Up with fake credentials] [36mo.a.q.c.s.w.WrappedWebdriver[0;39m - Opening url: http://localhost:8081/#!/login
[[39mDEBUG[0;39m] [] 18:16:47.375 [TestCaseId:] [Scenario:
                Sign Up with fake credentials] [36mo.a.q.c.s.a.p.AllureAttachmentsProvider[0;39m - Attach screenshot to the Allure report
[[34mINFO [0;39m] [] 18:16:47.821 [TestCaseId:] [Scenario:
                Sign Up with fake credentials] [36mo.a.q.c.s.w.WrappedWebdriver[0;39m - Open_Page Execution_Time(ms):; 791; Page_URL:; http://localhost:8081/#!/login;
[[34mINFO [0;39m] [] 18:16:47.821 [TestCaseId:] [Scenario:
                Sign Up with fake credentials] [36mo.a.q.c.s.p.LoginPageObject[0;39m - Set login as fake in SingIn form
[[34mINFO [0;39m] [] 18:16:47.881 [TestCaseId:] [Scenario:
                Sign Up with fake credentials] [36mo.a.q.c.s.w.WebdriverHelper[0;39m - Wait_For_Page_Update Execution_Time(ms):; 50; Page_URL:; http://localhost:8081/#!/login;
[[39mDEBUG[0;39m] [] 18:16:47.881 [TestCaseId:] [Scenario:
                Sign Up with fake credentials] [36mo.a.q.c.s.w.WrappedWebdriver[0;39m - Finding element by: By.name: login 
[[34mINFO [0;39m] [] 18:16:47.900 [TestCaseId:] [Scenario:
                Sign Up with fake credentials] [36mo.a.q.c.s.w.WrappedWebdriver[0;39m - Find_Element Execution_Time(ms):; 11; Page_URL:; http://localhost:8081/#!/login;
[[39mDEBUG[0;39m] [] 18:16:47.940 [TestCaseId:] [Scenario:
                Sign Up with fake credentials] [36mo.a.q.c.s.w.WrappedWebdriver[0;39m - Finding element by: By.name: login 
[[34mINFO [0;39m] [] 18:16:47.970 [TestCaseId:] [Scenario:
                Sign Up with fake credentials] [36mo.a.q.c.s.w.WrappedWebdriver[0;39m - Find_Element Execution_Time(ms):; 20; Page_URL:; http://localhost:8081/#!/login;
[[39mDEBUG[0;39m] [] 18:16:48.001 [TestCaseId:] [Scenario:
                Sign Up with fake credentials] [36mo.a.q.c.s.w.WrappedWebdriver[0;39m - Finding element by: By.name: login 
[[34mINFO [0;39m] [] 18:16:48.014 [TestCaseId:] [Scenario:
                Sign Up with fake credentials] [36mo.a.q.c.s.w.WrappedWebdriver[0;39m - Find_Element Execution_Time(ms):; 9; Page_URL:; http://localhost:8081/#!/login;
[[34mINFO [0;39m] [] 18:16:48.059 [TestCaseId:] [Scenario:
                Sign Up with fake credentials] [36mo.a.q.c.s.w.WebdriverHelper[0;39m - Wait_For_Page_Update Execution_Time(ms):; 5; Page_URL:; http://localhost:8081/#!/login;
[[34mINFO [0;39m] [] 18:16:48.061 [TestCaseId:] [Scenario:
                Sign Up with fake credentials] [36mo.a.q.c.s.w.WebdriverHelper[0;39m - Send_Keys Execution_Time(ms):; 238; Page_URL:; http://localhost:8081/#!/login;
[[34mINFO [0;39m] [] 18:16:48.070 [TestCaseId:] [Scenario:
                Sign Up with fake credentials] [36mo.a.q.c.s.w.WebdriverHelper[0;39m - Wait_For_Page_Update Execution_Time(ms):; 5; Page_URL:; http://localhost:8081/#!/login;
[[39mDEBUG[0;39m] [] 18:16:48.070 [TestCaseId:] [Scenario:
                Sign Up with fake credentials] [36mo.a.q.c.s.w.WrappedWebdriver[0;39m - Finding element by: By.name: password 
[[34mINFO [0;39m] [] 18:16:48.080 [TestCaseId:] [Scenario:
                Sign Up with fake credentials] [36mo.a.q.c.s.w.WrappedWebdriver[0;39m - Find_Element Execution_Time(ms):; 6; Page_URL:; http://localhost:8081/#!/login;
[[39mDEBUG[0;39m] [] 18:16:48.094 [TestCaseId:] [Scenario:
                Sign Up with fake credentials] [36mo.a.q.c.s.w.WrappedWebdriver[0;39m - Finding element by: By.name: password 
[[34mINFO [0;39m] [] 18:16:48.127 [TestCaseId:] [Scenario:
                Sign Up with fake credentials] [36mo.a.q.c.s.w.WrappedWebdriver[0;39m - Find_Element Execution_Time(ms):; 23; Page_URL:; http://localhost:8081/#!/login;
[[39mDEBUG[0;39m] [] 18:16:48.147 [TestCaseId:] [Scenario:
                Sign Up with fake credentials] [36mo.a.q.c.s.w.WrappedWebdriver[0;39m - Finding element by: By.name: password 
[[34mINFO [0;39m] [] 18:16:48.151 [TestCaseId:] [Scenario:
                Sign Up with fake credentials] [36mo.a.q.c.s.w.WrappedWebdriver[0;39m - Find_Element Execution_Time(ms):; 1; Page_URL:; http://localhost:8081/#!/login;
[[34mINFO [0;39m] [] 18:16:48.203 [TestCaseId:] [Scenario:
                Sign Up with fake credentials] [36mo.a.q.c.s.w.WebdriverHelper[0;39m - Wait_For_Page_Update Execution_Time(ms):; 6; Page_URL:; http://localhost:8081/#!/login;
[[34mINFO [0;39m] [] 18:16:48.207 [TestCaseId:] [Scenario:
                Sign Up with fake credentials] [36mo.a.q.c.s.w.WebdriverHelper[0;39m - Send_Keys Execution_Time(ms):; 141; Page_URL:; http://localhost:8081/#!/login;
[[34mINFO [0;39m] [] 18:16:48.214 [TestCaseId:] [Scenario:
                Sign Up with fake credentials] [36mo.a.q.c.s.w.WebdriverHelper[0;39m - Wait_For_Page_Update Execution_Time(ms):; 4; Page_URL:; http://localhost:8081/#!/login;
[[39mDEBUG[0;39m] [] 18:16:48.215 [TestCaseId:] [Scenario:
                Sign Up with fake credentials] [36mo.a.q.c.s.w.WrappedWebdriver[0;39m - Finding element by: By.className: login-button 
[[34mINFO [0;39m] [] 18:16:48.224 [TestCaseId:] [Scenario:
                Sign Up with fake credentials] [36mo.a.q.c.s.w.WrappedWebdriver[0;39m - Find_Element Execution_Time(ms):; 6; Page_URL:; http://localhost:8081/#!/login;
[[39mDEBUG[0;39m] [] 18:16:48.250 [TestCaseId:] [Scenario:
                Sign Up with fake credentials] [36mo.a.q.c.s.w.WrappedWebdriver[0;39m - Finding element by: By.className: login-button 
[[34mINFO [0;39m] [] 18:16:48.270 [TestCaseId:] [Scenario:
                Sign Up with fake credentials] [36mo.a.q.c.s.w.WrappedWebdriver[0;39m - Find_Element Execution_Time(ms):; 10; Page_URL:; http://localhost:8081/#!/login;
[[34mINFO [0;39m] [] 18:16:48.290 [TestCaseId:] [Scenario:
                Sign Up with fake credentials] [36mo.a.q.c.s.w.WebdriverHelper[0;39m - Wait_For_Element_To_Be_Clickable Execution_Time(ms):; 66; Page_URL:; http://localhost:8081/#!/login;
[[39mDEBUG[0;39m] [] 18:16:48.290 [TestCaseId:] [Scenario:
                Sign Up with fake credentials] [36mo.a.q.c.s.w.WrappedWebdriver[0;39m - Finding element by: By.className: login-button 
[[34mINFO [0;39m] [] 18:16:48.310 [TestCaseId:] [Scenario:
                Sign Up with fake credentials] [36mo.a.q.c.s.w.WrappedWebdriver[0;39m - Find_Element Execution_Time(ms):; 10; Page_URL:; http://localhost:8081/#!/login;
[[34mINFO [0;39m] [] 18:16:48.371 [TestCaseId:] [Scenario:
                Sign Up with fake credentials] [36mo.a.q.c.s.w.WebdriverHelper[0;39m - Wait_For_Page_Update Execution_Time(ms):; 23; Page_URL:; http://localhost:8081/#!/login;
[[34mINFO [0;39m] [] 18:16:48.376 [TestCaseId:] [Scenario:
                Sign Up with fake credentials] [36mo.a.q.c.s.w.WebdriverHelper[0;39m - Click Execution_Time(ms):; 164; Page_URL:; http://localhost:8081/#!/login;
[[39mDEBUG[0;39m] [] 18:16:48.377 [TestCaseId:] [Scenario:
                Sign Up with fake credentials] [36mo.a.q.c.s.a.p.AllureAttachmentsProvider[0;39m - Attach screenshot to the Allure report
[[34mINFO [0;39m] [] 18:16:48.824 [TestCaseId:] [Scenario:
                Sign Up with fake credentials] [36mo.a.q.c.s.p.LoginPageObject[0;39m - Submit SignIn form
[[34mINFO [0;39m] [] 18:16:48.854 [TestCaseId:] [Scenario:
                Sign Up with fake credentials] [36mo.a.q.c.s.w.WebdriverHelper[0;39m - Wait_For_Page_Update Execution_Time(ms):; 20; Page_URL:; http://localhost:8081/#!/login;
[[39mDEBUG[0;39m] [] 18:16:48.854 [TestCaseId:] [Scenario:
                Sign Up with fake credentials] [36mo.a.q.c.s.w.WrappedWebdriver[0;39m - Finding element by: By.className: login-button 
[[34mINFO [0;39m] [] 18:16:48.884 [TestCaseId:] [Scenario:
                Sign Up with fake credentials] [36mo.a.q.c.s.w.WrappedWebdriver[0;39m - Find_Element Execution_Time(ms):; 20; Page_URL:; http://localhost:8081/#!/login;
[[39mDEBUG[0;39m] [] 18:16:48.904 [TestCaseId:] [Scenario:
                Sign Up with fake credentials] [36mo.a.q.c.s.w.WrappedWebdriver[0;39m - Finding element by: By.className: login-button 
[[34mINFO [0;39m] [] 18:16:48.934 [TestCaseId:] [Scenario:
                Sign Up with fake credentials] [36mo.a.q.c.s.w.WrappedWebdriver[0;39m - Find_Element Execution_Time(ms):; 20; Page_URL:; http://localhost:8081/#!/login;
[[34mINFO [0;39m] [] 18:16:48.954 [TestCaseId:] [Scenario:
                Sign Up with fake credentials] [36mo.a.q.c.s.w.WebdriverHelper[0;39m - Wait_For_Element_To_Be_Clickable Execution_Time(ms):; 90; Page_URL:; http://localhost:8081/#!/login;
[[39mDEBUG[0;39m] [] 18:16:48.954 [TestCaseId:] [Scenario:
                Sign Up with fake credentials] [36mo.a.q.c.s.w.WrappedWebdriver[0;39m - Finding element by: By.className: login-button 
[[34mINFO [0;39m] [] 18:16:48.974 [TestCaseId:] [Scenario:
                Sign Up with fake credentials] [36mo.a.q.c.s.w.WrappedWebdriver[0;39m - Find_Element Execution_Time(ms):; 10; Page_URL:; http://localhost:8081/#!/login;
[[39mDEBUG[0;39m] [] 18:16:49.004 [TestCaseId:] [Scenario:
                Sign Up with fake credentials] [36mo.a.q.c.s.a.p.AllureAttachmentsProvider[0;39m - Attach screenshot to the Allure report
[[34mINFO [0;39m] [] 18:16:49.394 [TestCaseId:] [Scenario:
                Sign Up with fake credentials] [36mo.a.q.c.s.w.WebdriverHelper[0;39m - Click Execution_Time(ms):; 560; Page_URL:; http://localhost:8081/#!/login;
[[39mDEBUG[0;39m] [] 18:16:49.394 [TestCaseId:] [Scenario:
                Sign Up with fake credentials] [36mo.a.q.c.s.a.p.AllureAttachmentsProvider[0;39m - Attach screenshot to the Allure report
[[39mDEBUG[0;39m] [] 18:16:49.745 [TestCaseId:] [Scenario:
                Sign Up with fake credentials] [36mo.a.q.c.s.w.WrappedWebdriver[0;39m - Finding elements by: By.cssSelector: .modal-content
[[34mINFO [0;39m] [] 18:16:49.775 [TestCaseId:] [Scenario:
                Sign Up with fake credentials] [36mo.a.q.c.s.w.WrappedWebdriver[0;39m - Find_Elements Execution_Time(ms):; 20; Page_URL:; http://localhost:8081/#!/login;
[[34mINFO [0;39m] [] 18:16:49.805 [TestCaseId:] [Scenario:
                Sign Up with fake credentials] [36mo.a.q.c.s.w.WebdriverHelper[0;39m - Wait_For_Page_Update Execution_Time(ms):; 20; Page_URL:; http://localhost:8081/#!/login;
[[39mDEBUG[0;39m] [] 18:16:49.805 [TestCaseId:] [Scenario:
                Sign Up with fake credentials] [36mo.a.q.c.s.w.WrappedWebdriver[0;39m - Finding element by: By.cssSelector: .modal-content .modal-title 
[[34mINFO [0;39m] [] 18:16:49.855 [TestCaseId:] [Scenario:
                Sign Up with fake credentials] [36mo.a.q.c.s.w.WrappedWebdriver[0;39m - Find_Element Execution_Time(ms):; 40; Page_URL:; http://localhost:8081/#!/login;
[[39mDEBUG[0;39m] [] 18:16:49.875 [TestCaseId:] [Scenario:
                Sign Up with fake credentials] [36mo.a.q.c.s.w.WrappedWebdriver[0;39m - Finding element by: By.cssSelector: .modal-content .modal-title 
[[34mINFO [0;39m] [] 18:16:49.895 [TestCaseId:] [Scenario:
                Sign Up with fake credentials] [36mo.a.q.c.s.w.WrappedWebdriver[0;39m - Find_Element Execution_Time(ms):; 10; Page_URL:; http://localhost:8081/#!/login;
[[34mINFO [0;39m] [] 18:16:49.955 [TestCaseId:] [Scenario:
                Sign Up with fake credentials] [36mo.a.q.c.s.w.WebdriverHelper[0;39m - Wait_For_Page_Update Execution_Time(ms):; 30; Page_URL:; http://localhost:8081/#!/login;
[[34mINFO [0;39m] [] 18:16:49.965 [TestCaseId:] [Scenario:
                Sign Up with fake credentials] [36mo.a.q.c.s.w.WebdriverHelper[0;39m - get_Text Execution_Time(ms):; 180; Page_URL:; http://localhost:8081/#!/login;
[[34mINFO [0;39m] [] 18:16:49.995 [TestCaseId:] [Scenario:
                Sign Up with fake credentials] [36mo.a.q.c.s.w.WebdriverHelper[0;39m - Wait_For_Page_Update Execution_Time(ms):; 20; Page_URL:; http://localhost:8081/#!/login;
[[39mDEBUG[0;39m] [] 18:16:49.995 [TestCaseId:] [Scenario:
                Sign Up with fake credentials] [36mo.a.q.c.s.w.WrappedWebdriver[0;39m - Finding element by: By.cssSelector: .modal-content .modal-body 
[[34mINFO [0;39m] [] 18:16:50.025 [TestCaseId:] [Scenario:
                Sign Up with fake credentials] [36mo.a.q.c.s.w.WrappedWebdriver[0;39m - Find_Element Execution_Time(ms):; 20; Page_URL:; http://localhost:8081/#!/login;
[[39mDEBUG[0;39m] [] 18:16:50.045 [TestCaseId:] [Scenario:
                Sign Up with fake credentials] [36mo.a.q.c.s.w.WrappedWebdriver[0;39m - Finding element by: By.cssSelector: .modal-content .modal-body 
[[34mINFO [0;39m] [] 18:16:50.065 [TestCaseId:] [Scenario:
                Sign Up with fake credentials] [36mo.a.q.c.s.w.WrappedWebdriver[0;39m - Find_Element Execution_Time(ms):; 10; Page_URL:; http://localhost:8081/#!/login;
[[34mINFO [0;39m] [] 18:16:50.115 [TestCaseId:] [Scenario:
                Sign Up with fake credentials] [36mo.a.q.c.s.w.WebdriverHelper[0;39m - Wait_For_Page_Update Execution_Time(ms):; 20; Page_URL:; http://localhost:8081/#!/login;
[[34mINFO [0;39m] [] 18:16:50.125 [TestCaseId:] [Scenario:
                Sign Up with fake credentials] [36mo.a.q.c.s.w.WebdriverHelper[0;39m - get_Text Execution_Time(ms):; 150; Page_URL:; http://localhost:8081/#!/login;
[[34mINFO [0;39m] [] 18:16:50.125 [TestCaseId:] [Scenario:
                Sign Up with fake credentials] [36mo.a.q.c.s.c.ModalWindow[0;39m - Close modal window by Ok button
[[34mINFO [0;39m] [] 18:16:50.155 [TestCaseId:] [Scenario:
                Sign Up with fake credentials] [36mo.a.q.c.s.w.WebdriverHelper[0;39m - Wait_For_Page_Update Execution_Time(ms):; 20; Page_URL:; http://localhost:8081/#!/login;
[[39mDEBUG[0;39m] [] 18:16:50.155 [TestCaseId:] [Scenario:
                Sign Up with fake credentials] [36mo.a.q.c.s.w.WrappedWebdriver[0;39m - Finding element by: By.cssSelector: .modal-content .modal-footer .ok 
[[34mINFO [0;39m] [] 18:16:50.185 [TestCaseId:] [Scenario:
                Sign Up with fake credentials] [36mo.a.q.c.s.w.WrappedWebdriver[0;39m - Find_Element Execution_Time(ms):; 20; Page_URL:; http://localhost:8081/#!/login;
[[39mDEBUG[0;39m] [] 18:16:50.205 [TestCaseId:] [Scenario:
                Sign Up with fake credentials] [36mo.a.q.c.s.w.WrappedWebdriver[0;39m - Finding element by: By.cssSelector: .modal-content .modal-footer .ok 
[[34mINFO [0;39m] [] 18:16:50.225 [TestCaseId:] [Scenario:
                Sign Up with fake credentials] [36mo.a.q.c.s.w.WrappedWebdriver[0;39m - Find_Element Execution_Time(ms):; 10; Page_URL:; http://localhost:8081/#!/login;
[[34mINFO [0;39m] [] 18:16:50.255 [TestCaseId:] [Scenario:
                Sign Up with fake credentials] [36mo.a.q.c.s.w.WebdriverHelper[0;39m - Wait_For_Element_To_Be_Clickable Execution_Time(ms):; 90; Page_URL:; http://localhost:8081/#!/login;
[[39mDEBUG[0;39m] [] 18:16:50.255 [TestCaseId:] [Scenario:
                Sign Up with fake credentials] [36mo.a.q.c.s.w.WrappedWebdriver[0;39m - Finding element by: By.cssSelector: .modal-content .modal-footer .ok 
[[34mINFO [0;39m] [] 18:16:50.275 [TestCaseId:] [Scenario:
                Sign Up with fake credentials] [36mo.a.q.c.s.w.WrappedWebdriver[0;39m - Find_Element Execution_Time(ms):; 10; Page_URL:; http://localhost:8081/#!/login;
[[34mINFO [0;39m] [] 18:16:50.320 [TestCaseId:] [Scenario:
                Sign Up with fake credentials] [36mo.a.q.c.s.w.WebdriverHelper[0;39m - Wait_For_Page_Update Execution_Time(ms):; 6; Page_URL:; http://localhost:8081/#!/login;
[[34mINFO [0;39m] [] 18:16:50.324 [TestCaseId:] [Scenario:
                Sign Up with fake credentials] [36mo.a.q.c.s.w.WebdriverHelper[0;39m - Click Execution_Time(ms):; 195; Page_URL:; http://localhost:8081/#!/login;
[[39mDEBUG[0;39m] [] 18:16:50.324 [TestCaseId:] [Scenario:
                Sign Up with fake credentials] [36mo.a.q.c.s.a.p.AllureAttachmentsProvider[0;39m - Attach screenshot to the Allure report
[[39mDEBUG[0;39m] [] 18:16:50.789 [TestCaseId:] [Scenario:
                Sign Up with fake credentials] [36mo.a.q.c.s.w.WrappedWebdriver[0;39m - Finding elements by: By.className: error-message
[[34mINFO [0;39m] [] 18:16:50.819 [TestCaseId:] [Scenario:
                Sign Up with fake credentials] [36mo.a.q.c.s.w.WrappedWebdriver[0;39m - Find_Elements Execution_Time(ms):; 20; Page_URL:; http://localhost:8081/#!/login;
[[39mDEBUG[0;39m] [] 18:16:50.829 [TestCaseId:] [Scenario:
                Sign Up with fake credentials] [36mo.a.q.c.s.w.WrappedWebdriver[0;39m - Finding element by: By.className: error-message 
[[34mINFO [0;39m] [] 18:16:50.859 [TestCaseId:] [Scenario:
                Sign Up with fake credentials] [36mo.a.q.c.s.w.WrappedWebdriver[0;39m - Find_Element Execution_Time(ms):; 20; Page_URL:; http://localhost:8081/#!/login;
[[34mINFO [0;39m] [] 18:16:50.919 [TestCaseId:] [Scenario:
                Sign Up with fake credentials] [36mo.a.q.c.s.w.WebdriverHelper[0;39m - Wait_For_Page_Update Execution_Time(ms):; 20; Page_URL:; http://localhost:8081/#!/login;
[[39mDEBUG[0;39m] [] 18:16:50.919 [TestCaseId:] [Scenario:
                Sign Up with fake credentials] [36mo.a.q.c.s.w.WrappedWebdriver[0;39m - Finding element by: By.className: error-message 
[[34mINFO [0;39m] [] 18:16:50.939 [TestCaseId:] [Scenario:
                Sign Up with fake credentials] [36mo.a.q.c.s.w.WrappedWebdriver[0;39m - Find_Element Execution_Time(ms):; 10; Page_URL:; http://localhost:8081/#!/login;
[[39mDEBUG[0;39m] [] 18:16:50.949 [TestCaseId:] [Scenario:
                Sign Up with fake credentials] [36mo.a.q.c.s.w.WrappedWebdriver[0;39m - Finding element by: By.className: error-message 
[[34mINFO [0;39m] [] 18:16:50.969 [TestCaseId:] [Scenario:
                Sign Up with fake credentials] [36mo.a.q.c.s.w.WrappedWebdriver[0;39m - Find_Element Execution_Time(ms):; 10; Page_URL:; http://localhost:8081/#!/login;
[[34mINFO [0;39m] [] 18:16:51.019 [TestCaseId:] [Scenario:
                Sign Up with fake credentials] [36mo.a.q.c.s.w.WebdriverHelper[0;39m - Wait_For_Page_Update Execution_Time(ms):; 20; Page_URL:; http://localhost:8081/#!/login;
[[34mINFO [0;39m] [] 18:16:51.029 [TestCaseId:] [Scenario:
                Sign Up with fake credentials] [36mo.a.q.c.s.w.WebdriverHelper[0;39m - get_Text Execution_Time(ms):; 130; Page_URL:; http://localhost:8081/#!/login;
[[39mDEBUG[0;39m] [] 18:16:51.039 [TestCaseId:] [Scenario:
                ] [36mo.a.q.c.s.w.WrappedWebdriver[0;39m - Driver quit
[[34mINFO [0;39m] [] 18:16:51.989 [TestCaseId:] [Scenario:
                ] [36mo.a.q.c.s.w.WrappedWebdriver[0;39m - Driver_Quit Execution_Time(ms):; 950; Page_URL:; ;
