[[34mINFO [0;39m] [] 19:33:59.801 [TestCaseId:] [Scenario:
                Create a new project] [36mo.a.q.c.g.s.p.LoginPageObject[0;39m - Open login page
[[39mDEBUG[0;39m] [] 19:33:59.812 [TestCaseId:] [Scenario:
                Create a new project] [36mo.a.q.c.g.s.w.WrappedWebdriver[0;39m - Opening url: http://localhost:8081/#!/login
[[39mDEBUG[0;39m] [] 19:34:01.375 [TestCaseId:] [Scenario:
                Create a new project] [36mo.a.q.c.g.s.a.p.AllureAttachmentsProvider[0;39m - Attach screenshot to the Allure report
[[34mINFO [0;39m] [] 19:34:01.875 [TestCaseId:] [Scenario:
                Create a new project] [36mo.a.q.c.g.s.w.WrappedWebdriver[0;39m - Open_Page Execution_Time(ms):; 2061; Page_URL:; http://localhost:8081/#!/login;
[[34mINFO [0;39m] [] 19:34:01.876 [TestCaseId:] [Scenario:
                Create a new project] [36mo.a.q.c.g.s.p.LoginPageObject[0;39m - Set login as admin in SingIn form
[[34mINFO [0;39m] [] 19:34:01.910 [TestCaseId:] [Scenario:
                Create a new project] [36mo.a.q.c.g.s.w.WebdriverHelper[0;39m - Wait_For_Page_Update Execution_Time(ms):; 12; Page_URL:; http://localhost:8081/#!/login;
[[39mDEBUG[0;39m] [] 19:34:01.912 [TestCaseId:] [Scenario:
                Create a new project] [36mo.a.q.c.g.s.w.WrappedWebdriver[0;39m - Finding element by: By.name: login 
[[34mINFO [0;39m] [] 19:34:01.932 [TestCaseId:] [Scenario:
                Create a new project] [36mo.a.q.c.g.s.w.WrappedWebdriver[0;39m - Find_Element Execution_Time(ms):; 15; Page_URL:; http://localhost:8081/#!/login;
[[39mDEBUG[0;39m] [] 19:34:01.944 [TestCaseId:] [Scenario:
                Create a new project] [36mo.a.q.c.g.s.w.WrappedWebdriver[0;39m - Finding element by: By.name: login 
[[34mINFO [0;39m] [] 19:34:01.955 [TestCaseId:] [Scenario:
                Create a new project] [36mo.a.q.c.g.s.w.WrappedWebdriver[0;39m - Find_Element Execution_Time(ms):; 7; Page_URL:; http://localhost:8081/#!/login;
[[39mDEBUG[0;39m] [] 19:34:01.974 [TestCaseId:] [Scenario:
                Create a new project] [36mo.a.q.c.g.s.w.WrappedWebdriver[0;39m - Finding element by: By.name: login 
[[34mINFO [0;39m] [] 19:34:01.986 [TestCaseId:] [Scenario:
                Create a new project] [36mo.a.q.c.g.s.w.WrappedWebdriver[0;39m - Find_Element Execution_Time(ms):; 7; Page_URL:; http://localhost:8081/#!/login;
[[34mINFO [0;39m] [] 19:34:02.038 [TestCaseId:] [Scenario:
                Create a new project] [36mo.a.q.c.g.s.w.WebdriverHelper[0;39m - Wait_For_Page_Update Execution_Time(ms):; 5; Page_URL:; http://localhost:8081/#!/login;
[[34mINFO [0;39m] [] 19:34:02.043 [TestCaseId:] [Scenario:
                Create a new project] [36mo.a.q.c.g.s.w.WebdriverHelper[0;39m - Send_Keys Execution_Time(ms):; 145; Page_URL:; http://localhost:8081/#!/login;
[[34mINFO [0;39m] [] 19:34:02.053 [TestCaseId:] [Scenario:
                Create a new project] [36mo.a.q.c.g.s.w.WebdriverHelper[0;39m - Wait_For_Page_Update Execution_Time(ms):; 6; Page_URL:; http://localhost:8081/#!/login;
[[39mDEBUG[0;39m] [] 19:34:02.053 [TestCaseId:] [Scenario:
                Create a new project] [36mo.a.q.c.g.s.w.WrappedWebdriver[0;39m - Finding element by: By.name: password 
[[34mINFO [0;39m] [] 19:34:02.069 [TestCaseId:] [Scenario:
                Create a new project] [36mo.a.q.c.g.s.w.WrappedWebdriver[0;39m - Find_Element Execution_Time(ms):; 11; Page_URL:; http://localhost:8081/#!/login;
[[39mDEBUG[0;39m] [] 19:34:02.080 [TestCaseId:] [Scenario:
                Create a new project] [36mo.a.q.c.g.s.w.WrappedWebdriver[0;39m - Finding element by: By.name: password 
[[34mINFO [0;39m] [] 19:34:02.093 [TestCaseId:] [Scenario:
                Create a new project] [36mo.a.q.c.g.s.w.WrappedWebdriver[0;39m - Find_Element Execution_Time(ms):; 9; Page_URL:; http://localhost:8081/#!/login;
[[39mDEBUG[0;39m] [] 19:34:02.113 [TestCaseId:] [Scenario:
                Create a new project] [36mo.a.q.c.g.s.w.WrappedWebdriver[0;39m - Finding element by: By.name: password 
[[34mINFO [0;39m] [] 19:34:02.125 [TestCaseId:] [Scenario:
                Create a new project] [36mo.a.q.c.g.s.w.WrappedWebdriver[0;39m - Find_Element Execution_Time(ms):; 8; Page_URL:; http://localhost:8081/#!/login;
[[34mINFO [0;39m] [] 19:34:02.171 [TestCaseId:] [Scenario:
                Create a new project] [36mo.a.q.c.g.s.w.WebdriverHelper[0;39m - Wait_For_Page_Update Execution_Time(ms):; 5; Page_URL:; http://localhost:8081/#!/login;
[[34mINFO [0;39m] [] 19:34:02.176 [TestCaseId:] [Scenario:
                Create a new project] [36mo.a.q.c.g.s.w.WebdriverHelper[0;39m - Send_Keys Execution_Time(ms):; 128; Page_URL:; http://localhost:8081/#!/login;
[[34mINFO [0;39m] [] 19:34:02.186 [TestCaseId:] [Scenario:
                Create a new project] [36mo.a.q.c.g.s.w.WebdriverHelper[0;39m - Wait_For_Page_Update Execution_Time(ms):; 5; Page_URL:; http://localhost:8081/#!/login;
[[39mDEBUG[0;39m] [] 19:34:02.187 [TestCaseId:] [Scenario:
                Create a new project] [36mo.a.q.c.g.s.w.WrappedWebdriver[0;39m - Finding element by: By.className: login-button 
[[34mINFO [0;39m] [] 19:34:02.204 [TestCaseId:] [Scenario:
                Create a new project] [36mo.a.q.c.g.s.w.WrappedWebdriver[0;39m - Find_Element Execution_Time(ms):; 13; Page_URL:; http://localhost:8081/#!/login;
[[39mDEBUG[0;39m] [] 19:34:02.217 [TestCaseId:] [Scenario:
                Create a new project] [36mo.a.q.c.g.s.w.WrappedWebdriver[0;39m - Finding element by: By.className: login-button 
[[34mINFO [0;39m] [] 19:34:02.227 [TestCaseId:] [Scenario:
                Create a new project] [36mo.a.q.c.g.s.w.WrappedWebdriver[0;39m - Find_Element Execution_Time(ms):; 7; Page_URL:; http://localhost:8081/#!/login;
[[34mINFO [0;39m] [] 19:34:02.238 [TestCaseId:] [Scenario:
                Create a new project] [36mo.a.q.c.g.s.w.WebdriverHelper[0;39m - Wait_For_Element_To_Be_Clickable Execution_Time(ms):; 49; Page_URL:; http://localhost:8081/#!/login;
[[39mDEBUG[0;39m] [] 19:34:02.238 [TestCaseId:] [Scenario:
                Create a new project] [36mo.a.q.c.g.s.w.WrappedWebdriver[0;39m - Finding element by: By.className: login-button 
[[34mINFO [0;39m] [] 19:34:02.247 [TestCaseId:] [Scenario:
                Create a new project] [36mo.a.q.c.g.s.w.WrappedWebdriver[0;39m - Find_Element Execution_Time(ms):; 6; Page_URL:; http://localhost:8081/#!/login;
[[34mINFO [0;39m] [] 19:34:02.396 [TestCaseId:] [Scenario:
                Create a new project] [36mo.a.q.c.g.s.w.WebdriverHelper[0;39m - Wait_For_Page_Update Execution_Time(ms):; 88; Page_URL:; http://localhost:8081/#!/dashboard;
[[34mINFO [0;39m] [] 19:34:02.401 [TestCaseId:] [Scenario:
                Create a new project] [36mo.a.q.c.g.s.w.WebdriverHelper[0;39m - Click Execution_Time(ms):; 219; Page_URL:; http://localhost:8081/#!/dashboard;
[[39mDEBUG[0;39m] [] 19:34:02.401 [TestCaseId:] [Scenario:
                Create a new project] [36mo.a.q.c.g.s.a.p.AllureAttachmentsProvider[0;39m - Attach screenshot to the Allure report
[[34mINFO [0;39m] [] 19:34:02.833 [TestCaseId:] [Scenario:
                Create a new project] [36mo.a.q.c.g.s.p.LoginPageObject[0;39m - Submit SignIn form
[[34mINFO [0;39m] [] 19:34:02.841 [TestCaseId:] [Scenario:
                Create a new project] [36mo.a.q.c.g.s.w.WebdriverHelper[0;39m - Wait_For_Page_Update Execution_Time(ms):; 5; Page_URL:; http://localhost:8081/#!/dashboard;
[[39mDEBUG[0;39m] [] 19:34:02.841 [TestCaseId:] [Scenario:
                Create a new project] [36mo.a.q.c.g.s.w.WrappedWebdriver[0;39m - Finding element by: By.className: login-button 
[[34mINFO [0;39m] [] 19:34:02.856 [TestCaseId:] [Scenario:
                Create a new project] [36mo.a.q.c.g.s.w.WrappedWebdriver[0;39m - Find_Element Execution_Time(ms):; 11; Page_URL:; http://localhost:8081/#!/dashboard;
[[39mDEBUG[0;39m] [] 19:34:03.357 [TestCaseId:] [Scenario:
                Create a new project] [36mo.a.q.c.g.s.w.WrappedWebdriver[0;39m - Finding element by: By.className: login-button 
[[34mINFO [0;39m] [] 19:34:03.396 [TestCaseId:] [Scenario:
                Create a new project] [36mo.a.q.c.g.s.w.WrappedWebdriver[0;39m - Find_Element Execution_Time(ms):; 26; Page_URL:; http://localhost:8081/#!/dashboard;
[[39mDEBUG[0;39m] [] 19:34:03.897 [TestCaseId:] [Scenario:
                Create a new project] [36mo.a.q.c.g.s.w.WrappedWebdriver[0;39m - Finding element by: By.className: login-button 
[[34mINFO [0;39m] [] 19:34:03.945 [TestCaseId:] [Scenario:
                Create a new project] [36mo.a.q.c.g.s.w.WrappedWebdriver[0;39m - Find_Element Execution_Time(ms):; 34; Page_URL:; http://localhost:8081/#!/dashboard;
[[39mDEBUG[0;39m] [] 19:34:04.446 [TestCaseId:] [Scenario:
                Create a new project] [36mo.a.q.c.g.s.w.WrappedWebdriver[0;39m - Finding element by: By.className: login-button 
[[34mINFO [0;39m] [] 19:34:04.463 [TestCaseId:] [Scenario:
                Create a new project] [36mo.a.q.c.g.s.w.WrappedWebdriver[0;39m - Find_Element Execution_Time(ms):; 14; Page_URL:; http://localhost:8081/#!/dashboard;
[[39mDEBUG[0;39m] [] 19:34:04.963 [TestCaseId:] [Scenario:
                Create a new project] [36mo.a.q.c.g.s.w.WrappedWebdriver[0;39m - Finding element by: By.className: login-button 
[[34mINFO [0;39m] [] 19:34:04.974 [TestCaseId:] [Scenario:
                Create a new project] [36mo.a.q.c.g.s.w.WrappedWebdriver[0;39m - Find_Element Execution_Time(ms):; 8; Page_URL:; http://localhost:8081/#!/dashboard;
[[39mDEBUG[0;39m] [] 19:34:05.475 [TestCaseId:] [Scenario:
                Create a new project] [36mo.a.q.c.g.s.w.WrappedWebdriver[0;39m - Finding element by: By.className: login-button 
[[34mINFO [0;39m] [] 19:34:05.512 [TestCaseId:] [Scenario:
                Create a new project] [36mo.a.q.c.g.s.w.WrappedWebdriver[0;39m - Find_Element Execution_Time(ms):; 27; Page_URL:; http://localhost:8081/#!/dashboard;
[[39mDEBUG[0;39m] [] 19:34:06.014 [TestCaseId:] [Scenario:
                Create a new project] [36mo.a.q.c.g.s.w.WrappedWebdriver[0;39m - Finding element by: By.className: login-button 
[[34mINFO [0;39m] [] 19:34:06.048 [TestCaseId:] [Scenario:
                Create a new project] [36mo.a.q.c.g.s.w.WrappedWebdriver[0;39m - Find_Element Execution_Time(ms):; 24; Page_URL:; http://localhost:8081/#!/dashboard;
[[39mDEBUG[0;39m] [] 19:34:06.549 [TestCaseId:] [Scenario:
                Create a new project] [36mo.a.q.c.g.s.w.WrappedWebdriver[0;39m - Finding element by: By.className: login-button 
[[34mINFO [0;39m] [] 19:34:06.587 [TestCaseId:] [Scenario:
                Create a new project] [36mo.a.q.c.g.s.w.WrappedWebdriver[0;39m - Find_Element Execution_Time(ms):; 26; Page_URL:; http://localhost:8081/#!/dashboard;
[[39mDEBUG[0;39m] [] 19:34:07.088 [TestCaseId:] [Scenario:
                Create a new project] [36mo.a.q.c.g.s.w.WrappedWebdriver[0;39m - Finding element by: By.className: login-button 
[[34mINFO [0;39m] [] 19:34:07.123 [TestCaseId:] [Scenario:
                Create a new project] [36mo.a.q.c.g.s.w.WrappedWebdriver[0;39m - Find_Element Execution_Time(ms):; 23; Page_URL:; http://localhost:8081/#!/dashboard;
[[39mDEBUG[0;39m] [] 19:34:07.624 [TestCaseId:] [Scenario:
                Create a new project] [36mo.a.q.c.g.s.w.WrappedWebdriver[0;39m - Finding element by: By.className: login-button 
[[34mINFO [0;39m] [] 19:34:07.663 [TestCaseId:] [Scenario:
                Create a new project] [36mo.a.q.c.g.s.w.WrappedWebdriver[0;39m - Find_Element Execution_Time(ms):; 26; Page_URL:; http://localhost:8081/#!/dashboard;
[[39mDEBUG[0;39m] [] 19:34:08.164 [TestCaseId:] [Scenario:
                Create a new project] [36mo.a.q.c.g.s.w.WrappedWebdriver[0;39m - Finding element by: By.className: login-button 
[[34mINFO [0;39m] [] 19:34:08.203 [TestCaseId:] [Scenario:
                Create a new project] [36mo.a.q.c.g.s.w.WrappedWebdriver[0;39m - Find_Element Execution_Time(ms):; 26; Page_URL:; http://localhost:8081/#!/dashboard;
[[39mDEBUG[0;39m] [] 19:34:08.704 [TestCaseId:] [Scenario:
                Create a new project] [36mo.a.q.c.g.s.w.WrappedWebdriver[0;39m - Finding element by: By.className: login-button 
[[34mINFO [0;39m] [] 19:34:08.740 [TestCaseId:] [Scenario:
                Create a new project] [36mo.a.q.c.g.s.w.WrappedWebdriver[0;39m - Find_Element Execution_Time(ms):; 24; Page_URL:; http://localhost:8081/#!/dashboard;
[[39mDEBUG[0;39m] [] 19:34:09.241 [TestCaseId:] [Scenario:
                Create a new project] [36mo.a.q.c.g.s.w.WrappedWebdriver[0;39m - Finding element by: By.className: login-button 
[[34mINFO [0;39m] [] 19:34:09.280 [TestCaseId:] [Scenario:
                Create a new project] [36mo.a.q.c.g.s.w.WrappedWebdriver[0;39m - Find_Element Execution_Time(ms):; 26; Page_URL:; http://localhost:8081/#!/dashboard;
[[39mDEBUG[0;39m] [] 19:34:09.781 [TestCaseId:] [Scenario:
                Create a new project] [36mo.a.q.c.g.s.w.WrappedWebdriver[0;39m - Finding element by: By.className: login-button 
[[34mINFO [0;39m] [] 19:34:09.820 [TestCaseId:] [Scenario:
                Create a new project] [36mo.a.q.c.g.s.w.WrappedWebdriver[0;39m - Find_Element Execution_Time(ms):; 26; Page_URL:; http://localhost:8081/#!/dashboard;
[[39mDEBUG[0;39m] [] 19:34:10.321 [TestCaseId:] [Scenario:
                Create a new project] [36mo.a.q.c.g.s.w.WrappedWebdriver[0;39m - Finding element by: By.className: login-button 
[[34mINFO [0;39m] [] 19:34:10.369 [TestCaseId:] [Scenario:
                Create a new project] [36mo.a.q.c.g.s.w.WrappedWebdriver[0;39m - Find_Element Execution_Time(ms):; 38; Page_URL:; http://localhost:8081/#!/dashboard;
[[39mDEBUG[0;39m] [] 19:34:10.370 [TestCaseId:] [Scenario:
                Create a new project] [36mo.a.q.c.g.s.w.WrappedWebdriver[0;39m - Finding element by: By.className: login-button 
[[34mINFO [0;39m] [] 19:34:10.386 [TestCaseId:] [Scenario:
                Create a new project] [36mo.a.q.c.g.s.w.WrappedWebdriver[0;39m - Find_Element Execution_Time(ms):; 12; Page_URL:; http://localhost:8081/#!/dashboard;
[[34mINFO [0;39m] [] 19:34:10.391 [TestCaseId:] [Scenario:
                Create a new project] [36mo.a.q.c.g.s.w.WebdriverHelper[0;39m - Wait_For_Element_To_Be_Clickable Execution_Time(ms):; 7546; Page_URL:; http://localhost:8081/#!/dashboard;
[[39mDEBUG[0;39m] [] 19:34:10.391 [TestCaseId:] [Scenario:
                Create a new project] [36mo.a.q.c.g.s.a.p.AllureAttachmentsProvider[0;39m - Attach screenshot to the Allure report
[[34mINFO [0;39m] [] 19:34:10.735 [TestCaseId:] [Scenario:
                Create a new project] [36mo.a.q.c.g.s.w.WebdriverHelper[0;39m - Click Execution_Time(ms):; 7899; Page_URL:; http://localhost:8081/#!/dashboard;
[[39mDEBUG[0;39m] [] 19:34:10.735 [TestCaseId:] [Scenario:
                Create a new project] [36mo.a.q.c.g.s.a.p.AllureAttachmentsProvider[0;39m - Attach screenshot to the Allure report
[[39mDEBUG[0;39m] [] 19:34:11.097 [TestCaseId:] [Scenario:
                Create a new project] [36mo.a.q.c.g.s.a.p.AllureAttachmentsProvider[0;39m - Attach screenshot to the Allure report
[[39mDEBUG[0;39m] [] 19:34:11.476 [TestCaseId:] [Scenario:
                Create a new project] [36mo.a.q.c.g.s.w.WrappedWebdriver[0;39m - Finding element by: By.className: page-title 
[[34mINFO [0;39m] [] 19:34:11.492 [TestCaseId:] [Scenario:
                Create a new project] [36mo.a.q.c.g.s.w.WrappedWebdriver[0;39m - Find_Element Execution_Time(ms):; 13; Page_URL:; http://localhost:8081/#!/dashboard;
[[39mDEBUG[0;39m] [] 19:34:11.520 [TestCaseId:] [Scenario:
                Create a new project] [36mo.a.q.c.g.s.w.WrappedWebdriver[0;39m - Finding element by: By.xpath: //button[contains(text(),'select asset type')] 
[[34mINFO [0;39m] [] 19:34:11.536 [TestCaseId:] [Scenario:
                Create a new project] [36mo.a.q.c.g.s.w.WrappedWebdriver[0;39m - Find_Element Execution_Time(ms):; 13; Page_URL:; http://localhost:8081/#!/dashboard;
[[34mINFO [0;39m] [] 19:34:11.543 [TestCaseId:] [Scenario:
                Create a new project] [36mo.a.q.c.g.s.w.WebdriverHelper[0;39m - Wait_For_Page_Update Execution_Time(ms):; 5; Page_URL:; http://localhost:8081/#!/dashboard;
[[34mINFO [0;39m] [] 19:34:11.568 [TestCaseId:] [Scenario:
                Create a new project] [36mo.a.q.c.g.s.w.WebdriverHelper[0;39m - Wait_For_Element_To_Be_Clickable Execution_Time(ms):; 21; Page_URL:; http://localhost:8081/#!/dashboard;
[[34mINFO [0;39m] [] 19:34:11.616 [TestCaseId:] [Scenario:
                Create a new project] [36mo.a.q.c.g.s.w.WebdriverHelper[0;39m - Wait_For_Page_Update Execution_Time(ms):; 6; Page_URL:; http://localhost:8081/#!/dashboard;
[[34mINFO [0;39m] [] 19:34:11.621 [TestCaseId:] [Scenario:
                Create a new project] [36mo.a.q.c.g.s.w.WebdriverHelper[0;39m - Click Execution_Time(ms):; 80; Page_URL:; http://localhost:8081/#!/dashboard;
[[39mDEBUG[0;39m] [] 19:34:11.622 [TestCaseId:] [Scenario:
                Create a new project] [36mo.a.q.c.g.s.w.WrappedWebdriver[0;39m - Finding element by: By.xpath: //ul[@class = 'dropdown-menu']/li[@text()='Offshore Oil and Gas'] 
[[34mINFO [0;39m] [] 19:34:11.647 [TestCaseId:] [Scenario:
                Create a new project] [36mo.a.q.c.g.s.w.WrappedWebdriver[0;39m - Find_Element Execution_Time(ms):; 16; Page_URL:; http://localhost:8081/#!/dashboard;
[[34mINFO [0;39m] [] 19:34:11.679 [TestCaseId:] [Scenario:
                Create a new project] [36mo.a.q.c.g.s.w.WebdriverHelper[0;39m - Wait_For_Page_Update Execution_Time(ms):; 6; Page_URL:; http://localhost:8081/#!/dashboard;
[[39mDEBUG[0;39m] [] 19:34:11.679 [TestCaseId:] [Scenario:
                Create a new project] [36mo.a.q.c.g.s.w.WrappedWebdriver[0;39m - Finding element by: By.className: logout-button 
[[34mINFO [0;39m] [] 19:34:11.695 [TestCaseId:] [Scenario:
                Create a new project] [36mo.a.q.c.g.s.w.WrappedWebdriver[0;39m - Find_Element Execution_Time(ms):; 13; Page_URL:; http://localhost:8081/#!/dashboard;
[[39mDEBUG[0;39m] [] 19:34:11.707 [TestCaseId:] [Scenario:
                Create a new project] [36mo.a.q.c.g.s.w.WrappedWebdriver[0;39m - Finding element by: By.className: logout-button 
[[34mINFO [0;39m] [] 19:34:11.716 [TestCaseId:] [Scenario:
                Create a new project] [36mo.a.q.c.g.s.w.WrappedWebdriver[0;39m - Find_Element Execution_Time(ms):; 6; Page_URL:; http://localhost:8081/#!/dashboard;
[[34mINFO [0;39m] [] 19:34:11.727 [TestCaseId:] [Scenario:
                Create a new project] [36mo.a.q.c.g.s.w.WebdriverHelper[0;39m - Wait_For_Element_To_Be_Clickable Execution_Time(ms):; 45; Page_URL:; http://localhost:8081/#!/dashboard;
[[39mDEBUG[0;39m] [] 19:34:11.727 [TestCaseId:] [Scenario:
                Create a new project] [36mo.a.q.c.g.s.w.WrappedWebdriver[0;39m - Finding element by: By.className: logout-button 
[[34mINFO [0;39m] [] 19:34:11.738 [TestCaseId:] [Scenario:
                Create a new project] [36mo.a.q.c.g.s.w.WrappedWebdriver[0;39m - Find_Element Execution_Time(ms):; 8; Page_URL:; http://localhost:8081/#!/dashboard;
[[34mINFO [0;39m] [] 19:34:11.778 [TestCaseId:] [Scenario:
                Create a new project] [36mo.a.q.c.g.s.w.WebdriverHelper[0;39m - Wait_For_Page_Update Execution_Time(ms):; 4; Page_URL:; http://localhost:8081/#!/dashboard;
[[34mINFO [0;39m] [] 19:34:11.782 [TestCaseId:] [Scenario:
                Create a new project] [36mo.a.q.c.g.s.w.WebdriverHelper[0;39m - Click Execution_Time(ms):; 111; Page_URL:; http://localhost:8081/#!/dashboard;
[[39mDEBUG[0;39m] [] 19:34:11.782 [TestCaseId:] [Scenario:
                Create a new project] [36mo.a.q.c.g.s.w.WrappedWebdriver[0;39m - Finding element by: By.cssSelector: .logout-menu li 
[[34mINFO [0;39m] [] 19:34:11.798 [TestCaseId:] [Scenario:
                Create a new project] [36mo.a.q.c.g.s.w.WrappedWebdriver[0;39m - Find_Element Execution_Time(ms):; 12; Page_URL:; http://localhost:8081/#!/dashboard;
[[34mINFO [0;39m] [] 19:34:11.808 [TestCaseId:] [Scenario:
                Create a new project] [36mo.a.q.c.g.s.w.WebdriverHelper[0;39m - Wait_For_Page_Update Execution_Time(ms):; 6; Page_URL:; http://localhost:8081/#!/dashboard;
[[34mINFO [0;39m] [] 19:34:11.833 [TestCaseId:] [Scenario:
                Create a new project] [36mo.a.q.c.g.s.w.WebdriverHelper[0;39m - Wait_For_Element_To_Be_Clickable Execution_Time(ms):; 21; Page_URL:; http://localhost:8081/#!/dashboard;
[[34mINFO [0;39m] [] 19:34:11.891 [TestCaseId:] [Scenario:
                Create a new project] [36mo.a.q.c.g.s.w.WebdriverHelper[0;39m - Wait_For_Page_Update Execution_Time(ms):; 14; Page_URL:; http://localhost:8081/#!/login;
[[34mINFO [0;39m] [] 19:34:11.895 [TestCaseId:] [Scenario:
                Create a new project] [36mo.a.q.c.g.s.w.WebdriverHelper[0;39m - Click Execution_Time(ms):; 94; Page_URL:; http://localhost:8081/#!/login;
[[39mDEBUG[0;39m] [] 19:34:11.899 [TestCaseId:] [Scenario:
                ] [36mo.a.q.c.g.s.w.WrappedWebdriver[0;39m - Driver quit
[[34mINFO [0;39m] [] 19:34:12.873 [TestCaseId:] [Scenario:
                ] [36mo.a.q.c.g.s.w.WrappedWebdriver[0;39m - Driver_Quit Execution_Time(ms):; 973; Page_URL:; ;
