[[34mINFO [0;39m] [] 18:18:12.778 [TestCaseId:] [Scenario:
                Create a new project] [36mo.a.q.c.s.p.LoginPageObject[0;39m - Open login page
[[39mDEBUG[0;39m] [] 18:18:12.788 [TestCaseId:] [Scenario:
                Create a new project] [36mo.a.q.c.s.w.WrappedWebdriver[0;39m - Opening url: http://localhost:8081/#!/login
[[39mDEBUG[0;39m] [] 18:18:14.123 [TestCaseId:] [Scenario:
                Create a new project] [36mo.a.q.c.s.a.p.AllureAttachmentsProvider[0;39m - Attach screenshot to the Allure report
[[34mINFO [0;39m] [] 18:18:14.689 [TestCaseId:] [Scenario:
                Create a new project] [36mo.a.q.c.s.w.WrappedWebdriver[0;39m - Open_Page Execution_Time(ms):; 1901; Page_URL:; http://localhost:8081/#!/login;
[[34mINFO [0;39m] [] 18:18:14.689 [TestCaseId:] [Scenario:
                Create a new project] [36mo.a.q.c.s.p.LoginPageObject[0;39m - Set login as admin in SingIn form
[[34mINFO [0;39m] [] 18:18:14.739 [TestCaseId:] [Scenario:
                Create a new project] [36mo.a.q.c.s.w.WebdriverHelper[0;39m - Wait_For_Page_Update Execution_Time(ms):; 20; Page_URL:; http://localhost:8081/#!/login;
[[39mDEBUG[0;39m] [] 18:18:14.739 [TestCaseId:] [Scenario:
                Create a new project] [36mo.a.q.c.s.w.WrappedWebdriver[0;39m - Finding element by: By.name: login 
[[34mINFO [0;39m] [] 18:18:14.772 [TestCaseId:] [Scenario:
                Create a new project] [36mo.a.q.c.s.w.WrappedWebdriver[0;39m - Find_Element Execution_Time(ms):; 23; Page_URL:; http://localhost:8081/#!/login;
[[39mDEBUG[0;39m] [] 18:18:14.792 [TestCaseId:] [Scenario:
                Create a new project] [36mo.a.q.c.s.w.WrappedWebdriver[0;39m - Finding element by: By.name: login 
[[34mINFO [0;39m] [] 18:18:14.812 [TestCaseId:] [Scenario:
                Create a new project] [36mo.a.q.c.s.w.WrappedWebdriver[0;39m - Find_Element Execution_Time(ms):; 10; Page_URL:; http://localhost:8081/#!/login;
[[39mDEBUG[0;39m] [] 18:18:14.832 [TestCaseId:] [Scenario:
                Create a new project] [36mo.a.q.c.s.w.WrappedWebdriver[0;39m - Finding element by: By.name: login 
[[34mINFO [0;39m] [] 18:18:14.837 [TestCaseId:] [Scenario:
                Create a new project] [36mo.a.q.c.s.w.WrappedWebdriver[0;39m - Find_Element Execution_Time(ms):; 1; Page_URL:; http://localhost:8081/#!/login;
[[34mINFO [0;39m] [] 18:18:14.887 [TestCaseId:] [Scenario:
                Create a new project] [36mo.a.q.c.s.w.WebdriverHelper[0;39m - Wait_For_Page_Update Execution_Time(ms):; 7; Page_URL:; http://localhost:8081/#!/login;
[[34mINFO [0;39m] [] 18:18:14.891 [TestCaseId:] [Scenario:
                Create a new project] [36mo.a.q.c.s.w.WebdriverHelper[0;39m - Send_Keys Execution_Time(ms):; 178; Page_URL:; http://localhost:8081/#!/login;
[[34mINFO [0;39m] [] 18:18:14.902 [TestCaseId:] [Scenario:
                Create a new project] [36mo.a.q.c.s.w.WebdriverHelper[0;39m - Wait_For_Page_Update Execution_Time(ms):; 7; Page_URL:; http://localhost:8081/#!/login;
[[39mDEBUG[0;39m] [] 18:18:14.903 [TestCaseId:] [Scenario:
                Create a new project] [36mo.a.q.c.s.w.WrappedWebdriver[0;39m - Finding element by: By.name: password 
[[34mINFO [0;39m] [] 18:18:14.946 [TestCaseId:] [Scenario:
                Create a new project] [36mo.a.q.c.s.w.WrappedWebdriver[0;39m - Find_Element Execution_Time(ms):; 33; Page_URL:; http://localhost:8081/#!/login;
[[39mDEBUG[0;39m] [] 18:18:14.966 [TestCaseId:] [Scenario:
                Create a new project] [36mo.a.q.c.s.w.WrappedWebdriver[0;39m - Finding element by: By.name: password 
[[34mINFO [0;39m] [] 18:18:14.986 [TestCaseId:] [Scenario:
                Create a new project] [36mo.a.q.c.s.w.WrappedWebdriver[0;39m - Find_Element Execution_Time(ms):; 10; Page_URL:; http://localhost:8081/#!/login;
[[39mDEBUG[0;39m] [] 18:18:15.006 [TestCaseId:] [Scenario:
                Create a new project] [36mo.a.q.c.s.w.WrappedWebdriver[0;39m - Finding element by: By.name: password 
[[34mINFO [0;39m] [] 18:18:15.011 [TestCaseId:] [Scenario:
                Create a new project] [36mo.a.q.c.s.w.WrappedWebdriver[0;39m - Find_Element Execution_Time(ms):; 1; Page_URL:; http://localhost:8081/#!/login;
[[34mINFO [0;39m] [] 18:18:15.052 [TestCaseId:] [Scenario:
                Create a new project] [36mo.a.q.c.s.w.WebdriverHelper[0;39m - Wait_For_Page_Update Execution_Time(ms):; 5; Page_URL:; http://localhost:8081/#!/login;
[[34mINFO [0;39m] [] 18:18:15.056 [TestCaseId:] [Scenario:
                Create a new project] [36mo.a.q.c.s.w.WebdriverHelper[0;39m - Send_Keys Execution_Time(ms):; 160; Page_URL:; http://localhost:8081/#!/login;
[[34mINFO [0;39m] [] 18:18:15.065 [TestCaseId:] [Scenario:
                Create a new project] [36mo.a.q.c.s.w.WebdriverHelper[0;39m - Wait_For_Page_Update Execution_Time(ms):; 6; Page_URL:; http://localhost:8081/#!/login;
[[39mDEBUG[0;39m] [] 18:18:15.066 [TestCaseId:] [Scenario:
                Create a new project] [36mo.a.q.c.s.w.WrappedWebdriver[0;39m - Finding element by: By.className: login-button 
[[34mINFO [0;39m] [] 18:18:15.080 [TestCaseId:] [Scenario:
                Create a new project] [36mo.a.q.c.s.w.WrappedWebdriver[0;39m - Find_Element Execution_Time(ms):; 11; Page_URL:; http://localhost:8081/#!/login;
[[39mDEBUG[0;39m] [] 18:18:15.107 [TestCaseId:] [Scenario:
                Create a new project] [36mo.a.q.c.s.w.WrappedWebdriver[0;39m - Finding element by: By.className: login-button 
[[34mINFO [0;39m] [] 18:18:15.127 [TestCaseId:] [Scenario:
                Create a new project] [36mo.a.q.c.s.w.WrappedWebdriver[0;39m - Find_Element Execution_Time(ms):; 10; Page_URL:; http://localhost:8081/#!/login;
[[34mINFO [0;39m] [] 18:18:15.147 [TestCaseId:] [Scenario:
                Create a new project] [36mo.a.q.c.s.w.WebdriverHelper[0;39m - Wait_For_Element_To_Be_Clickable Execution_Time(ms):; 72; Page_URL:; http://localhost:8081/#!/login;
[[39mDEBUG[0;39m] [] 18:18:15.147 [TestCaseId:] [Scenario:
                Create a new project] [36mo.a.q.c.s.w.WrappedWebdriver[0;39m - Finding element by: By.className: login-button 
[[34mINFO [0;39m] [] 18:18:15.167 [TestCaseId:] [Scenario:
                Create a new project] [36mo.a.q.c.s.w.WrappedWebdriver[0;39m - Find_Element Execution_Time(ms):; 10; Page_URL:; http://localhost:8081/#!/login;
[[34mINFO [0;39m] [] 18:18:15.315 [TestCaseId:] [Scenario:
                Create a new project] [36mo.a.q.c.s.w.WebdriverHelper[0;39m - Wait_For_Page_Update Execution_Time(ms):; 89; Page_URL:; http://localhost:8081/#!/dashboard;
[[34mINFO [0;39m] [] 18:18:15.322 [TestCaseId:] [Scenario:
                Create a new project] [36mo.a.q.c.s.w.WebdriverHelper[0;39m - Click Execution_Time(ms):; 259; Page_URL:; http://localhost:8081/#!/dashboard;
[[39mDEBUG[0;39m] [] 18:18:15.323 [TestCaseId:] [Scenario:
                Create a new project] [36mo.a.q.c.s.a.p.AllureAttachmentsProvider[0;39m - Attach screenshot to the Allure report
[[34mINFO [0;39m] [] 18:18:15.796 [TestCaseId:] [Scenario:
                Create a new project] [36mo.a.q.c.s.p.LoginPageObject[0;39m - Submit SignIn form
[[34mINFO [0;39m] [] 18:18:15.826 [TestCaseId:] [Scenario:
                Create a new project] [36mo.a.q.c.s.w.WebdriverHelper[0;39m - Wait_For_Page_Update Execution_Time(ms):; 20; Page_URL:; http://localhost:8081/#!/dashboard;
[[39mDEBUG[0;39m] [] 18:18:15.826 [TestCaseId:] [Scenario:
                Create a new project] [36mo.a.q.c.s.w.WrappedWebdriver[0;39m - Finding element by: By.className: login-button 
[[34mINFO [0;39m] [] 18:18:15.856 [TestCaseId:] [Scenario:
                Create a new project] [36mo.a.q.c.s.w.WrappedWebdriver[0;39m - Find_Element Execution_Time(ms):; 20; Page_URL:; http://localhost:8081/#!/dashboard;
[[39mDEBUG[0;39m] [] 18:18:16.362 [TestCaseId:] [Scenario:
                Create a new project] [36mo.a.q.c.s.w.WrappedWebdriver[0;39m - Finding element by: By.className: login-button 
[[34mINFO [0;39m] [] 18:18:16.382 [TestCaseId:] [Scenario:
                Create a new project] [36mo.a.q.c.s.w.WrappedWebdriver[0;39m - Find_Element Execution_Time(ms):; 10; Page_URL:; http://localhost:8081/#!/dashboard;
[[39mDEBUG[0;39m] [] 18:18:16.883 [TestCaseId:] [Scenario:
                Create a new project] [36mo.a.q.c.s.w.WrappedWebdriver[0;39m - Finding element by: By.className: login-button 
[[34mINFO [0;39m] [] 18:18:16.933 [TestCaseId:] [Scenario:
                Create a new project] [36mo.a.q.c.s.w.WrappedWebdriver[0;39m - Find_Element Execution_Time(ms):; 30; Page_URL:; http://localhost:8081/#!/dashboard;
[[39mDEBUG[0;39m] [] 18:18:17.439 [TestCaseId:] [Scenario:
                Create a new project] [36mo.a.q.c.s.w.WrappedWebdriver[0;39m - Finding element by: By.className: login-button 
[[34mINFO [0;39m] [] 18:18:17.479 [TestCaseId:] [Scenario:
                Create a new project] [36mo.a.q.c.s.w.WrappedWebdriver[0;39m - Find_Element Execution_Time(ms):; 30; Page_URL:; http://localhost:8081/#!/dashboard;
[[39mDEBUG[0;39m] [] 18:18:17.982 [TestCaseId:] [Scenario:
                Create a new project] [36mo.a.q.c.s.w.WrappedWebdriver[0;39m - Finding element by: By.className: login-button 
[[34mINFO [0;39m] [] 18:18:18.022 [TestCaseId:] [Scenario:
                Create a new project] [36mo.a.q.c.s.w.WrappedWebdriver[0;39m - Find_Element Execution_Time(ms):; 30; Page_URL:; http://localhost:8081/#!/dashboard;
[[39mDEBUG[0;39m] [] 18:18:18.504 [TestCaseId:] [Scenario:
                Create a new project] [36mo.a.q.c.s.w.WrappedWebdriver[0;39m - Finding element by: By.className: login-button 
[[34mINFO [0;39m] [] 18:18:18.543 [TestCaseId:] [Scenario:
                Create a new project] [36mo.a.q.c.s.w.WrappedWebdriver[0;39m - Find_Element Execution_Time(ms):; 28; Page_URL:; http://localhost:8081/#!/dashboard;
[[39mDEBUG[0;39m] [] 18:18:19.045 [TestCaseId:] [Scenario:
                Create a new project] [36mo.a.q.c.s.w.WrappedWebdriver[0;39m - Finding element by: By.className: login-button 
[[34mINFO [0;39m] [] 18:18:19.096 [TestCaseId:] [Scenario:
                Create a new project] [36mo.a.q.c.s.w.WrappedWebdriver[0;39m - Find_Element Execution_Time(ms):; 30; Page_URL:; http://localhost:8081/#!/dashboard;
[[39mDEBUG[0;39m] [] 18:18:19.603 [TestCaseId:] [Scenario:
                Create a new project] [36mo.a.q.c.s.w.WrappedWebdriver[0;39m - Finding element by: By.className: login-button 
[[34mINFO [0;39m] [] 18:18:19.645 [TestCaseId:] [Scenario:
                Create a new project] [36mo.a.q.c.s.w.WrappedWebdriver[0;39m - Find_Element Execution_Time(ms):; 32; Page_URL:; http://localhost:8081/#!/dashboard;
[[39mDEBUG[0;39m] [] 18:18:20.145 [TestCaseId:] [Scenario:
                Create a new project] [36mo.a.q.c.s.w.WrappedWebdriver[0;39m - Finding element by: By.className: login-button 
[[34mINFO [0;39m] [] 18:18:20.185 [TestCaseId:] [Scenario:
                Create a new project] [36mo.a.q.c.s.w.WrappedWebdriver[0;39m - Find_Element Execution_Time(ms):; 30; Page_URL:; http://localhost:8081/#!/dashboard;
[[39mDEBUG[0;39m] [] 18:18:20.693 [TestCaseId:] [Scenario:
                Create a new project] [36mo.a.q.c.s.w.WrappedWebdriver[0;39m - Finding element by: By.className: login-button 
[[34mINFO [0;39m] [] 18:18:20.743 [TestCaseId:] [Scenario:
                Create a new project] [36mo.a.q.c.s.w.WrappedWebdriver[0;39m - Find_Element Execution_Time(ms):; 30; Page_URL:; http://localhost:8081/#!/dashboard;
[[39mDEBUG[0;39m] [] 18:18:21.250 [TestCaseId:] [Scenario:
                Create a new project] [36mo.a.q.c.s.w.WrappedWebdriver[0;39m - Finding element by: By.className: login-button 
[[34mINFO [0;39m] [] 18:18:21.300 [TestCaseId:] [Scenario:
                Create a new project] [36mo.a.q.c.s.w.WrappedWebdriver[0;39m - Find_Element Execution_Time(ms):; 30; Page_URL:; http://localhost:8081/#!/dashboard;
[[39mDEBUG[0;39m] [] 18:18:21.801 [TestCaseId:] [Scenario:
                Create a new project] [36mo.a.q.c.s.w.WrappedWebdriver[0;39m - Finding element by: By.className: login-button 
[[34mINFO [0;39m] [] 18:18:21.831 [TestCaseId:] [Scenario:
                Create a new project] [36mo.a.q.c.s.w.WrappedWebdriver[0;39m - Find_Element Execution_Time(ms):; 20; Page_URL:; http://localhost:8081/#!/dashboard;
[[39mDEBUG[0;39m] [] 18:18:22.331 [TestCaseId:] [Scenario:
                Create a new project] [36mo.a.q.c.s.w.WrappedWebdriver[0;39m - Finding element by: By.className: login-button 
[[34mINFO [0;39m] [] 18:18:22.371 [TestCaseId:] [Scenario:
                Create a new project] [36mo.a.q.c.s.w.WrappedWebdriver[0;39m - Find_Element Execution_Time(ms):; 30; Page_URL:; http://localhost:8081/#!/dashboard;
[[39mDEBUG[0;39m] [] 18:18:22.883 [TestCaseId:] [Scenario:
                Create a new project] [36mo.a.q.c.s.w.WrappedWebdriver[0;39m - Finding element by: By.className: login-button 
[[34mINFO [0;39m] [] 18:18:22.923 [TestCaseId:] [Scenario:
                Create a new project] [36mo.a.q.c.s.w.WrappedWebdriver[0;39m - Find_Element Execution_Time(ms):; 30; Page_URL:; http://localhost:8081/#!/dashboard;
[[39mDEBUG[0;39m] [] 18:18:22.933 [TestCaseId:] [Scenario:
                Create a new project] [36mo.a.q.c.s.w.WrappedWebdriver[0;39m - Finding element by: By.className: login-button 
[[34mINFO [0;39m] [] 18:18:22.983 [TestCaseId:] [Scenario:
                Create a new project] [36mo.a.q.c.s.w.WrappedWebdriver[0;39m - Find_Element Execution_Time(ms):; 20; Page_URL:; http://localhost:8081/#!/dashboard;
[[34mINFO [0;39m] [] 18:18:22.993 [TestCaseId:] [Scenario:
                Create a new project] [36mo.a.q.c.s.w.WebdriverHelper[0;39m - Wait_For_Element_To_Be_Clickable Execution_Time(ms):; 7157; Page_URL:; http://localhost:8081/#!/dashboard;
[[39mDEBUG[0;39m] [] 18:18:23.003 [TestCaseId:] [Scenario:
                Create a new project] [36mo.a.q.c.s.a.p.AllureAttachmentsProvider[0;39m - Attach screenshot to the Allure report
[[34mINFO [0;39m] [] 18:18:23.373 [TestCaseId:] [Scenario:
                Create a new project] [36mo.a.q.c.s.w.WebdriverHelper[0;39m - Click Execution_Time(ms):; 7567; Page_URL:; http://localhost:8081/#!/dashboard;
[[39mDEBUG[0;39m] [] 18:18:23.373 [TestCaseId:] [Scenario:
                Create a new project] [36mo.a.q.c.s.a.p.AllureAttachmentsProvider[0;39m - Attach screenshot to the Allure report
[[39mDEBUG[0;39m] [] 18:18:23.750 [TestCaseId:] [Scenario:
                Create a new project] [36mo.a.q.c.s.a.p.AllureAttachmentsProvider[0;39m - Attach screenshot to the Allure report
[[39mDEBUG[0;39m] [] 18:18:24.164 [TestCaseId:] [Scenario:
                Create a new project] [36mo.a.q.c.s.w.WrappedWebdriver[0;39m - Finding element by: By.className: page-title 
[[34mINFO [0;39m] [] 18:18:24.194 [TestCaseId:] [Scenario:
                Create a new project] [36mo.a.q.c.s.w.WrappedWebdriver[0;39m - Find_Element Execution_Time(ms):; 20; Page_URL:; http://localhost:8081/#!/dashboard;
[[39mDEBUG[0;39m] [] 18:18:24.234 [TestCaseId:] [Scenario:
                Create a new project] [36mo.a.q.c.s.w.WrappedWebdriver[0;39m - Finding element by: By.xpath: //button[contains(text(),'select asset type')] 
[[34mINFO [0;39m] [] 18:18:24.264 [TestCaseId:] [Scenario:
                Create a new project] [36mo.a.q.c.s.w.WrappedWebdriver[0;39m - Find_Element Execution_Time(ms):; 20; Page_URL:; http://localhost:8081/#!/dashboard;
[[34mINFO [0;39m] [] 18:18:24.294 [TestCaseId:] [Scenario:
                Create a new project] [36mo.a.q.c.s.w.WebdriverHelper[0;39m - Wait_For_Page_Update Execution_Time(ms):; 20; Page_URL:; http://localhost:8081/#!/dashboard;
[[34mINFO [0;39m] [] 18:18:24.354 [TestCaseId:] [Scenario:
                Create a new project] [36mo.a.q.c.s.w.WebdriverHelper[0;39m - Wait_For_Element_To_Be_Clickable Execution_Time(ms):; 50; Page_URL:; http://localhost:8081/#!/dashboard;
[[34mINFO [0;39m] [] 18:18:24.423 [TestCaseId:] [Scenario:
                Create a new project] [36mo.a.q.c.s.w.WebdriverHelper[0;39m - Wait_For_Page_Update Execution_Time(ms):; 8; Page_URL:; http://localhost:8081/#!/dashboard;
[[34mINFO [0;39m] [] 18:18:24.428 [TestCaseId:] [Scenario:
                Create a new project] [36mo.a.q.c.s.w.WebdriverHelper[0;39m - Click Execution_Time(ms):; 159; Page_URL:; http://localhost:8081/#!/dashboard;
[[39mDEBUG[0;39m] [] 18:18:24.429 [TestCaseId:] [Scenario:
                Create a new project] [36mo.a.q.c.s.w.WrappedWebdriver[0;39m - Finding element by: By.xpath: //ul[@class = 'dropdown-menu']//a[text()='Offshore Oil and Gas'] 
[[34mINFO [0;39m] [] 18:18:24.451 [TestCaseId:] [Scenario:
                Create a new project] [36mo.a.q.c.s.w.WrappedWebdriver[0;39m - Find_Element Execution_Time(ms):; 16; Page_URL:; http://localhost:8081/#!/dashboard;
[[34mINFO [0;39m] [] 18:18:24.466 [TestCaseId:] [Scenario:
                Create a new project] [36mo.a.q.c.s.w.WebdriverHelper[0;39m - Wait_For_Page_Update Execution_Time(ms):; 8; Page_URL:; http://localhost:8081/#!/dashboard;
[[34mINFO [0;39m] [] 18:18:24.508 [TestCaseId:] [Scenario:
                Create a new project] [36mo.a.q.c.s.w.WebdriverHelper[0;39m - Wait_For_Element_To_Be_Clickable Execution_Time(ms):; 39; Page_URL:; http://localhost:8081/#!/dashboard;
[[34mINFO [0;39m] [] 18:18:24.563 [TestCaseId:] [Scenario:
                Create a new project] [36mo.a.q.c.s.w.WebdriverHelper[0;39m - Wait_For_Page_Update Execution_Time(ms):; 5; Page_URL:; http://localhost:8081/#!/dashboard;
[[34mINFO [0;39m] [] 18:18:24.567 [TestCaseId:] [Scenario:
                Create a new project] [36mo.a.q.c.s.w.WebdriverHelper[0;39m - Click Execution_Time(ms):; 111; Page_URL:; http://localhost:8081/#!/dashboard;
[[39mDEBUG[0;39m] [] 18:18:24.568 [TestCaseId:] [Scenario:
                Create a new project] [36mo.a.q.c.s.w.WrappedWebdriver[0;39m - Finding element by: By.xpath: //div[contains(@ng-repeat, 'system')]/span[text()='oil dehydration'] 
[[34mINFO [0;39m] [] 18:18:24.583 [TestCaseId:] [Scenario:
                Create a new project] [36mo.a.q.c.s.w.WrappedWebdriver[0;39m - Find_Element Execution_Time(ms):; 12; Page_URL:; http://localhost:8081/#!/dashboard;
[[34mINFO [0;39m] [] 18:18:24.590 [TestCaseId:] [Scenario:
                Create a new project] [36mo.a.q.c.s.w.WebdriverHelper[0;39m - Wait_For_Page_Update Execution_Time(ms):; 5; Page_URL:; http://localhost:8081/#!/dashboard;
[[34mINFO [0;39m] [] 18:18:24.632 [TestCaseId:] [Scenario:
                Create a new project] [36mo.a.q.c.s.w.WebdriverHelper[0;39m - Wait_For_Element_To_Be_Clickable Execution_Time(ms):; 31; Page_URL:; http://localhost:8081/#!/dashboard;
[[34mINFO [0;39m] [] 18:18:24.673 [TestCaseId:] [Scenario:
                Create a new project] [36mo.a.q.c.s.w.WebdriverHelper[0;39m - Wait_For_Page_Update Execution_Time(ms):; 6; Page_URL:; http://localhost:8081/#!/dashboard;
[[34mINFO [0;39m] [] 18:18:24.677 [TestCaseId:] [Scenario:
                Create a new project] [36mo.a.q.c.s.w.WebdriverHelper[0;39m - Click Execution_Time(ms):; 91; Page_URL:; http://localhost:8081/#!/dashboard;
[[39mDEBUG[0;39m] [] 18:18:24.678 [TestCaseId:] [Scenario:
                Create a new project] [36mo.a.q.c.s.w.WrappedWebdriver[0;39m - Finding element by: By.xpath: //div[contains(@ng-repeat, 'system')]/span[text()='oil dehydration'] 
[[34mINFO [0;39m] [] 18:18:24.688 [TestCaseId:] [Scenario:
                Create a new project] [36mo.a.q.c.s.w.WrappedWebdriver[0;39m - Find_Element Execution_Time(ms):; 7; Page_URL:; http://localhost:8081/#!/dashboard;
[[34mINFO [0;39m] [] 18:18:24.762 [TestCaseId:] [Scenario:
                Create a new project] [36mo.a.q.c.s.w.WebdriverHelper[0;39m - Wait_For_Page_Update Execution_Time(ms):; 20; Page_URL:; http://localhost:8081/#!/dashboard;
[[39mDEBUG[0;39m] [] 18:18:24.762 [TestCaseId:] [Scenario:
                Create a new project] [36mo.a.q.c.s.w.WrappedWebdriver[0;39m - Finding element by: By.className: logout-button 
[[34mINFO [0;39m] [] 18:18:24.803 [TestCaseId:] [Scenario:
                Create a new project] [36mo.a.q.c.s.w.WrappedWebdriver[0;39m - Find_Element Execution_Time(ms):; 21; Page_URL:; http://localhost:8081/#!/dashboard;
[[39mDEBUG[0;39m] [] 18:18:24.823 [TestCaseId:] [Scenario:
                Create a new project] [36mo.a.q.c.s.w.WrappedWebdriver[0;39m - Finding element by: By.className: logout-button 
[[34mINFO [0;39m] [] 18:18:24.843 [TestCaseId:] [Scenario:
                Create a new project] [36mo.a.q.c.s.w.WrappedWebdriver[0;39m - Find_Element Execution_Time(ms):; 10; Page_URL:; http://localhost:8081/#!/dashboard;
[[34mINFO [0;39m] [] 18:18:24.863 [TestCaseId:] [Scenario:
                Create a new project] [36mo.a.q.c.s.w.WebdriverHelper[0;39m - Wait_For_Element_To_Be_Clickable Execution_Time(ms):; 91; Page_URL:; http://localhost:8081/#!/dashboard;
[[39mDEBUG[0;39m] [] 18:18:24.863 [TestCaseId:] [Scenario:
                Create a new project] [36mo.a.q.c.s.w.WrappedWebdriver[0;39m - Finding element by: By.className: logout-button 
[[34mINFO [0;39m] [] 18:18:24.883 [TestCaseId:] [Scenario:
                Create a new project] [36mo.a.q.c.s.w.WrappedWebdriver[0;39m - Find_Element Execution_Time(ms):; 10; Page_URL:; http://localhost:8081/#!/dashboard;
[[34mINFO [0;39m] [] 18:18:24.925 [TestCaseId:] [Scenario:
                Create a new project] [36mo.a.q.c.s.w.WebdriverHelper[0;39m - Wait_For_Page_Update Execution_Time(ms):; 6; Page_URL:; http://localhost:8081/#!/dashboard;
[[34mINFO [0;39m] [] 18:18:24.929 [TestCaseId:] [Scenario:
                Create a new project] [36mo.a.q.c.s.w.WebdriverHelper[0;39m - Click Execution_Time(ms):; 184; Page_URL:; http://localhost:8081/#!/dashboard;
[[39mDEBUG[0;39m] [] 18:18:24.930 [TestCaseId:] [Scenario:
                Create a new project] [36mo.a.q.c.s.w.WrappedWebdriver[0;39m - Finding element by: By.cssSelector: .logout-menu li 
[[34mINFO [0;39m] [] 18:18:24.961 [TestCaseId:] [Scenario:
                Create a new project] [36mo.a.q.c.s.w.WrappedWebdriver[0;39m - Find_Element Execution_Time(ms):; 21; Page_URL:; http://localhost:8081/#!/dashboard;
[[34mINFO [0;39m] [] 18:18:24.982 [TestCaseId:] [Scenario:
                Create a new project] [36mo.a.q.c.s.w.WebdriverHelper[0;39m - Wait_For_Page_Update Execution_Time(ms):; 20; Page_URL:; http://localhost:8081/#!/dashboard;
[[34mINFO [0;39m] [] 18:18:25.006 [TestCaseId:] [Scenario:
                Create a new project] [36mo.a.q.c.s.w.WebdriverHelper[0;39m - Wait_For_Element_To_Be_Clickable Execution_Time(ms):; 21; Page_URL:; http://localhost:8081/#!/dashboard;
[[34mINFO [0;39m] [] 18:18:25.060 [TestCaseId:] [Scenario:
                Create a new project] [36mo.a.q.c.s.w.WebdriverHelper[0;39m - Wait_For_Page_Update Execution_Time(ms):; 10; Page_URL:; http://localhost:8081/#!/login;
[[34mINFO [0;39m] [] 18:18:25.067 [TestCaseId:] [Scenario:
                Create a new project] [36mo.a.q.c.s.w.WebdriverHelper[0;39m - Click Execution_Time(ms):; 99; Page_URL:; http://localhost:8081/#!/login;
[[39mDEBUG[0;39m] [] 18:18:25.071 [TestCaseId:] [Scenario:
                ] [36mo.a.q.c.s.w.WrappedWebdriver[0;39m - Driver quit
[[34mINFO [0;39m] [] 18:18:26.135 [TestCaseId:] [Scenario:
                ] [36mo.a.q.c.s.w.WrappedWebdriver[0;39m - Driver_Quit Execution_Time(ms):; 1064; Page_URL:; ;
