[[34mINFO [0;39m] [] 18:26:11.974 [TestCaseId:] [Scenario:
                Create a new project] [36mo.a.q.c.s.p.LoginPageObject[0;39m - Open login page
[[39mDEBUG[0;39m] [] 18:26:11.974 [TestCaseId:] [Scenario:
                Create a new project] [36mo.a.q.c.s.w.WrappedWebdriver[0;39m - Opening url: http://localhost:8081/#!/login
[[39mDEBUG[0;39m] [] 18:26:13.257 [TestCaseId:] [Scenario:
                Create a new project] [36mo.a.q.c.s.a.p.AllureAttachmentsProvider[0;39m - Attach screenshot to the Allure report
[[34mINFO [0;39m] [] 18:26:13.818 [TestCaseId:] [Scenario:
                Create a new project] [36mo.a.q.c.s.w.WrappedWebdriver[0;39m - Open_Page Execution_Time(ms):; 1844; Page_URL:; http://localhost:8081/#!/login;
[[34mINFO [0;39m] [] 18:26:13.818 [TestCaseId:] [Scenario:
                Create a new project] [36mo.a.q.c.s.p.LoginPageObject[0;39m - Set login as admin in SingIn form
[[34mINFO [0;39m] [] 18:26:13.868 [TestCaseId:] [Scenario:
                Create a new project] [36mo.a.q.c.s.w.WebdriverHelper[0;39m - Wait_For_Page_Update Execution_Time(ms):; 20; Page_URL:; http://localhost:8081/#!/login;
[[39mDEBUG[0;39m] [] 18:26:13.868 [TestCaseId:] [Scenario:
                Create a new project] [36mo.a.q.c.s.w.WrappedWebdriver[0;39m - Finding element by: By.name: login 
[[34mINFO [0;39m] [] 18:26:13.898 [TestCaseId:] [Scenario:
                Create a new project] [36mo.a.q.c.s.w.WrappedWebdriver[0;39m - Find_Element Execution_Time(ms):; 20; Page_URL:; http://localhost:8081/#!/login;
[[39mDEBUG[0;39m] [] 18:26:13.918 [TestCaseId:] [Scenario:
                Create a new project] [36mo.a.q.c.s.w.WrappedWebdriver[0;39m - Finding element by: By.name: login 
[[34mINFO [0;39m] [] 18:26:13.938 [TestCaseId:] [Scenario:
                Create a new project] [36mo.a.q.c.s.w.WrappedWebdriver[0;39m - Find_Element Execution_Time(ms):; 10; Page_URL:; http://localhost:8081/#!/login;
[[39mDEBUG[0;39m] [] 18:26:13.958 [TestCaseId:] [Scenario:
                Create a new project] [36mo.a.q.c.s.w.WrappedWebdriver[0;39m - Finding element by: By.name: login 
[[34mINFO [0;39m] [] 18:26:13.963 [TestCaseId:] [Scenario:
                Create a new project] [36mo.a.q.c.s.w.WrappedWebdriver[0;39m - Find_Element Execution_Time(ms):; 1; Page_URL:; http://localhost:8081/#!/login;
[[34mINFO [0;39m] [] 18:26:14.015 [TestCaseId:] [Scenario:
                Create a new project] [36mo.a.q.c.s.w.WebdriverHelper[0;39m - Wait_For_Page_Update Execution_Time(ms):; 6; Page_URL:; http://localhost:8081/#!/login;
[[34mINFO [0;39m] [] 18:26:14.019 [TestCaseId:] [Scenario:
                Create a new project] [36mo.a.q.c.s.w.WebdriverHelper[0;39m - Send_Keys Execution_Time(ms):; 178; Page_URL:; http://localhost:8081/#!/login;
[[34mINFO [0;39m] [] 18:26:14.028 [TestCaseId:] [Scenario:
                Create a new project] [36mo.a.q.c.s.w.WebdriverHelper[0;39m - Wait_For_Page_Update Execution_Time(ms):; 6; Page_URL:; http://localhost:8081/#!/login;
[[39mDEBUG[0;39m] [] 18:26:14.028 [TestCaseId:] [Scenario:
                Create a new project] [36mo.a.q.c.s.w.WrappedWebdriver[0;39m - Finding element by: By.name: password 
[[34mINFO [0;39m] [] 18:26:14.068 [TestCaseId:] [Scenario:
                Create a new project] [36mo.a.q.c.s.w.WrappedWebdriver[0;39m - Find_Element Execution_Time(ms):; 30; Page_URL:; http://localhost:8081/#!/login;
[[39mDEBUG[0;39m] [] 18:26:14.088 [TestCaseId:] [Scenario:
                Create a new project] [36mo.a.q.c.s.w.WrappedWebdriver[0;39m - Finding element by: By.name: password 
[[34mINFO [0;39m] [] 18:26:14.108 [TestCaseId:] [Scenario:
                Create a new project] [36mo.a.q.c.s.w.WrappedWebdriver[0;39m - Find_Element Execution_Time(ms):; 10; Page_URL:; http://localhost:8081/#!/login;
[[39mDEBUG[0;39m] [] 18:26:14.128 [TestCaseId:] [Scenario:
                Create a new project] [36mo.a.q.c.s.w.WrappedWebdriver[0;39m - Finding element by: By.name: password 
[[34mINFO [0;39m] [] 18:26:14.133 [TestCaseId:] [Scenario:
                Create a new project] [36mo.a.q.c.s.w.WrappedWebdriver[0;39m - Find_Element Execution_Time(ms):; 1; Page_URL:; http://localhost:8081/#!/login;
[[34mINFO [0;39m] [] 18:26:14.186 [TestCaseId:] [Scenario:
                Create a new project] [36mo.a.q.c.s.w.WebdriverHelper[0;39m - Wait_For_Page_Update Execution_Time(ms):; 6; Page_URL:; http://localhost:8081/#!/login;
[[34mINFO [0;39m] [] 18:26:14.190 [TestCaseId:] [Scenario:
                Create a new project] [36mo.a.q.c.s.w.WebdriverHelper[0;39m - Send_Keys Execution_Time(ms):; 167; Page_URL:; http://localhost:8081/#!/login;
[[34mINFO [0;39m] [] 18:26:14.199 [TestCaseId:] [Scenario:
                Create a new project] [36mo.a.q.c.s.w.WebdriverHelper[0;39m - Wait_For_Page_Update Execution_Time(ms):; 6; Page_URL:; http://localhost:8081/#!/login;
[[39mDEBUG[0;39m] [] 18:26:14.199 [TestCaseId:] [Scenario:
                Create a new project] [36mo.a.q.c.s.w.WrappedWebdriver[0;39m - Finding element by: By.className: login-button 
[[34mINFO [0;39m] [] 18:26:14.215 [TestCaseId:] [Scenario:
                Create a new project] [36mo.a.q.c.s.w.WrappedWebdriver[0;39m - Find_Element Execution_Time(ms):; 12; Page_URL:; http://localhost:8081/#!/login;
[[39mDEBUG[0;39m] [] 18:26:14.227 [TestCaseId:] [Scenario:
                Create a new project] [36mo.a.q.c.s.w.WrappedWebdriver[0;39m - Finding element by: By.className: login-button 
[[34mINFO [0;39m] [] 18:26:14.255 [TestCaseId:] [Scenario:
                Create a new project] [36mo.a.q.c.s.w.WrappedWebdriver[0;39m - Find_Element Execution_Time(ms):; 7; Page_URL:; http://localhost:8081/#!/login;
[[34mINFO [0;39m] [] 18:26:14.275 [TestCaseId:] [Scenario:
                Create a new project] [36mo.a.q.c.s.w.WebdriverHelper[0;39m - Wait_For_Element_To_Be_Clickable Execution_Time(ms):; 66; Page_URL:; http://localhost:8081/#!/login;
[[39mDEBUG[0;39m] [] 18:26:14.275 [TestCaseId:] [Scenario:
                Create a new project] [36mo.a.q.c.s.w.WrappedWebdriver[0;39m - Finding element by: By.className: login-button 
[[34mINFO [0;39m] [] 18:26:14.295 [TestCaseId:] [Scenario:
                Create a new project] [36mo.a.q.c.s.w.WrappedWebdriver[0;39m - Find_Element Execution_Time(ms):; 10; Page_URL:; http://localhost:8081/#!/login;
[[34mINFO [0;39m] [] 18:26:14.388 [TestCaseId:] [Scenario:
                Create a new project] [36mo.a.q.c.s.w.WebdriverHelper[0;39m - Wait_For_Page_Update Execution_Time(ms):; 46; Page_URL:; http://localhost:8081/#!/dashboard;
[[34mINFO [0;39m] [] 18:26:14.393 [TestCaseId:] [Scenario:
                Create a new project] [36mo.a.q.c.s.w.WebdriverHelper[0;39m - Click Execution_Time(ms):; 199; Page_URL:; http://localhost:8081/#!/dashboard;
[[39mDEBUG[0;39m] [] 18:26:14.393 [TestCaseId:] [Scenario:
                Create a new project] [36mo.a.q.c.s.a.p.AllureAttachmentsProvider[0;39m - Attach screenshot to the Allure report
[[34mINFO [0;39m] [] 18:26:14.832 [TestCaseId:] [Scenario:
                Create a new project] [36mo.a.q.c.s.p.LoginPageObject[0;39m - Submit SignIn form
[[34mINFO [0;39m] [] 18:26:14.862 [TestCaseId:] [Scenario:
                Create a new project] [36mo.a.q.c.s.w.WebdriverHelper[0;39m - Wait_For_Page_Update Execution_Time(ms):; 20; Page_URL:; http://localhost:8081/#!/dashboard;
[[39mDEBUG[0;39m] [] 18:26:14.862 [TestCaseId:] [Scenario:
                Create a new project] [36mo.a.q.c.s.w.WrappedWebdriver[0;39m - Finding element by: By.className: login-button 
[[34mINFO [0;39m] [] 18:26:14.892 [TestCaseId:] [Scenario:
                Create a new project] [36mo.a.q.c.s.w.WrappedWebdriver[0;39m - Find_Element Execution_Time(ms):; 20; Page_URL:; http://localhost:8081/#!/dashboard;
[[39mDEBUG[0;39m] [] 18:26:15.392 [TestCaseId:] [Scenario:
                Create a new project] [36mo.a.q.c.s.w.WrappedWebdriver[0;39m - Finding element by: By.className: login-button 
[[34mINFO [0;39m] [] 18:26:15.442 [TestCaseId:] [Scenario:
                Create a new project] [36mo.a.q.c.s.w.WrappedWebdriver[0;39m - Find_Element Execution_Time(ms):; 30; Page_URL:; http://localhost:8081/#!/dashboard;
[[39mDEBUG[0;39m] [] 18:26:15.948 [TestCaseId:] [Scenario:
                Create a new project] [36mo.a.q.c.s.w.WrappedWebdriver[0;39m - Finding element by: By.className: login-button 
[[34mINFO [0;39m] [] 18:26:15.998 [TestCaseId:] [Scenario:
                Create a new project] [36mo.a.q.c.s.w.WrappedWebdriver[0;39m - Find_Element Execution_Time(ms):; 30; Page_URL:; http://localhost:8081/#!/dashboard;
[[39mDEBUG[0;39m] [] 18:26:16.498 [TestCaseId:] [Scenario:
                Create a new project] [36mo.a.q.c.s.w.WrappedWebdriver[0;39m - Finding element by: By.className: login-button 
[[34mINFO [0;39m] [] 18:26:16.522 [TestCaseId:] [Scenario:
                Create a new project] [36mo.a.q.c.s.w.WrappedWebdriver[0;39m - Find_Element Execution_Time(ms):; 15; Page_URL:; http://localhost:8081/#!/dashboard;
[[39mDEBUG[0;39m] [] 18:26:17.049 [TestCaseId:] [Scenario:
                Create a new project] [36mo.a.q.c.s.w.WrappedWebdriver[0;39m - Finding element by: By.className: login-button 
[[34mINFO [0;39m] [] 18:26:17.109 [TestCaseId:] [Scenario:
                Create a new project] [36mo.a.q.c.s.w.WrappedWebdriver[0;39m - Find_Element Execution_Time(ms):; 40; Page_URL:; http://localhost:8081/#!/dashboard;
[[39mDEBUG[0;39m] [] 18:26:17.593 [TestCaseId:] [Scenario:
                Create a new project] [36mo.a.q.c.s.w.WrappedWebdriver[0;39m - Finding element by: By.className: login-button 
[[34mINFO [0;39m] [] 18:26:17.650 [TestCaseId:] [Scenario:
                Create a new project] [36mo.a.q.c.s.w.WrappedWebdriver[0;39m - Find_Element Execution_Time(ms):; 36; Page_URL:; http://localhost:8081/#!/dashboard;
[[39mDEBUG[0;39m] [] 18:26:18.156 [TestCaseId:] [Scenario:
                Create a new project] [36mo.a.q.c.s.w.WrappedWebdriver[0;39m - Finding element by: By.className: login-button 
[[34mINFO [0;39m] [] 18:26:18.206 [TestCaseId:] [Scenario:
                Create a new project] [36mo.a.q.c.s.w.WrappedWebdriver[0;39m - Find_Element Execution_Time(ms):; 30; Page_URL:; http://localhost:8081/#!/dashboard;
[[39mDEBUG[0;39m] [] 18:26:18.712 [TestCaseId:] [Scenario:
                Create a new project] [36mo.a.q.c.s.w.WrappedWebdriver[0;39m - Finding element by: By.className: login-button 
[[34mINFO [0;39m] [] 18:26:18.752 [TestCaseId:] [Scenario:
                Create a new project] [36mo.a.q.c.s.w.WrappedWebdriver[0;39m - Find_Element Execution_Time(ms):; 30; Page_URL:; http://localhost:8081/#!/dashboard;
[[39mDEBUG[0;39m] [] 18:26:19.252 [TestCaseId:] [Scenario:
                Create a new project] [36mo.a.q.c.s.w.WrappedWebdriver[0;39m - Finding element by: By.className: login-button 
[[34mINFO [0;39m] [] 18:26:19.282 [TestCaseId:] [Scenario:
                Create a new project] [36mo.a.q.c.s.w.WrappedWebdriver[0;39m - Find_Element Execution_Time(ms):; 20; Page_URL:; http://localhost:8081/#!/dashboard;
[[39mDEBUG[0;39m] [] 18:26:19.790 [TestCaseId:] [Scenario:
                Create a new project] [36mo.a.q.c.s.w.WrappedWebdriver[0;39m - Finding element by: By.className: login-button 
[[34mINFO [0;39m] [] 18:26:19.820 [TestCaseId:] [Scenario:
                Create a new project] [36mo.a.q.c.s.w.WrappedWebdriver[0;39m - Find_Element Execution_Time(ms):; 20; Page_URL:; http://localhost:8081/#!/dashboard;
[[39mDEBUG[0;39m] [] 18:26:20.321 [TestCaseId:] [Scenario:
                Create a new project] [36mo.a.q.c.s.w.WrappedWebdriver[0;39m - Finding element by: By.className: login-button 
[[34mINFO [0;39m] [] 18:26:20.371 [TestCaseId:] [Scenario:
                Create a new project] [36mo.a.q.c.s.w.WrappedWebdriver[0;39m - Find_Element Execution_Time(ms):; 30; Page_URL:; http://localhost:8081/#!/dashboard;
[[39mDEBUG[0;39m] [] 18:26:20.878 [TestCaseId:] [Scenario:
                Create a new project] [36mo.a.q.c.s.w.WrappedWebdriver[0;39m - Finding element by: By.className: login-button 
[[34mINFO [0;39m] [] 18:26:20.918 [TestCaseId:] [Scenario:
                Create a new project] [36mo.a.q.c.s.w.WrappedWebdriver[0;39m - Find_Element Execution_Time(ms):; 30; Page_URL:; http://localhost:8081/#!/dashboard;
[[39mDEBUG[0;39m] [] 18:26:21.418 [TestCaseId:] [Scenario:
                Create a new project] [36mo.a.q.c.s.w.WrappedWebdriver[0;39m - Finding element by: By.className: login-button 
[[34mINFO [0;39m] [] 18:26:21.468 [TestCaseId:] [Scenario:
                Create a new project] [36mo.a.q.c.s.w.WrappedWebdriver[0;39m - Find_Element Execution_Time(ms):; 30; Page_URL:; http://localhost:8081/#!/dashboard;
[[39mDEBUG[0;39m] [] 18:26:21.969 [TestCaseId:] [Scenario:
                Create a new project] [36mo.a.q.c.s.w.WrappedWebdriver[0;39m - Finding element by: By.className: login-button 
[[34mINFO [0;39m] [] 18:26:22.019 [TestCaseId:] [Scenario:
                Create a new project] [36mo.a.q.c.s.w.WrappedWebdriver[0;39m - Find_Element Execution_Time(ms):; 30; Page_URL:; http://localhost:8081/#!/dashboard;
[[39mDEBUG[0;39m] [] 18:26:22.019 [TestCaseId:] [Scenario:
                Create a new project] [36mo.a.q.c.s.w.WrappedWebdriver[0;39m - Finding element by: By.className: login-button 
[[34mINFO [0;39m] [] 18:26:22.079 [TestCaseId:] [Scenario:
                Create a new project] [36mo.a.q.c.s.w.WrappedWebdriver[0;39m - Find_Element Execution_Time(ms):; 40; Page_URL:; http://localhost:8081/#!/dashboard;
[[34mINFO [0;39m] [] 18:26:22.099 [TestCaseId:] [Scenario:
                Create a new project] [36mo.a.q.c.s.w.WebdriverHelper[0;39m - Wait_For_Element_To_Be_Clickable Execution_Time(ms):; 7217; Page_URL:; http://localhost:8081/#!/dashboard;
[[39mDEBUG[0;39m] [] 18:26:22.099 [TestCaseId:] [Scenario:
                Create a new project] [36mo.a.q.c.s.a.p.AllureAttachmentsProvider[0;39m - Attach screenshot to the Allure report
[[34mINFO [0;39m] [] 18:26:22.465 [TestCaseId:] [Scenario:
                Create a new project] [36mo.a.q.c.s.w.WebdriverHelper[0;39m - Click Execution_Time(ms):; 7632; Page_URL:; http://localhost:8081/#!/dashboard;
[[39mDEBUG[0;39m] [] 18:26:22.465 [TestCaseId:] [Scenario:
                Create a new project] [36mo.a.q.c.s.a.p.AllureAttachmentsProvider[0;39m - Attach screenshot to the Allure report
[[39mDEBUG[0;39m] [] 18:26:22.819 [TestCaseId:] [Scenario:
                Create a new project] [36mo.a.q.c.s.a.p.AllureAttachmentsProvider[0;39m - Attach screenshot to the Allure report
[[39mDEBUG[0;39m] [] 18:26:23.235 [TestCaseId:] [Scenario:
                Create a new project] [36mo.a.q.c.s.w.WrappedWebdriver[0;39m - Finding element by: By.className: page-title 
[[34mINFO [0;39m] [] 18:26:23.265 [TestCaseId:] [Scenario:
                Create a new project] [36mo.a.q.c.s.w.WrappedWebdriver[0;39m - Find_Element Execution_Time(ms):; 20; Page_URL:; http://localhost:8081/#!/dashboard;
[[39mDEBUG[0;39m] [] 18:26:23.295 [TestCaseId:] [Scenario:
                Create a new project] [36mo.a.q.c.s.w.WrappedWebdriver[0;39m - Finding element by: By.xpath: //button[contains(text(),'select asset type')] 
[[34mINFO [0;39m] [] 18:26:23.325 [TestCaseId:] [Scenario:
                Create a new project] [36mo.a.q.c.s.w.WrappedWebdriver[0;39m - Find_Element Execution_Time(ms):; 20; Page_URL:; http://localhost:8081/#!/dashboard;
[[34mINFO [0;39m] [] 18:26:23.355 [TestCaseId:] [Scenario:
                Create a new project] [36mo.a.q.c.s.w.WebdriverHelper[0;39m - Wait_For_Page_Update Execution_Time(ms):; 20; Page_URL:; http://localhost:8081/#!/dashboard;
[[34mINFO [0;39m] [] 18:26:23.415 [TestCaseId:] [Scenario:
                Create a new project] [36mo.a.q.c.s.w.WebdriverHelper[0;39m - Wait_For_Element_To_Be_Clickable Execution_Time(ms):; 50; Page_URL:; http://localhost:8081/#!/dashboard;
[[34mINFO [0;39m] [] 18:26:23.473 [TestCaseId:] [Scenario:
                Create a new project] [36mo.a.q.c.s.w.WebdriverHelper[0;39m - Wait_For_Page_Update Execution_Time(ms):; 9; Page_URL:; http://localhost:8081/#!/dashboard;
[[34mINFO [0;39m] [] 18:26:23.478 [TestCaseId:] [Scenario:
                Create a new project] [36mo.a.q.c.s.w.WebdriverHelper[0;39m - Click Execution_Time(ms):; 148; Page_URL:; http://localhost:8081/#!/dashboard;
[[39mDEBUG[0;39m] [] 18:26:23.479 [TestCaseId:] [Scenario:
                Create a new project] [36mo.a.q.c.s.w.WrappedWebdriver[0;39m - Finding element by: By.xpath: //ul[@class = 'dropdown-menu']//a[text()='Offshore Oil and Gas'] 
[[34mINFO [0;39m] [] 18:26:23.509 [TestCaseId:] [Scenario:
                Create a new project] [36mo.a.q.c.s.w.WrappedWebdriver[0;39m - Find_Element Execution_Time(ms):; 25; Page_URL:; http://localhost:8081/#!/dashboard;
[[34mINFO [0;39m] [] 18:26:23.525 [TestCaseId:] [Scenario:
                Create a new project] [36mo.a.q.c.s.w.WebdriverHelper[0;39m - Wait_For_Page_Update Execution_Time(ms):; 11; Page_URL:; http://localhost:8081/#!/dashboard;
[[34mINFO [0;39m] [] 18:26:23.566 [TestCaseId:] [Scenario:
                Create a new project] [36mo.a.q.c.s.w.WebdriverHelper[0;39m - Wait_For_Element_To_Be_Clickable Execution_Time(ms):; 21; Page_URL:; http://localhost:8081/#!/dashboard;
[[34mINFO [0;39m] [] 18:26:23.603 [TestCaseId:] [Scenario:
                Create a new project] [36mo.a.q.c.s.w.WebdriverHelper[0;39m - Wait_For_Page_Update Execution_Time(ms):; 6; Page_URL:; http://localhost:8081/#!/dashboard;
[[34mINFO [0;39m] [] 18:26:23.607 [TestCaseId:] [Scenario:
                Create a new project] [36mo.a.q.c.s.w.WebdriverHelper[0;39m - Click Execution_Time(ms):; 94; Page_URL:; http://localhost:8081/#!/dashboard;
[[39mDEBUG[0;39m] [] 18:26:23.608 [TestCaseId:] [Scenario:
                Create a new project] [36mo.a.q.c.s.w.WrappedWebdriver[0;39m - Finding element by: By.xpath: //div[contains(@ng-repeat, 'system')]/span[text()='oil dehydration'] 
[[34mINFO [0;39m] [] 18:26:23.624 [TestCaseId:] [Scenario:
                Create a new project] [36mo.a.q.c.s.w.WrappedWebdriver[0;39m - Find_Element Execution_Time(ms):; 12; Page_URL:; http://localhost:8081/#!/dashboard;
[[34mINFO [0;39m] [] 18:26:23.632 [TestCaseId:] [Scenario:
                Create a new project] [36mo.a.q.c.s.w.WebdriverHelper[0;39m - Wait_For_Page_Update Execution_Time(ms):; 5; Page_URL:; http://localhost:8081/#!/dashboard;
[[34mINFO [0;39m] [] 18:26:23.676 [TestCaseId:] [Scenario:
                Create a new project] [36mo.a.q.c.s.w.WebdriverHelper[0;39m - Wait_For_Element_To_Be_Clickable Execution_Time(ms):; 34; Page_URL:; http://localhost:8081/#!/dashboard;
[[34mINFO [0;39m] [] 18:26:23.719 [TestCaseId:] [Scenario:
                Create a new project] [36mo.a.q.c.s.w.WebdriverHelper[0;39m - Wait_For_Page_Update Execution_Time(ms):; 5; Page_URL:; http://localhost:8081/#!/dashboard;
[[34mINFO [0;39m] [] 18:26:23.725 [TestCaseId:] [Scenario:
                Create a new project] [36mo.a.q.c.s.w.WebdriverHelper[0;39m - Click Execution_Time(ms):; 95; Page_URL:; http://localhost:8081/#!/dashboard;
[[39mDEBUG[0;39m] [] 18:26:23.725 [TestCaseId:] [Scenario:
                Create a new project] [36mo.a.q.c.s.w.WrappedWebdriver[0;39m - Finding element by: By.xpath: //div[contains(@ng-repeat, 'system')]/span[text()='oil dehydration']/.. 
[[34mINFO [0;39m] [] 18:26:23.787 [TestCaseId:] [Scenario:
                Create a new project] [36mo.a.q.c.s.w.WrappedWebdriver[0;39m - Find_Element Execution_Time(ms):; 15; Page_URL:; http://localhost:8081/#!/dashboard;
[[39mDEBUG[0;39m] [] 18:26:23.797 [TestCaseId:] [Scenario:
                Create a new project] [36mo.a.q.c.s.w.WrappedWebdriver[0;39m - Finding element by: By.xpath: //button[contains(text(),'select library')] 
[[34mINFO [0;39m] [] 18:26:23.828 [TestCaseId:] [Scenario:
                Create a new project] [36mo.a.q.c.s.w.WrappedWebdriver[0;39m - Find_Element Execution_Time(ms):; 11; Page_URL:; http://localhost:8081/#!/dashboard;
[[34mINFO [0;39m] [] 18:26:23.858 [TestCaseId:] [Scenario:
                Create a new project] [36mo.a.q.c.s.w.WebdriverHelper[0;39m - Wait_For_Page_Update Execution_Time(ms):; 20; Page_URL:; http://localhost:8081/#!/dashboard;
[[34mINFO [0;39m] [] 18:26:23.898 [TestCaseId:] [Scenario:
                Create a new project] [36mo.a.q.c.s.w.WebdriverHelper[0;39m - Wait_For_Element_To_Be_Clickable Execution_Time(ms):; 30; Page_URL:; http://localhost:8081/#!/dashboard;
[[34mINFO [0;39m] [] 18:26:23.940 [TestCaseId:] [Scenario:
                Create a new project] [36mo.a.q.c.s.w.WebdriverHelper[0;39m - Wait_For_Page_Update Execution_Time(ms):; 6; Page_URL:; http://localhost:8081/#!/dashboard;
[[34mINFO [0;39m] [] 18:26:23.945 [TestCaseId:] [Scenario:
                Create a new project] [36mo.a.q.c.s.w.WebdriverHelper[0;39m - Click Execution_Time(ms):; 112; Page_URL:; http://localhost:8081/#!/dashboard;
[[39mDEBUG[0;39m] [] 18:26:23.945 [TestCaseId:] [Scenario:
                Create a new project] [36mo.a.q.c.s.w.WrappedWebdriver[0;39m - Finding element by: By.xpath: //ul[@class = 'dropdown-menu']//a[text()='Main Library'] 
[[34mINFO [0;39m] [] 18:26:23.962 [TestCaseId:] [Scenario:
                Create a new project] [36mo.a.q.c.s.w.WrappedWebdriver[0;39m - Find_Element Execution_Time(ms):; 14; Page_URL:; http://localhost:8081/#!/dashboard;
[[34mINFO [0;39m] [] 18:26:23.971 [TestCaseId:] [Scenario:
                Create a new project] [36mo.a.q.c.s.w.WebdriverHelper[0;39m - Wait_For_Page_Update Execution_Time(ms):; 6; Page_URL:; http://localhost:8081/#!/dashboard;
[[34mINFO [0;39m] [] 18:26:24.020 [TestCaseId:] [Scenario:
                Create a new project] [36mo.a.q.c.s.w.WebdriverHelper[0;39m - Wait_For_Element_To_Be_Clickable Execution_Time(ms):; 39; Page_URL:; http://localhost:8081/#!/dashboard;
[[34mINFO [0;39m] [] 18:26:24.063 [TestCaseId:] [Scenario:
                Create a new project] [36mo.a.q.c.s.w.WebdriverHelper[0;39m - Wait_For_Page_Update Execution_Time(ms):; 7; Page_URL:; http://localhost:8081/#!/dashboard;
[[34mINFO [0;39m] [] 18:26:24.066 [TestCaseId:] [Scenario:
                Create a new project] [36mo.a.q.c.s.w.WebdriverHelper[0;39m - Click Execution_Time(ms):; 101; Page_URL:; http://localhost:8081/#!/dashboard;
[[39mDEBUG[0;39m] [] 18:26:24.067 [TestCaseId:] [Scenario:
                Create a new project] [36mo.a.q.c.s.w.WrappedWebdriver[0;39m - Finding element by: By.xpath: //button[contains(text(),'select region')] 
[[34mINFO [0;39m] [] 18:26:24.083 [TestCaseId:] [Scenario:
                Create a new project] [36mo.a.q.c.s.w.WrappedWebdriver[0;39m - Find_Element Execution_Time(ms):; 13; Page_URL:; http://localhost:8081/#!/dashboard;
[[34mINFO [0;39m] [] 18:26:24.091 [TestCaseId:] [Scenario:
                Create a new project] [36mo.a.q.c.s.w.WebdriverHelper[0;39m - Wait_For_Page_Update Execution_Time(ms):; 4; Page_URL:; http://localhost:8081/#!/dashboard;
[[34mINFO [0;39m] [] 18:26:24.137 [TestCaseId:] [Scenario:
                Create a new project] [36mo.a.q.c.s.w.WebdriverHelper[0;39m - Wait_For_Element_To_Be_Clickable Execution_Time(ms):; 36; Page_URL:; http://localhost:8081/#!/dashboard;
[[34mINFO [0;39m] [] 18:26:24.180 [TestCaseId:] [Scenario:
                Create a new project] [36mo.a.q.c.s.w.WebdriverHelper[0;39m - Wait_For_Page_Update Execution_Time(ms):; 7; Page_URL:; http://localhost:8081/#!/dashboard;
[[34mINFO [0;39m] [] 18:26:24.184 [TestCaseId:] [Scenario:
                Create a new project] [36mo.a.q.c.s.w.WebdriverHelper[0;39m - Click Execution_Time(ms):; 96; Page_URL:; http://localhost:8081/#!/dashboard;
[[39mDEBUG[0;39m] [] 18:26:24.185 [TestCaseId:] [Scenario:
                Create a new project] [36mo.a.q.c.s.w.WrappedWebdriver[0;39m - Finding element by: By.xpath: //ul[@class = 'dropdown-menu']//a[text()='USA'] 
[[34mINFO [0;39m] [] 18:26:24.217 [TestCaseId:] [Scenario:
                Create a new project] [36mo.a.q.c.s.w.WrappedWebdriver[0;39m - Find_Element Execution_Time(ms):; 11; Page_URL:; http://localhost:8081/#!/dashboard;
[[34mINFO [0;39m] [] 18:26:24.247 [TestCaseId:] [Scenario:
                Create a new project] [36mo.a.q.c.s.w.WebdriverHelper[0;39m - Wait_For_Page_Update Execution_Time(ms):; 20; Page_URL:; http://localhost:8081/#!/dashboard;
[[34mINFO [0;39m] [] 18:26:24.307 [TestCaseId:] [Scenario:
                Create a new project] [36mo.a.q.c.s.w.WebdriverHelper[0;39m - Wait_For_Element_To_Be_Clickable Execution_Time(ms):; 40; Page_URL:; http://localhost:8081/#!/dashboard;
[[34mINFO [0;39m] [] 18:26:24.359 [TestCaseId:] [Scenario:
                Create a new project] [36mo.a.q.c.s.w.WebdriverHelper[0;39m - Wait_For_Page_Update Execution_Time(ms):; 6; Page_URL:; http://localhost:8081/#!/dashboard;
[[34mINFO [0;39m] [] 18:26:24.362 [TestCaseId:] [Scenario:
                Create a new project] [36mo.a.q.c.s.w.WebdriverHelper[0;39m - Click Execution_Time(ms):; 142; Page_URL:; http://localhost:8081/#!/dashboard;
[[39mDEBUG[0;39m] [] 18:26:24.362 [TestCaseId:] [Scenario:
                Create a new project] [36mo.a.q.c.s.w.WrappedWebdriver[0;39m - Finding element by: By.xpath: //button[contains(text(),'select location')] 
[[34mINFO [0;39m] [] 18:26:24.379 [TestCaseId:] [Scenario:
                Create a new project] [36mo.a.q.c.s.w.WrappedWebdriver[0;39m - Find_Element Execution_Time(ms):; 13; Page_URL:; http://localhost:8081/#!/dashboard;
[[34mINFO [0;39m] [] 18:26:24.387 [TestCaseId:] [Scenario:
                Create a new project] [36mo.a.q.c.s.w.WebdriverHelper[0;39m - Wait_For_Page_Update Execution_Time(ms):; 5; Page_URL:; http://localhost:8081/#!/dashboard;
[[34mINFO [0;39m] [] 18:26:24.438 [TestCaseId:] [Scenario:
                Create a new project] [36mo.a.q.c.s.w.WebdriverHelper[0;39m - Wait_For_Element_To_Be_Clickable Execution_Time(ms):; 41; Page_URL:; http://localhost:8081/#!/dashboard;
[[34mINFO [0;39m] [] 18:26:24.491 [TestCaseId:] [Scenario:
                Create a new project] [36mo.a.q.c.s.w.WebdriverHelper[0;39m - Wait_For_Page_Update Execution_Time(ms):; 7; Page_URL:; http://localhost:8081/#!/dashboard;
[[34mINFO [0;39m] [] 18:26:24.495 [TestCaseId:] [Scenario:
                Create a new project] [36mo.a.q.c.s.w.WebdriverHelper[0;39m - Click Execution_Time(ms):; 113; Page_URL:; http://localhost:8081/#!/dashboard;
[[39mDEBUG[0;39m] [] 18:26:24.495 [TestCaseId:] [Scenario:
                Create a new project] [36mo.a.q.c.s.w.WrappedWebdriver[0;39m - Finding element by: By.xpath: //ul[@class = 'dropdown-menu']//a[text()='Gulf of Mexico'] 
[[34mINFO [0;39m] [] 18:26:24.512 [TestCaseId:] [Scenario:
                Create a new project] [36mo.a.q.c.s.w.WrappedWebdriver[0;39m - Find_Element Execution_Time(ms):; 14; Page_URL:; http://localhost:8081/#!/dashboard;
[[34mINFO [0;39m] [] 18:26:24.520 [TestCaseId:] [Scenario:
                Create a new project] [36mo.a.q.c.s.w.WebdriverHelper[0;39m - Wait_For_Page_Update Execution_Time(ms):; 5; Page_URL:; http://localhost:8081/#!/dashboard;
[[34mINFO [0;39m] [] 18:26:24.543 [TestCaseId:] [Scenario:
                Create a new project] [36mo.a.q.c.s.w.WebdriverHelper[0;39m - Wait_For_Element_To_Be_Clickable Execution_Time(ms):; 20; Page_URL:; http://localhost:8081/#!/dashboard;
[[34mINFO [0;39m] [] 18:26:24.596 [TestCaseId:] [Scenario:
                Create a new project] [36mo.a.q.c.s.w.WebdriverHelper[0;39m - Wait_For_Page_Update Execution_Time(ms):; 7; Page_URL:; http://localhost:8081/#!/dashboard;
[[34mINFO [0;39m] [] 18:26:24.601 [TestCaseId:] [Scenario:
                Create a new project] [36mo.a.q.c.s.w.WebdriverHelper[0;39m - Click Execution_Time(ms):; 84; Page_URL:; http://localhost:8081/#!/dashboard;
[[34mINFO [0;39m] [] 18:26:24.610 [TestCaseId:] [Scenario:
                Create a new project] [36mo.a.q.c.s.w.WebdriverHelper[0;39m - Wait_For_Page_Update Execution_Time(ms):; 6; Page_URL:; http://localhost:8081/#!/dashboard;
[[39mDEBUG[0;39m] [] 18:26:24.610 [TestCaseId:] [Scenario:
                Create a new project] [36mo.a.q.c.s.w.WrappedWebdriver[0;39m - Finding element by: By.className: new-project__title-input 
[[34mINFO [0;39m] [] 18:26:24.624 [TestCaseId:] [Scenario:
                Create a new project] [36mo.a.q.c.s.w.WrappedWebdriver[0;39m - Find_Element Execution_Time(ms):; 11; Page_URL:; http://localhost:8081/#!/dashboard;
[[39mDEBUG[0;39m] [] 18:26:24.651 [TestCaseId:] [Scenario:
                Create a new project] [36mo.a.q.c.s.w.WrappedWebdriver[0;39m - Finding element by: By.className: new-project__title-input 
[[34mINFO [0;39m] [] 18:26:24.671 [TestCaseId:] [Scenario:
                Create a new project] [36mo.a.q.c.s.w.WrappedWebdriver[0;39m - Find_Element Execution_Time(ms):; 10; Page_URL:; http://localhost:8081/#!/dashboard;
[[39mDEBUG[0;39m] [] 18:26:24.691 [TestCaseId:] [Scenario:
                Create a new project] [36mo.a.q.c.s.w.WrappedWebdriver[0;39m - Finding element by: By.className: new-project__title-input 
[[34mINFO [0;39m] [] 18:26:24.695 [TestCaseId:] [Scenario:
                Create a new project] [36mo.a.q.c.s.w.WrappedWebdriver[0;39m - Find_Element Execution_Time(ms):; 1; Page_URL:; http://localhost:8081/#!/dashboard;
[[34mINFO [0;39m] [] 18:26:24.759 [TestCaseId:] [Scenario:
                Create a new project] [36mo.a.q.c.s.w.WebdriverHelper[0;39m - Wait_For_Page_Update Execution_Time(ms):; 6; Page_URL:; http://localhost:8081/#!/dashboard;
[[34mINFO [0;39m] [] 18:26:24.763 [TestCaseId:] [Scenario:
                Create a new project] [36mo.a.q.c.s.w.WebdriverHelper[0;39m - Send_Keys Execution_Time(ms):; 159; Page_URL:; http://localhost:8081/#!/dashboard;
[[34mINFO [0;39m] [] 18:26:24.774 [TestCaseId:] [Scenario:
                Create a new project] [36mo.a.q.c.s.w.WebdriverHelper[0;39m - Wait_For_Page_Update Execution_Time(ms):; 7; Page_URL:; http://localhost:8081/#!/dashboard;
[[39mDEBUG[0;39m] [] 18:26:24.775 [TestCaseId:] [Scenario:
                Create a new project] [36mo.a.q.c.s.w.WrappedWebdriver[0;39m - Finding element by: By.className: new-project__description-input 
[[34mINFO [0;39m] [] 18:26:24.790 [TestCaseId:] [Scenario:
                Create a new project] [36mo.a.q.c.s.w.WrappedWebdriver[0;39m - Find_Element Execution_Time(ms):; 12; Page_URL:; http://localhost:8081/#!/dashboard;
[[39mDEBUG[0;39m] [] 18:26:24.803 [TestCaseId:] [Scenario:
                Create a new project] [36mo.a.q.c.s.w.WrappedWebdriver[0;39m - Finding element by: By.className: new-project__description-input 
[[34mINFO [0;39m] [] 18:26:24.815 [TestCaseId:] [Scenario:
                Create a new project] [36mo.a.q.c.s.w.WrappedWebdriver[0;39m - Find_Element Execution_Time(ms):; 7; Page_URL:; http://localhost:8081/#!/dashboard;
[[39mDEBUG[0;39m] [] 18:26:24.832 [TestCaseId:] [Scenario:
                Create a new project] [36mo.a.q.c.s.w.WrappedWebdriver[0;39m - Finding element by: By.className: new-project__description-input 
[[34mINFO [0;39m] [] 18:26:24.842 [TestCaseId:] [Scenario:
                Create a new project] [36mo.a.q.c.s.w.WrappedWebdriver[0;39m - Find_Element Execution_Time(ms):; 6; Page_URL:; http://localhost:8081/#!/dashboard;
[[34mINFO [0;39m] [] 18:26:24.922 [TestCaseId:] [Scenario:
                Create a new project] [36mo.a.q.c.s.w.WebdriverHelper[0;39m - Wait_For_Page_Update Execution_Time(ms):; 6; Page_URL:; http://localhost:8081/#!/dashboard;
[[34mINFO [0;39m] [] 18:26:24.926 [TestCaseId:] [Scenario:
                Create a new project] [36mo.a.q.c.s.w.WebdriverHelper[0;39m - Send_Keys Execution_Time(ms):; 159; Page_URL:; http://localhost:8081/#!/dashboard;
[[34mINFO [0;39m] [] 18:26:24.936 [TestCaseId:] [Scenario:
                Create a new project] [36mo.a.q.c.s.w.WebdriverHelper[0;39m - Wait_For_Page_Update Execution_Time(ms):; 7; Page_URL:; http://localhost:8081/#!/dashboard;
[[39mDEBUG[0;39m] [] 18:26:24.937 [TestCaseId:] [Scenario:
                Create a new project] [36mo.a.q.c.s.w.WrappedWebdriver[0;39m - Finding element by: By.className: new-project__create-button 
[[34mINFO [0;39m] [] 18:26:24.953 [TestCaseId:] [Scenario:
                Create a new project] [36mo.a.q.c.s.w.WrappedWebdriver[0;39m - Find_Element Execution_Time(ms):; 13; Page_URL:; http://localhost:8081/#!/dashboard;
[[39mDEBUG[0;39m] [] 18:26:24.967 [TestCaseId:] [Scenario:
                Create a new project] [36mo.a.q.c.s.w.WrappedWebdriver[0;39m - Finding element by: By.className: new-project__create-button 
[[34mINFO [0;39m] [] 18:26:24.977 [TestCaseId:] [Scenario:
                Create a new project] [36mo.a.q.c.s.w.WrappedWebdriver[0;39m - Find_Element Execution_Time(ms):; 7; Page_URL:; http://localhost:8081/#!/dashboard;
[[34mINFO [0;39m] [] 18:26:24.992 [TestCaseId:] [Scenario:
                Create a new project] [36mo.a.q.c.s.w.WebdriverHelper[0;39m - Wait_For_Element_To_Be_Clickable Execution_Time(ms):; 50; Page_URL:; http://localhost:8081/#!/dashboard;
[[39mDEBUG[0;39m] [] 18:26:24.992 [TestCaseId:] [Scenario:
                Create a new project] [36mo.a.q.c.s.w.WrappedWebdriver[0;39m - Finding element by: By.className: new-project__create-button 
[[34mINFO [0;39m] [] 18:26:25.004 [TestCaseId:] [Scenario:
                Create a new project] [36mo.a.q.c.s.w.WrappedWebdriver[0;39m - Find_Element Execution_Time(ms):; 8; Page_URL:; http://localhost:8081/#!/dashboard;
[[34mINFO [0;39m] [] 18:26:25.150 [TestCaseId:] [Scenario:
                Create a new project] [36mo.a.q.c.s.w.WebdriverHelper[0;39m - Wait_For_Page_Update Execution_Time(ms):; 6; Page_URL:; http://localhost:8081/#!/project/5b3f7d6a-5268-44c9-a27d-8317f76ab4e6/questionnaire;
[[34mINFO [0;39m] [] 18:26:25.155 [TestCaseId:] [Scenario:
                Create a new project] [36mo.a.q.c.s.w.WebdriverHelper[0;39m - Click Execution_Time(ms):; 224; Page_URL:; http://localhost:8081/#!/project/5b3f7d6a-5268-44c9-a27d-8317f76ab4e6/questionnaire;
[[39mDEBUG[0;39m] [] 18:26:25.156 [TestCaseId:] [Scenario:
                Create a new project] [36mo.a.q.c.s.a.p.AllureAttachmentsProvider[0;39m - Attach screenshot to the Allure report
[[39mDEBUG[0;39m] [] 18:26:25.577 [TestCaseId:] [Scenario:
                Create a new project] [36mo.a.q.c.s.w.WrappedWebdriver[0;39m - Finding element by: By.className: page-title 
[[34mINFO [0;39m] [] 18:26:25.597 [TestCaseId:] [Scenario:
                Create a new project] [36mo.a.q.c.s.w.WrappedWebdriver[0;39m - Find_Element Execution_Time(ms):; 10; Page_URL:; http://localhost:8081/#!/project/5b3f7d6a-5268-44c9-a27d-8317f76ab4e6/questionnaire;
[[34mINFO [0;39m] [] 18:26:25.648 [TestCaseId:] [Scenario:
                Create a new project] [36mo.a.q.c.s.w.WebdriverHelper[0;39m - Wait_For_Page_Update Execution_Time(ms):; 30; Page_URL:; http://localhost:8081/#!/project/5b3f7d6a-5268-44c9-a27d-8317f76ab4e6/questionnaire;
[[39mDEBUG[0;39m] [] 18:26:25.648 [TestCaseId:] [Scenario:
                Create a new project] [36mo.a.q.c.s.w.WrappedWebdriver[0;39m - Finding element by: By.className: save 
[[34mINFO [0;39m] [] 18:26:25.688 [TestCaseId:] [Scenario:
                Create a new project] [36mo.a.q.c.s.w.WrappedWebdriver[0;39m - Find_Element Execution_Time(ms):; 30; Page_URL:; http://localhost:8081/#!/project/5b3f7d6a-5268-44c9-a27d-8317f76ab4e6/questionnaire;
[[39mDEBUG[0;39m] [] 18:26:25.708 [TestCaseId:] [Scenario:
                Create a new project] [36mo.a.q.c.s.w.WrappedWebdriver[0;39m - Finding element by: By.className: save 
[[34mINFO [0;39m] [] 18:26:25.719 [TestCaseId:] [Scenario:
                Create a new project] [36mo.a.q.c.s.w.WrappedWebdriver[0;39m - Find_Element Execution_Time(ms):; 10; Page_URL:; http://localhost:8081/#!/project/5b3f7d6a-5268-44c9-a27d-8317f76ab4e6/questionnaire;
[[34mINFO [0;39m] [] 18:26:25.753 [TestCaseId:] [Scenario:
                Create a new project] [36mo.a.q.c.s.w.WebdriverHelper[0;39m - Wait_For_Element_To_Be_Clickable Execution_Time(ms):; 95; Page_URL:; http://localhost:8081/#!/project/5b3f7d6a-5268-44c9-a27d-8317f76ab4e6/questionnaire;
[[39mDEBUG[0;39m] [] 18:26:25.753 [TestCaseId:] [Scenario:
                Create a new project] [36mo.a.q.c.s.w.WrappedWebdriver[0;39m - Finding element by: By.className: save 
[[34mINFO [0;39m] [] 18:26:25.773 [TestCaseId:] [Scenario:
                Create a new project] [36mo.a.q.c.s.w.WrappedWebdriver[0;39m - Find_Element Execution_Time(ms):; 10; Page_URL:; http://localhost:8081/#!/project/5b3f7d6a-5268-44c9-a27d-8317f76ab4e6/questionnaire;
[[34mINFO [0;39m] [] 18:26:25.842 [TestCaseId:] [Scenario:
                Create a new project] [36mo.a.q.c.s.w.WebdriverHelper[0;39m - Wait_For_Page_Update Execution_Time(ms):; 23; Page_URL:; http://localhost:8081/#!/project/5b3f7d6a-5268-44c9-a27d-8317f76ab4e6/questionnaire;
[[34mINFO [0;39m] [] 18:26:25.846 [TestCaseId:] [Scenario:
                Create a new project] [36mo.a.q.c.s.w.WebdriverHelper[0;39m - Click Execution_Time(ms):; 234; Page_URL:; http://localhost:8081/#!/project/5b3f7d6a-5268-44c9-a27d-8317f76ab4e6/questionnaire;
[[39mDEBUG[0;39m] [] 18:26:25.855 [TestCaseId:] [Scenario:
                Create a new project] [36mo.a.q.c.s.w.WrappedWebdriver[0;39m - Finding elements by: By.cssSelector: .modal-content
[[34mINFO [0;39m] [] 18:26:25.879 [TestCaseId:] [Scenario:
                Create a new project] [36mo.a.q.c.s.w.WrappedWebdriver[0;39m - Find_Elements Execution_Time(ms):; 17; Page_URL:; http://localhost:8081/#!/project/5b3f7d6a-5268-44c9-a27d-8317f76ab4e6/questionnaire;
[[34mINFO [0;39m] [] 18:26:25.890 [TestCaseId:] [Scenario:
                Create a new project] [36mo.a.q.c.s.w.WebdriverHelper[0;39m - Wait_For_Page_Update Execution_Time(ms):; 6; Page_URL:; http://localhost:8081/#!/project/5b3f7d6a-5268-44c9-a27d-8317f76ab4e6/questionnaire;
[[39mDEBUG[0;39m] [] 18:26:25.891 [TestCaseId:] [Scenario:
                Create a new project] [36mo.a.q.c.s.w.WrappedWebdriver[0;39m - Finding element by: By.cssSelector: .modal-content .modal-title 
[[34mINFO [0;39m] [] 18:26:25.905 [TestCaseId:] [Scenario:
                Create a new project] [36mo.a.q.c.s.w.WrappedWebdriver[0;39m - Find_Element Execution_Time(ms):; 11; Page_URL:; http://localhost:8081/#!/project/5b3f7d6a-5268-44c9-a27d-8317f76ab4e6/questionnaire;
[[39mDEBUG[0;39m] [] 18:26:25.917 [TestCaseId:] [Scenario:
                Create a new project] [36mo.a.q.c.s.w.WrappedWebdriver[0;39m - Finding element by: By.cssSelector: .modal-content .modal-title 
[[34mINFO [0;39m] [] 18:26:25.926 [TestCaseId:] [Scenario:
                Create a new project] [36mo.a.q.c.s.w.WrappedWebdriver[0;39m - Find_Element Execution_Time(ms):; 5; Page_URL:; http://localhost:8081/#!/project/5b3f7d6a-5268-44c9-a27d-8317f76ab4e6/questionnaire;
[[34mINFO [0;39m] [] 18:26:25.948 [TestCaseId:] [Scenario:
                Create a new project] [36mo.a.q.c.s.w.WebdriverHelper[0;39m - Wait_For_Page_Update Execution_Time(ms):; 6; Page_URL:; http://localhost:8081/#!/project/5b3f7d6a-5268-44c9-a27d-8317f76ab4e6/questionnaire;
[[34mINFO [0;39m] [] 18:26:25.951 [TestCaseId:] [Scenario:
                Create a new project] [36mo.a.q.c.s.w.WebdriverHelper[0;39m - get_Text Execution_Time(ms):; 68; Page_URL:; http://localhost:8081/#!/project/5b3f7d6a-5268-44c9-a27d-8317f76ab4e6/questionnaire;
[[34mINFO [0;39m] [] 18:26:25.960 [TestCaseId:] [Scenario:
                Create a new project] [36mo.a.q.c.s.w.WebdriverHelper[0;39m - Wait_For_Page_Update Execution_Time(ms):; 5; Page_URL:; http://localhost:8081/#!/project/5b3f7d6a-5268-44c9-a27d-8317f76ab4e6/questionnaire;
[[39mDEBUG[0;39m] [] 18:26:25.961 [TestCaseId:] [Scenario:
                Create a new project] [36mo.a.q.c.s.w.WrappedWebdriver[0;39m - Finding element by: By.cssSelector: .modal-content .modal-body 
[[34mINFO [0;39m] [] 18:26:25.976 [TestCaseId:] [Scenario:
                Create a new project] [36mo.a.q.c.s.w.WrappedWebdriver[0;39m - Find_Element Execution_Time(ms):; 11; Page_URL:; http://localhost:8081/#!/project/5b3f7d6a-5268-44c9-a27d-8317f76ab4e6/questionnaire;
[[39mDEBUG[0;39m] [] 18:26:25.988 [TestCaseId:] [Scenario:
                Create a new project] [36mo.a.q.c.s.w.WrappedWebdriver[0;39m - Finding element by: By.cssSelector: .modal-content .modal-body 
[[34mINFO [0;39m] [] 18:26:25.997 [TestCaseId:] [Scenario:
                Create a new project] [36mo.a.q.c.s.w.WrappedWebdriver[0;39m - Find_Element Execution_Time(ms):; 5; Page_URL:; http://localhost:8081/#!/project/5b3f7d6a-5268-44c9-a27d-8317f76ab4e6/questionnaire;
[[34mINFO [0;39m] [] 18:26:26.018 [TestCaseId:] [Scenario:
                Create a new project] [36mo.a.q.c.s.w.WebdriverHelper[0;39m - Wait_For_Page_Update Execution_Time(ms):; 5; Page_URL:; http://localhost:8081/#!/project/5b3f7d6a-5268-44c9-a27d-8317f76ab4e6/questionnaire;
[[34mINFO [0;39m] [] 18:26:26.021 [TestCaseId:] [Scenario:
                Create a new project] [36mo.a.q.c.s.w.WebdriverHelper[0;39m - get_Text Execution_Time(ms):; 65; Page_URL:; http://localhost:8081/#!/project/5b3f7d6a-5268-44c9-a27d-8317f76ab4e6/questionnaire;
[[34mINFO [0;39m] [] 18:26:26.022 [TestCaseId:] [Scenario:
                Create a new project] [36mo.a.q.c.s.c.ModalWindow[0;39m - Close modal window by Ok button
[[34mINFO [0;39m] [] 18:26:26.030 [TestCaseId:] [Scenario:
                Create a new project] [36mo.a.q.c.s.w.WebdriverHelper[0;39m - Wait_For_Page_Update Execution_Time(ms):; 5; Page_URL:; http://localhost:8081/#!/project/5b3f7d6a-5268-44c9-a27d-8317f76ab4e6/questionnaire;
[[39mDEBUG[0;39m] [] 18:26:26.030 [TestCaseId:] [Scenario:
                Create a new project] [36mo.a.q.c.s.w.WrappedWebdriver[0;39m - Finding element by: By.cssSelector: .modal-content .modal-footer .ok 
[[34mINFO [0;39m] [] 18:26:26.045 [TestCaseId:] [Scenario:
                Create a new project] [36mo.a.q.c.s.w.WrappedWebdriver[0;39m - Find_Element Execution_Time(ms):; 12; Page_URL:; http://localhost:8081/#!/project/5b3f7d6a-5268-44c9-a27d-8317f76ab4e6/questionnaire;
[[39mDEBUG[0;39m] [] 18:26:26.056 [TestCaseId:] [Scenario:
                Create a new project] [36mo.a.q.c.s.w.WrappedWebdriver[0;39m - Finding element by: By.cssSelector: .modal-content .modal-footer .ok 
[[34mINFO [0;39m] [] 18:26:26.066 [TestCaseId:] [Scenario:
                Create a new project] [36mo.a.q.c.s.w.WrappedWebdriver[0;39m - Find_Element Execution_Time(ms):; 6; Page_URL:; http://localhost:8081/#!/project/5b3f7d6a-5268-44c9-a27d-8317f76ab4e6/questionnaire;
[[34mINFO [0;39m] [] 18:26:26.077 [TestCaseId:] [Scenario:
                Create a new project] [36mo.a.q.c.s.w.WebdriverHelper[0;39m - Wait_For_Element_To_Be_Clickable Execution_Time(ms):; 43; Page_URL:; http://localhost:8081/#!/project/5b3f7d6a-5268-44c9-a27d-8317f76ab4e6/questionnaire;
[[39mDEBUG[0;39m] [] 18:26:26.077 [TestCaseId:] [Scenario:
                Create a new project] [36mo.a.q.c.s.w.WrappedWebdriver[0;39m - Finding element by: By.cssSelector: .modal-content .modal-footer .ok 
[[34mINFO [0;39m] [] 18:26:26.086 [TestCaseId:] [Scenario:
                Create a new project] [36mo.a.q.c.s.w.WrappedWebdriver[0;39m - Find_Element Execution_Time(ms):; 6; Page_URL:; http://localhost:8081/#!/project/5b3f7d6a-5268-44c9-a27d-8317f76ab4e6/questionnaire;
[[34mINFO [0;39m] [] 18:26:26.145 [TestCaseId:] [Scenario:
                Create a new project] [36mo.a.q.c.s.w.WebdriverHelper[0;39m - Wait_For_Page_Update Execution_Time(ms):; 4; Page_URL:; http://localhost:8081/#!/project/5b3f7d6a-5268-44c9-a27d-8317f76ab4e6/questionnaire;
[[34mINFO [0;39m] [] 18:26:26.148 [TestCaseId:] [Scenario:
                Create a new project] [36mo.a.q.c.s.w.WebdriverHelper[0;39m - Click Execution_Time(ms):; 124; Page_URL:; http://localhost:8081/#!/project/5b3f7d6a-5268-44c9-a27d-8317f76ab4e6/questionnaire;
[[39mDEBUG[0;39m] [] 18:26:26.149 [TestCaseId:] [Scenario:
                Create a new project] [36mo.a.q.c.s.a.p.AllureAttachmentsProvider[0;39m - Attach screenshot to the Allure report
[[34mINFO [0;39m] [] 18:26:26.519 [TestCaseId:] [Scenario:
                Create a new project] [36mo.a.q.c.s.w.WebdriverHelper[0;39m - Wait_For_Page_Update Execution_Time(ms):; 2; Page_URL:; http://localhost:8081/#!/project/5b3f7d6a-5268-44c9-a27d-8317f76ab4e6/questionnaire;
[[39mDEBUG[0;39m] [] 18:26:26.520 [TestCaseId:] [Scenario:
                Create a new project] [36mo.a.q.c.s.w.WrappedWebdriver[0;39m - Finding element by: By.className: fa-home 
[[34mINFO [0;39m] [] 18:26:26.535 [TestCaseId:] [Scenario:
                Create a new project] [36mo.a.q.c.s.w.WrappedWebdriver[0;39m - Find_Element Execution_Time(ms):; 12; Page_URL:; http://localhost:8081/#!/project/5b3f7d6a-5268-44c9-a27d-8317f76ab4e6/questionnaire;
[[39mDEBUG[0;39m] [] 18:26:26.565 [TestCaseId:] [Scenario:
                Create a new project] [36mo.a.q.c.s.w.WrappedWebdriver[0;39m - Finding element by: By.className: fa-home 
[[34mINFO [0;39m] [] 18:26:26.585 [TestCaseId:] [Scenario:
                Create a new project] [36mo.a.q.c.s.w.WrappedWebdriver[0;39m - Find_Element Execution_Time(ms):; 10; Page_URL:; http://localhost:8081/#!/project/5b3f7d6a-5268-44c9-a27d-8317f76ab4e6/questionnaire;
[[34mINFO [0;39m] [] 18:26:26.596 [TestCaseId:] [Scenario:
                Create a new project] [36mo.a.q.c.s.w.WebdriverHelper[0;39m - Wait_For_Element_To_Be_Clickable Execution_Time(ms):; 75; Page_URL:; http://localhost:8081/#!/project/5b3f7d6a-5268-44c9-a27d-8317f76ab4e6/questionnaire;
[[39mDEBUG[0;39m] [] 18:26:26.596 [TestCaseId:] [Scenario:
                Create a new project] [36mo.a.q.c.s.w.WrappedWebdriver[0;39m - Finding element by: By.className: fa-home 
[[34mINFO [0;39m] [] 18:26:26.628 [TestCaseId:] [Scenario:
                Create a new project] [36mo.a.q.c.s.w.WrappedWebdriver[0;39m - Find_Element Execution_Time(ms):; 22; Page_URL:; http://localhost:8081/#!/project/5b3f7d6a-5268-44c9-a27d-8317f76ab4e6/questionnaire;
[[34mINFO [0;39m] [] 18:26:26.706 [TestCaseId:] [Scenario:
                Create a new project] [36mo.a.q.c.s.w.WebdriverHelper[0;39m - Wait_For_Page_Update Execution_Time(ms):; 30; Page_URL:; http://localhost:8081/#!/dashboard;
[[34mINFO [0;39m] [] 18:26:26.710 [TestCaseId:] [Scenario:
                Create a new project] [36mo.a.q.c.s.w.WebdriverHelper[0;39m - Click Execution_Time(ms):; 193; Page_URL:; http://localhost:8081/#!/dashboard;
[[39mDEBUG[0;39m] [] 18:26:26.712 [TestCaseId:] [Scenario:
                Create a new project] [36mo.a.q.c.s.w.WrappedWebdriver[0;39m - Finding element by: By.cssSelector: label.filter[for='all-projects'] 
[[34mINFO [0;39m] [] 18:26:26.728 [TestCaseId:] [Scenario:
                Create a new project] [36mo.a.q.c.s.w.WrappedWebdriver[0;39m - Find_Element Execution_Time(ms):; 13; Page_URL:; http://localhost:8081/#!/dashboard;
[[34mINFO [0;39m] [] 18:26:26.735 [TestCaseId:] [Scenario:
                Create a new project] [36mo.a.q.c.s.w.WebdriverHelper[0;39m - Wait_For_Page_Update Execution_Time(ms):; 4; Page_URL:; http://localhost:8081/#!/dashboard;
[[34mINFO [0;39m] [] 18:26:26.783 [TestCaseId:] [Scenario:
                Create a new project] [36mo.a.q.c.s.w.WebdriverHelper[0;39m - Wait_For_Element_To_Be_Clickable Execution_Time(ms):; 38; Page_URL:; http://localhost:8081/#!/dashboard;
[[34mINFO [0;39m] [] 18:26:26.829 [TestCaseId:] [Scenario:
                Create a new project] [36mo.a.q.c.s.w.WebdriverHelper[0;39m - Wait_For_Page_Update Execution_Time(ms):; 12; Page_URL:; http://localhost:8081/#!/dashboard;
[[34mINFO [0;39m] [] 18:26:26.831 [TestCaseId:] [Scenario:
                Create a new project] [36mo.a.q.c.s.w.WebdriverHelper[0;39m - Click Execution_Time(ms):; 101; Page_URL:; http://localhost:8081/#!/dashboard;
[[39mDEBUG[0;39m] [] 18:26:26.832 [TestCaseId:] [Scenario:
                Create a new project] [36mo.a.q.c.s.w.WrappedWebdriver[0;39m - Finding elements by: By.xpath: //ul[@class='projects-list']/li
[[34mINFO [0;39m] [] 18:26:26.848 [TestCaseId:] [Scenario:
                Create a new project] [36mo.a.q.c.s.w.WrappedWebdriver[0;39m - Find_Elements Execution_Time(ms):; 12; Page_URL:; http://localhost:8081/#!/dashboard;
[[39mDEBUG[0;39m] [] 18:26:27.240 [TestCaseId:] [Scenario:
                Create a new project] [36mo.a.q.c.s.w.WrappedWebdriver[0;39m - Finding elements by: By.xpath: //ul[@class='projects-list']/li
[[34mINFO [0;39m] [] 18:26:27.260 [TestCaseId:] [Scenario:
                Create a new project] [36mo.a.q.c.s.w.WrappedWebdriver[0;39m - Find_Elements Execution_Time(ms):; 10; Page_URL:; http://localhost:8081/#!/dashboard;
[[39mDEBUG[0;39m] [] 18:26:27.500 [TestCaseId:] [Scenario:
                Create a new project] [36mo.a.q.c.s.w.WrappedWebdriver[0;39m - Finding element by: By.cssSelector: label.filter[for='in-progress'] 
[[34mINFO [0;39m] [] 18:26:27.515 [TestCaseId:] [Scenario:
                Create a new project] [36mo.a.q.c.s.w.WrappedWebdriver[0;39m - Find_Element Execution_Time(ms):; 11; Page_URL:; http://localhost:8081/#!/dashboard;
[[34mINFO [0;39m] [] 18:26:27.523 [TestCaseId:] [Scenario:
                Create a new project] [36mo.a.q.c.s.w.WebdriverHelper[0;39m - Wait_For_Page_Update Execution_Time(ms):; 5; Page_URL:; http://localhost:8081/#!/dashboard;
[[34mINFO [0;39m] [] 18:26:27.567 [TestCaseId:] [Scenario:
                Create a new project] [36mo.a.q.c.s.w.WebdriverHelper[0;39m - Wait_For_Element_To_Be_Clickable Execution_Time(ms):; 34; Page_URL:; http://localhost:8081/#!/dashboard;
[[34mINFO [0;39m] [] 18:26:27.609 [TestCaseId:] [Scenario:
                Create a new project] [36mo.a.q.c.s.w.WebdriverHelper[0;39m - Wait_For_Page_Update Execution_Time(ms):; 7; Page_URL:; http://localhost:8081/#!/dashboard;
[[34mINFO [0;39m] [] 18:26:27.613 [TestCaseId:] [Scenario:
                Create a new project] [36mo.a.q.c.s.w.WebdriverHelper[0;39m - Click Execution_Time(ms):; 95; Page_URL:; http://localhost:8081/#!/dashboard;
[[39mDEBUG[0;39m] [] 18:26:27.613 [TestCaseId:] [Scenario:
                Create a new project] [36mo.a.q.c.s.w.WrappedWebdriver[0;39m - Finding elements by: By.xpath: //ul[@class='projects-list']/li
[[34mINFO [0;39m] [] 18:26:27.624 [TestCaseId:] [Scenario:
                Create a new project] [36mo.a.q.c.s.w.WrappedWebdriver[0;39m - Find_Elements Execution_Time(ms):; 7; Page_URL:; http://localhost:8081/#!/dashboard;
[[34mINFO [0;39m] [] 18:26:27.862 [TestCaseId:] [Scenario:
                Create a new project] [36mo.a.q.c.s.w.WebdriverHelper[0;39m - Wait_For_Page_Update Execution_Time(ms):; 20; Page_URL:; http://localhost:8081/#!/dashboard;
[[39mDEBUG[0;39m] [] 18:26:27.862 [TestCaseId:] [Scenario:
                Create a new project] [36mo.a.q.c.s.w.WrappedWebdriver[0;39m - Finding element by: By.className: logout-button 
[[34mINFO [0;39m] [] 18:26:27.902 [TestCaseId:] [Scenario:
                Create a new project] [36mo.a.q.c.s.w.WrappedWebdriver[0;39m - Find_Element Execution_Time(ms):; 30; Page_URL:; http://localhost:8081/#!/dashboard;
[[39mDEBUG[0;39m] [] 18:26:27.922 [TestCaseId:] [Scenario:
                Create a new project] [36mo.a.q.c.s.w.WrappedWebdriver[0;39m - Finding element by: By.className: logout-button 
[[34mINFO [0;39m] [] 18:26:27.942 [TestCaseId:] [Scenario:
                Create a new project] [36mo.a.q.c.s.w.WrappedWebdriver[0;39m - Find_Element Execution_Time(ms):; 10; Page_URL:; http://localhost:8081/#!/dashboard;
[[34mINFO [0;39m] [] 18:26:27.972 [TestCaseId:] [Scenario:
                Create a new project] [36mo.a.q.c.s.w.WebdriverHelper[0;39m - Wait_For_Element_To_Be_Clickable Execution_Time(ms):; 100; Page_URL:; http://localhost:8081/#!/dashboard;
[[39mDEBUG[0;39m] [] 18:26:27.972 [TestCaseId:] [Scenario:
                Create a new project] [36mo.a.q.c.s.w.WrappedWebdriver[0;39m - Finding element by: By.className: logout-button 
[[34mINFO [0;39m] [] 18:26:27.995 [TestCaseId:] [Scenario:
                Create a new project] [36mo.a.q.c.s.w.WrappedWebdriver[0;39m - Find_Element Execution_Time(ms):; 1; Page_URL:; http://localhost:8081/#!/dashboard;
[[34mINFO [0;39m] [] 18:26:28.052 [TestCaseId:] [Scenario:
                Create a new project] [36mo.a.q.c.s.w.WebdriverHelper[0;39m - Wait_For_Page_Update Execution_Time(ms):; 2; Page_URL:; http://localhost:8081/#!/dashboard;
[[34mINFO [0;39m] [] 18:26:28.057 [TestCaseId:] [Scenario:
                Create a new project] [36mo.a.q.c.s.w.WebdriverHelper[0;39m - Click Execution_Time(ms):; 220; Page_URL:; http://localhost:8081/#!/dashboard;
[[39mDEBUG[0;39m] [] 18:26:28.057 [TestCaseId:] [Scenario:
                Create a new project] [36mo.a.q.c.s.w.WrappedWebdriver[0;39m - Finding element by: By.cssSelector: .logout-menu li 
[[34mINFO [0;39m] [] 18:26:28.088 [TestCaseId:] [Scenario:
                Create a new project] [36mo.a.q.c.s.w.WrappedWebdriver[0;39m - Find_Element Execution_Time(ms):; 21; Page_URL:; http://localhost:8081/#!/dashboard;
[[34mINFO [0;39m] [] 18:26:28.118 [TestCaseId:] [Scenario:
                Create a new project] [36mo.a.q.c.s.w.WebdriverHelper[0;39m - Wait_For_Page_Update Execution_Time(ms):; 20; Page_URL:; http://localhost:8081/#!/dashboard;
[[34mINFO [0;39m] [] 18:26:28.158 [TestCaseId:] [Scenario:
                Create a new project] [36mo.a.q.c.s.w.WebdriverHelper[0;39m - Wait_For_Element_To_Be_Clickable Execution_Time(ms):; 30; Page_URL:; http://localhost:8081/#!/dashboard;
[[34mINFO [0;39m] [] 18:26:28.219 [TestCaseId:] [Scenario:
                Create a new project] [36mo.a.q.c.s.w.WebdriverHelper[0;39m - Wait_For_Page_Update Execution_Time(ms):; 22; Page_URL:; http://localhost:8081/#!/login;
[[34mINFO [0;39m] [] 18:26:28.223 [TestCaseId:] [Scenario:
                Create a new project] [36mo.a.q.c.s.w.WebdriverHelper[0;39m - Click Execution_Time(ms):; 131; Page_URL:; http://localhost:8081/#!/login;
[[39mDEBUG[0;39m] [] 18:26:28.226 [TestCaseId:] [Scenario:
                ] [36mo.a.q.c.s.w.WrappedWebdriver[0;39m - Driver quit
[[34mINFO [0;39m] [] 18:26:29.279 [TestCaseId:] [Scenario:
                ] [36mo.a.q.c.s.w.WrappedWebdriver[0;39m - Driver_Quit Execution_Time(ms):; 1053; Page_URL:; ;
