[[34mINFO [0;39m] [] 21:15:33.836 [TestCaseId:] [Scenario:
                Sign Up with correct credentials] [36mo.a.q.c.g.s.p.LoginPageObject[0;39m - Open login page
[[39mDEBUG[0;39m] [] 21:15:33.866 [TestCaseId:] [Scenario:
                Sign Up with correct credentials] [36mo.a.q.c.g.s.w.WrappedWebdriver[0;39m - Opening url: http://localhost:8081/#!/login
[[39mDEBUG[0;39m] [] 21:15:35.158 [TestCaseId:] [Scenario:
                Sign Up with correct credentials] [36mo.a.q.c.g.s.a.p.AllureAttachmentsProvider[0;39m - Attach screenshot to the Allure report
[[34mINFO [0;39m] [] 21:15:35.645 [TestCaseId:] [Scenario:
                Sign Up with correct credentials] [36mo.a.q.c.g.s.w.WrappedWebdriver[0;39m - Open_Page Execution_Time(ms):; 1779; Page_URL:; http://localhost:8081/#!/login;
[[34mINFO [0;39m] [] 21:15:35.646 [TestCaseId:] [Scenario:
                Sign Up with correct credentials] [36mo.a.q.c.g.s.p.LoginPageObject[0;39m - Set login as admin in SingIn form
[[34mINFO [0;39m] [] 21:15:35.699 [TestCaseId:] [Scenario:
                Sign Up with correct credentials] [36mo.a.q.c.g.s.w.WebdriverHelper[0;39m - Wait_For_Page_Update Execution_Time(ms):; 11; Page_URL:; http://localhost:8081/#!/login;
[[39mDEBUG[0;39m] [] 21:15:35.699 [TestCaseId:] [Scenario:
                Sign Up with correct credentials] [36mo.a.q.c.g.s.w.WrappedWebdriver[0;39m - Finding element by: By.name: login 
[[34mINFO [0;39m] [] 21:15:35.729 [TestCaseId:] [Scenario:
                Sign Up with correct credentials] [36mo.a.q.c.g.s.w.WrappedWebdriver[0;39m - Find_Element Execution_Time(ms):; 20; Page_URL:; http://localhost:8081/#!/login;
[[39mDEBUG[0;39m] [] 21:15:35.749 [TestCaseId:] [Scenario:
                Sign Up with correct credentials] [36mo.a.q.c.g.s.w.WrappedWebdriver[0;39m - Finding element by: By.name: login 
[[34mINFO [0;39m] [] 21:15:35.769 [TestCaseId:] [Scenario:
                Sign Up with correct credentials] [36mo.a.q.c.g.s.w.WrappedWebdriver[0;39m - Find_Element Execution_Time(ms):; 10; Page_URL:; http://localhost:8081/#!/login;
[[39mDEBUG[0;39m] [] 21:15:35.789 [TestCaseId:] [Scenario:
                Sign Up with correct credentials] [36mo.a.q.c.g.s.w.WrappedWebdriver[0;39m - Finding element by: By.name: login 
[[34mINFO [0;39m] [] 21:15:35.794 [TestCaseId:] [Scenario:
                Sign Up with correct credentials] [36mo.a.q.c.g.s.w.WrappedWebdriver[0;39m - Find_Element Execution_Time(ms):; 1; Page_URL:; http://localhost:8081/#!/login;
[[34mINFO [0;39m] [] 21:15:35.851 [TestCaseId:] [Scenario:
                Sign Up with correct credentials] [36mo.a.q.c.g.s.w.WebdriverHelper[0;39m - Wait_For_Page_Update Execution_Time(ms):; 5; Page_URL:; http://localhost:8081/#!/login;
[[34mINFO [0;39m] [] 21:15:35.855 [TestCaseId:] [Scenario:
                Sign Up with correct credentials] [36mo.a.q.c.g.s.w.WebdriverHelper[0;39m - Send_Keys Execution_Time(ms):; 184; Page_URL:; http://localhost:8081/#!/login;
[[34mINFO [0;39m] [] 21:15:35.862 [TestCaseId:] [Scenario:
                Sign Up with correct credentials] [36mo.a.q.c.g.s.w.WebdriverHelper[0;39m - Wait_For_Page_Update Execution_Time(ms):; 4; Page_URL:; http://localhost:8081/#!/login;
[[39mDEBUG[0;39m] [] 21:15:35.863 [TestCaseId:] [Scenario:
                Sign Up with correct credentials] [36mo.a.q.c.g.s.w.WrappedWebdriver[0;39m - Finding element by: By.name: password 
[[34mINFO [0;39m] [] 21:15:35.898 [TestCaseId:] [Scenario:
                Sign Up with correct credentials] [36mo.a.q.c.g.s.w.WrappedWebdriver[0;39m - Find_Element Execution_Time(ms):; 25; Page_URL:; http://localhost:8081/#!/login;
[[39mDEBUG[0;39m] [] 21:15:35.918 [TestCaseId:] [Scenario:
                Sign Up with correct credentials] [36mo.a.q.c.g.s.w.WrappedWebdriver[0;39m - Finding element by: By.name: password 
[[34mINFO [0;39m] [] 21:15:35.938 [TestCaseId:] [Scenario:
                Sign Up with correct credentials] [36mo.a.q.c.g.s.w.WrappedWebdriver[0;39m - Find_Element Execution_Time(ms):; 10; Page_URL:; http://localhost:8081/#!/login;
[[39mDEBUG[0;39m] [] 21:15:35.958 [TestCaseId:] [Scenario:
                Sign Up with correct credentials] [36mo.a.q.c.g.s.w.WrappedWebdriver[0;39m - Finding element by: By.name: password 
[[34mINFO [0;39m] [] 21:15:35.962 [TestCaseId:] [Scenario:
                Sign Up with correct credentials] [36mo.a.q.c.g.s.w.WrappedWebdriver[0;39m - Find_Element Execution_Time(ms):; 1; Page_URL:; http://localhost:8081/#!/login;
[[34mINFO [0;39m] [] 21:15:36.007 [TestCaseId:] [Scenario:
                Sign Up with correct credentials] [36mo.a.q.c.g.s.w.WebdriverHelper[0;39m - Wait_For_Page_Update Execution_Time(ms):; 6; Page_URL:; http://localhost:8081/#!/login;
[[34mINFO [0;39m] [] 21:15:36.011 [TestCaseId:] [Scenario:
                Sign Up with correct credentials] [36mo.a.q.c.g.s.w.WebdriverHelper[0;39m - Send_Keys Execution_Time(ms):; 152; Page_URL:; http://localhost:8081/#!/login;
[[34mINFO [0;39m] [] 21:15:36.020 [TestCaseId:] [Scenario:
                Sign Up with correct credentials] [36mo.a.q.c.g.s.w.WebdriverHelper[0;39m - Wait_For_Page_Update Execution_Time(ms):; 5; Page_URL:; http://localhost:8081/#!/login;
[[39mDEBUG[0;39m] [] 21:15:36.021 [TestCaseId:] [Scenario:
                Sign Up with correct credentials] [36mo.a.q.c.g.s.w.WrappedWebdriver[0;39m - Finding element by: By.className: login-button 
[[34mINFO [0;39m] [] 21:15:36.055 [TestCaseId:] [Scenario:
                Sign Up with correct credentials] [36mo.a.q.c.g.s.w.WrappedWebdriver[0;39m - Find_Element Execution_Time(ms):; 13; Page_URL:; http://localhost:8081/#!/login;
[[39mDEBUG[0;39m] [] 21:15:36.075 [TestCaseId:] [Scenario:
                Sign Up with correct credentials] [36mo.a.q.c.g.s.w.WrappedWebdriver[0;39m - Finding element by: By.className: login-button 
[[34mINFO [0;39m] [] 21:15:36.095 [TestCaseId:] [Scenario:
                Sign Up with correct credentials] [36mo.a.q.c.g.s.w.WrappedWebdriver[0;39m - Find_Element Execution_Time(ms):; 10; Page_URL:; http://localhost:8081/#!/login;
[[34mINFO [0;39m] [] 21:15:36.115 [TestCaseId:] [Scenario:
                Sign Up with correct credentials] [36mo.a.q.c.g.s.w.WebdriverHelper[0;39m - Wait_For_Element_To_Be_Clickable Execution_Time(ms):; 85; Page_URL:; http://localhost:8081/#!/login;
[[39mDEBUG[0;39m] [] 21:15:36.115 [TestCaseId:] [Scenario:
                Sign Up with correct credentials] [36mo.a.q.c.g.s.w.WrappedWebdriver[0;39m - Finding element by: By.className: login-button 
[[34mINFO [0;39m] [] 21:15:36.126 [TestCaseId:] [Scenario:
                Sign Up with correct credentials] [36mo.a.q.c.g.s.w.WrappedWebdriver[0;39m - Find_Element Execution_Time(ms):; 10; Page_URL:; http://localhost:8081/#!/login;
[[34mINFO [0;39m] [] 21:15:36.257 [TestCaseId:] [Scenario:
                Sign Up with correct credentials] [36mo.a.q.c.g.s.w.WebdriverHelper[0;39m - Wait_For_Page_Update Execution_Time(ms):; 75; Page_URL:; http://localhost:8081/#!/dashboard;
[[34mINFO [0;39m] [] 21:15:36.262 [TestCaseId:] [Scenario:
                Sign Up with correct credentials] [36mo.a.q.c.g.s.w.WebdriverHelper[0;39m - Click Execution_Time(ms):; 246; Page_URL:; http://localhost:8081/#!/dashboard;
[[39mDEBUG[0;39m] [] 21:15:36.262 [TestCaseId:] [Scenario:
                Sign Up with correct credentials] [36mo.a.q.c.g.s.a.p.AllureAttachmentsProvider[0;39m - Attach screenshot to the Allure report
[[34mINFO [0;39m] [] 21:15:36.705 [TestCaseId:] [Scenario:
                Sign Up with correct credentials] [36mo.a.q.c.g.s.p.LoginPageObject[0;39m - Submit SignIn form
[[34mINFO [0;39m] [] 21:15:36.735 [TestCaseId:] [Scenario:
                Sign Up with correct credentials] [36mo.a.q.c.g.s.w.WebdriverHelper[0;39m - Wait_For_Page_Update Execution_Time(ms):; 20; Page_URL:; http://localhost:8081/#!/dashboard;
[[39mDEBUG[0;39m] [] 21:15:36.735 [TestCaseId:] [Scenario:
                Sign Up with correct credentials] [36mo.a.q.c.g.s.w.WrappedWebdriver[0;39m - Finding element by: By.className: login-button 
[[34mINFO [0;39m] [] 21:15:36.765 [TestCaseId:] [Scenario:
                Sign Up with correct credentials] [36mo.a.q.c.g.s.w.WrappedWebdriver[0;39m - Find_Element Execution_Time(ms):; 20; Page_URL:; http://localhost:8081/#!/dashboard;
[[39mDEBUG[0;39m] [] 21:15:37.265 [TestCaseId:] [Scenario:
                Sign Up with correct credentials] [36mo.a.q.c.g.s.w.WrappedWebdriver[0;39m - Finding element by: By.className: login-button 
[[34mINFO [0;39m] [] 21:15:37.295 [TestCaseId:] [Scenario:
                Sign Up with correct credentials] [36mo.a.q.c.g.s.w.WrappedWebdriver[0;39m - Find_Element Execution_Time(ms):; 20; Page_URL:; http://localhost:8081/#!/dashboard;
[[39mDEBUG[0;39m] [] 21:15:37.803 [TestCaseId:] [Scenario:
                Sign Up with correct credentials] [36mo.a.q.c.g.s.w.WrappedWebdriver[0;39m - Finding element by: By.className: login-button 
[[34mINFO [0;39m] [] 21:15:37.853 [TestCaseId:] [Scenario:
                Sign Up with correct credentials] [36mo.a.q.c.g.s.w.WrappedWebdriver[0;39m - Find_Element Execution_Time(ms):; 30; Page_URL:; http://localhost:8081/#!/dashboard;
[[39mDEBUG[0;39m] [] 21:15:38.356 [TestCaseId:] [Scenario:
                Sign Up with correct credentials] [36mo.a.q.c.g.s.w.WrappedWebdriver[0;39m - Finding element by: By.className: login-button 
[[34mINFO [0;39m] [] 21:15:38.378 [TestCaseId:] [Scenario:
                Sign Up with correct credentials] [36mo.a.q.c.g.s.w.WrappedWebdriver[0;39m - Find_Element Execution_Time(ms):; 1; Page_URL:; http://localhost:8081/#!/dashboard;
[[39mDEBUG[0;39m] [] 21:15:38.881 [TestCaseId:] [Scenario:
                Sign Up with correct credentials] [36mo.a.q.c.g.s.w.WrappedWebdriver[0;39m - Finding element by: By.className: login-button 
[[34mINFO [0;39m] [] 21:15:38.931 [TestCaseId:] [Scenario:
                Sign Up with correct credentials] [36mo.a.q.c.g.s.w.WrappedWebdriver[0;39m - Find_Element Execution_Time(ms):; 30; Page_URL:; http://localhost:8081/#!/dashboard;
[[39mDEBUG[0;39m] [] 21:15:39.437 [TestCaseId:] [Scenario:
                Sign Up with correct credentials] [36mo.a.q.c.g.s.w.WrappedWebdriver[0;39m - Finding element by: By.className: login-button 
[[34mINFO [0;39m] [] 21:15:39.471 [TestCaseId:] [Scenario:
                Sign Up with correct credentials] [36mo.a.q.c.g.s.w.WrappedWebdriver[0;39m - Find_Element Execution_Time(ms):; 30; Page_URL:; http://localhost:8081/#!/dashboard;
[[39mDEBUG[0;39m] [] 21:15:39.991 [TestCaseId:] [Scenario:
                Sign Up with correct credentials] [36mo.a.q.c.g.s.w.WrappedWebdriver[0;39m - Finding element by: By.className: login-button 
[[34mINFO [0;39m] [] 21:15:40.041 [TestCaseId:] [Scenario:
                Sign Up with correct credentials] [36mo.a.q.c.g.s.w.WrappedWebdriver[0;39m - Find_Element Execution_Time(ms):; 30; Page_URL:; http://localhost:8081/#!/dashboard;
[[39mDEBUG[0;39m] [] 21:15:40.546 [TestCaseId:] [Scenario:
                Sign Up with correct credentials] [36mo.a.q.c.g.s.w.WrappedWebdriver[0;39m - Finding element by: By.className: login-button 
[[34mINFO [0;39m] [] 21:15:40.596 [TestCaseId:] [Scenario:
                Sign Up with correct credentials] [36mo.a.q.c.g.s.w.WrappedWebdriver[0;39m - Find_Element Execution_Time(ms):; 30; Page_URL:; http://localhost:8081/#!/dashboard;
[[39mDEBUG[0;39m] [] 21:15:41.096 [TestCaseId:] [Scenario:
                Sign Up with correct credentials] [36mo.a.q.c.g.s.w.WrappedWebdriver[0;39m - Finding element by: By.className: login-button 
[[34mINFO [0;39m] [] 21:15:41.130 [TestCaseId:] [Scenario:
                Sign Up with correct credentials] [36mo.a.q.c.g.s.w.WrappedWebdriver[0;39m - Find_Element Execution_Time(ms):; 30; Page_URL:; http://localhost:8081/#!/dashboard;
[[39mDEBUG[0;39m] [] 21:15:41.649 [TestCaseId:] [Scenario:
                Sign Up with correct credentials] [36mo.a.q.c.g.s.w.WrappedWebdriver[0;39m - Finding element by: By.className: login-button 
[[34mINFO [0;39m] [] 21:15:41.689 [TestCaseId:] [Scenario:
                Sign Up with correct credentials] [36mo.a.q.c.g.s.w.WrappedWebdriver[0;39m - Find_Element Execution_Time(ms):; 30; Page_URL:; http://localhost:8081/#!/dashboard;
[[39mDEBUG[0;39m] [] 21:15:42.190 [TestCaseId:] [Scenario:
                Sign Up with correct credentials] [36mo.a.q.c.g.s.w.WrappedWebdriver[0;39m - Finding element by: By.className: login-button 
[[34mINFO [0;39m] [] 21:15:42.221 [TestCaseId:] [Scenario:
                Sign Up with correct credentials] [36mo.a.q.c.g.s.w.WrappedWebdriver[0;39m - Find_Element Execution_Time(ms):; 30; Page_URL:; http://localhost:8081/#!/dashboard;
[[39mDEBUG[0;39m] [] 21:15:42.739 [TestCaseId:] [Scenario:
                Sign Up with correct credentials] [36mo.a.q.c.g.s.w.WrappedWebdriver[0;39m - Finding element by: By.className: login-button 
[[34mINFO [0;39m] [] 21:15:42.789 [TestCaseId:] [Scenario:
                Sign Up with correct credentials] [36mo.a.q.c.g.s.w.WrappedWebdriver[0;39m - Find_Element Execution_Time(ms):; 30; Page_URL:; http://localhost:8081/#!/dashboard;
[[39mDEBUG[0;39m] [] 21:15:43.295 [TestCaseId:] [Scenario:
                Sign Up with correct credentials] [36mo.a.q.c.g.s.w.WrappedWebdriver[0;39m - Finding element by: By.className: login-button 
[[34mINFO [0;39m] [] 21:15:43.342 [TestCaseId:] [Scenario:
                Sign Up with correct credentials] [36mo.a.q.c.g.s.w.WrappedWebdriver[0;39m - Find_Element Execution_Time(ms):; 17; Page_URL:; http://localhost:8081/#!/dashboard;
[[39mDEBUG[0;39m] [] 21:15:43.842 [TestCaseId:] [Scenario:
                Sign Up with correct credentials] [36mo.a.q.c.g.s.w.WrappedWebdriver[0;39m - Finding element by: By.className: login-button 
[[34mINFO [0;39m] [] 21:15:43.892 [TestCaseId:] [Scenario:
                Sign Up with correct credentials] [36mo.a.q.c.g.s.w.WrappedWebdriver[0;39m - Find_Element Execution_Time(ms):; 30; Page_URL:; http://localhost:8081/#!/dashboard;
[[39mDEBUG[0;39m] [] 21:15:43.892 [TestCaseId:] [Scenario:
                Sign Up with correct credentials] [36mo.a.q.c.g.s.w.WrappedWebdriver[0;39m - Finding element by: By.className: login-button 
[[34mINFO [0;39m] [] 21:15:43.942 [TestCaseId:] [Scenario:
                Sign Up with correct credentials] [36mo.a.q.c.g.s.w.WrappedWebdriver[0;39m - Find_Element Execution_Time(ms):; 30; Page_URL:; http://localhost:8081/#!/dashboard;
[[34mINFO [0;39m] [] 21:15:43.952 [TestCaseId:] [Scenario:
                Sign Up with correct credentials] [36mo.a.q.c.g.s.w.WebdriverHelper[0;39m - Wait_For_Element_To_Be_Clickable Execution_Time(ms):; 7207; Page_URL:; http://localhost:8081/#!/dashboard;
[[39mDEBUG[0;39m] [] 21:15:43.962 [TestCaseId:] [Scenario:
                Sign Up with correct credentials] [36mo.a.q.c.g.s.a.p.AllureAttachmentsProvider[0;39m - Attach screenshot to the Allure report
[[34mINFO [0;39m] [] 21:15:44.354 [TestCaseId:] [Scenario:
                Sign Up with correct credentials] [36mo.a.q.c.g.s.w.WebdriverHelper[0;39m - Click Execution_Time(ms):; 7639; Page_URL:; http://localhost:8081/#!/dashboard;
[[39mDEBUG[0;39m] [] 21:15:44.354 [TestCaseId:] [Scenario:
                Sign Up with correct credentials] [36mo.a.q.c.g.s.a.p.AllureAttachmentsProvider[0;39m - Attach screenshot to the Allure report
[[39mDEBUG[0;39m] [] 21:15:44.742 [TestCaseId:] [Scenario:
                Sign Up with correct credentials] [36mo.a.q.c.g.s.a.p.AllureAttachmentsProvider[0;39m - Attach screenshot to the Allure report
[[34mINFO [0;39m] [] 21:15:56.828 [TestCaseId:] [Scenario:
                Sign Up with fake credentials] [36mo.a.q.c.g.s.p.LoginPageObject[0;39m - Open login page
[[39mDEBUG[0;39m] [] 21:15:56.838 [TestCaseId:] [Scenario:
                Sign Up with fake credentials] [36mo.a.q.c.g.s.w.WrappedWebdriver[0;39m - Opening url: http://localhost:8081/#!/login
