[[34mINFO [0;39m] [] 12:05:42.085 [TestCaseId:] [Scenario:
                Check availability of inputs when creating a new project on Dashboard page] [36mo.a.q.c.s.p.LoginPageObject[0;39m - Open login page
[[39mDEBUG[0;39m] [] 12:05:42.105 [TestCaseId:] [Scenario:
                Check availability of inputs when creating a new project on Dashboard page] [36mo.a.q.c.s.w.WrappedWebdriver[0;39m - Opening url: http://localhost:8081/#!/login
[[39mDEBUG[0;39m] [] 12:05:43.388 [TestCaseId:] [Scenario:
                Check availability of inputs when creating a new project on Dashboard page] [36mo.a.q.c.s.a.p.AllureAttachmentsProvider[0;39m - Attach screenshot to the Allure report
[[34mINFO [0;39m] [] 12:05:43.897 [TestCaseId:] [Scenario:
                Check availability of inputs when creating a new project on Dashboard page] [36mo.a.q.c.s.w.WrappedWebdriver[0;39m - Open_Page Execution_Time(ms):; 1792; Page_URL:; http://localhost:8081/#!/login;
[[34mINFO [0;39m] [] 12:05:43.897 [TestCaseId:] [Scenario:
                Check availability of inputs when creating a new project on Dashboard page] [36mo.a.q.c.s.p.LoginPageObject[0;39m - Set login as admin in SingIn form
[[34mINFO [0;39m] [] 12:05:43.957 [TestCaseId:] [Scenario:
                Check availability of inputs when creating a new project on Dashboard page] [36mo.a.q.c.s.w.WebdriverHelper[0;39m - Wait_For_Page_Update Execution_Time(ms):; 30; Page_URL:; http://localhost:8081/#!/login;
[[39mDEBUG[0;39m] [] 12:05:43.967 [TestCaseId:] [Scenario:
                Check availability of inputs when creating a new project on Dashboard page] [36mo.a.q.c.s.w.WrappedWebdriver[0;39m - Finding element by: By.name: login 
[[34mINFO [0;39m] [] 12:05:44.007 [TestCaseId:] [Scenario:
                Check availability of inputs when creating a new project on Dashboard page] [36mo.a.q.c.s.w.WrappedWebdriver[0;39m - Find_Element Execution_Time(ms):; 30; Page_URL:; http://localhost:8081/#!/login;
[[39mDEBUG[0;39m] [] 12:05:44.027 [TestCaseId:] [Scenario:
                Check availability of inputs when creating a new project on Dashboard page] [36mo.a.q.c.s.w.WrappedWebdriver[0;39m - Finding element by: By.name: login 
[[34mINFO [0;39m] [] 12:05:44.047 [TestCaseId:] [Scenario:
                Check availability of inputs when creating a new project on Dashboard page] [36mo.a.q.c.s.w.WrappedWebdriver[0;39m - Find_Element Execution_Time(ms):; 10; Page_URL:; http://localhost:8081/#!/login;
[[39mDEBUG[0;39m] [] 12:05:44.068 [TestCaseId:] [Scenario:
                Check availability of inputs when creating a new project on Dashboard page] [36mo.a.q.c.s.w.WrappedWebdriver[0;39m - Finding element by: By.name: login 
[[34mINFO [0;39m] [] 12:05:44.082 [TestCaseId:] [Scenario:
                Check availability of inputs when creating a new project on Dashboard page] [36mo.a.q.c.s.w.WrappedWebdriver[0;39m - Find_Element Execution_Time(ms):; 10; Page_URL:; http://localhost:8081/#!/login;
[[34mINFO [0;39m] [] 12:05:44.137 [TestCaseId:] [Scenario:
                Check availability of inputs when creating a new project on Dashboard page] [36mo.a.q.c.s.w.WebdriverHelper[0;39m - Wait_For_Page_Update Execution_Time(ms):; 5; Page_URL:; http://localhost:8081/#!/login;
[[34mINFO [0;39m] [] 12:05:44.141 [TestCaseId:] [Scenario:
                Check availability of inputs when creating a new project on Dashboard page] [36mo.a.q.c.s.w.WebdriverHelper[0;39m - Send_Keys Execution_Time(ms):; 221; Page_URL:; http://localhost:8081/#!/login;
[[34mINFO [0;39m] [] 12:05:44.151 [TestCaseId:] [Scenario:
                Check availability of inputs when creating a new project on Dashboard page] [36mo.a.q.c.s.w.WebdriverHelper[0;39m - Wait_For_Page_Update Execution_Time(ms):; 5; Page_URL:; http://localhost:8081/#!/login;
[[39mDEBUG[0;39m] [] 12:05:44.152 [TestCaseId:] [Scenario:
                Check availability of inputs when creating a new project on Dashboard page] [36mo.a.q.c.s.w.WrappedWebdriver[0;39m - Finding element by: By.name: password 
[[34mINFO [0;39m] [] 12:05:44.170 [TestCaseId:] [Scenario:
                Check availability of inputs when creating a new project on Dashboard page] [36mo.a.q.c.s.w.WrappedWebdriver[0;39m - Find_Element Execution_Time(ms):; 15; Page_URL:; http://localhost:8081/#!/login;
[[39mDEBUG[0;39m] [] 12:05:44.185 [TestCaseId:] [Scenario:
                Check availability of inputs when creating a new project on Dashboard page] [36mo.a.q.c.s.w.WrappedWebdriver[0;39m - Finding element by: By.name: password 
[[34mINFO [0;39m] [] 12:05:44.217 [TestCaseId:] [Scenario:
                Check availability of inputs when creating a new project on Dashboard page] [36mo.a.q.c.s.w.WrappedWebdriver[0;39m - Find_Element Execution_Time(ms):; 22; Page_URL:; http://localhost:8081/#!/login;
[[39mDEBUG[0;39m] [] 12:05:44.237 [TestCaseId:] [Scenario:
                Check availability of inputs when creating a new project on Dashboard page] [36mo.a.q.c.s.w.WrappedWebdriver[0;39m - Finding element by: By.name: password 
[[34mINFO [0;39m] [] 12:05:44.242 [TestCaseId:] [Scenario:
                Check availability of inputs when creating a new project on Dashboard page] [36mo.a.q.c.s.w.WrappedWebdriver[0;39m - Find_Element Execution_Time(ms):; 1; Page_URL:; http://localhost:8081/#!/login;
[[34mINFO [0;39m] [] 12:05:44.283 [TestCaseId:] [Scenario:
                Check availability of inputs when creating a new project on Dashboard page] [36mo.a.q.c.s.w.WebdriverHelper[0;39m - Wait_For_Page_Update Execution_Time(ms):; 5; Page_URL:; http://localhost:8081/#!/login;
[[34mINFO [0;39m] [] 12:05:44.286 [TestCaseId:] [Scenario:
                Check availability of inputs when creating a new project on Dashboard page] [36mo.a.q.c.s.w.WebdriverHelper[0;39m - Send_Keys Execution_Time(ms):; 141; Page_URL:; http://localhost:8081/#!/login;
[[34mINFO [0;39m] [] 12:05:44.295 [TestCaseId:] [Scenario:
                Check availability of inputs when creating a new project on Dashboard page] [36mo.a.q.c.s.w.WebdriverHelper[0;39m - Wait_For_Page_Update Execution_Time(ms):; 5; Page_URL:; http://localhost:8081/#!/login;
[[39mDEBUG[0;39m] [] 12:05:44.296 [TestCaseId:] [Scenario:
                Check availability of inputs when creating a new project on Dashboard page] [36mo.a.q.c.s.w.WrappedWebdriver[0;39m - Finding element by: By.className: login-button 
[[34mINFO [0;39m] [] 12:05:44.310 [TestCaseId:] [Scenario:
                Check availability of inputs when creating a new project on Dashboard page] [36mo.a.q.c.s.w.WrappedWebdriver[0;39m - Find_Element Execution_Time(ms):; 11; Page_URL:; http://localhost:8081/#!/login;
[[39mDEBUG[0;39m] [] 12:05:44.321 [TestCaseId:] [Scenario:
                Check availability of inputs when creating a new project on Dashboard page] [36mo.a.q.c.s.w.WrappedWebdriver[0;39m - Finding element by: By.className: login-button 
[[34mINFO [0;39m] [] 12:05:44.353 [TestCaseId:] [Scenario:
                Check availability of inputs when creating a new project on Dashboard page] [36mo.a.q.c.s.w.WrappedWebdriver[0;39m - Find_Element Execution_Time(ms):; 22; Page_URL:; http://localhost:8081/#!/login;
[[34mINFO [0;39m] [] 12:05:44.373 [TestCaseId:] [Scenario:
                Check availability of inputs when creating a new project on Dashboard page] [36mo.a.q.c.s.w.WebdriverHelper[0;39m - Wait_For_Element_To_Be_Clickable Execution_Time(ms):; 68; Page_URL:; http://localhost:8081/#!/login;
[[39mDEBUG[0;39m] [] 12:05:44.373 [TestCaseId:] [Scenario:
                Check availability of inputs when creating a new project on Dashboard page] [36mo.a.q.c.s.w.WrappedWebdriver[0;39m - Finding element by: By.className: login-button 
[[34mINFO [0;39m] [] 12:05:44.393 [TestCaseId:] [Scenario:
                Check availability of inputs when creating a new project on Dashboard page] [36mo.a.q.c.s.w.WrappedWebdriver[0;39m - Find_Element Execution_Time(ms):; 10; Page_URL:; http://localhost:8081/#!/login;
[[34mINFO [0;39m] [] 12:05:44.538 [TestCaseId:] [Scenario:
                Check availability of inputs when creating a new project on Dashboard page] [36mo.a.q.c.s.w.WebdriverHelper[0;39m - Wait_For_Page_Update Execution_Time(ms):; 89; Page_URL:; http://localhost:8081/#!/dashboard;
[[34mINFO [0;39m] [] 12:05:44.542 [TestCaseId:] [Scenario:
                Check availability of inputs when creating a new project on Dashboard page] [36mo.a.q.c.s.w.WebdriverHelper[0;39m - Click Execution_Time(ms):; 253; Page_URL:; http://localhost:8081/#!/dashboard;
[[39mDEBUG[0;39m] [] 12:05:44.543 [TestCaseId:] [Scenario:
                Check availability of inputs when creating a new project on Dashboard page] [36mo.a.q.c.s.a.p.AllureAttachmentsProvider[0;39m - Attach screenshot to the Allure report
[[34mINFO [0;39m] [] 12:05:45.029 [TestCaseId:] [Scenario:
                Check availability of inputs when creating a new project on Dashboard page] [36mo.a.q.c.s.p.LoginPageObject[0;39m - Submit SignIn form
[[34mINFO [0;39m] [] 12:05:45.059 [TestCaseId:] [Scenario:
                Check availability of inputs when creating a new project on Dashboard page] [36mo.a.q.c.s.w.WebdriverHelper[0;39m - Wait_For_Page_Update Execution_Time(ms):; 20; Page_URL:; http://localhost:8081/#!/dashboard;
[[39mDEBUG[0;39m] [] 12:05:45.059 [TestCaseId:] [Scenario:
                Check availability of inputs when creating a new project on Dashboard page] [36mo.a.q.c.s.w.WrappedWebdriver[0;39m - Finding element by: By.className: login-button 
[[34mINFO [0;39m] [] 12:05:45.089 [TestCaseId:] [Scenario:
                Check availability of inputs when creating a new project on Dashboard page] [36mo.a.q.c.s.w.WrappedWebdriver[0;39m - Find_Element Execution_Time(ms):; 20; Page_URL:; http://localhost:8081/#!/dashboard;
[[39mDEBUG[0;39m] [] 12:05:45.595 [TestCaseId:] [Scenario:
                Check availability of inputs when creating a new project on Dashboard page] [36mo.a.q.c.s.w.WrappedWebdriver[0;39m - Finding element by: By.className: login-button 
[[34mINFO [0;39m] [] 12:05:45.606 [TestCaseId:] [Scenario:
                Check availability of inputs when creating a new project on Dashboard page] [36mo.a.q.c.s.w.WrappedWebdriver[0;39m - Find_Element Execution_Time(ms):; 10; Page_URL:; http://localhost:8081/#!/dashboard;
[[39mDEBUG[0;39m] [] 12:05:46.120 [TestCaseId:] [Scenario:
                Check availability of inputs when creating a new project on Dashboard page] [36mo.a.q.c.s.w.WrappedWebdriver[0;39m - Finding element by: By.className: login-button 
[[34mINFO [0;39m] [] 12:05:46.180 [TestCaseId:] [Scenario:
                Check availability of inputs when creating a new project on Dashboard page] [36mo.a.q.c.s.w.WrappedWebdriver[0;39m - Find_Element Execution_Time(ms):; 30; Page_URL:; http://localhost:8081/#!/dashboard;
[[39mDEBUG[0;39m] [] 12:05:46.685 [TestCaseId:] [Scenario:
                Check availability of inputs when creating a new project on Dashboard page] [36mo.a.q.c.s.w.WrappedWebdriver[0;39m - Finding element by: By.className: login-button 
[[34mINFO [0;39m] [] 12:05:46.725 [TestCaseId:] [Scenario:
                Check availability of inputs when creating a new project on Dashboard page] [36mo.a.q.c.s.w.WrappedWebdriver[0;39m - Find_Element Execution_Time(ms):; 30; Page_URL:; http://localhost:8081/#!/dashboard;
[[39mDEBUG[0;39m] [] 12:05:47.244 [TestCaseId:] [Scenario:
                Check availability of inputs when creating a new project on Dashboard page] [36mo.a.q.c.s.w.WrappedWebdriver[0;39m - Finding element by: By.className: login-button 
[[34mINFO [0;39m] [] 12:05:47.294 [TestCaseId:] [Scenario:
                Check availability of inputs when creating a new project on Dashboard page] [36mo.a.q.c.s.w.WrappedWebdriver[0;39m - Find_Element Execution_Time(ms):; 30; Page_URL:; http://localhost:8081/#!/dashboard;
[[39mDEBUG[0;39m] [] 12:05:47.803 [TestCaseId:] [Scenario:
                Check availability of inputs when creating a new project on Dashboard page] [36mo.a.q.c.s.w.WrappedWebdriver[0;39m - Finding element by: By.className: login-button 
[[34mINFO [0;39m] [] 12:05:47.823 [TestCaseId:] [Scenario:
                Check availability of inputs when creating a new project on Dashboard page] [36mo.a.q.c.s.w.WrappedWebdriver[0;39m - Find_Element Execution_Time(ms):; 10; Page_URL:; http://localhost:8081/#!/dashboard;
[[39mDEBUG[0;39m] [] 12:05:48.323 [TestCaseId:] [Scenario:
                Check availability of inputs when creating a new project on Dashboard page] [36mo.a.q.c.s.w.WrappedWebdriver[0;39m - Finding element by: By.className: login-button 
[[34mINFO [0;39m] [] 12:05:48.373 [TestCaseId:] [Scenario:
                Check availability of inputs when creating a new project on Dashboard page] [36mo.a.q.c.s.w.WrappedWebdriver[0;39m - Find_Element Execution_Time(ms):; 30; Page_URL:; http://localhost:8081/#!/dashboard;
[[39mDEBUG[0;39m] [] 12:05:48.877 [TestCaseId:] [Scenario:
                Check availability of inputs when creating a new project on Dashboard page] [36mo.a.q.c.s.w.WrappedWebdriver[0;39m - Finding element by: By.className: login-button 
[[34mINFO [0;39m] [] 12:05:48.897 [TestCaseId:] [Scenario:
                Check availability of inputs when creating a new project on Dashboard page] [36mo.a.q.c.s.w.WrappedWebdriver[0;39m - Find_Element Execution_Time(ms):; 10; Page_URL:; http://localhost:8081/#!/dashboard;
[[39mDEBUG[0;39m] [] 12:05:49.397 [TestCaseId:] [Scenario:
                Check availability of inputs when creating a new project on Dashboard page] [36mo.a.q.c.s.w.WrappedWebdriver[0;39m - Finding element by: By.className: login-button 
[[34mINFO [0;39m] [] 12:05:49.423 [TestCaseId:] [Scenario:
                Check availability of inputs when creating a new project on Dashboard page] [36mo.a.q.c.s.w.WrappedWebdriver[0;39m - Find_Element Execution_Time(ms):; 16; Page_URL:; http://localhost:8081/#!/dashboard;
[[39mDEBUG[0;39m] [] 12:05:49.951 [TestCaseId:] [Scenario:
                Check availability of inputs when creating a new project on Dashboard page] [36mo.a.q.c.s.w.WrappedWebdriver[0;39m - Finding element by: By.className: login-button 
[[34mINFO [0;39m] [] 12:05:50.001 [TestCaseId:] [Scenario:
                Check availability of inputs when creating a new project on Dashboard page] [36mo.a.q.c.s.w.WrappedWebdriver[0;39m - Find_Element Execution_Time(ms):; 30; Page_URL:; http://localhost:8081/#!/dashboard;
[[39mDEBUG[0;39m] [] 12:05:50.503 [TestCaseId:] [Scenario:
                Check availability of inputs when creating a new project on Dashboard page] [36mo.a.q.c.s.w.WrappedWebdriver[0;39m - Finding element by: By.className: login-button 
[[34mINFO [0;39m] [] 12:05:50.553 [TestCaseId:] [Scenario:
                Check availability of inputs when creating a new project on Dashboard page] [36mo.a.q.c.s.w.WrappedWebdriver[0;39m - Find_Element Execution_Time(ms):; 30; Page_URL:; http://localhost:8081/#!/dashboard;
[[39mDEBUG[0;39m] [] 12:05:51.057 [TestCaseId:] [Scenario:
                Check availability of inputs when creating a new project on Dashboard page] [36mo.a.q.c.s.w.WrappedWebdriver[0;39m - Finding element by: By.className: login-button 
[[34mINFO [0;39m] [] 12:05:51.107 [TestCaseId:] [Scenario:
                Check availability of inputs when creating a new project on Dashboard page] [36mo.a.q.c.s.w.WrappedWebdriver[0;39m - Find_Element Execution_Time(ms):; 30; Page_URL:; http://localhost:8081/#!/dashboard;
[[39mDEBUG[0;39m] [] 12:05:51.616 [TestCaseId:] [Scenario:
                Check availability of inputs when creating a new project on Dashboard page] [36mo.a.q.c.s.w.WrappedWebdriver[0;39m - Finding element by: By.className: login-button 
[[34mINFO [0;39m] [] 12:05:51.666 [TestCaseId:] [Scenario:
                Check availability of inputs when creating a new project on Dashboard page] [36mo.a.q.c.s.w.WrappedWebdriver[0;39m - Find_Element Execution_Time(ms):; 30; Page_URL:; http://localhost:8081/#!/dashboard;
[[39mDEBUG[0;39m] [] 12:05:52.170 [TestCaseId:] [Scenario:
                Check availability of inputs when creating a new project on Dashboard page] [36mo.a.q.c.s.w.WrappedWebdriver[0;39m - Finding element by: By.className: login-button 
[[34mINFO [0;39m] [] 12:05:52.230 [TestCaseId:] [Scenario:
                Check availability of inputs when creating a new project on Dashboard page] [36mo.a.q.c.s.w.WrappedWebdriver[0;39m - Find_Element Execution_Time(ms):; 30; Page_URL:; http://localhost:8081/#!/dashboard;
[[39mDEBUG[0;39m] [] 12:05:52.230 [TestCaseId:] [Scenario:
                Check availability of inputs when creating a new project on Dashboard page] [36mo.a.q.c.s.w.WrappedWebdriver[0;39m - Finding element by: By.className: login-button 
[[34mINFO [0;39m] [] 12:05:52.260 [TestCaseId:] [Scenario:
                Check availability of inputs when creating a new project on Dashboard page] [36mo.a.q.c.s.w.WrappedWebdriver[0;39m - Find_Element Execution_Time(ms):; 20; Page_URL:; http://localhost:8081/#!/dashboard;
[[34mINFO [0;39m] [] 12:05:52.280 [TestCaseId:] [Scenario:
                Check availability of inputs when creating a new project on Dashboard page] [36mo.a.q.c.s.w.WebdriverHelper[0;39m - Wait_For_Element_To_Be_Clickable Execution_Time(ms):; 7211; Page_URL:; http://localhost:8081/#!/dashboard;
[[39mDEBUG[0;39m] [] 12:05:52.280 [TestCaseId:] [Scenario:
                Check availability of inputs when creating a new project on Dashboard page] [36mo.a.q.c.s.a.p.AllureAttachmentsProvider[0;39m - Attach screenshot to the Allure report
[[34mINFO [0;39m] [] 12:05:52.636 [TestCaseId:] [Scenario:
                Check availability of inputs when creating a new project on Dashboard page] [36mo.a.q.c.s.w.WebdriverHelper[0;39m - Click Execution_Time(ms):; 7597; Page_URL:; http://localhost:8081/#!/dashboard;
[[39mDEBUG[0;39m] [] 12:05:52.636 [TestCaseId:] [Scenario:
                Check availability of inputs when creating a new project on Dashboard page] [36mo.a.q.c.s.a.p.AllureAttachmentsProvider[0;39m - Attach screenshot to the Allure report
[[39mDEBUG[0;39m] [] 12:05:53.006 [TestCaseId:] [Scenario:
                Check availability of inputs when creating a new project on Dashboard page] [36mo.a.q.c.s.a.p.AllureAttachmentsProvider[0;39m - Attach screenshot to the Allure report
[[39mDEBUG[0;39m] [] 12:05:53.410 [TestCaseId:] [Scenario:
                Check availability of inputs when creating a new project on Dashboard page] [36mo.a.q.c.s.w.WrappedWebdriver[0;39m - Finding element by: By.className: page-title 
[[34mINFO [0;39m] [] 12:05:53.417 [TestCaseId:] [Scenario:
                Check availability of inputs when creating a new project on Dashboard page] [36mo.a.q.c.s.w.WrappedWebdriver[0;39m - Find_Element Execution_Time(ms):; 4; Page_URL:; http://localhost:8081/#!/dashboard;
[[39mDEBUG[0;39m] [] 12:05:53.464 [TestCaseId:] [Scenario:
                Check availability of inputs when creating a new project on Dashboard page] [36mo.a.q.c.s.w.WrappedWebdriver[0;39m - Finding element by: By.xpath: //button[contains(text(),'select asset type')] 
[[34mINFO [0;39m] [] 12:05:53.485 [TestCaseId:] [Scenario:
                Check availability of inputs when creating a new project on Dashboard page] [36mo.a.q.c.s.w.WrappedWebdriver[0;39m - Find_Element Execution_Time(ms):; 20; Page_URL:; http://localhost:8081/#!/dashboard;
[[39mDEBUG[0;39m] [] 12:05:53.493 [TestCaseId:] [Scenario:
                Check availability of inputs when creating a new project on Dashboard page] [36mo.a.q.c.s.w.WrappedWebdriver[0;39m - Finding element by: By.xpath: //button[contains(text(),'select library')] 
[[34mINFO [0;39m] [] 12:05:53.525 [TestCaseId:] [Scenario:
                Check availability of inputs when creating a new project on Dashboard page] [36mo.a.q.c.s.w.WrappedWebdriver[0;39m - Find_Element Execution_Time(ms):; 21; Page_URL:; http://localhost:8081/#!/dashboard;
[[39mDEBUG[0;39m] [] 12:05:53.535 [TestCaseId:] [Scenario:
                Check availability of inputs when creating a new project on Dashboard page] [36mo.a.q.c.s.w.WrappedWebdriver[0;39m - Finding element by: By.xpath: //button[contains(text(),'select library')] 
[[34mINFO [0;39m] [] 12:05:53.555 [TestCaseId:] [Scenario:
                Check availability of inputs when creating a new project on Dashboard page] [36mo.a.q.c.s.w.WrappedWebdriver[0;39m - Find_Element Execution_Time(ms):; 10; Page_URL:; http://localhost:8081/#!/dashboard;
[[39mDEBUG[0;39m] [] 12:05:53.565 [TestCaseId:] [Scenario:
                Check availability of inputs when creating a new project on Dashboard page] [36mo.a.q.c.s.w.WrappedWebdriver[0;39m - Finding element by: By.xpath: //button[contains(text(),'select region')] 
[[34mINFO [0;39m] [] 12:05:53.595 [TestCaseId:] [Scenario:
                Check availability of inputs when creating a new project on Dashboard page] [36mo.a.q.c.s.w.WrappedWebdriver[0;39m - Find_Element Execution_Time(ms):; 20; Page_URL:; http://localhost:8081/#!/dashboard;
[[39mDEBUG[0;39m] [] 12:05:53.605 [TestCaseId:] [Scenario:
                Check availability of inputs when creating a new project on Dashboard page] [36mo.a.q.c.s.w.WrappedWebdriver[0;39m - Finding element by: By.xpath: //button[contains(text(),'select region')] 
[[34mINFO [0;39m] [] 12:05:53.625 [TestCaseId:] [Scenario:
                Check availability of inputs when creating a new project on Dashboard page] [36mo.a.q.c.s.w.WrappedWebdriver[0;39m - Find_Element Execution_Time(ms):; 10; Page_URL:; http://localhost:8081/#!/dashboard;
[[39mDEBUG[0;39m] [] 12:05:53.635 [TestCaseId:] [Scenario:
                Check availability of inputs when creating a new project on Dashboard page] [36mo.a.q.c.s.w.WrappedWebdriver[0;39m - Finding element by: By.xpath: //button[contains(text(),'select location')] 
[[34mINFO [0;39m] [] 12:05:53.665 [TestCaseId:] [Scenario:
                Check availability of inputs when creating a new project on Dashboard page] [36mo.a.q.c.s.w.WrappedWebdriver[0;39m - Find_Element Execution_Time(ms):; 20; Page_URL:; http://localhost:8081/#!/dashboard;
[[39mDEBUG[0;39m] [] 12:05:53.675 [TestCaseId:] [Scenario:
                Check availability of inputs when creating a new project on Dashboard page] [36mo.a.q.c.s.w.WrappedWebdriver[0;39m - Finding element by: By.xpath: //button[contains(text(),'select location')] 
[[34mINFO [0;39m] [] 12:05:53.695 [TestCaseId:] [Scenario:
                Check availability of inputs when creating a new project on Dashboard page] [36mo.a.q.c.s.w.WrappedWebdriver[0;39m - Find_Element Execution_Time(ms):; 10; Page_URL:; http://localhost:8081/#!/dashboard;
[[39mDEBUG[0;39m] [] 12:05:53.705 [TestCaseId:] [Scenario:
                Check availability of inputs when creating a new project on Dashboard page] [36mo.a.q.c.s.w.WrappedWebdriver[0;39m - Finding element by: By.className: new-project__title-input 
[[34mINFO [0;39m] [] 12:05:53.735 [TestCaseId:] [Scenario:
                Check availability of inputs when creating a new project on Dashboard page] [36mo.a.q.c.s.w.WrappedWebdriver[0;39m - Find_Element Execution_Time(ms):; 20; Page_URL:; http://localhost:8081/#!/dashboard;
[[39mDEBUG[0;39m] [] 12:05:53.755 [TestCaseId:] [Scenario:
                Check availability of inputs when creating a new project on Dashboard page] [36mo.a.q.c.s.w.WrappedWebdriver[0;39m - Finding element by: By.className: new-project__description-input 
[[34mINFO [0;39m] [] 12:05:53.785 [TestCaseId:] [Scenario:
                Check availability of inputs when creating a new project on Dashboard page] [36mo.a.q.c.s.w.WrappedWebdriver[0;39m - Find_Element Execution_Time(ms):; 20; Page_URL:; http://localhost:8081/#!/dashboard;
[[39mDEBUG[0;39m] [] 12:05:53.805 [TestCaseId:] [Scenario:
                Check availability of inputs when creating a new project on Dashboard page] [36mo.a.q.c.s.w.WrappedWebdriver[0;39m - Finding element by: By.xpath: //div[contains(@ng-repeat, 'system')]/span[text()='gas dehydration']/.. 
[[34mINFO [0;39m] [] 12:05:53.835 [TestCaseId:] [Scenario:
                Check availability of inputs when creating a new project on Dashboard page] [36mo.a.q.c.s.w.WrappedWebdriver[0;39m - Find_Element Execution_Time(ms):; 20; Page_URL:; http://localhost:8081/#!/dashboard;
[[39mDEBUG[0;39m] [] 12:05:53.934 [TestCaseId:] [Scenario:
                Check availability of inputs when creating a new project on Dashboard page] [36mo.a.q.c.s.w.WrappedWebdriver[0;39m - Finding element by: By.className: logout-button 
[[34mINFO [0;39m] [] 12:05:53.964 [TestCaseId:] [Scenario:
                Check availability of inputs when creating a new project on Dashboard page] [36mo.a.q.c.s.w.WrappedWebdriver[0;39m - Find_Element Execution_Time(ms):; 20; Page_URL:; http://localhost:8081/#!/dashboard;
[[39mDEBUG[0;39m] [] 12:05:53.964 [TestCaseId:] [Scenario:
                Check availability of inputs when creating a new project on Dashboard page] [36mo.a.q.c.s.w.WrappedWebdriver[0;39m - Finding element by: By.className: new-project__title-input 
[[34mINFO [0;39m] [] 12:05:53.984 [TestCaseId:] [Scenario:
                Check availability of inputs when creating a new project on Dashboard page] [36mo.a.q.c.s.w.WrappedWebdriver[0;39m - Find_Element Execution_Time(ms):; 10; Page_URL:; http://localhost:8081/#!/dashboard;
[[39mDEBUG[0;39m] [] 12:05:53.984 [TestCaseId:] [Scenario:
                Check availability of inputs when creating a new project on Dashboard page] [36mo.a.q.c.s.w.WrappedWebdriver[0;39m - Finding element by: By.className: new-project__description-input 
[[34mINFO [0;39m] [] 12:05:54.004 [TestCaseId:] [Scenario:
                Check availability of inputs when creating a new project on Dashboard page] [36mo.a.q.c.s.w.WrappedWebdriver[0;39m - Find_Element Execution_Time(ms):; 10; Page_URL:; http://localhost:8081/#!/dashboard;
[[39mDEBUG[0;39m] [] 12:05:54.004 [TestCaseId:] [Scenario:
                Check availability of inputs when creating a new project on Dashboard page] [36mo.a.q.c.s.w.WrappedWebdriver[0;39m - Finding element by: By.className: new-project__create-button 
[[34mINFO [0;39m] [] 12:05:54.034 [TestCaseId:] [Scenario:
                Check availability of inputs when creating a new project on Dashboard page] [36mo.a.q.c.s.w.WrappedWebdriver[0;39m - Find_Element Execution_Time(ms):; 20; Page_URL:; http://localhost:8081/#!/dashboard;
[[39mDEBUG[0;39m] [] 12:06:14.518 [TestCaseId:] [Scenario:
                Check availability of inputs when creating a new project on Dashboard page] [36mo.a.q.c.s.w.WrappedWebdriver[0;39m - Finding element by: By.className: logout-button 
[[34mINFO [0;39m] [] 12:06:14.538 [TestCaseId:] [Scenario:
                Check availability of inputs when creating a new project on Dashboard page] [36mo.a.q.c.s.w.WrappedWebdriver[0;39m - Find_Element Execution_Time(ms):; 10; Page_URL:; http://localhost:8081/#!/dashboard;
[[39mDEBUG[0;39m] [] 12:06:14.538 [TestCaseId:] [Scenario:
                Check availability of inputs when creating a new project on Dashboard page] [36mo.a.q.c.s.w.WrappedWebdriver[0;39m - Finding element by: By.className: new-project__title-input 
[[34mINFO [0;39m] [] 12:06:14.558 [TestCaseId:] [Scenario:
                Check availability of inputs when creating a new project on Dashboard page] [36mo.a.q.c.s.w.WrappedWebdriver[0;39m - Find_Element Execution_Time(ms):; 10; Page_URL:; http://localhost:8081/#!/dashboard;
[[39mDEBUG[0;39m] [] 12:06:14.558 [TestCaseId:] [Scenario:
                Check availability of inputs when creating a new project on Dashboard page] [36mo.a.q.c.s.w.WrappedWebdriver[0;39m - Finding element by: By.className: new-project__description-input 
[[34mINFO [0;39m] [] 12:06:14.578 [TestCaseId:] [Scenario:
                Check availability of inputs when creating a new project on Dashboard page] [36mo.a.q.c.s.w.WrappedWebdriver[0;39m - Find_Element Execution_Time(ms):; 10; Page_URL:; http://localhost:8081/#!/dashboard;
[[39mDEBUG[0;39m] [] 12:06:14.578 [TestCaseId:] [Scenario:
                Check availability of inputs when creating a new project on Dashboard page] [36mo.a.q.c.s.w.WrappedWebdriver[0;39m - Finding element by: By.className: new-project__create-button 
[[34mINFO [0;39m] [] 12:06:14.598 [TestCaseId:] [Scenario:
                Check availability of inputs when creating a new project on Dashboard page] [36mo.a.q.c.s.w.WrappedWebdriver[0;39m - Find_Element Execution_Time(ms):; 10; Page_URL:; http://localhost:8081/#!/dashboard;
[[39mDEBUG[0;39m] [] 12:06:16.716 [TestCaseId:] [Scenario:
                Check availability of inputs when creating a new project on Dashboard page] [36mo.a.q.c.s.w.WrappedWebdriver[0;39m - Finding element by: By.className: logout-button 
[[34mINFO [0;39m] [] 12:06:16.736 [TestCaseId:] [Scenario:
                Check availability of inputs when creating a new project on Dashboard page] [36mo.a.q.c.s.w.WrappedWebdriver[0;39m - Find_Element Execution_Time(ms):; 10; Page_URL:; http://localhost:8081/#!/dashboard;
[[39mDEBUG[0;39m] [] 12:06:16.736 [TestCaseId:] [Scenario:
                Check availability of inputs when creating a new project on Dashboard page] [36mo.a.q.c.s.w.WrappedWebdriver[0;39m - Finding element by: By.className: new-project__title-input 
[[34mINFO [0;39m] [] 12:06:16.756 [TestCaseId:] [Scenario:
                Check availability of inputs when creating a new project on Dashboard page] [36mo.a.q.c.s.w.WrappedWebdriver[0;39m - Find_Element Execution_Time(ms):; 10; Page_URL:; http://localhost:8081/#!/dashboard;
[[39mDEBUG[0;39m] [] 12:06:16.756 [TestCaseId:] [Scenario:
                Check availability of inputs when creating a new project on Dashboard page] [36mo.a.q.c.s.w.WrappedWebdriver[0;39m - Finding element by: By.className: new-project__description-input 
[[34mINFO [0;39m] [] 12:06:16.776 [TestCaseId:] [Scenario:
                Check availability of inputs when creating a new project on Dashboard page] [36mo.a.q.c.s.w.WrappedWebdriver[0;39m - Find_Element Execution_Time(ms):; 10; Page_URL:; http://localhost:8081/#!/dashboard;
[[39mDEBUG[0;39m] [] 12:06:16.776 [TestCaseId:] [Scenario:
                Check availability of inputs when creating a new project on Dashboard page] [36mo.a.q.c.s.w.WrappedWebdriver[0;39m - Finding element by: By.className: new-project__create-button 
[[34mINFO [0;39m] [] 12:06:16.796 [TestCaseId:] [Scenario:
                Check availability of inputs when creating a new project on Dashboard page] [36mo.a.q.c.s.w.WrappedWebdriver[0;39m - Find_Element Execution_Time(ms):; 10; Page_URL:; http://localhost:8081/#!/dashboard;
[[39mDEBUG[0;39m] [] 12:07:04.946 [TestCaseId:] [Scenario:
                Check availability of inputs when creating a new project on Dashboard page] [36mo.a.q.c.s.w.WrappedWebdriver[0;39m - Finding element by: By.xpath: //div[contains(@ng-repeat, 'system')]/span[text()='oil dehydration']/.. 
[[34mINFO [0;39m] [] 12:07:05.016 [TestCaseId:] [Scenario:
                Check availability of inputs when creating a new project on Dashboard page] [36mo.a.q.c.s.w.WrappedWebdriver[0;39m - Find_Element Execution_Time(ms):; 60; Page_URL:; http://localhost:8081/#!/dashboard;
[[39mDEBUG[0;39m] [] 12:07:05.126 [TestCaseId:] [Scenario:
                Check availability of inputs when creating a new project on Dashboard page] [36mo.a.q.c.s.w.WrappedWebdriver[0;39m - Finding element by: By.className: logout-button 
[[34mINFO [0;39m] [] 12:07:05.146 [TestCaseId:] [Scenario:
                Check availability of inputs when creating a new project on Dashboard page] [36mo.a.q.c.s.w.WrappedWebdriver[0;39m - Find_Element Execution_Time(ms):; 10; Page_URL:; http://localhost:8081/#!/dashboard;
[[39mDEBUG[0;39m] [] 12:07:05.146 [TestCaseId:] [Scenario:
                Check availability of inputs when creating a new project on Dashboard page] [36mo.a.q.c.s.w.WrappedWebdriver[0;39m - Finding element by: By.className: new-project__title-input 
[[34mINFO [0;39m] [] 12:07:05.166 [TestCaseId:] [Scenario:
                Check availability of inputs when creating a new project on Dashboard page] [36mo.a.q.c.s.w.WrappedWebdriver[0;39m - Find_Element Execution_Time(ms):; 10; Page_URL:; http://localhost:8081/#!/dashboard;
[[39mDEBUG[0;39m] [] 12:07:05.166 [TestCaseId:] [Scenario:
                Check availability of inputs when creating a new project on Dashboard page] [36mo.a.q.c.s.w.WrappedWebdriver[0;39m - Finding element by: By.className: new-project__description-input 
[[34mINFO [0;39m] [] 12:07:05.186 [TestCaseId:] [Scenario:
                Check availability of inputs when creating a new project on Dashboard page] [36mo.a.q.c.s.w.WrappedWebdriver[0;39m - Find_Element Execution_Time(ms):; 10; Page_URL:; http://localhost:8081/#!/dashboard;
[[39mDEBUG[0;39m] [] 12:07:05.186 [TestCaseId:] [Scenario:
                Check availability of inputs when creating a new project on Dashboard page] [36mo.a.q.c.s.w.WrappedWebdriver[0;39m - Finding element by: By.className: new-project__create-button 
[[34mINFO [0;39m] [] 12:07:05.206 [TestCaseId:] [Scenario:
                Check availability of inputs when creating a new project on Dashboard page] [36mo.a.q.c.s.w.WrappedWebdriver[0;39m - Find_Element Execution_Time(ms):; 10; Page_URL:; http://localhost:8081/#!/dashboard;
[[39mDEBUG[0;39m] [] 12:07:16.199 [TestCaseId:] [Scenario:
                Check availability of inputs when creating a new project on Dashboard page] [36mo.a.q.c.s.w.WrappedWebdriver[0;39m - Finding element by: By.className: logout-button 
[[34mINFO [0;39m] [] 12:07:16.219 [TestCaseId:] [Scenario:
                Check availability of inputs when creating a new project on Dashboard page] [36mo.a.q.c.s.w.WrappedWebdriver[0;39m - Find_Element Execution_Time(ms):; 10; Page_URL:; http://localhost:8081/#!/dashboard;
[[39mDEBUG[0;39m] [] 12:07:16.219 [TestCaseId:] [Scenario:
                Check availability of inputs when creating a new project on Dashboard page] [36mo.a.q.c.s.w.WrappedWebdriver[0;39m - Finding element by: By.className: new-project__title-input 
[[34mINFO [0;39m] [] 12:07:16.239 [TestCaseId:] [Scenario:
                Check availability of inputs when creating a new project on Dashboard page] [36mo.a.q.c.s.w.WrappedWebdriver[0;39m - Find_Element Execution_Time(ms):; 10; Page_URL:; http://localhost:8081/#!/dashboard;
[[39mDEBUG[0;39m] [] 12:07:16.239 [TestCaseId:] [Scenario:
                Check availability of inputs when creating a new project on Dashboard page] [36mo.a.q.c.s.w.WrappedWebdriver[0;39m - Finding element by: By.className: new-project__description-input 
[[34mINFO [0;39m] [] 12:07:16.259 [TestCaseId:] [Scenario:
                Check availability of inputs when creating a new project on Dashboard page] [36mo.a.q.c.s.w.WrappedWebdriver[0;39m - Find_Element Execution_Time(ms):; 10; Page_URL:; http://localhost:8081/#!/dashboard;
[[39mDEBUG[0;39m] [] 12:07:16.259 [TestCaseId:] [Scenario:
                Check availability of inputs when creating a new project on Dashboard page] [36mo.a.q.c.s.w.WrappedWebdriver[0;39m - Finding element by: By.className: new-project__create-button 
[[34mINFO [0;39m] [] 12:07:16.279 [TestCaseId:] [Scenario:
                Check availability of inputs when creating a new project on Dashboard page] [36mo.a.q.c.s.w.WrappedWebdriver[0;39m - Find_Element Execution_Time(ms):; 10; Page_URL:; http://localhost:8081/#!/dashboard;
[[39mDEBUG[0;39m] [] 12:07:54.530 [TestCaseId:] [Scenario:
                Check availability of inputs when creating a new project on Dashboard page] [36mo.a.q.c.s.w.WrappedWebdriver[0;39m - Finding element by: By.className: logout-button 
[[34mINFO [0;39m] [] 12:07:54.550 [TestCaseId:] [Scenario:
                Check availability of inputs when creating a new project on Dashboard page] [36mo.a.q.c.s.w.WrappedWebdriver[0;39m - Find_Element Execution_Time(ms):; 10; Page_URL:; http://localhost:8081/#!/dashboard;
[[39mDEBUG[0;39m] [] 12:07:54.550 [TestCaseId:] [Scenario:
                Check availability of inputs when creating a new project on Dashboard page] [36mo.a.q.c.s.w.WrappedWebdriver[0;39m - Finding element by: By.className: new-project__title-input 
[[34mINFO [0;39m] [] 12:07:54.570 [TestCaseId:] [Scenario:
                Check availability of inputs when creating a new project on Dashboard page] [36mo.a.q.c.s.w.WrappedWebdriver[0;39m - Find_Element Execution_Time(ms):; 10; Page_URL:; http://localhost:8081/#!/dashboard;
[[39mDEBUG[0;39m] [] 12:07:54.570 [TestCaseId:] [Scenario:
                Check availability of inputs when creating a new project on Dashboard page] [36mo.a.q.c.s.w.WrappedWebdriver[0;39m - Finding element by: By.className: new-project__description-input 
[[34mINFO [0;39m] [] 12:07:54.590 [TestCaseId:] [Scenario:
                Check availability of inputs when creating a new project on Dashboard page] [36mo.a.q.c.s.w.WrappedWebdriver[0;39m - Find_Element Execution_Time(ms):; 10; Page_URL:; http://localhost:8081/#!/dashboard;
[[39mDEBUG[0;39m] [] 12:07:54.590 [TestCaseId:] [Scenario:
                Check availability of inputs when creating a new project on Dashboard page] [36mo.a.q.c.s.w.WrappedWebdriver[0;39m - Finding element by: By.className: new-project__create-button 
[[34mINFO [0;39m] [] 12:07:54.610 [TestCaseId:] [Scenario:
                Check availability of inputs when creating a new project on Dashboard page] [36mo.a.q.c.s.w.WrappedWebdriver[0;39m - Find_Element Execution_Time(ms):; 10; Page_URL:; http://localhost:8081/#!/dashboard;
[[39mDEBUG[0;39m] [] 12:07:58.726 [TestCaseId:] [Scenario:
                Check availability of inputs when creating a new project on Dashboard page] [36mo.a.q.c.s.w.WrappedWebdriver[0;39m - Finding element by: By.xpath: //div[contains(@ng-repeat, 'system')]/span[text()='offshore flare and relief systems']/.. 
[[34mINFO [0;39m] [] 12:07:58.776 [TestCaseId:] [Scenario:
                Check availability of inputs when creating a new project on Dashboard page] [36mo.a.q.c.s.w.WrappedWebdriver[0;39m - Find_Element Execution_Time(ms):; 40; Page_URL:; http://localhost:8081/#!/dashboard;
[[39mDEBUG[0;39m] [] 12:07:58.816 [TestCaseId:] [Scenario:
                Check availability of inputs when creating a new project on Dashboard page] [36mo.a.q.c.s.w.WrappedWebdriver[0;39m - Finding element by: By.className: logout-button 
[[34mINFO [0;39m] [] 12:07:58.836 [TestCaseId:] [Scenario:
                Check availability of inputs when creating a new project on Dashboard page] [36mo.a.q.c.s.w.WrappedWebdriver[0;39m - Find_Element Execution_Time(ms):; 10; Page_URL:; http://localhost:8081/#!/dashboard;
[[39mDEBUG[0;39m] [] 12:07:58.836 [TestCaseId:] [Scenario:
                Check availability of inputs when creating a new project on Dashboard page] [36mo.a.q.c.s.w.WrappedWebdriver[0;39m - Finding element by: By.className: new-project__title-input 
[[34mINFO [0;39m] [] 12:07:58.856 [TestCaseId:] [Scenario:
                Check availability of inputs when creating a new project on Dashboard page] [36mo.a.q.c.s.w.WrappedWebdriver[0;39m - Find_Element Execution_Time(ms):; 10; Page_URL:; http://localhost:8081/#!/dashboard;
[[39mDEBUG[0;39m] [] 12:07:58.856 [TestCaseId:] [Scenario:
                Check availability of inputs when creating a new project on Dashboard page] [36mo.a.q.c.s.w.WrappedWebdriver[0;39m - Finding element by: By.className: new-project__description-input 
[[34mINFO [0;39m] [] 12:07:58.876 [TestCaseId:] [Scenario:
                Check availability of inputs when creating a new project on Dashboard page] [36mo.a.q.c.s.w.WrappedWebdriver[0;39m - Find_Element Execution_Time(ms):; 10; Page_URL:; http://localhost:8081/#!/dashboard;
[[39mDEBUG[0;39m] [] 12:07:58.876 [TestCaseId:] [Scenario:
                Check availability of inputs when creating a new project on Dashboard page] [36mo.a.q.c.s.w.WrappedWebdriver[0;39m - Finding element by: By.className: new-project__create-button 
[[34mINFO [0;39m] [] 12:07:58.896 [TestCaseId:] [Scenario:
                Check availability of inputs when creating a new project on Dashboard page] [36mo.a.q.c.s.w.WrappedWebdriver[0;39m - Find_Element Execution_Time(ms):; 10; Page_URL:; http://localhost:8081/#!/dashboard;
[[39mDEBUG[0;39m] [] 12:08:21.396 [TestCaseId:] [Scenario:
                Check availability of inputs when creating a new project on Dashboard page] [36mo.a.q.c.s.w.WrappedWebdriver[0;39m - Finding element by: By.className: logout-button 
[[34mINFO [0;39m] [] 12:08:21.407 [TestCaseId:] [Scenario:
                Check availability of inputs when creating a new project on Dashboard page] [36mo.a.q.c.s.w.WrappedWebdriver[0;39m - Find_Element Execution_Time(ms):; 10; Page_URL:; http://localhost:8081/#!/dashboard;
[[39mDEBUG[0;39m] [] 12:08:21.407 [TestCaseId:] [Scenario:
                Check availability of inputs when creating a new project on Dashboard page] [36mo.a.q.c.s.w.WrappedWebdriver[0;39m - Finding element by: By.className: new-project__title-input 
[[34mINFO [0;39m] [] 12:08:21.436 [TestCaseId:] [Scenario:
                Check availability of inputs when creating a new project on Dashboard page] [36mo.a.q.c.s.w.WrappedWebdriver[0;39m - Find_Element Execution_Time(ms):; 8; Page_URL:; http://localhost:8081/#!/dashboard;
[[39mDEBUG[0;39m] [] 12:08:21.436 [TestCaseId:] [Scenario:
                Check availability of inputs when creating a new project on Dashboard page] [36mo.a.q.c.s.w.WrappedWebdriver[0;39m - Finding element by: By.className: new-project__description-input 
[[34mINFO [0;39m] [] 12:08:21.456 [TestCaseId:] [Scenario:
                Check availability of inputs when creating a new project on Dashboard page] [36mo.a.q.c.s.w.WrappedWebdriver[0;39m - Find_Element Execution_Time(ms):; 10; Page_URL:; http://localhost:8081/#!/dashboard;
[[39mDEBUG[0;39m] [] 12:08:21.456 [TestCaseId:] [Scenario:
                Check availability of inputs when creating a new project on Dashboard page] [36mo.a.q.c.s.w.WrappedWebdriver[0;39m - Finding element by: By.className: new-project__create-button 
[[34mINFO [0;39m] [] 12:08:21.476 [TestCaseId:] [Scenario:
                Check availability of inputs when creating a new project on Dashboard page] [36mo.a.q.c.s.w.WrappedWebdriver[0;39m - Find_Element Execution_Time(ms):; 10; Page_URL:; http://localhost:8081/#!/dashboard;
[[39mDEBUG[0;39m] [] 12:08:27.125 [TestCaseId:] [Scenario:
                Check availability of inputs when creating a new project on Dashboard page] [36mo.a.q.c.s.w.WrappedWebdriver[0;39m - Finding element by: By.xpath: //button[contains(text(),'select asset type')] 
[[34mINFO [0;39m] [] 12:08:27.195 [TestCaseId:] [Scenario:
                Check availability of inputs when creating a new project on Dashboard page] [36mo.a.q.c.s.w.WrappedWebdriver[0;39m - Find_Element Execution_Time(ms):; 50; Page_URL:; http://localhost:8081/#!/dashboard;
[[34mINFO [0;39m] [] 12:08:27.235 [TestCaseId:] [Scenario:
                Check availability of inputs when creating a new project on Dashboard page] [36mo.a.q.c.s.w.WebdriverHelper[0;39m - Wait_For_Page_Update Execution_Time(ms):; 30; Page_URL:; http://localhost:8081/#!/dashboard;
[[34mINFO [0;39m] [] 12:08:27.285 [TestCaseId:] [Scenario:
                Check availability of inputs when creating a new project on Dashboard page] [36mo.a.q.c.s.w.WebdriverHelper[0;39m - Wait_For_Element_To_Be_Clickable Execution_Time(ms):; 40; Page_URL:; http://localhost:8081/#!/dashboard;
[[34mINFO [0;39m] [] 12:08:27.337 [TestCaseId:] [Scenario:
                Check availability of inputs when creating a new project on Dashboard page] [36mo.a.q.c.s.w.WebdriverHelper[0;39m - Wait_For_Page_Update Execution_Time(ms):; 8; Page_URL:; http://localhost:8081/#!/dashboard;
[[34mINFO [0;39m] [] 12:08:27.346 [TestCaseId:] [Scenario:
                Check availability of inputs when creating a new project on Dashboard page] [36mo.a.q.c.s.w.WebdriverHelper[0;39m - Click Execution_Time(ms):; 143; Page_URL:; http://localhost:8081/#!/dashboard;
[[39mDEBUG[0;39m] [] 12:08:27.346 [TestCaseId:] [Scenario:
                Check availability of inputs when creating a new project on Dashboard page] [36mo.a.q.c.s.w.WrappedWebdriver[0;39m - Finding element by: By.xpath: //ul[@class = 'dropdown-menu']//a[text()='Offshore Oil and Gas'] 
[[34mINFO [0;39m] [] 12:08:27.370 [TestCaseId:] [Scenario:
                Check availability of inputs when creating a new project on Dashboard page] [36mo.a.q.c.s.w.WrappedWebdriver[0;39m - Find_Element Execution_Time(ms):; 21; Page_URL:; http://localhost:8081/#!/dashboard;
[[34mINFO [0;39m] [] 12:08:27.379 [TestCaseId:] [Scenario:
                Check availability of inputs when creating a new project on Dashboard page] [36mo.a.q.c.s.w.WebdriverHelper[0;39m - Wait_For_Page_Update Execution_Time(ms):; 6; Page_URL:; http://localhost:8081/#!/dashboard;
[[34mINFO [0;39m] [] 12:08:27.408 [TestCaseId:] [Scenario:
                Check availability of inputs when creating a new project on Dashboard page] [36mo.a.q.c.s.w.WebdriverHelper[0;39m - Wait_For_Element_To_Be_Clickable Execution_Time(ms):; 24; Page_URL:; http://localhost:8081/#!/dashboard;
[[34mINFO [0;39m] [] 12:08:27.464 [TestCaseId:] [Scenario:
                Check availability of inputs when creating a new project on Dashboard page] [36mo.a.q.c.s.w.WebdriverHelper[0;39m - Wait_For_Page_Update Execution_Time(ms):; 6; Page_URL:; http://localhost:8081/#!/dashboard;
[[34mINFO [0;39m] [] 12:08:27.468 [TestCaseId:] [Scenario:
                Check availability of inputs when creating a new project on Dashboard page] [36mo.a.q.c.s.w.WebdriverHelper[0;39m - Click Execution_Time(ms):; 94; Page_URL:; http://localhost:8081/#!/dashboard;
[[39mDEBUG[0;39m] [] 12:08:27.469 [TestCaseId:] [Scenario:
                Check availability of inputs when creating a new project on Dashboard page] [36mo.a.q.c.s.w.WrappedWebdriver[0;39m - Finding element by: By.xpath: //button[contains(text(),'select library')] 
[[34mINFO [0;39m] [] 12:08:27.479 [TestCaseId:] [Scenario:
                Check availability of inputs when creating a new project on Dashboard page] [36mo.a.q.c.s.w.WrappedWebdriver[0;39m - Find_Element Execution_Time(ms):; 6; Page_URL:; http://localhost:8081/#!/dashboard;
[[39mDEBUG[0;39m] [] 12:08:27.483 [TestCaseId:] [Scenario:
                Check availability of inputs when creating a new project on Dashboard page] [36mo.a.q.c.s.w.WrappedWebdriver[0;39m - Finding element by: By.xpath: //button[contains(text(),'select library')] 
[[34mINFO [0;39m] [] 12:08:27.493 [TestCaseId:] [Scenario:
                Check availability of inputs when creating a new project on Dashboard page] [36mo.a.q.c.s.w.WrappedWebdriver[0;39m - Find_Element Execution_Time(ms):; 6; Page_URL:; http://localhost:8081/#!/dashboard;
[[39mDEBUG[0;39m] [] 12:08:27.496 [TestCaseId:] [Scenario:
                Check availability of inputs when creating a new project on Dashboard page] [36mo.a.q.c.s.w.WrappedWebdriver[0;39m - Finding element by: By.xpath: //button[contains(text(),'select region')] 
[[34mINFO [0;39m] [] 12:08:27.505 [TestCaseId:] [Scenario:
                Check availability of inputs when creating a new project on Dashboard page] [36mo.a.q.c.s.w.WrappedWebdriver[0;39m - Find_Element Execution_Time(ms):; 6; Page_URL:; http://localhost:8081/#!/dashboard;
[[39mDEBUG[0;39m] [] 12:08:27.525 [TestCaseId:] [Scenario:
                Check availability of inputs when creating a new project on Dashboard page] [36mo.a.q.c.s.w.WrappedWebdriver[0;39m - Finding element by: By.xpath: //button[contains(text(),'select region')] 
[[34mINFO [0;39m] [] 12:08:27.545 [TestCaseId:] [Scenario:
                Check availability of inputs when creating a new project on Dashboard page] [36mo.a.q.c.s.w.WrappedWebdriver[0;39m - Find_Element Execution_Time(ms):; 10; Page_URL:; http://localhost:8081/#!/dashboard;
[[39mDEBUG[0;39m] [] 12:08:27.555 [TestCaseId:] [Scenario:
                Check availability of inputs when creating a new project on Dashboard page] [36mo.a.q.c.s.w.WrappedWebdriver[0;39m - Finding element by: By.xpath: //button[contains(text(),'select location')] 
[[34mINFO [0;39m] [] 12:08:27.575 [TestCaseId:] [Scenario:
                Check availability of inputs when creating a new project on Dashboard page] [36mo.a.q.c.s.w.WrappedWebdriver[0;39m - Find_Element Execution_Time(ms):; 10; Page_URL:; http://localhost:8081/#!/dashboard;
[[39mDEBUG[0;39m] [] 12:08:27.585 [TestCaseId:] [Scenario:
                Check availability of inputs when creating a new project on Dashboard page] [36mo.a.q.c.s.w.WrappedWebdriver[0;39m - Finding element by: By.xpath: //button[contains(text(),'select location')] 
[[34mINFO [0;39m] [] 12:08:27.605 [TestCaseId:] [Scenario:
                Check availability of inputs when creating a new project on Dashboard page] [36mo.a.q.c.s.w.WrappedWebdriver[0;39m - Find_Element Execution_Time(ms):; 10; Page_URL:; http://localhost:8081/#!/dashboard;
[[39mDEBUG[0;39m] [] 12:08:27.615 [TestCaseId:] [Scenario:
                Check availability of inputs when creating a new project on Dashboard page] [36mo.a.q.c.s.w.WrappedWebdriver[0;39m - Finding element by: By.xpath: //div[contains(@ng-repeat, 'system')]/span[text()='gas dehydration']/.. 
[[34mINFO [0;39m] [] 12:08:27.635 [TestCaseId:] [Scenario:
                Check availability of inputs when creating a new project on Dashboard page] [36mo.a.q.c.s.w.WrappedWebdriver[0;39m - Find_Element Execution_Time(ms):; 10; Page_URL:; http://localhost:8081/#!/dashboard;
[[39mDEBUG[0;39m] [] 12:08:27.675 [TestCaseId:] [Scenario:
                Check availability of inputs when creating a new project on Dashboard page] [36mo.a.q.c.s.w.WrappedWebdriver[0;39m - Finding element by: By.className: logout-button 
[[34mINFO [0;39m] [] 12:08:27.695 [TestCaseId:] [Scenario:
                Check availability of inputs when creating a new project on Dashboard page] [36mo.a.q.c.s.w.WrappedWebdriver[0;39m - Find_Element Execution_Time(ms):; 10; Page_URL:; http://localhost:8081/#!/dashboard;
[[39mDEBUG[0;39m] [] 12:08:27.695 [TestCaseId:] [Scenario:
                Check availability of inputs when creating a new project on Dashboard page] [36mo.a.q.c.s.w.WrappedWebdriver[0;39m - Finding element by: By.className: new-project__title-input 
[[34mINFO [0;39m] [] 12:08:27.715 [TestCaseId:] [Scenario:
                Check availability of inputs when creating a new project on Dashboard page] [36mo.a.q.c.s.w.WrappedWebdriver[0;39m - Find_Element Execution_Time(ms):; 10; Page_URL:; http://localhost:8081/#!/dashboard;
[[39mDEBUG[0;39m] [] 12:08:27.715 [TestCaseId:] [Scenario:
                Check availability of inputs when creating a new project on Dashboard page] [36mo.a.q.c.s.w.WrappedWebdriver[0;39m - Finding element by: By.className: new-project__description-input 
[[34mINFO [0;39m] [] 12:08:27.735 [TestCaseId:] [Scenario:
                Check availability of inputs when creating a new project on Dashboard page] [36mo.a.q.c.s.w.WrappedWebdriver[0;39m - Find_Element Execution_Time(ms):; 10; Page_URL:; http://localhost:8081/#!/dashboard;
[[39mDEBUG[0;39m] [] 12:08:27.735 [TestCaseId:] [Scenario:
                Check availability of inputs when creating a new project on Dashboard page] [36mo.a.q.c.s.w.WrappedWebdriver[0;39m - Finding element by: By.className: new-project__create-button 
[[34mINFO [0;39m] [] 12:08:27.755 [TestCaseId:] [Scenario:
                Check availability of inputs when creating a new project on Dashboard page] [36mo.a.q.c.s.w.WrappedWebdriver[0;39m - Find_Element Execution_Time(ms):; 10; Page_URL:; http://localhost:8081/#!/dashboard;
[[39mDEBUG[0;39m] [] 12:08:33.547 [TestCaseId:] [Scenario:
                Check availability of inputs when creating a new project on Dashboard page] [36mo.a.q.c.s.w.WrappedWebdriver[0;39m - Finding element by: By.className: logout-button 
[[34mINFO [0;39m] [] 12:08:33.567 [TestCaseId:] [Scenario:
                Check availability of inputs when creating a new project on Dashboard page] [36mo.a.q.c.s.w.WrappedWebdriver[0;39m - Find_Element Execution_Time(ms):; 10; Page_URL:; http://localhost:8081/#!/dashboard;
[[39mDEBUG[0;39m] [] 12:08:33.567 [TestCaseId:] [Scenario:
                Check availability of inputs when creating a new project on Dashboard page] [36mo.a.q.c.s.w.WrappedWebdriver[0;39m - Finding element by: By.className: new-project__title-input 
[[34mINFO [0;39m] [] 12:08:33.597 [TestCaseId:] [Scenario:
                Check availability of inputs when creating a new project on Dashboard page] [36mo.a.q.c.s.w.WrappedWebdriver[0;39m - Find_Element Execution_Time(ms):; 20; Page_URL:; http://localhost:8081/#!/dashboard;
[[39mDEBUG[0;39m] [] 12:08:33.597 [TestCaseId:] [Scenario:
                Check availability of inputs when creating a new project on Dashboard page] [36mo.a.q.c.s.w.WrappedWebdriver[0;39m - Finding element by: By.className: new-project__description-input 
[[34mINFO [0;39m] [] 12:08:33.617 [TestCaseId:] [Scenario:
                Check availability of inputs when creating a new project on Dashboard page] [36mo.a.q.c.s.w.WrappedWebdriver[0;39m - Find_Element Execution_Time(ms):; 10; Page_URL:; http://localhost:8081/#!/dashboard;
[[39mDEBUG[0;39m] [] 12:08:33.617 [TestCaseId:] [Scenario:
                Check availability of inputs when creating a new project on Dashboard page] [36mo.a.q.c.s.w.WrappedWebdriver[0;39m - Finding element by: By.className: new-project__create-button 
[[34mINFO [0;39m] [] 12:08:33.637 [TestCaseId:] [Scenario:
                Check availability of inputs when creating a new project on Dashboard page] [36mo.a.q.c.s.w.WrappedWebdriver[0;39m - Find_Element Execution_Time(ms):; 10; Page_URL:; http://localhost:8081/#!/dashboard;
[[34mINFO [0;39m] [] 12:08:34.605 [TestCaseId:] [Scenario:
                Check availability of inputs when creating a new project on Dashboard page] [36mo.a.q.c.s.w.WebdriverHelper[0;39m - Wait_For_Page_Update Execution_Time(ms):; 20; Page_URL:; http://localhost:8081/#!/dashboard;
[[39mDEBUG[0;39m] [] 12:08:34.605 [TestCaseId:] [Scenario:
                Check availability of inputs when creating a new project on Dashboard page] [36mo.a.q.c.s.w.WrappedWebdriver[0;39m - Finding element by: By.className: logout-button 
[[34mINFO [0;39m] [] 12:08:34.635 [TestCaseId:] [Scenario:
                Check availability of inputs when creating a new project on Dashboard page] [36mo.a.q.c.s.w.WrappedWebdriver[0;39m - Find_Element Execution_Time(ms):; 20; Page_URL:; http://localhost:8081/#!/dashboard;
[[39mDEBUG[0;39m] [] 12:08:34.665 [TestCaseId:] [Scenario:
                Check availability of inputs when creating a new project on Dashboard page] [36mo.a.q.c.s.w.WrappedWebdriver[0;39m - Finding element by: By.className: logout-button 
[[34mINFO [0;39m] [] 12:08:34.705 [TestCaseId:] [Scenario:
                Check availability of inputs when creating a new project on Dashboard page] [36mo.a.q.c.s.w.WrappedWebdriver[0;39m - Find_Element Execution_Time(ms):; 20; Page_URL:; http://localhost:8081/#!/dashboard;
[[34mINFO [0;39m] [] 12:08:34.745 [TestCaseId:] [Scenario:
                Check availability of inputs when creating a new project on Dashboard page] [36mo.a.q.c.s.w.WebdriverHelper[0;39m - Wait_For_Element_To_Be_Clickable Execution_Time(ms):; 120; Page_URL:; http://localhost:8081/#!/dashboard;
[[39mDEBUG[0;39m] [] 12:08:34.745 [TestCaseId:] [Scenario:
                Check availability of inputs when creating a new project on Dashboard page] [36mo.a.q.c.s.w.WrappedWebdriver[0;39m - Finding element by: By.className: logout-button 
[[34mINFO [0;39m] [] 12:08:34.775 [TestCaseId:] [Scenario:
                Check availability of inputs when creating a new project on Dashboard page] [36mo.a.q.c.s.w.WrappedWebdriver[0;39m - Find_Element Execution_Time(ms):; 20; Page_URL:; http://localhost:8081/#!/dashboard;
[[34mINFO [0;39m] [] 12:08:34.859 [TestCaseId:] [Scenario:
                Check availability of inputs when creating a new project on Dashboard page] [36mo.a.q.c.s.w.WebdriverHelper[0;39m - Wait_For_Page_Update Execution_Time(ms):; 7; Page_URL:; http://localhost:8081/#!/dashboard;
[[34mINFO [0;39m] [] 12:08:34.865 [TestCaseId:] [Scenario:
                Check availability of inputs when creating a new project on Dashboard page] [36mo.a.q.c.s.w.WebdriverHelper[0;39m - Click Execution_Time(ms):; 284; Page_URL:; http://localhost:8081/#!/dashboard;
[[39mDEBUG[0;39m] [] 12:08:34.865 [TestCaseId:] [Scenario:
                Check availability of inputs when creating a new project on Dashboard page] [36mo.a.q.c.s.w.WrappedWebdriver[0;39m - Finding element by: By.cssSelector: .logout-menu li 
[[34mINFO [0;39m] [] 12:08:34.886 [TestCaseId:] [Scenario:
                Check availability of inputs when creating a new project on Dashboard page] [36mo.a.q.c.s.w.WrappedWebdriver[0;39m - Find_Element Execution_Time(ms):; 16; Page_URL:; http://localhost:8081/#!/dashboard;
[[34mINFO [0;39m] [] 12:08:34.928 [TestCaseId:] [Scenario:
                Check availability of inputs when creating a new project on Dashboard page] [36mo.a.q.c.s.w.WebdriverHelper[0;39m - Wait_For_Page_Update Execution_Time(ms):; 32; Page_URL:; http://localhost:8081/#!/dashboard;
[[34mINFO [0;39m] [] 12:08:34.968 [TestCaseId:] [Scenario:
                Check availability of inputs when creating a new project on Dashboard page] [36mo.a.q.c.s.w.WebdriverHelper[0;39m - Wait_For_Element_To_Be_Clickable Execution_Time(ms):; 30; Page_URL:; http://localhost:8081/#!/dashboard;
[[34mINFO [0;39m] [] 12:08:35.031 [TestCaseId:] [Scenario:
                Check availability of inputs when creating a new project on Dashboard page] [36mo.a.q.c.s.w.WebdriverHelper[0;39m - Wait_For_Page_Update Execution_Time(ms):; 17; Page_URL:; http://localhost:8081/#!/login;
[[34mINFO [0;39m] [] 12:08:35.035 [TestCaseId:] [Scenario:
                Check availability of inputs when creating a new project on Dashboard page] [36mo.a.q.c.s.w.WebdriverHelper[0;39m - Click Execution_Time(ms):; 145; Page_URL:; http://localhost:8081/#!/login;
[[39mDEBUG[0;39m] [] 12:08:35.043 [TestCaseId:] [Scenario:
                ] [36mo.a.q.c.s.w.WrappedWebdriver[0;39m - Driver quit
[[34mINFO [0;39m] [] 12:08:36.061 [TestCaseId:] [Scenario:
                ] [36mo.a.q.c.s.w.WrappedWebdriver[0;39m - Driver_Quit Execution_Time(ms):; 1018; Page_URL:; ;
