[[34mINFO [0;39m] [] 21:41:30.522 [TestCaseId:] [Scenario:
                Sign Up with correct credentials] [36mo.a.q.c.g.s.p.LoginPageObject[0;39m - Open login page
[[39mDEBUG[0;39m] [] 21:41:30.532 [TestCaseId:] [Scenario:
                Sign Up with correct credentials] [36mo.a.q.c.g.s.w.WrappedWebdriver[0;39m - Opening url: http://localhost:8081/#!/login
[[39mDEBUG[0;39m] [] 21:41:31.931 [TestCaseId:] [Scenario:
                Sign Up with correct credentials] [36mo.a.q.c.g.s.a.p.AllureAttachmentsProvider[0;39m - Attach screenshot to the Allure report
[[34mINFO [0;39m] [] 21:41:32.339 [TestCaseId:] [Scenario:
                Sign Up with correct credentials] [36mo.a.q.c.g.s.w.WrappedWebdriver[0;39m - Open_Page Execution_Time(ms):; 1807; Page_URL:; http://localhost:8081/#!/login;
[[34mINFO [0;39m] [] 21:41:32.340 [TestCaseId:] [Scenario:
                Sign Up with correct credentials] [36mo.a.q.c.g.s.p.LoginPageObject[0;39m - Set login as admin in SingIn form
[[34mINFO [0;39m] [] 21:41:32.389 [TestCaseId:] [Scenario:
                Sign Up with correct credentials] [36mo.a.q.c.g.s.w.WebdriverHelper[0;39m - Wait_For_Page_Update Execution_Time(ms):; 19; Page_URL:; http://localhost:8081/#!/login;
[[39mDEBUG[0;39m] [] 21:41:32.399 [TestCaseId:] [Scenario:
                Sign Up with correct credentials] [36mo.a.q.c.g.s.w.WrappedWebdriver[0;39m - Finding element by: By.name: login 
[[34mINFO [0;39m] [] 21:41:32.429 [TestCaseId:] [Scenario:
                Sign Up with correct credentials] [36mo.a.q.c.g.s.w.WrappedWebdriver[0;39m - Find_Element Execution_Time(ms):; 20; Page_URL:; http://localhost:8081/#!/login;
[[39mDEBUG[0;39m] [] 21:41:32.449 [TestCaseId:] [Scenario:
                Sign Up with correct credentials] [36mo.a.q.c.g.s.w.WrappedWebdriver[0;39m - Finding element by: By.name: login 
[[34mINFO [0;39m] [] 21:41:32.469 [TestCaseId:] [Scenario:
                Sign Up with correct credentials] [36mo.a.q.c.g.s.w.WrappedWebdriver[0;39m - Find_Element Execution_Time(ms):; 10; Page_URL:; http://localhost:8081/#!/login;
[[39mDEBUG[0;39m] [] 21:41:32.489 [TestCaseId:] [Scenario:
                Sign Up with correct credentials] [36mo.a.q.c.g.s.w.WrappedWebdriver[0;39m - Finding element by: By.name: login 
[[34mINFO [0;39m] [] 21:41:32.494 [TestCaseId:] [Scenario:
                Sign Up with correct credentials] [36mo.a.q.c.g.s.w.WrappedWebdriver[0;39m - Find_Element Execution_Time(ms):; 1; Page_URL:; http://localhost:8081/#!/login;
[[34mINFO [0;39m] [] 21:41:32.553 [TestCaseId:] [Scenario:
                Sign Up with correct credentials] [36mo.a.q.c.g.s.w.WebdriverHelper[0;39m - Wait_For_Page_Update Execution_Time(ms):; 8; Page_URL:; http://localhost:8081/#!/login;
[[34mINFO [0;39m] [] 21:41:32.557 [TestCaseId:] [Scenario:
                Sign Up with correct credentials] [36mo.a.q.c.g.s.w.WebdriverHelper[0;39m - Send_Keys Execution_Time(ms):; 197; Page_URL:; http://localhost:8081/#!/login;
[[34mINFO [0;39m] [] 21:41:32.567 [TestCaseId:] [Scenario:
                Sign Up with correct credentials] [36mo.a.q.c.g.s.w.WebdriverHelper[0;39m - Wait_For_Page_Update Execution_Time(ms):; 6; Page_URL:; http://localhost:8081/#!/login;
[[39mDEBUG[0;39m] [] 21:41:32.567 [TestCaseId:] [Scenario:
                Sign Up with correct credentials] [36mo.a.q.c.g.s.w.WrappedWebdriver[0;39m - Finding element by: By.name: password 
[[34mINFO [0;39m] [] 21:41:32.601 [TestCaseId:] [Scenario:
                Sign Up with correct credentials] [36mo.a.q.c.g.s.w.WrappedWebdriver[0;39m - Find_Element Execution_Time(ms):; 23; Page_URL:; http://localhost:8081/#!/login;
[[39mDEBUG[0;39m] [] 21:41:32.621 [TestCaseId:] [Scenario:
                Sign Up with correct credentials] [36mo.a.q.c.g.s.w.WrappedWebdriver[0;39m - Finding element by: By.name: password 
[[34mINFO [0;39m] [] 21:41:32.641 [TestCaseId:] [Scenario:
                Sign Up with correct credentials] [36mo.a.q.c.g.s.w.WrappedWebdriver[0;39m - Find_Element Execution_Time(ms):; 10; Page_URL:; http://localhost:8081/#!/login;
[[39mDEBUG[0;39m] [] 21:41:32.661 [TestCaseId:] [Scenario:
                Sign Up with correct credentials] [36mo.a.q.c.g.s.w.WrappedWebdriver[0;39m - Finding element by: By.name: password 
[[34mINFO [0;39m] [] 21:41:32.666 [TestCaseId:] [Scenario:
                Sign Up with correct credentials] [36mo.a.q.c.g.s.w.WrappedWebdriver[0;39m - Find_Element Execution_Time(ms):; 1; Page_URL:; http://localhost:8081/#!/login;
[[34mINFO [0;39m] [] 21:41:32.708 [TestCaseId:] [Scenario:
                Sign Up with correct credentials] [36mo.a.q.c.g.s.w.WebdriverHelper[0;39m - Wait_For_Page_Update Execution_Time(ms):; 4; Page_URL:; http://localhost:8081/#!/login;
[[34mINFO [0;39m] [] 21:41:32.712 [TestCaseId:] [Scenario:
                Sign Up with correct credentials] [36mo.a.q.c.g.s.w.WebdriverHelper[0;39m - Send_Keys Execution_Time(ms):; 152; Page_URL:; http://localhost:8081/#!/login;
[[34mINFO [0;39m] [] 21:41:32.720 [TestCaseId:] [Scenario:
                Sign Up with correct credentials] [36mo.a.q.c.g.s.w.WebdriverHelper[0;39m - Wait_For_Page_Update Execution_Time(ms):; 5; Page_URL:; http://localhost:8081/#!/login;
[[39mDEBUG[0;39m] [] 21:41:32.721 [TestCaseId:] [Scenario:
                Sign Up with correct credentials] [36mo.a.q.c.g.s.w.WrappedWebdriver[0;39m - Finding element by: By.className: login-button 
[[34mINFO [0;39m] [] 21:41:32.737 [TestCaseId:] [Scenario:
                Sign Up with correct credentials] [36mo.a.q.c.g.s.w.WrappedWebdriver[0;39m - Find_Element Execution_Time(ms):; 12; Page_URL:; http://localhost:8081/#!/login;
[[39mDEBUG[0;39m] [] 21:41:32.768 [TestCaseId:] [Scenario:
                Sign Up with correct credentials] [36mo.a.q.c.g.s.w.WrappedWebdriver[0;39m - Finding element by: By.className: login-button 
[[34mINFO [0;39m] [] 21:41:32.788 [TestCaseId:] [Scenario:
                Sign Up with correct credentials] [36mo.a.q.c.g.s.w.WrappedWebdriver[0;39m - Find_Element Execution_Time(ms):; 10; Page_URL:; http://localhost:8081/#!/login;
[[34mINFO [0;39m] [] 21:41:32.808 [TestCaseId:] [Scenario:
                Sign Up with correct credentials] [36mo.a.q.c.g.s.w.WebdriverHelper[0;39m - Wait_For_Element_To_Be_Clickable Execution_Time(ms):; 78; Page_URL:; http://localhost:8081/#!/login;
[[39mDEBUG[0;39m] [] 21:41:32.808 [TestCaseId:] [Scenario:
                Sign Up with correct credentials] [36mo.a.q.c.g.s.w.WrappedWebdriver[0;39m - Finding element by: By.className: login-button 
[[34mINFO [0;39m] [] 21:41:32.828 [TestCaseId:] [Scenario:
                Sign Up with correct credentials] [36mo.a.q.c.g.s.w.WrappedWebdriver[0;39m - Find_Element Execution_Time(ms):; 10; Page_URL:; http://localhost:8081/#!/login;
[[34mINFO [0;39m] [] 21:41:32.958 [TestCaseId:] [Scenario:
                Sign Up with correct credentials] [36mo.a.q.c.g.s.w.WebdriverHelper[0;39m - Wait_For_Page_Update Execution_Time(ms):; 55; Page_URL:; http://localhost:8081/#!/dashboard;
[[34mINFO [0;39m] [] 21:41:32.963 [TestCaseId:] [Scenario:
                Sign Up with correct credentials] [36mo.a.q.c.g.s.w.WebdriverHelper[0;39m - Click Execution_Time(ms):; 246; Page_URL:; http://localhost:8081/#!/dashboard;
[[39mDEBUG[0;39m] [] 21:41:32.964 [TestCaseId:] [Scenario:
                Sign Up with correct credentials] [36mo.a.q.c.g.s.a.p.AllureAttachmentsProvider[0;39m - Attach screenshot to the Allure report
[[34mINFO [0;39m] [] 21:41:33.400 [TestCaseId:] [Scenario:
                Sign Up with correct credentials] [36mo.a.q.c.g.s.p.LoginPageObject[0;39m - Submit SignIn form
[[34mINFO [0;39m] [] 21:41:33.430 [TestCaseId:] [Scenario:
                Sign Up with correct credentials] [36mo.a.q.c.g.s.w.WebdriverHelper[0;39m - Wait_For_Page_Update Execution_Time(ms):; 20; Page_URL:; http://localhost:8081/#!/dashboard;
[[39mDEBUG[0;39m] [] 21:41:33.430 [TestCaseId:] [Scenario:
                Sign Up with correct credentials] [36mo.a.q.c.g.s.w.WrappedWebdriver[0;39m - Finding element by: By.className: login-button 
[[34mINFO [0;39m] [] 21:41:33.460 [TestCaseId:] [Scenario:
                Sign Up with correct credentials] [36mo.a.q.c.g.s.w.WrappedWebdriver[0;39m - Find_Element Execution_Time(ms):; 20; Page_URL:; http://localhost:8081/#!/dashboard;
[[39mDEBUG[0;39m] [] 21:41:33.962 [TestCaseId:] [Scenario:
                Sign Up with correct credentials] [36mo.a.q.c.g.s.w.WrappedWebdriver[0;39m - Finding element by: By.className: login-button 
[[34mINFO [0;39m] [] 21:41:34.002 [TestCaseId:] [Scenario:
                Sign Up with correct credentials] [36mo.a.q.c.g.s.w.WrappedWebdriver[0;39m - Find_Element Execution_Time(ms):; 30; Page_URL:; http://localhost:8081/#!/dashboard;
[[39mDEBUG[0;39m] [] 21:41:34.505 [TestCaseId:] [Scenario:
                Sign Up with correct credentials] [36mo.a.q.c.g.s.w.WrappedWebdriver[0;39m - Finding element by: By.className: login-button 
[[34mINFO [0;39m] [] 21:41:34.555 [TestCaseId:] [Scenario:
                Sign Up with correct credentials] [36mo.a.q.c.g.s.w.WrappedWebdriver[0;39m - Find_Element Execution_Time(ms):; 30; Page_URL:; http://localhost:8081/#!/dashboard;
[[39mDEBUG[0;39m] [] 21:41:35.055 [TestCaseId:] [Scenario:
                Sign Up with correct credentials] [36mo.a.q.c.g.s.w.WrappedWebdriver[0;39m - Finding element by: By.className: login-button 
[[34mINFO [0;39m] [] 21:41:35.095 [TestCaseId:] [Scenario:
                Sign Up with correct credentials] [36mo.a.q.c.g.s.w.WrappedWebdriver[0;39m - Find_Element Execution_Time(ms):; 30; Page_URL:; http://localhost:8081/#!/dashboard;
[[39mDEBUG[0;39m] [] 21:41:35.602 [TestCaseId:] [Scenario:
                Sign Up with correct credentials] [36mo.a.q.c.g.s.w.WrappedWebdriver[0;39m - Finding element by: By.className: login-button 
[[34mINFO [0;39m] [] 21:41:35.642 [TestCaseId:] [Scenario:
                Sign Up with correct credentials] [36mo.a.q.c.g.s.w.WrappedWebdriver[0;39m - Find_Element Execution_Time(ms):; 30; Page_URL:; http://localhost:8081/#!/dashboard;
[[39mDEBUG[0;39m] [] 21:41:36.142 [TestCaseId:] [Scenario:
                Sign Up with correct credentials] [36mo.a.q.c.g.s.w.WrappedWebdriver[0;39m - Finding element by: By.className: login-button 
[[34mINFO [0;39m] [] 21:41:36.192 [TestCaseId:] [Scenario:
                Sign Up with correct credentials] [36mo.a.q.c.g.s.w.WrappedWebdriver[0;39m - Find_Element Execution_Time(ms):; 30; Page_URL:; http://localhost:8081/#!/dashboard;
[[39mDEBUG[0;39m] [] 21:41:36.701 [TestCaseId:] [Scenario:
                Sign Up with correct credentials] [36mo.a.q.c.g.s.w.WrappedWebdriver[0;39m - Finding element by: By.className: login-button 
[[34mINFO [0;39m] [] 21:41:36.751 [TestCaseId:] [Scenario:
                Sign Up with correct credentials] [36mo.a.q.c.g.s.w.WrappedWebdriver[0;39m - Find_Element Execution_Time(ms):; 30; Page_URL:; http://localhost:8081/#!/dashboard;
[[39mDEBUG[0;39m] [] 21:41:37.233 [TestCaseId:] [Scenario:
                Sign Up with correct credentials] [36mo.a.q.c.g.s.w.WrappedWebdriver[0;39m - Finding element by: By.className: login-button 
[[34mINFO [0;39m] [] 21:41:37.288 [TestCaseId:] [Scenario:
                Sign Up with correct credentials] [36mo.a.q.c.g.s.w.WrappedWebdriver[0;39m - Find_Element Execution_Time(ms):; 44; Page_URL:; http://localhost:8081/#!/dashboard;
[[39mDEBUG[0;39m] [] 21:41:37.791 [TestCaseId:] [Scenario:
                Sign Up with correct credentials] [36mo.a.q.c.g.s.w.WrappedWebdriver[0;39m - Finding element by: By.className: login-button 
[[34mINFO [0;39m] [] 21:41:37.841 [TestCaseId:] [Scenario:
                Sign Up with correct credentials] [36mo.a.q.c.g.s.w.WrappedWebdriver[0;39m - Find_Element Execution_Time(ms):; 30; Page_URL:; http://localhost:8081/#!/dashboard;
[[39mDEBUG[0;39m] [] 21:41:38.340 [TestCaseId:] [Scenario:
                Sign Up with correct credentials] [36mo.a.q.c.g.s.w.WrappedWebdriver[0;39m - Finding element by: By.className: login-button 
[[34mINFO [0;39m] [] 21:41:38.392 [TestCaseId:] [Scenario:
                Sign Up with correct credentials] [36mo.a.q.c.g.s.w.WrappedWebdriver[0;39m - Find_Element Execution_Time(ms):; 21; Page_URL:; http://localhost:8081/#!/dashboard;
[[39mDEBUG[0;39m] [] 21:41:38.892 [TestCaseId:] [Scenario:
                Sign Up with correct credentials] [36mo.a.q.c.g.s.w.WrappedWebdriver[0;39m - Finding element by: By.className: login-button 
[[34mINFO [0;39m] [] 21:41:38.942 [TestCaseId:] [Scenario:
                Sign Up with correct credentials] [36mo.a.q.c.g.s.w.WrappedWebdriver[0;39m - Find_Element Execution_Time(ms):; 30; Page_URL:; http://localhost:8081/#!/dashboard;
[[39mDEBUG[0;39m] [] 21:41:39.451 [TestCaseId:] [Scenario:
                Sign Up with correct credentials] [36mo.a.q.c.g.s.w.WrappedWebdriver[0;39m - Finding element by: By.className: login-button 
[[34mINFO [0;39m] [] 21:41:39.501 [TestCaseId:] [Scenario:
                Sign Up with correct credentials] [36mo.a.q.c.g.s.w.WrappedWebdriver[0;39m - Find_Element Execution_Time(ms):; 30; Page_URL:; http://localhost:8081/#!/dashboard;
[[39mDEBUG[0;39m] [] 21:41:40.001 [TestCaseId:] [Scenario:
                Sign Up with correct credentials] [36mo.a.q.c.g.s.w.WrappedWebdriver[0;39m - Finding element by: By.className: login-button 
[[34mINFO [0;39m] [] 21:41:40.051 [TestCaseId:] [Scenario:
                Sign Up with correct credentials] [36mo.a.q.c.g.s.w.WrappedWebdriver[0;39m - Find_Element Execution_Time(ms):; 30; Page_URL:; http://localhost:8081/#!/dashboard;
[[39mDEBUG[0;39m] [] 21:41:40.551 [TestCaseId:] [Scenario:
                Sign Up with correct credentials] [36mo.a.q.c.g.s.w.WrappedWebdriver[0;39m - Finding element by: By.className: login-button 
[[34mINFO [0;39m] [] 21:41:40.611 [TestCaseId:] [Scenario:
                Sign Up with correct credentials] [36mo.a.q.c.g.s.w.WrappedWebdriver[0;39m - Find_Element Execution_Time(ms):; 40; Page_URL:; http://localhost:8081/#!/dashboard;
[[39mDEBUG[0;39m] [] 21:41:40.611 [TestCaseId:] [Scenario:
                Sign Up with correct credentials] [36mo.a.q.c.g.s.w.WrappedWebdriver[0;39m - Finding element by: By.className: login-button 
[[34mINFO [0;39m] [] 21:41:40.641 [TestCaseId:] [Scenario:
                Sign Up with correct credentials] [36mo.a.q.c.g.s.w.WrappedWebdriver[0;39m - Find_Element Execution_Time(ms):; 20; Page_URL:; http://localhost:8081/#!/dashboard;
[[34mINFO [0;39m] [] 21:41:40.651 [TestCaseId:] [Scenario:
                Sign Up with correct credentials] [36mo.a.q.c.g.s.w.WebdriverHelper[0;39m - Wait_For_Element_To_Be_Clickable Execution_Time(ms):; 7211; Page_URL:; http://localhost:8081/#!/dashboard;
[[39mDEBUG[0;39m] [] 21:41:40.651 [TestCaseId:] [Scenario:
                Sign Up with correct credentials] [36mo.a.q.c.g.s.a.p.AllureAttachmentsProvider[0;39m - Attach screenshot to the Allure report
[[34mINFO [0;39m] [] 21:41:41.032 [TestCaseId:] [Scenario:
                Sign Up with correct credentials] [36mo.a.q.c.g.s.w.WebdriverHelper[0;39m - Click Execution_Time(ms):; 7622; Page_URL:; http://localhost:8081/#!/dashboard;
[[39mDEBUG[0;39m] [] 21:41:41.032 [TestCaseId:] [Scenario:
                Sign Up with correct credentials] [36mo.a.q.c.g.s.a.p.AllureAttachmentsProvider[0;39m - Attach screenshot to the Allure report
[[39mDEBUG[0;39m] [] 21:41:41.403 [TestCaseId:] [Scenario:
                Sign Up with correct credentials] [36mo.a.q.c.g.s.a.p.AllureAttachmentsProvider[0;39m - Attach screenshot to the Allure report
[[34mINFO [0;39m] [] 21:41:47.234 [TestCaseId:] [Scenario:
                Sign Up with correct credentials] [36mo.a.q.c.g.s.w.WebdriverHelper[0;39m - Wait_For_Page_Update Execution_Time(ms):; 30; Page_URL:; http://localhost:8081/#!/dashboard;
[[39mDEBUG[0;39m] [] 21:41:47.234 [TestCaseId:] [Scenario:
                Sign Up with correct credentials] [36mo.a.q.c.g.s.w.WrappedWebdriver[0;39m - Finding element by: By.className: logout-button 
[[34mINFO [0;39m] [] 21:41:47.289 [TestCaseId:] [Scenario:
                Sign Up with correct credentials] [36mo.a.q.c.g.s.w.WrappedWebdriver[0;39m - Find_Element Execution_Time(ms):; 45; Page_URL:; http://localhost:8081/#!/dashboard;
[[39mDEBUG[0;39m] [] 21:41:47.319 [TestCaseId:] [Scenario:
                Sign Up with correct credentials] [36mo.a.q.c.g.s.w.WrappedWebdriver[0;39m - Finding element by: By.className: logout-button 
[[34mINFO [0;39m] [] 21:41:47.351 [TestCaseId:] [Scenario:
                Sign Up with correct credentials] [36mo.a.q.c.g.s.w.WrappedWebdriver[0;39m - Find_Element Execution_Time(ms):; 11; Page_URL:; http://localhost:8081/#!/dashboard;
[[34mINFO [0;39m] [] 21:41:47.372 [TestCaseId:] [Scenario:
                Sign Up with correct credentials] [36mo.a.q.c.g.s.w.WebdriverHelper[0;39m - Wait_For_Element_To_Be_Clickable Execution_Time(ms):; 137; Page_URL:; http://localhost:8081/#!/dashboard;
[[39mDEBUG[0;39m] [] 21:41:47.372 [TestCaseId:] [Scenario:
                Sign Up with correct credentials] [36mo.a.q.c.g.s.w.WrappedWebdriver[0;39m - Finding element by: By.className: logout-button 
[[34mINFO [0;39m] [] 21:41:47.403 [TestCaseId:] [Scenario:
                Sign Up with correct credentials] [36mo.a.q.c.g.s.w.WrappedWebdriver[0;39m - Find_Element Execution_Time(ms):; 21; Page_URL:; http://localhost:8081/#!/dashboard;
[[34mINFO [0;39m] [] 21:41:47.465 [TestCaseId:] [Scenario:
                Sign Up with correct credentials] [36mo.a.q.c.g.s.w.WebdriverHelper[0;39m - Wait_For_Page_Update Execution_Time(ms):; 6; Page_URL:; http://localhost:8081/#!/dashboard;
[[34mINFO [0;39m] [] 21:41:47.471 [TestCaseId:] [Scenario:
                Sign Up with correct credentials] [36mo.a.q.c.g.s.w.WebdriverHelper[0;39m - Click Execution_Time(ms):; 282; Page_URL:; http://localhost:8081/#!/dashboard;
[[39mDEBUG[0;39m] [] 21:41:47.472 [TestCaseId:] [Scenario:
                Sign Up with correct credentials] [36mo.a.q.c.g.s.w.WrappedWebdriver[0;39m - Finding element by: By.cssSelector: .logout-menu li 
[[34mINFO [0;39m] [] 21:41:47.508 [TestCaseId:] [Scenario:
                Sign Up with correct credentials] [36mo.a.q.c.g.s.w.WrappedWebdriver[0;39m - Find_Element Execution_Time(ms):; 15; Page_URL:; http://localhost:8081/#!/dashboard;
[[34mINFO [0;39m] [] 21:41:47.538 [TestCaseId:] [Scenario:
                Sign Up with correct credentials] [36mo.a.q.c.g.s.w.WebdriverHelper[0;39m - Wait_For_Page_Update Execution_Time(ms):; 20; Page_URL:; http://localhost:8081/#!/dashboard;
[[34mINFO [0;39m] [] 21:41:47.578 [TestCaseId:] [Scenario:
                Sign Up with correct credentials] [36mo.a.q.c.g.s.w.WebdriverHelper[0;39m - Wait_For_Element_To_Be_Clickable Execution_Time(ms):; 30; Page_URL:; http://localhost:8081/#!/dashboard;
[[34mINFO [0;39m] [] 21:41:47.631 [TestCaseId:] [Scenario:
                Sign Up with correct credentials] [36mo.a.q.c.g.s.w.WebdriverHelper[0;39m - Wait_For_Page_Update Execution_Time(ms):; 9; Page_URL:; http://localhost:8081/#!/login;
[[34mINFO [0;39m] [] 21:41:47.634 [TestCaseId:] [Scenario:
                Sign Up with correct credentials] [36mo.a.q.c.g.s.w.WebdriverHelper[0;39m - Click Execution_Time(ms):; 123; Page_URL:; http://localhost:8081/#!/login;
[[34mINFO [0;39m] [] 21:41:47.641 [TestCaseId:] [Scenario:
                Sign Up with fake credentials] [36mo.a.q.c.g.s.p.LoginPageObject[0;39m - Open login page
[[39mDEBUG[0;39m] [] 21:41:47.641 [TestCaseId:] [Scenario:
                Sign Up with fake credentials] [36mo.a.q.c.g.s.w.WrappedWebdriver[0;39m - Opening url: http://localhost:8081/#!/login
[[39mDEBUG[0;39m] [] 21:41:48.335 [TestCaseId:] [Scenario:
                Sign Up with fake credentials] [36mo.a.q.c.g.s.a.p.AllureAttachmentsProvider[0;39m - Attach screenshot to the Allure report
[[34mINFO [0;39m] [] 21:41:48.760 [TestCaseId:] [Scenario:
                Sign Up with fake credentials] [36mo.a.q.c.g.s.w.WrappedWebdriver[0;39m - Open_Page Execution_Time(ms):; 1119; Page_URL:; http://localhost:8081/#!/login;
[[34mINFO [0;39m] [] 21:41:48.760 [TestCaseId:] [Scenario:
                Sign Up with fake credentials] [36mo.a.q.c.g.s.p.LoginPageObject[0;39m - Set login as fake in SingIn form
[[34mINFO [0;39m] [] 21:41:48.770 [TestCaseId:] [Scenario:
                Sign Up with fake credentials] [36mo.a.q.c.g.s.w.WebdriverHelper[0;39m - Wait_For_Page_Update Execution_Time(ms):; 5; Page_URL:; http://localhost:8081/#!/login;
[[39mDEBUG[0;39m] [] 21:41:48.770 [TestCaseId:] [Scenario:
                Sign Up with fake credentials] [36mo.a.q.c.g.s.w.WrappedWebdriver[0;39m - Finding element by: By.name: login 
[[34mINFO [0;39m] [] 21:41:48.799 [TestCaseId:] [Scenario:
                Sign Up with fake credentials] [36mo.a.q.c.g.s.w.WrappedWebdriver[0;39m - Find_Element Execution_Time(ms):; 7; Page_URL:; http://localhost:8081/#!/login;
[[39mDEBUG[0;39m] [] 21:41:48.819 [TestCaseId:] [Scenario:
                Sign Up with fake credentials] [36mo.a.q.c.g.s.w.WrappedWebdriver[0;39m - Finding element by: By.name: login 
[[34mINFO [0;39m] [] 21:41:48.839 [TestCaseId:] [Scenario:
                Sign Up with fake credentials] [36mo.a.q.c.g.s.w.WrappedWebdriver[0;39m - Find_Element Execution_Time(ms):; 10; Page_URL:; http://localhost:8081/#!/login;
[[39mDEBUG[0;39m] [] 21:41:48.850 [TestCaseId:] [Scenario:
                Sign Up with fake credentials] [36mo.a.q.c.g.s.w.WrappedWebdriver[0;39m - Finding element by: By.name: login 
[[34mINFO [0;39m] [] 21:41:48.864 [TestCaseId:] [Scenario:
                Sign Up with fake credentials] [36mo.a.q.c.g.s.w.WrappedWebdriver[0;39m - Find_Element Execution_Time(ms):; 10; Page_URL:; http://localhost:8081/#!/login;
[[34mINFO [0;39m] [] 21:41:48.919 [TestCaseId:] [Scenario:
                Sign Up with fake credentials] [36mo.a.q.c.g.s.w.WebdriverHelper[0;39m - Wait_For_Page_Update Execution_Time(ms):; 6; Page_URL:; http://localhost:8081/#!/login;
[[34mINFO [0;39m] [] 21:41:48.922 [TestCaseId:] [Scenario:
                Sign Up with fake credentials] [36mo.a.q.c.g.s.w.WebdriverHelper[0;39m - Send_Keys Execution_Time(ms):; 158; Page_URL:; http://localhost:8081/#!/login;
[[34mINFO [0;39m] [] 21:41:48.930 [TestCaseId:] [Scenario:
                Sign Up with fake credentials] [36mo.a.q.c.g.s.w.WebdriverHelper[0;39m - Wait_For_Page_Update Execution_Time(ms):; 5; Page_URL:; http://localhost:8081/#!/login;
[[39mDEBUG[0;39m] [] 21:41:48.930 [TestCaseId:] [Scenario:
                Sign Up with fake credentials] [36mo.a.q.c.g.s.w.WrappedWebdriver[0;39m - Finding element by: By.name: password 
[[34mINFO [0;39m] [] 21:41:48.956 [TestCaseId:] [Scenario:
                Sign Up with fake credentials] [36mo.a.q.c.g.s.w.WrappedWebdriver[0;39m - Find_Element Execution_Time(ms):; 6; Page_URL:; http://localhost:8081/#!/login;
[[39mDEBUG[0;39m] [] 21:41:48.976 [TestCaseId:] [Scenario:
                Sign Up with fake credentials] [36mo.a.q.c.g.s.w.WrappedWebdriver[0;39m - Finding element by: By.name: password 
[[34mINFO [0;39m] [] 21:41:48.996 [TestCaseId:] [Scenario:
                Sign Up with fake credentials] [36mo.a.q.c.g.s.w.WrappedWebdriver[0;39m - Find_Element Execution_Time(ms):; 10; Page_URL:; http://localhost:8081/#!/login;
[[39mDEBUG[0;39m] [] 21:41:49.016 [TestCaseId:] [Scenario:
                Sign Up with fake credentials] [36mo.a.q.c.g.s.w.WrappedWebdriver[0;39m - Finding element by: By.name: password 
[[34mINFO [0;39m] [] 21:41:49.021 [TestCaseId:] [Scenario:
                Sign Up with fake credentials] [36mo.a.q.c.g.s.w.WrappedWebdriver[0;39m - Find_Element Execution_Time(ms):; 1; Page_URL:; http://localhost:8081/#!/login;
[[34mINFO [0;39m] [] 21:41:49.063 [TestCaseId:] [Scenario:
                Sign Up with fake credentials] [36mo.a.q.c.g.s.w.WebdriverHelper[0;39m - Wait_For_Page_Update Execution_Time(ms):; 5; Page_URL:; http://localhost:8081/#!/login;
[[34mINFO [0;39m] [] 21:41:49.066 [TestCaseId:] [Scenario:
                Sign Up with fake credentials] [36mo.a.q.c.g.s.w.WebdriverHelper[0;39m - Send_Keys Execution_Time(ms):; 141; Page_URL:; http://localhost:8081/#!/login;
[[34mINFO [0;39m] [] 21:41:49.074 [TestCaseId:] [Scenario:
                Sign Up with fake credentials] [36mo.a.q.c.g.s.w.WebdriverHelper[0;39m - Wait_For_Page_Update Execution_Time(ms):; 4; Page_URL:; http://localhost:8081/#!/login;
[[39mDEBUG[0;39m] [] 21:41:49.074 [TestCaseId:] [Scenario:
                Sign Up with fake credentials] [36mo.a.q.c.g.s.w.WrappedWebdriver[0;39m - Finding element by: By.className: login-button 
[[34mINFO [0;39m] [] 21:41:49.083 [TestCaseId:] [Scenario:
                Sign Up with fake credentials] [36mo.a.q.c.g.s.w.WrappedWebdriver[0;39m - Find_Element Execution_Time(ms):; 6; Page_URL:; http://localhost:8081/#!/login;
[[39mDEBUG[0;39m] [] 21:41:49.106 [TestCaseId:] [Scenario:
                Sign Up with fake credentials] [36mo.a.q.c.g.s.w.WrappedWebdriver[0;39m - Finding element by: By.className: login-button 
[[34mINFO [0;39m] [] 21:41:49.127 [TestCaseId:] [Scenario:
                Sign Up with fake credentials] [36mo.a.q.c.g.s.w.WrappedWebdriver[0;39m - Find_Element Execution_Time(ms):; 1; Page_URL:; http://localhost:8081/#!/login;
[[34mINFO [0;39m] [] 21:41:49.147 [TestCaseId:] [Scenario:
                Sign Up with fake credentials] [36mo.a.q.c.g.s.w.WebdriverHelper[0;39m - Wait_For_Element_To_Be_Clickable Execution_Time(ms):; 63; Page_URL:; http://localhost:8081/#!/login;
[[39mDEBUG[0;39m] [] 21:41:49.147 [TestCaseId:] [Scenario:
                Sign Up with fake credentials] [36mo.a.q.c.g.s.w.WrappedWebdriver[0;39m - Finding element by: By.className: login-button 
[[34mINFO [0;39m] [] 21:41:49.167 [TestCaseId:] [Scenario:
                Sign Up with fake credentials] [36mo.a.q.c.g.s.w.WrappedWebdriver[0;39m - Find_Element Execution_Time(ms):; 10; Page_URL:; http://localhost:8081/#!/login;
[[34mINFO [0;39m] [] 21:41:49.233 [TestCaseId:] [Scenario:
                Sign Up with fake credentials] [36mo.a.q.c.g.s.w.WebdriverHelper[0;39m - Wait_For_Page_Update Execution_Time(ms):; 21; Page_URL:; http://localhost:8081/#!/login;
[[34mINFO [0;39m] [] 21:41:49.241 [TestCaseId:] [Scenario:
                Sign Up with fake credentials] [36mo.a.q.c.g.s.w.WebdriverHelper[0;39m - Click Execution_Time(ms):; 167; Page_URL:; http://localhost:8081/#!/login;
[[39mDEBUG[0;39m] [] 21:41:49.241 [TestCaseId:] [Scenario:
                Sign Up with fake credentials] [36mo.a.q.c.g.s.a.p.AllureAttachmentsProvider[0;39m - Attach screenshot to the Allure report
[[34mINFO [0;39m] [] 21:41:49.690 [TestCaseId:] [Scenario:
                Sign Up with fake credentials] [36mo.a.q.c.g.s.p.LoginPageObject[0;39m - Submit SignIn form
[[34mINFO [0;39m] [] 21:41:49.720 [TestCaseId:] [Scenario:
                Sign Up with fake credentials] [36mo.a.q.c.g.s.w.WebdriverHelper[0;39m - Wait_For_Page_Update Execution_Time(ms):; 20; Page_URL:; http://localhost:8081/#!/login;
[[39mDEBUG[0;39m] [] 21:41:49.720 [TestCaseId:] [Scenario:
                Sign Up with fake credentials] [36mo.a.q.c.g.s.w.WrappedWebdriver[0;39m - Finding element by: By.className: login-button 
[[34mINFO [0;39m] [] 21:41:49.740 [TestCaseId:] [Scenario:
                Sign Up with fake credentials] [36mo.a.q.c.g.s.w.WrappedWebdriver[0;39m - Find_Element Execution_Time(ms):; 10; Page_URL:; http://localhost:8081/#!/login;
[[39mDEBUG[0;39m] [] 21:41:49.750 [TestCaseId:] [Scenario:
                Sign Up with fake credentials] [36mo.a.q.c.g.s.w.WrappedWebdriver[0;39m - Finding element by: By.className: login-button 
[[34mINFO [0;39m] [] 21:41:49.770 [TestCaseId:] [Scenario:
                Sign Up with fake credentials] [36mo.a.q.c.g.s.w.WrappedWebdriver[0;39m - Find_Element Execution_Time(ms):; 10; Page_URL:; http://localhost:8081/#!/login;
[[34mINFO [0;39m] [] 21:41:49.790 [TestCaseId:] [Scenario:
                Sign Up with fake credentials] [36mo.a.q.c.g.s.w.WebdriverHelper[0;39m - Wait_For_Element_To_Be_Clickable Execution_Time(ms):; 60; Page_URL:; http://localhost:8081/#!/login;
[[39mDEBUG[0;39m] [] 21:41:49.790 [TestCaseId:] [Scenario:
                Sign Up with fake credentials] [36mo.a.q.c.g.s.w.WrappedWebdriver[0;39m - Finding element by: By.className: login-button 
[[34mINFO [0;39m] [] 21:41:49.810 [TestCaseId:] [Scenario:
                Sign Up with fake credentials] [36mo.a.q.c.g.s.w.WrappedWebdriver[0;39m - Find_Element Execution_Time(ms):; 10; Page_URL:; http://localhost:8081/#!/login;
[[39mDEBUG[0;39m] [] 21:41:49.830 [TestCaseId:] [Scenario:
                Sign Up with fake credentials] [36mo.a.q.c.g.s.a.p.AllureAttachmentsProvider[0;39m - Attach screenshot to the Allure report
[[34mINFO [0;39m] [] 21:41:50.178 [TestCaseId:] [Scenario:
                Sign Up with fake credentials] [36mo.a.q.c.g.s.w.WebdriverHelper[0;39m - Click Execution_Time(ms):; 478; Page_URL:; http://localhost:8081/#!/login;
[[39mDEBUG[0;39m] [] 21:41:50.178 [TestCaseId:] [Scenario:
                Sign Up with fake credentials] [36mo.a.q.c.g.s.a.p.AllureAttachmentsProvider[0;39m - Attach screenshot to the Allure report
[[39mDEBUG[0;39m] [] 21:41:50.534 [TestCaseId:] [Scenario:
                Sign Up with fake credentials] [36mo.a.q.c.g.s.w.WrappedWebdriver[0;39m - Finding elements by: By.cssSelector: .modal-content
[[34mINFO [0;39m] [] 21:41:50.564 [TestCaseId:] [Scenario:
                Sign Up with fake credentials] [36mo.a.q.c.g.s.w.WrappedWebdriver[0;39m - Find_Elements Execution_Time(ms):; 20; Page_URL:; http://localhost:8081/#!/login;
[[34mINFO [0;39m] [] 21:41:50.594 [TestCaseId:] [Scenario:
                Sign Up with fake credentials] [36mo.a.q.c.g.s.w.WebdriverHelper[0;39m - Wait_For_Page_Update Execution_Time(ms):; 20; Page_URL:; http://localhost:8081/#!/login;
[[39mDEBUG[0;39m] [] 21:41:50.594 [TestCaseId:] [Scenario:
                Sign Up with fake credentials] [36mo.a.q.c.g.s.w.WrappedWebdriver[0;39m - Finding element by: By.cssSelector: .modal-content .modal-title 
[[34mINFO [0;39m] [] 21:41:50.644 [TestCaseId:] [Scenario:
                Sign Up with fake credentials] [36mo.a.q.c.g.s.w.WrappedWebdriver[0;39m - Find_Element Execution_Time(ms):; 40; Page_URL:; http://localhost:8081/#!/login;
[[39mDEBUG[0;39m] [] 21:41:50.664 [TestCaseId:] [Scenario:
                Sign Up with fake credentials] [36mo.a.q.c.g.s.w.WrappedWebdriver[0;39m - Finding element by: By.cssSelector: .modal-content .modal-title 
[[34mINFO [0;39m] [] 21:41:50.684 [TestCaseId:] [Scenario:
                Sign Up with fake credentials] [36mo.a.q.c.g.s.w.WrappedWebdriver[0;39m - Find_Element Execution_Time(ms):; 10; Page_URL:; http://localhost:8081/#!/login;
[[34mINFO [0;39m] [] 21:41:50.734 [TestCaseId:] [Scenario:
                Sign Up with fake credentials] [36mo.a.q.c.g.s.w.WebdriverHelper[0;39m - Wait_For_Page_Update Execution_Time(ms):; 20; Page_URL:; http://localhost:8081/#!/login;
[[34mINFO [0;39m] [] 21:41:50.744 [TestCaseId:] [Scenario:
                Sign Up with fake credentials] [36mo.a.q.c.g.s.w.WebdriverHelper[0;39m - get_Text Execution_Time(ms):; 170; Page_URL:; http://localhost:8081/#!/login;
[[34mINFO [0;39m] [] 21:41:50.774 [TestCaseId:] [Scenario:
                Sign Up with fake credentials] [36mo.a.q.c.g.s.w.WebdriverHelper[0;39m - Wait_For_Page_Update Execution_Time(ms):; 20; Page_URL:; http://localhost:8081/#!/login;
[[39mDEBUG[0;39m] [] 21:41:50.774 [TestCaseId:] [Scenario:
                Sign Up with fake credentials] [36mo.a.q.c.g.s.w.WrappedWebdriver[0;39m - Finding element by: By.cssSelector: .modal-content .modal-title 
[[34mINFO [0;39m] [] 21:41:50.794 [TestCaseId:] [Scenario:
                Sign Up with fake credentials] [36mo.a.q.c.g.s.w.WrappedWebdriver[0;39m - Find_Element Execution_Time(ms):; 10; Page_URL:; http://localhost:8081/#!/login;
[[39mDEBUG[0;39m] [] 21:41:50.804 [TestCaseId:] [Scenario:
                Sign Up with fake credentials] [36mo.a.q.c.g.s.w.WrappedWebdriver[0;39m - Finding element by: By.cssSelector: .modal-content .modal-title 
[[34mINFO [0;39m] [] 21:41:50.824 [TestCaseId:] [Scenario:
                Sign Up with fake credentials] [36mo.a.q.c.g.s.w.WrappedWebdriver[0;39m - Find_Element Execution_Time(ms):; 10; Page_URL:; http://localhost:8081/#!/login;
[[34mINFO [0;39m] [] 21:41:50.864 [TestCaseId:] [Scenario:
                Sign Up with fake credentials] [36mo.a.q.c.g.s.w.WebdriverHelper[0;39m - Wait_For_Page_Update Execution_Time(ms):; 20; Page_URL:; http://localhost:8081/#!/login;
[[34mINFO [0;39m] [] 21:41:50.874 [TestCaseId:] [Scenario:
                Sign Up with fake credentials] [36mo.a.q.c.g.s.w.WebdriverHelper[0;39m - get_Text Execution_Time(ms):; 120; Page_URL:; http://localhost:8081/#!/login;
[[34mINFO [0;39m] [] 21:41:50.914 [TestCaseId:] [Scenario:
                Sign Up with fake credentials] [36mo.a.q.c.g.s.w.WebdriverHelper[0;39m - Wait_For_Page_Update Execution_Time(ms):; 20; Page_URL:; http://localhost:8081/#!/login;
[[39mDEBUG[0;39m] [] 21:41:50.914 [TestCaseId:] [Scenario:
                Sign Up with fake credentials] [36mo.a.q.c.g.s.w.WrappedWebdriver[0;39m - Finding element by: By.cssSelector: .modal-content .modal-body 
[[34mINFO [0;39m] [] 21:41:50.944 [TestCaseId:] [Scenario:
                Sign Up with fake credentials] [36mo.a.q.c.g.s.w.WrappedWebdriver[0;39m - Find_Element Execution_Time(ms):; 20; Page_URL:; http://localhost:8081/#!/login;
[[39mDEBUG[0;39m] [] 21:41:50.964 [TestCaseId:] [Scenario:
                Sign Up with fake credentials] [36mo.a.q.c.g.s.w.WrappedWebdriver[0;39m - Finding element by: By.cssSelector: .modal-content .modal-body 
[[34mINFO [0;39m] [] 21:41:50.984 [TestCaseId:] [Scenario:
                Sign Up with fake credentials] [36mo.a.q.c.g.s.w.WrappedWebdriver[0;39m - Find_Element Execution_Time(ms):; 10; Page_URL:; http://localhost:8081/#!/login;
[[34mINFO [0;39m] [] 21:41:51.034 [TestCaseId:] [Scenario:
                Sign Up with fake credentials] [36mo.a.q.c.g.s.w.WebdriverHelper[0;39m - Wait_For_Page_Update Execution_Time(ms):; 20; Page_URL:; http://localhost:8081/#!/login;
[[34mINFO [0;39m] [] 21:41:51.044 [TestCaseId:] [Scenario:
                Sign Up with fake credentials] [36mo.a.q.c.g.s.w.WebdriverHelper[0;39m - get_Text Execution_Time(ms):; 150; Page_URL:; http://localhost:8081/#!/login;
[[34mINFO [0;39m] [] 21:41:51.084 [TestCaseId:] [Scenario:
                Sign Up with fake credentials] [36mo.a.q.c.g.s.w.WebdriverHelper[0;39m - Wait_For_Page_Update Execution_Time(ms):; 30; Page_URL:; http://localhost:8081/#!/login;
[[39mDEBUG[0;39m] [] 21:41:51.094 [TestCaseId:] [Scenario:
                Sign Up with fake credentials] [36mo.a.q.c.g.s.w.WrappedWebdriver[0;39m - Finding element by: By.cssSelector: .modal-content .modal-body 
[[34mINFO [0;39m] [] 21:41:51.124 [TestCaseId:] [Scenario:
                Sign Up with fake credentials] [36mo.a.q.c.g.s.w.WrappedWebdriver[0;39m - Find_Element Execution_Time(ms):; 20; Page_URL:; http://localhost:8081/#!/login;
[[39mDEBUG[0;39m] [] 21:41:51.134 [TestCaseId:] [Scenario:
                Sign Up with fake credentials] [36mo.a.q.c.g.s.w.WrappedWebdriver[0;39m - Finding element by: By.cssSelector: .modal-content .modal-body 
[[34mINFO [0;39m] [] 21:41:51.154 [TestCaseId:] [Scenario:
                Sign Up with fake credentials] [36mo.a.q.c.g.s.w.WrappedWebdriver[0;39m - Find_Element Execution_Time(ms):; 10; Page_URL:; http://localhost:8081/#!/login;
[[34mINFO [0;39m] [] 21:41:51.194 [TestCaseId:] [Scenario:
                Sign Up with fake credentials] [36mo.a.q.c.g.s.w.WebdriverHelper[0;39m - Wait_For_Page_Update Execution_Time(ms):; 20; Page_URL:; http://localhost:8081/#!/login;
[[34mINFO [0;39m] [] 21:41:51.204 [TestCaseId:] [Scenario:
                Sign Up with fake credentials] [36mo.a.q.c.g.s.w.WebdriverHelper[0;39m - get_Text Execution_Time(ms):; 150; Page_URL:; http://localhost:8081/#!/login;
[[34mINFO [0;39m] [] 21:41:51.204 [TestCaseId:] [Scenario:
                Sign Up with fake credentials] [36mo.a.q.c.g.s.c.ModalWindow[0;39m - Close modal window by Ok button
[[34mINFO [0;39m] [] 21:41:51.234 [TestCaseId:] [Scenario:
                Sign Up with fake credentials] [36mo.a.q.c.g.s.w.WebdriverHelper[0;39m - Wait_For_Page_Update Execution_Time(ms):; 20; Page_URL:; http://localhost:8081/#!/login;
[[39mDEBUG[0;39m] [] 21:41:51.234 [TestCaseId:] [Scenario:
                Sign Up with fake credentials] [36mo.a.q.c.g.s.w.WrappedWebdriver[0;39m - Finding element by: By.cssSelector: .modal-content .modal-footer .ok 
[[34mINFO [0;39m] [] 21:41:51.247 [TestCaseId:] [Scenario:
                Sign Up with fake credentials] [36mo.a.q.c.g.s.w.WrappedWebdriver[0;39m - Find_Element Execution_Time(ms):; 8; Page_URL:; http://localhost:8081/#!/login;
[[39mDEBUG[0;39m] [] 21:41:51.279 [TestCaseId:] [Scenario:
                Sign Up with fake credentials] [36mo.a.q.c.g.s.w.WrappedWebdriver[0;39m - Finding element by: By.cssSelector: .modal-content .modal-footer .ok 
[[34mINFO [0;39m] [] 21:41:51.299 [TestCaseId:] [Scenario:
                Sign Up with fake credentials] [36mo.a.q.c.g.s.w.WrappedWebdriver[0;39m - Find_Element Execution_Time(ms):; 10; Page_URL:; http://localhost:8081/#!/login;
[[34mINFO [0;39m] [] 21:41:51.319 [TestCaseId:] [Scenario:
                Sign Up with fake credentials] [36mo.a.q.c.g.s.w.WebdriverHelper[0;39m - Wait_For_Element_To_Be_Clickable Execution_Time(ms):; 75; Page_URL:; http://localhost:8081/#!/login;
[[39mDEBUG[0;39m] [] 21:41:51.319 [TestCaseId:] [Scenario:
                Sign Up with fake credentials] [36mo.a.q.c.g.s.w.WrappedWebdriver[0;39m - Finding element by: By.cssSelector: .modal-content .modal-footer .ok 
[[34mINFO [0;39m] [] 21:41:51.339 [TestCaseId:] [Scenario:
                Sign Up with fake credentials] [36mo.a.q.c.g.s.w.WrappedWebdriver[0;39m - Find_Element Execution_Time(ms):; 10; Page_URL:; http://localhost:8081/#!/login;
[[34mINFO [0;39m] [] 21:41:51.388 [TestCaseId:] [Scenario:
                Sign Up with fake credentials] [36mo.a.q.c.g.s.w.WebdriverHelper[0;39m - Wait_For_Page_Update Execution_Time(ms):; 3; Page_URL:; http://localhost:8081/#!/login;
[[34mINFO [0;39m] [] 21:41:51.393 [TestCaseId:] [Scenario:
                Sign Up with fake credentials] [36mo.a.q.c.g.s.w.WebdriverHelper[0;39m - Click Execution_Time(ms):; 184; Page_URL:; http://localhost:8081/#!/login;
[[39mDEBUG[0;39m] [] 21:41:51.394 [TestCaseId:] [Scenario:
                Sign Up with fake credentials] [36mo.a.q.c.g.s.a.p.AllureAttachmentsProvider[0;39m - Attach screenshot to the Allure report
[[39mDEBUG[0;39m] [] 21:41:51.750 [TestCaseId:] [Scenario:
                Sign Up with fake credentials] [36mo.a.q.c.g.s.w.WrappedWebdriver[0;39m - Finding elements by: By.className: error-message
[[34mINFO [0;39m] [] 21:41:51.780 [TestCaseId:] [Scenario:
                Sign Up with fake credentials] [36mo.a.q.c.g.s.w.WrappedWebdriver[0;39m - Find_Elements Execution_Time(ms):; 20; Page_URL:; http://localhost:8081/#!/login;
[[39mDEBUG[0;39m] [] 21:41:51.790 [TestCaseId:] [Scenario:
                Sign Up with fake credentials] [36mo.a.q.c.g.s.w.WrappedWebdriver[0;39m - Finding element by: By.className: error-message 
[[34mINFO [0;39m] [] 21:41:51.820 [TestCaseId:] [Scenario:
                Sign Up with fake credentials] [36mo.a.q.c.g.s.w.WrappedWebdriver[0;39m - Find_Element Execution_Time(ms):; 20; Page_URL:; http://localhost:8081/#!/login;
[[34mINFO [0;39m] [] 21:41:51.880 [TestCaseId:] [Scenario:
                Sign Up with fake credentials] [36mo.a.q.c.g.s.w.WebdriverHelper[0;39m - Wait_For_Page_Update Execution_Time(ms):; 20; Page_URL:; http://localhost:8081/#!/login;
[[39mDEBUG[0;39m] [] 21:41:51.880 [TestCaseId:] [Scenario:
                Sign Up with fake credentials] [36mo.a.q.c.g.s.w.WrappedWebdriver[0;39m - Finding element by: By.className: error-message 
[[34mINFO [0;39m] [] 21:41:51.900 [TestCaseId:] [Scenario:
                Sign Up with fake credentials] [36mo.a.q.c.g.s.w.WrappedWebdriver[0;39m - Find_Element Execution_Time(ms):; 10; Page_URL:; http://localhost:8081/#!/login;
[[39mDEBUG[0;39m] [] 21:41:51.910 [TestCaseId:] [Scenario:
                Sign Up with fake credentials] [36mo.a.q.c.g.s.w.WrappedWebdriver[0;39m - Finding element by: By.className: error-message 
[[34mINFO [0;39m] [] 21:41:51.930 [TestCaseId:] [Scenario:
                Sign Up with fake credentials] [36mo.a.q.c.g.s.w.WrappedWebdriver[0;39m - Find_Element Execution_Time(ms):; 10; Page_URL:; http://localhost:8081/#!/login;
[[34mINFO [0;39m] [] 21:41:51.980 [TestCaseId:] [Scenario:
                Sign Up with fake credentials] [36mo.a.q.c.g.s.w.WebdriverHelper[0;39m - Wait_For_Page_Update Execution_Time(ms):; 20; Page_URL:; http://localhost:8081/#!/login;
[[34mINFO [0;39m] [] 21:41:51.990 [TestCaseId:] [Scenario:
                Sign Up with fake credentials] [36mo.a.q.c.g.s.w.WebdriverHelper[0;39m - get_Text Execution_Time(ms):; 130; Page_URL:; http://localhost:8081/#!/login;
[[34mINFO [0;39m] [] 21:41:52.020 [TestCaseId:] [Scenario:
                Sign Up with fake credentials] [36mo.a.q.c.g.s.w.WebdriverHelper[0;39m - Wait_For_Page_Update Execution_Time(ms):; 20; Page_URL:; http://localhost:8081/#!/login;
[[39mDEBUG[0;39m] [] 21:41:52.020 [TestCaseId:] [Scenario:
                Sign Up with fake credentials] [36mo.a.q.c.g.s.w.WrappedWebdriver[0;39m - Finding element by: By.className: error-message 
[[34mINFO [0;39m] [] 21:41:52.040 [TestCaseId:] [Scenario:
                Sign Up with fake credentials] [36mo.a.q.c.g.s.w.WrappedWebdriver[0;39m - Find_Element Execution_Time(ms):; 10; Page_URL:; http://localhost:8081/#!/login;
[[39mDEBUG[0;39m] [] 21:41:52.050 [TestCaseId:] [Scenario:
                Sign Up with fake credentials] [36mo.a.q.c.g.s.w.WrappedWebdriver[0;39m - Finding element by: By.className: error-message 
[[34mINFO [0;39m] [] 21:41:52.055 [TestCaseId:] [Scenario:
                Sign Up with fake credentials] [36mo.a.q.c.g.s.w.WrappedWebdriver[0;39m - Find_Element Execution_Time(ms):; 1; Page_URL:; http://localhost:8081/#!/login;
[[34mINFO [0;39m] [] 21:41:52.109 [TestCaseId:] [Scenario:
                Sign Up with fake credentials] [36mo.a.q.c.g.s.w.WebdriverHelper[0;39m - Wait_For_Page_Update Execution_Time(ms):; 20; Page_URL:; http://localhost:8081/#!/login;
[[34mINFO [0;39m] [] 21:41:52.119 [TestCaseId:] [Scenario:
                Sign Up with fake credentials] [36mo.a.q.c.g.s.w.WebdriverHelper[0;39m - get_Text Execution_Time(ms):; 119; Page_URL:; http://localhost:8081/#!/login;
[[39mDEBUG[0;39m] [] 21:41:54.932 [TestCaseId:] [Scenario:
                ] [36mo.a.q.c.g.s.w.WrappedWebdriver[0;39m - Driver quit
[[34mINFO [0;39m] [] 21:41:55.911 [TestCaseId:] [Scenario:
                ] [36mo.a.q.c.g.s.w.WrappedWebdriver[0;39m - Driver_Quit Execution_Time(ms):; 979; Page_URL:; ;
