[[34mINFO [0;39m] [] 18:57:26.293 [TestCaseId:] [Scenario:
                Create a new project, check its status and presence in Recents] [36mo.a.q.c.s.p.LoginPageObject[0;39m - Open login page
[[39mDEBUG[0;39m] [] 18:57:26.303 [TestCaseId:] [Scenario:
                Create a new project, check its status and presence in Recents] [36mo.a.q.c.s.w.WrappedWebdriver[0;39m - Opening url: http://localhost:8081/#!/login
[[39mDEBUG[0;39m] [] 18:57:28.533 [TestCaseId:] [Scenario:
                Create a new project, check its status and presence in Recents] [36mo.a.q.c.s.a.p.AllureAttachmentsProvider[0;39m - Attach screenshot to the Allure report
[[34mINFO [0;39m] [] 18:57:28.979 [TestCaseId:] [Scenario:
                Create a new project, check its status and presence in Recents] [36mo.a.q.c.s.w.WrappedWebdriver[0;39m - Open_Page Execution_Time(ms):; 2676; Page_URL:; http://localhost:8081/#!/login;
[[34mINFO [0;39m] [] 18:57:28.979 [TestCaseId:] [Scenario:
                Create a new project, check its status and presence in Recents] [36mo.a.q.c.s.p.LoginPageObject[0;39m - Set login as admin in SingIn form
[[34mINFO [0;39m] [] 18:57:29.029 [TestCaseId:] [Scenario:
                Create a new project, check its status and presence in Recents] [36mo.a.q.c.s.w.WebdriverHelper[0;39m - Wait_For_Page_Update Execution_Time(ms):; 20; Page_URL:; http://localhost:8081/#!/login;
[[39mDEBUG[0;39m] [] 18:57:29.029 [TestCaseId:] [Scenario:
                Create a new project, check its status and presence in Recents] [36mo.a.q.c.s.w.WrappedWebdriver[0;39m - Finding element by: By.name: login 
[[34mINFO [0;39m] [] 18:57:29.059 [TestCaseId:] [Scenario:
                Create a new project, check its status and presence in Recents] [36mo.a.q.c.s.w.WrappedWebdriver[0;39m - Find_Element Execution_Time(ms):; 20; Page_URL:; http://localhost:8081/#!/login;
[[39mDEBUG[0;39m] [] 18:57:29.079 [TestCaseId:] [Scenario:
                Create a new project, check its status and presence in Recents] [36mo.a.q.c.s.w.WrappedWebdriver[0;39m - Finding element by: By.name: login 
[[34mINFO [0;39m] [] 18:57:29.099 [TestCaseId:] [Scenario:
                Create a new project, check its status and presence in Recents] [36mo.a.q.c.s.w.WrappedWebdriver[0;39m - Find_Element Execution_Time(ms):; 10; Page_URL:; http://localhost:8081/#!/login;
[[39mDEBUG[0;39m] [] 18:57:29.119 [TestCaseId:] [Scenario:
                Create a new project, check its status and presence in Recents] [36mo.a.q.c.s.w.WrappedWebdriver[0;39m - Finding element by: By.name: login 
[[34mINFO [0;39m] [] 18:57:29.131 [TestCaseId:] [Scenario:
                Create a new project, check its status and presence in Recents] [36mo.a.q.c.s.w.WrappedWebdriver[0;39m - Find_Element Execution_Time(ms):; 7; Page_URL:; http://localhost:8081/#!/login;
[[34mINFO [0;39m] [] 18:57:29.209 [TestCaseId:] [Scenario:
                Create a new project, check its status and presence in Recents] [36mo.a.q.c.s.w.WebdriverHelper[0;39m - Wait_For_Page_Update Execution_Time(ms):; 5; Page_URL:; http://localhost:8081/#!/login;
[[34mINFO [0;39m] [] 18:57:29.218 [TestCaseId:] [Scenario:
                Create a new project, check its status and presence in Recents] [36mo.a.q.c.s.w.WebdriverHelper[0;39m - Send_Keys Execution_Time(ms):; 210; Page_URL:; http://localhost:8081/#!/login;
[[34mINFO [0;39m] [] 18:57:29.238 [TestCaseId:] [Scenario:
                Create a new project, check its status and presence in Recents] [36mo.a.q.c.s.w.WebdriverHelper[0;39m - Wait_For_Page_Update Execution_Time(ms):; 8; Page_URL:; http://localhost:8081/#!/login;
[[39mDEBUG[0;39m] [] 18:57:29.238 [TestCaseId:] [Scenario:
                Create a new project, check its status and presence in Recents] [36mo.a.q.c.s.w.WrappedWebdriver[0;39m - Finding element by: By.name: password 
[[34mINFO [0;39m] [] 18:57:29.279 [TestCaseId:] [Scenario:
                Create a new project, check its status and presence in Recents] [36mo.a.q.c.s.w.WrappedWebdriver[0;39m - Find_Element Execution_Time(ms):; 30; Page_URL:; http://localhost:8081/#!/login;
[[39mDEBUG[0;39m] [] 18:57:29.299 [TestCaseId:] [Scenario:
                Create a new project, check its status and presence in Recents] [36mo.a.q.c.s.w.WrappedWebdriver[0;39m - Finding element by: By.name: password 
[[34mINFO [0;39m] [] 18:57:29.319 [TestCaseId:] [Scenario:
                Create a new project, check its status and presence in Recents] [36mo.a.q.c.s.w.WrappedWebdriver[0;39m - Find_Element Execution_Time(ms):; 10; Page_URL:; http://localhost:8081/#!/login;
[[39mDEBUG[0;39m] [] 18:57:29.339 [TestCaseId:] [Scenario:
                Create a new project, check its status and presence in Recents] [36mo.a.q.c.s.w.WrappedWebdriver[0;39m - Finding element by: By.name: password 
[[34mINFO [0;39m] [] 18:57:29.343 [TestCaseId:] [Scenario:
                Create a new project, check its status and presence in Recents] [36mo.a.q.c.s.w.WrappedWebdriver[0;39m - Find_Element Execution_Time(ms):; 1; Page_URL:; http://localhost:8081/#!/login;
[[34mINFO [0;39m] [] 18:57:29.399 [TestCaseId:] [Scenario:
                Create a new project, check its status and presence in Recents] [36mo.a.q.c.s.w.WebdriverHelper[0;39m - Wait_For_Page_Update Execution_Time(ms):; 6; Page_URL:; http://localhost:8081/#!/login;
[[34mINFO [0;39m] [] 18:57:29.404 [TestCaseId:] [Scenario:
                Create a new project, check its status and presence in Recents] [36mo.a.q.c.s.w.WebdriverHelper[0;39m - Send_Keys Execution_Time(ms):; 181; Page_URL:; http://localhost:8081/#!/login;
[[34mINFO [0;39m] [] 18:57:29.416 [TestCaseId:] [Scenario:
                Create a new project, check its status and presence in Recents] [36mo.a.q.c.s.w.WebdriverHelper[0;39m - Wait_For_Page_Update Execution_Time(ms):; 5; Page_URL:; http://localhost:8081/#!/login;
[[39mDEBUG[0;39m] [] 18:57:29.416 [TestCaseId:] [Scenario:
                Create a new project, check its status and presence in Recents] [36mo.a.q.c.s.w.WrappedWebdriver[0;39m - Finding element by: By.className: login-button 
[[34mINFO [0;39m] [] 18:57:29.459 [TestCaseId:] [Scenario:
                Create a new project, check its status and presence in Recents] [36mo.a.q.c.s.w.WrappedWebdriver[0;39m - Find_Element Execution_Time(ms):; 32; Page_URL:; http://localhost:8081/#!/login;
[[39mDEBUG[0;39m] [] 18:57:29.479 [TestCaseId:] [Scenario:
                Create a new project, check its status and presence in Recents] [36mo.a.q.c.s.w.WrappedWebdriver[0;39m - Finding element by: By.className: login-button 
[[34mINFO [0;39m] [] 18:57:29.499 [TestCaseId:] [Scenario:
                Create a new project, check its status and presence in Recents] [36mo.a.q.c.s.w.WrappedWebdriver[0;39m - Find_Element Execution_Time(ms):; 10; Page_URL:; http://localhost:8081/#!/login;
[[34mINFO [0;39m] [] 18:57:29.519 [TestCaseId:] [Scenario:
                Create a new project, check its status and presence in Recents] [36mo.a.q.c.s.w.WebdriverHelper[0;39m - Wait_For_Element_To_Be_Clickable Execution_Time(ms):; 93; Page_URL:; http://localhost:8081/#!/login;
[[39mDEBUG[0;39m] [] 18:57:29.519 [TestCaseId:] [Scenario:
                Create a new project, check its status and presence in Recents] [36mo.a.q.c.s.w.WrappedWebdriver[0;39m - Finding element by: By.className: login-button 
[[34mINFO [0;39m] [] 18:57:29.539 [TestCaseId:] [Scenario:
                Create a new project, check its status and presence in Recents] [36mo.a.q.c.s.w.WrappedWebdriver[0;39m - Find_Element Execution_Time(ms):; 10; Page_URL:; http://localhost:8081/#!/login;
[[34mINFO [0;39m] [] 18:57:29.686 [TestCaseId:] [Scenario:
                Create a new project, check its status and presence in Recents] [36mo.a.q.c.s.w.WebdriverHelper[0;39m - Wait_For_Page_Update Execution_Time(ms):; 83; Page_URL:; http://localhost:8081/#!/dashboard;
[[34mINFO [0;39m] [] 18:57:29.690 [TestCaseId:] [Scenario:
                Create a new project, check its status and presence in Recents] [36mo.a.q.c.s.w.WebdriverHelper[0;39m - Click Execution_Time(ms):; 281; Page_URL:; http://localhost:8081/#!/dashboard;
[[39mDEBUG[0;39m] [] 18:57:29.691 [TestCaseId:] [Scenario:
                Create a new project, check its status and presence in Recents] [36mo.a.q.c.s.a.p.AllureAttachmentsProvider[0;39m - Attach screenshot to the Allure report
[[34mINFO [0;39m] [] 18:57:30.162 [TestCaseId:] [Scenario:
                Create a new project, check its status and presence in Recents] [36mo.a.q.c.s.p.LoginPageObject[0;39m - Submit SignIn form
[[34mINFO [0;39m] [] 18:57:30.192 [TestCaseId:] [Scenario:
                Create a new project, check its status and presence in Recents] [36mo.a.q.c.s.w.WebdriverHelper[0;39m - Wait_For_Page_Update Execution_Time(ms):; 20; Page_URL:; http://localhost:8081/#!/dashboard;
[[39mDEBUG[0;39m] [] 18:57:30.192 [TestCaseId:] [Scenario:
                Create a new project, check its status and presence in Recents] [36mo.a.q.c.s.w.WrappedWebdriver[0;39m - Finding element by: By.className: login-button 
[[34mINFO [0;39m] [] 18:57:30.222 [TestCaseId:] [Scenario:
                Create a new project, check its status and presence in Recents] [36mo.a.q.c.s.w.WrappedWebdriver[0;39m - Find_Element Execution_Time(ms):; 20; Page_URL:; http://localhost:8081/#!/dashboard;
[[39mDEBUG[0;39m] [] 18:57:30.723 [TestCaseId:] [Scenario:
                Create a new project, check its status and presence in Recents] [36mo.a.q.c.s.w.WrappedWebdriver[0;39m - Finding element by: By.className: login-button 
[[34mINFO [0;39m] [] 18:57:30.783 [TestCaseId:] [Scenario:
                Create a new project, check its status and presence in Recents] [36mo.a.q.c.s.w.WrappedWebdriver[0;39m - Find_Element Execution_Time(ms):; 40; Page_URL:; http://localhost:8081/#!/dashboard;
[[39mDEBUG[0;39m] [] 18:57:31.283 [TestCaseId:] [Scenario:
                Create a new project, check its status and presence in Recents] [36mo.a.q.c.s.w.WrappedWebdriver[0;39m - Finding element by: By.className: login-button 
[[34mINFO [0;39m] [] 18:57:31.323 [TestCaseId:] [Scenario:
                Create a new project, check its status and presence in Recents] [36mo.a.q.c.s.w.WrappedWebdriver[0;39m - Find_Element Execution_Time(ms):; 30; Page_URL:; http://localhost:8081/#!/dashboard;
[[39mDEBUG[0;39m] [] 18:57:31.838 [TestCaseId:] [Scenario:
                Create a new project, check its status and presence in Recents] [36mo.a.q.c.s.w.WrappedWebdriver[0;39m - Finding element by: By.className: login-button 
[[34mINFO [0;39m] [] 18:57:31.858 [TestCaseId:] [Scenario:
                Create a new project, check its status and presence in Recents] [36mo.a.q.c.s.w.WrappedWebdriver[0;39m - Find_Element Execution_Time(ms):; 10; Page_URL:; http://localhost:8081/#!/dashboard;
[[39mDEBUG[0;39m] [] 18:57:32.358 [TestCaseId:] [Scenario:
                Create a new project, check its status and presence in Recents] [36mo.a.q.c.s.w.WrappedWebdriver[0;39m - Finding element by: By.className: login-button 
[[34mINFO [0;39m] [] 18:57:32.399 [TestCaseId:] [Scenario:
                Create a new project, check its status and presence in Recents] [36mo.a.q.c.s.w.WrappedWebdriver[0;39m - Find_Element Execution_Time(ms):; 19; Page_URL:; http://localhost:8081/#!/dashboard;
[[39mDEBUG[0;39m] [] 18:57:32.900 [TestCaseId:] [Scenario:
                Create a new project, check its status and presence in Recents] [36mo.a.q.c.s.w.WrappedWebdriver[0;39m - Finding element by: By.className: login-button 
[[34mINFO [0;39m] [] 18:57:32.930 [TestCaseId:] [Scenario:
                Create a new project, check its status and presence in Recents] [36mo.a.q.c.s.w.WrappedWebdriver[0;39m - Find_Element Execution_Time(ms):; 20; Page_URL:; http://localhost:8081/#!/dashboard;
[[39mDEBUG[0;39m] [] 18:57:33.438 [TestCaseId:] [Scenario:
                Create a new project, check its status and presence in Recents] [36mo.a.q.c.s.w.WrappedWebdriver[0;39m - Finding element by: By.className: login-button 
[[34mINFO [0;39m] [] 18:57:33.480 [TestCaseId:] [Scenario:
                Create a new project, check its status and presence in Recents] [36mo.a.q.c.s.w.WrappedWebdriver[0;39m - Find_Element Execution_Time(ms):; 21; Page_URL:; http://localhost:8081/#!/dashboard;
[[39mDEBUG[0;39m] [] 18:57:33.992 [TestCaseId:] [Scenario:
                Create a new project, check its status and presence in Recents] [36mo.a.q.c.s.w.WrappedWebdriver[0;39m - Finding element by: By.className: login-button 
[[34mINFO [0;39m] [] 18:57:34.012 [TestCaseId:] [Scenario:
                Create a new project, check its status and presence in Recents] [36mo.a.q.c.s.w.WrappedWebdriver[0;39m - Find_Element Execution_Time(ms):; 10; Page_URL:; http://localhost:8081/#!/dashboard;
[[39mDEBUG[0;39m] [] 18:57:34.521 [TestCaseId:] [Scenario:
                Create a new project, check its status and presence in Recents] [36mo.a.q.c.s.w.WrappedWebdriver[0;39m - Finding element by: By.className: login-button 
[[34mINFO [0;39m] [] 18:57:34.561 [TestCaseId:] [Scenario:
                Create a new project, check its status and presence in Recents] [36mo.a.q.c.s.w.WrappedWebdriver[0;39m - Find_Element Execution_Time(ms):; 20; Page_URL:; http://localhost:8081/#!/dashboard;
[[39mDEBUG[0;39m] [] 18:57:35.063 [TestCaseId:] [Scenario:
                Create a new project, check its status and presence in Recents] [36mo.a.q.c.s.w.WrappedWebdriver[0;39m - Finding element by: By.className: login-button 
[[34mINFO [0;39m] [] 18:57:35.113 [TestCaseId:] [Scenario:
                Create a new project, check its status and presence in Recents] [36mo.a.q.c.s.w.WrappedWebdriver[0;39m - Find_Element Execution_Time(ms):; 30; Page_URL:; http://localhost:8081/#!/dashboard;
[[39mDEBUG[0;39m] [] 18:57:35.619 [TestCaseId:] [Scenario:
                Create a new project, check its status and presence in Recents] [36mo.a.q.c.s.w.WrappedWebdriver[0;39m - Finding element by: By.className: login-button 
[[34mINFO [0;39m] [] 18:57:35.669 [TestCaseId:] [Scenario:
                Create a new project, check its status and presence in Recents] [36mo.a.q.c.s.w.WrappedWebdriver[0;39m - Find_Element Execution_Time(ms):; 30; Page_URL:; http://localhost:8081/#!/dashboard;
[[39mDEBUG[0;39m] [] 18:57:36.169 [TestCaseId:] [Scenario:
                Create a new project, check its status and presence in Recents] [36mo.a.q.c.s.w.WrappedWebdriver[0;39m - Finding element by: By.className: login-button 
[[34mINFO [0;39m] [] 18:57:36.219 [TestCaseId:] [Scenario:
                Create a new project, check its status and presence in Recents] [36mo.a.q.c.s.w.WrappedWebdriver[0;39m - Find_Element Execution_Time(ms):; 30; Page_URL:; http://localhost:8081/#!/dashboard;
[[39mDEBUG[0;39m] [] 18:57:36.724 [TestCaseId:] [Scenario:
                Create a new project, check its status and presence in Recents] [36mo.a.q.c.s.w.WrappedWebdriver[0;39m - Finding element by: By.className: login-button 
[[34mINFO [0;39m] [] 18:57:36.764 [TestCaseId:] [Scenario:
                Create a new project, check its status and presence in Recents] [36mo.a.q.c.s.w.WrappedWebdriver[0;39m - Find_Element Execution_Time(ms):; 20; Page_URL:; http://localhost:8081/#!/dashboard;
[[39mDEBUG[0;39m] [] 18:57:37.276 [TestCaseId:] [Scenario:
                Create a new project, check its status and presence in Recents] [36mo.a.q.c.s.w.WrappedWebdriver[0;39m - Finding element by: By.className: login-button 
[[34mINFO [0;39m] [] 18:57:37.326 [TestCaseId:] [Scenario:
                Create a new project, check its status and presence in Recents] [36mo.a.q.c.s.w.WrappedWebdriver[0;39m - Find_Element Execution_Time(ms):; 30; Page_URL:; http://localhost:8081/#!/dashboard;
[[39mDEBUG[0;39m] [] 18:57:37.326 [TestCaseId:] [Scenario:
                Create a new project, check its status and presence in Recents] [36mo.a.q.c.s.w.WrappedWebdriver[0;39m - Finding element by: By.className: login-button 
[[34mINFO [0;39m] [] 18:57:37.377 [TestCaseId:] [Scenario:
                Create a new project, check its status and presence in Recents] [36mo.a.q.c.s.w.WrappedWebdriver[0;39m - Find_Element Execution_Time(ms):; 40; Page_URL:; http://localhost:8081/#!/dashboard;
[[34mINFO [0;39m] [] 18:57:37.381 [TestCaseId:] [Scenario:
                Create a new project, check its status and presence in Recents] [36mo.a.q.c.s.w.WebdriverHelper[0;39m - Wait_For_Element_To_Be_Clickable Execution_Time(ms):; 7185; Page_URL:; http://localhost:8081/#!/dashboard;
[[39mDEBUG[0;39m] [] 18:57:37.381 [TestCaseId:] [Scenario:
                Create a new project, check its status and presence in Recents] [36mo.a.q.c.s.a.p.AllureAttachmentsProvider[0;39m - Attach screenshot to the Allure report
[[34mINFO [0;39m] [] 18:57:37.743 [TestCaseId:] [Scenario:
                Create a new project, check its status and presence in Recents] [36mo.a.q.c.s.w.WebdriverHelper[0;39m - Click Execution_Time(ms):; 7571; Page_URL:; http://localhost:8081/#!/dashboard;
[[39mDEBUG[0;39m] [] 18:57:37.743 [TestCaseId:] [Scenario:
                Create a new project, check its status and presence in Recents] [36mo.a.q.c.s.a.p.AllureAttachmentsProvider[0;39m - Attach screenshot to the Allure report
[[39mDEBUG[0;39m] [] 18:57:38.122 [TestCaseId:] [Scenario:
                Create a new project, check its status and presence in Recents] [36mo.a.q.c.s.a.p.AllureAttachmentsProvider[0;39m - Attach screenshot to the Allure report
[[39mDEBUG[0;39m] [] 18:57:38.509 [TestCaseId:] [Scenario:
                Create a new project, check its status and presence in Recents] [36mo.a.q.c.s.w.WrappedWebdriver[0;39m - Finding element by: By.className: page-title 
[[34mINFO [0;39m] [] 18:57:38.539 [TestCaseId:] [Scenario:
                Create a new project, check its status and presence in Recents] [36mo.a.q.c.s.w.WrappedWebdriver[0;39m - Find_Element Execution_Time(ms):; 20; Page_URL:; http://localhost:8081/#!/dashboard;
[[39mDEBUG[0;39m] [] 18:57:38.579 [TestCaseId:] [Scenario:
                Create a new project, check its status and presence in Recents] [36mo.a.q.c.s.w.WrappedWebdriver[0;39m - Finding element by: By.xpath: //dropdown[@title='select asset type']//button 
[[34mINFO [0;39m] [] 18:57:38.609 [TestCaseId:] [Scenario:
                Create a new project, check its status and presence in Recents] [36mo.a.q.c.s.w.WrappedWebdriver[0;39m - Find_Element Execution_Time(ms):; 20; Page_URL:; http://localhost:8081/#!/dashboard;
[[34mINFO [0;39m] [] 18:57:38.639 [TestCaseId:] [Scenario:
                Create a new project, check its status and presence in Recents] [36mo.a.q.c.s.w.WebdriverHelper[0;39m - Wait_For_Page_Update Execution_Time(ms):; 20; Page_URL:; http://localhost:8081/#!/dashboard;
[[34mINFO [0;39m] [] 18:57:38.679 [TestCaseId:] [Scenario:
                Create a new project, check its status and presence in Recents] [36mo.a.q.c.s.w.WebdriverHelper[0;39m - Wait_For_Element_To_Be_Clickable Execution_Time(ms):; 30; Page_URL:; http://localhost:8081/#!/dashboard;
[[34mINFO [0;39m] [] 18:57:38.725 [TestCaseId:] [Scenario:
                Create a new project, check its status and presence in Recents] [36mo.a.q.c.s.w.WebdriverHelper[0;39m - Wait_For_Page_Update Execution_Time(ms):; 9; Page_URL:; http://localhost:8081/#!/dashboard;
[[34mINFO [0;39m] [] 18:57:38.730 [TestCaseId:] [Scenario:
                Create a new project, check its status and presence in Recents] [36mo.a.q.c.s.w.WebdriverHelper[0;39m - Click Execution_Time(ms):; 116; Page_URL:; http://localhost:8081/#!/dashboard;
[[39mDEBUG[0;39m] [] 18:57:38.730 [TestCaseId:] [Scenario:
                Create a new project, check its status and presence in Recents] [36mo.a.q.c.s.w.WrappedWebdriver[0;39m - Finding element by: By.xpath: //ul[@class = 'dropdown-menu']//a[text()='Offshore Oil and Gas'] 
[[34mINFO [0;39m] [] 18:57:38.752 [TestCaseId:] [Scenario:
                Create a new project, check its status and presence in Recents] [36mo.a.q.c.s.w.WrappedWebdriver[0;39m - Find_Element Execution_Time(ms):; 18; Page_URL:; http://localhost:8081/#!/dashboard;
[[34mINFO [0;39m] [] 18:57:38.765 [TestCaseId:] [Scenario:
                Create a new project, check its status and presence in Recents] [36mo.a.q.c.s.w.WebdriverHelper[0;39m - Wait_For_Page_Update Execution_Time(ms):; 7; Page_URL:; http://localhost:8081/#!/dashboard;
[[34mINFO [0;39m] [] 18:57:38.795 [TestCaseId:] [Scenario:
                Create a new project, check its status and presence in Recents] [36mo.a.q.c.s.w.WebdriverHelper[0;39m - Wait_For_Element_To_Be_Clickable Execution_Time(ms):; 26; Page_URL:; http://localhost:8081/#!/dashboard;
[[34mINFO [0;39m] [] 18:57:38.845 [TestCaseId:] [Scenario:
                Create a new project, check its status and presence in Recents] [36mo.a.q.c.s.w.WebdriverHelper[0;39m - Wait_For_Page_Update Execution_Time(ms):; 6; Page_URL:; http://localhost:8081/#!/dashboard;
[[34mINFO [0;39m] [] 18:57:38.849 [TestCaseId:] [Scenario:
                Create a new project, check its status and presence in Recents] [36mo.a.q.c.s.w.WebdriverHelper[0;39m - Click Execution_Time(ms):; 92; Page_URL:; http://localhost:8081/#!/dashboard;
[[39mDEBUG[0;39m] [] 18:57:38.850 [TestCaseId:] [Scenario:
                Create a new project, check its status and presence in Recents] [36mo.a.q.c.s.w.WrappedWebdriver[0;39m - Finding element by: By.xpath: //div[contains(@ng-repeat, 'system')]/span[text()='oil dehydration']/.. 
[[34mINFO [0;39m] [] 18:57:38.866 [TestCaseId:] [Scenario:
                Create a new project, check its status and presence in Recents] [36mo.a.q.c.s.w.WrappedWebdriver[0;39m - Find_Element Execution_Time(ms):; 12; Page_URL:; http://localhost:8081/#!/dashboard;
[[34mINFO [0;39m] [] 18:57:38.875 [TestCaseId:] [Scenario:
                Create a new project, check its status and presence in Recents] [36mo.a.q.c.s.w.WebdriverHelper[0;39m - Wait_For_Page_Update Execution_Time(ms):; 5; Page_URL:; http://localhost:8081/#!/dashboard;
[[34mINFO [0;39m] [] 18:57:38.918 [TestCaseId:] [Scenario:
                Create a new project, check its status and presence in Recents] [36mo.a.q.c.s.w.WebdriverHelper[0;39m - Wait_For_Element_To_Be_Clickable Execution_Time(ms):; 33; Page_URL:; http://localhost:8081/#!/dashboard;
[[34mINFO [0;39m] [] 18:57:38.959 [TestCaseId:] [Scenario:
                Create a new project, check its status and presence in Recents] [36mo.a.q.c.s.w.WebdriverHelper[0;39m - Wait_For_Page_Update Execution_Time(ms):; 5; Page_URL:; http://localhost:8081/#!/dashboard;
[[34mINFO [0;39m] [] 18:57:39.010 [TestCaseId:] [Scenario:
                Create a new project, check its status and presence in Recents] [36mo.a.q.c.s.w.WebdriverHelper[0;39m - Click Execution_Time(ms):; 93; Page_URL:; http://localhost:8081/#!/dashboard;
[[39mDEBUG[0;39m] [] 18:57:39.010 [TestCaseId:] [Scenario:
                Create a new project, check its status and presence in Recents] [36mo.a.q.c.s.w.WrappedWebdriver[0;39m - Finding element by: By.xpath: //div[contains(@ng-repeat, 'system')]/span[text()='oil dehydration']/.. 
[[34mINFO [0;39m] [] 18:57:39.030 [TestCaseId:] [Scenario:
                Create a new project, check its status and presence in Recents] [36mo.a.q.c.s.w.WrappedWebdriver[0;39m - Find_Element Execution_Time(ms):; 10; Page_URL:; http://localhost:8081/#!/dashboard;
[[39mDEBUG[0;39m] [] 18:57:39.040 [TestCaseId:] [Scenario:
                Create a new project, check its status and presence in Recents] [36mo.a.q.c.s.w.WrappedWebdriver[0;39m - Finding element by: By.xpath: //dropdown[@title='select library']//button 
[[34mINFO [0;39m] [] 18:57:39.071 [TestCaseId:] [Scenario:
                Create a new project, check its status and presence in Recents] [36mo.a.q.c.s.w.WrappedWebdriver[0;39m - Find_Element Execution_Time(ms):; 11; Page_URL:; http://localhost:8081/#!/dashboard;
[[34mINFO [0;39m] [] 18:57:39.101 [TestCaseId:] [Scenario:
                Create a new project, check its status and presence in Recents] [36mo.a.q.c.s.w.WebdriverHelper[0;39m - Wait_For_Page_Update Execution_Time(ms):; 20; Page_URL:; http://localhost:8081/#!/dashboard;
[[34mINFO [0;39m] [] 18:57:39.141 [TestCaseId:] [Scenario:
                Create a new project, check its status and presence in Recents] [36mo.a.q.c.s.w.WebdriverHelper[0;39m - Wait_For_Element_To_Be_Clickable Execution_Time(ms):; 30; Page_URL:; http://localhost:8081/#!/dashboard;
[[34mINFO [0;39m] [] 18:57:39.183 [TestCaseId:] [Scenario:
                Create a new project, check its status and presence in Recents] [36mo.a.q.c.s.w.WebdriverHelper[0;39m - Wait_For_Page_Update Execution_Time(ms):; 6; Page_URL:; http://localhost:8081/#!/dashboard;
[[34mINFO [0;39m] [] 18:57:39.186 [TestCaseId:] [Scenario:
                Create a new project, check its status and presence in Recents] [36mo.a.q.c.s.w.WebdriverHelper[0;39m - Click Execution_Time(ms):; 112; Page_URL:; http://localhost:8081/#!/dashboard;
[[39mDEBUG[0;39m] [] 18:57:39.186 [TestCaseId:] [Scenario:
                Create a new project, check its status and presence in Recents] [36mo.a.q.c.s.w.WrappedWebdriver[0;39m - Finding element by: By.xpath: //ul[@class = 'dropdown-menu']//a[text()='Main Library'] 
[[34mINFO [0;39m] [] 18:57:39.203 [TestCaseId:] [Scenario:
                Create a new project, check its status and presence in Recents] [36mo.a.q.c.s.w.WrappedWebdriver[0;39m - Find_Element Execution_Time(ms):; 14; Page_URL:; http://localhost:8081/#!/dashboard;
[[34mINFO [0;39m] [] 18:57:39.244 [TestCaseId:] [Scenario:
                Create a new project, check its status and presence in Recents] [36mo.a.q.c.s.w.WebdriverHelper[0;39m - Wait_For_Page_Update Execution_Time(ms):; 31; Page_URL:; http://localhost:8081/#!/dashboard;
[[34mINFO [0;39m] [] 18:57:39.268 [TestCaseId:] [Scenario:
                Create a new project, check its status and presence in Recents] [36mo.a.q.c.s.w.WebdriverHelper[0;39m - Wait_For_Element_To_Be_Clickable Execution_Time(ms):; 21; Page_URL:; http://localhost:8081/#!/dashboard;
[[34mINFO [0;39m] [] 18:57:39.323 [TestCaseId:] [Scenario:
                Create a new project, check its status and presence in Recents] [36mo.a.q.c.s.w.WebdriverHelper[0;39m - Wait_For_Page_Update Execution_Time(ms):; 6; Page_URL:; http://localhost:8081/#!/dashboard;
[[34mINFO [0;39m] [] 18:57:39.327 [TestCaseId:] [Scenario:
                Create a new project, check its status and presence in Recents] [36mo.a.q.c.s.w.WebdriverHelper[0;39m - Click Execution_Time(ms):; 120; Page_URL:; http://localhost:8081/#!/dashboard;
[[39mDEBUG[0;39m] [] 18:57:39.328 [TestCaseId:] [Scenario:
                Create a new project, check its status and presence in Recents] [36mo.a.q.c.s.w.WrappedWebdriver[0;39m - Finding element by: By.xpath: //dropdown[@title='select region']//button 
[[34mINFO [0;39m] [] 18:57:39.344 [TestCaseId:] [Scenario:
                Create a new project, check its status and presence in Recents] [36mo.a.q.c.s.w.WrappedWebdriver[0;39m - Find_Element Execution_Time(ms):; 13; Page_URL:; http://localhost:8081/#!/dashboard;
[[34mINFO [0;39m] [] 18:57:39.353 [TestCaseId:] [Scenario:
                Create a new project, check its status and presence in Recents] [36mo.a.q.c.s.w.WebdriverHelper[0;39m - Wait_For_Page_Update Execution_Time(ms):; 5; Page_URL:; http://localhost:8081/#!/dashboard;
[[34mINFO [0;39m] [] 18:57:39.397 [TestCaseId:] [Scenario:
                Create a new project, check its status and presence in Recents] [36mo.a.q.c.s.w.WebdriverHelper[0;39m - Wait_For_Element_To_Be_Clickable Execution_Time(ms):; 22; Page_URL:; http://localhost:8081/#!/dashboard;
[[34mINFO [0;39m] [] 18:57:39.445 [TestCaseId:] [Scenario:
                Create a new project, check its status and presence in Recents] [36mo.a.q.c.s.w.WebdriverHelper[0;39m - Wait_For_Page_Update Execution_Time(ms):; 3; Page_URL:; http://localhost:8081/#!/dashboard;
[[34mINFO [0;39m] [] 18:57:39.449 [TestCaseId:] [Scenario:
                Create a new project, check its status and presence in Recents] [36mo.a.q.c.s.w.WebdriverHelper[0;39m - Click Execution_Time(ms):; 101; Page_URL:; http://localhost:8081/#!/dashboard;
[[39mDEBUG[0;39m] [] 18:57:39.449 [TestCaseId:] [Scenario:
                Create a new project, check its status and presence in Recents] [36mo.a.q.c.s.w.WrappedWebdriver[0;39m - Finding element by: By.xpath: //ul[@class = 'dropdown-menu']//a[text()='USA'] 
[[34mINFO [0;39m] [] 18:57:39.464 [TestCaseId:] [Scenario:
                Create a new project, check its status and presence in Recents] [36mo.a.q.c.s.w.WrappedWebdriver[0;39m - Find_Element Execution_Time(ms):; 12; Page_URL:; http://localhost:8081/#!/dashboard;
[[34mINFO [0;39m] [] 18:57:39.481 [TestCaseId:] [Scenario:
                Create a new project, check its status and presence in Recents] [36mo.a.q.c.s.w.WebdriverHelper[0;39m - Wait_For_Page_Update Execution_Time(ms):; 5; Page_URL:; http://localhost:8081/#!/dashboard;
[[34mINFO [0;39m] [] 18:57:39.512 [TestCaseId:] [Scenario:
                Create a new project, check its status and presence in Recents] [36mo.a.q.c.s.w.WebdriverHelper[0;39m - Wait_For_Element_To_Be_Clickable Execution_Time(ms):; 30; Page_URL:; http://localhost:8081/#!/dashboard;
[[34mINFO [0;39m] [] 18:57:39.567 [TestCaseId:] [Scenario:
                Create a new project, check its status and presence in Recents] [36mo.a.q.c.s.w.WebdriverHelper[0;39m - Wait_For_Page_Update Execution_Time(ms):; 6; Page_URL:; http://localhost:8081/#!/dashboard;
[[34mINFO [0;39m] [] 18:57:39.570 [TestCaseId:] [Scenario:
                Create a new project, check its status and presence in Recents] [36mo.a.q.c.s.w.WebdriverHelper[0;39m - Click Execution_Time(ms):; 103; Page_URL:; http://localhost:8081/#!/dashboard;
[[39mDEBUG[0;39m] [] 18:57:39.570 [TestCaseId:] [Scenario:
                Create a new project, check its status and presence in Recents] [36mo.a.q.c.s.w.WrappedWebdriver[0;39m - Finding element by: By.xpath: //dropdown[@title='select location']//button 
[[34mINFO [0;39m] [] 18:57:39.586 [TestCaseId:] [Scenario:
                Create a new project, check its status and presence in Recents] [36mo.a.q.c.s.w.WrappedWebdriver[0;39m - Find_Element Execution_Time(ms):; 13; Page_URL:; http://localhost:8081/#!/dashboard;
[[34mINFO [0;39m] [] 18:57:39.593 [TestCaseId:] [Scenario:
                Create a new project, check its status and presence in Recents] [36mo.a.q.c.s.w.WebdriverHelper[0;39m - Wait_For_Page_Update Execution_Time(ms):; 4; Page_URL:; http://localhost:8081/#!/dashboard;
[[34mINFO [0;39m] [] 18:57:39.635 [TestCaseId:] [Scenario:
                Create a new project, check its status and presence in Recents] [36mo.a.q.c.s.w.WebdriverHelper[0;39m - Wait_For_Element_To_Be_Clickable Execution_Time(ms):; 32; Page_URL:; http://localhost:8081/#!/dashboard;
[[34mINFO [0;39m] [] 18:57:39.676 [TestCaseId:] [Scenario:
                Create a new project, check its status and presence in Recents] [36mo.a.q.c.s.w.WebdriverHelper[0;39m - Wait_For_Page_Update Execution_Time(ms):; 5; Page_URL:; http://localhost:8081/#!/dashboard;
[[34mINFO [0;39m] [] 18:57:39.681 [TestCaseId:] [Scenario:
                Create a new project, check its status and presence in Recents] [36mo.a.q.c.s.w.WebdriverHelper[0;39m - Click Execution_Time(ms):; 91; Page_URL:; http://localhost:8081/#!/dashboard;
[[39mDEBUG[0;39m] [] 18:57:39.681 [TestCaseId:] [Scenario:
                Create a new project, check its status and presence in Recents] [36mo.a.q.c.s.w.WrappedWebdriver[0;39m - Finding element by: By.xpath: //ul[@class = 'dropdown-menu']//a[text()='Gulf of Mexico'] 
[[34mINFO [0;39m] [] 18:57:39.696 [TestCaseId:] [Scenario:
                Create a new project, check its status and presence in Recents] [36mo.a.q.c.s.w.WrappedWebdriver[0;39m - Find_Element Execution_Time(ms):; 12; Page_URL:; http://localhost:8081/#!/dashboard;
[[34mINFO [0;39m] [] 18:57:39.704 [TestCaseId:] [Scenario:
                Create a new project, check its status and presence in Recents] [36mo.a.q.c.s.w.WebdriverHelper[0;39m - Wait_For_Page_Update Execution_Time(ms):; 5; Page_URL:; http://localhost:8081/#!/dashboard;
[[34mINFO [0;39m] [] 18:57:39.745 [TestCaseId:] [Scenario:
                Create a new project, check its status and presence in Recents] [36mo.a.q.c.s.w.WebdriverHelper[0;39m - Wait_For_Element_To_Be_Clickable Execution_Time(ms):; 31; Page_URL:; http://localhost:8081/#!/dashboard;
[[34mINFO [0;39m] [] 18:57:39.788 [TestCaseId:] [Scenario:
                Create a new project, check its status and presence in Recents] [36mo.a.q.c.s.w.WebdriverHelper[0;39m - Wait_For_Page_Update Execution_Time(ms):; 7; Page_URL:; http://localhost:8081/#!/dashboard;
[[34mINFO [0;39m] [] 18:57:39.792 [TestCaseId:] [Scenario:
                Create a new project, check its status and presence in Recents] [36mo.a.q.c.s.w.WebdriverHelper[0;39m - Click Execution_Time(ms):; 92; Page_URL:; http://localhost:8081/#!/dashboard;
[[34mINFO [0;39m] [] 18:57:39.802 [TestCaseId:] [Scenario:
                Create a new project, check its status and presence in Recents] [36mo.a.q.c.s.w.WebdriverHelper[0;39m - Wait_For_Page_Update Execution_Time(ms):; 5; Page_URL:; http://localhost:8081/#!/dashboard;
[[39mDEBUG[0;39m] [] 18:57:39.803 [TestCaseId:] [Scenario:
                Create a new project, check its status and presence in Recents] [36mo.a.q.c.s.w.WrappedWebdriver[0;39m - Finding element by: By.className: new-project__title-input 
[[34mINFO [0;39m] [] 18:57:39.822 [TestCaseId:] [Scenario:
                Create a new project, check its status and presence in Recents] [36mo.a.q.c.s.w.WrappedWebdriver[0;39m - Find_Element Execution_Time(ms):; 12; Page_URL:; http://localhost:8081/#!/dashboard;
[[39mDEBUG[0;39m] [] 18:57:39.852 [TestCaseId:] [Scenario:
                Create a new project, check its status and presence in Recents] [36mo.a.q.c.s.w.WrappedWebdriver[0;39m - Finding element by: By.className: new-project__title-input 
[[34mINFO [0;39m] [] 18:57:39.872 [TestCaseId:] [Scenario:
                Create a new project, check its status and presence in Recents] [36mo.a.q.c.s.w.WrappedWebdriver[0;39m - Find_Element Execution_Time(ms):; 10; Page_URL:; http://localhost:8081/#!/dashboard;
[[39mDEBUG[0;39m] [] 18:57:39.892 [TestCaseId:] [Scenario:
                Create a new project, check its status and presence in Recents] [36mo.a.q.c.s.w.WrappedWebdriver[0;39m - Finding element by: By.className: new-project__title-input 
[[34mINFO [0;39m] [] 18:57:39.897 [TestCaseId:] [Scenario:
                Create a new project, check its status and presence in Recents] [36mo.a.q.c.s.w.WrappedWebdriver[0;39m - Find_Element Execution_Time(ms):; 1; Page_URL:; http://localhost:8081/#!/dashboard;
[[34mINFO [0;39m] [] 18:57:39.988 [TestCaseId:] [Scenario:
                Create a new project, check its status and presence in Recents] [36mo.a.q.c.s.w.WebdriverHelper[0;39m - Wait_For_Page_Update Execution_Time(ms):; 4; Page_URL:; http://localhost:8081/#!/dashboard;
[[34mINFO [0;39m] [] 18:57:39.992 [TestCaseId:] [Scenario:
                Create a new project, check its status and presence in Recents] [36mo.a.q.c.s.w.WebdriverHelper[0;39m - Send_Keys Execution_Time(ms):; 193; Page_URL:; http://localhost:8081/#!/dashboard;
[[34mINFO [0;39m] [] 18:57:40.003 [TestCaseId:] [Scenario:
                Create a new project, check its status and presence in Recents] [36mo.a.q.c.s.w.WebdriverHelper[0;39m - Wait_For_Page_Update Execution_Time(ms):; 6; Page_URL:; http://localhost:8081/#!/dashboard;
[[39mDEBUG[0;39m] [] 18:57:40.003 [TestCaseId:] [Scenario:
                Create a new project, check its status and presence in Recents] [36mo.a.q.c.s.w.WrappedWebdriver[0;39m - Finding element by: By.className: new-project__description-input 
[[34mINFO [0;39m] [] 18:57:40.019 [TestCaseId:] [Scenario:
                Create a new project, check its status and presence in Recents] [36mo.a.q.c.s.w.WrappedWebdriver[0;39m - Find_Element Execution_Time(ms):; 13; Page_URL:; http://localhost:8081/#!/dashboard;
[[39mDEBUG[0;39m] [] 18:57:40.032 [TestCaseId:] [Scenario:
                Create a new project, check its status and presence in Recents] [36mo.a.q.c.s.w.WrappedWebdriver[0;39m - Finding element by: By.className: new-project__description-input 
[[34mINFO [0;39m] [] 18:57:40.043 [TestCaseId:] [Scenario:
                Create a new project, check its status and presence in Recents] [36mo.a.q.c.s.w.WrappedWebdriver[0;39m - Find_Element Execution_Time(ms):; 7; Page_URL:; http://localhost:8081/#!/dashboard;
[[39mDEBUG[0;39m] [] 18:57:40.060 [TestCaseId:] [Scenario:
                Create a new project, check its status and presence in Recents] [36mo.a.q.c.s.w.WrappedWebdriver[0;39m - Finding element by: By.className: new-project__description-input 
[[34mINFO [0;39m] [] 18:57:40.071 [TestCaseId:] [Scenario:
                Create a new project, check its status and presence in Recents] [36mo.a.q.c.s.w.WrappedWebdriver[0;39m - Find_Element Execution_Time(ms):; 8; Page_URL:; http://localhost:8081/#!/dashboard;
[[34mINFO [0;39m] [] 18:57:40.151 [TestCaseId:] [Scenario:
                Create a new project, check its status and presence in Recents] [36mo.a.q.c.s.w.WebdriverHelper[0;39m - Wait_For_Page_Update Execution_Time(ms):; 4; Page_URL:; http://localhost:8081/#!/dashboard;
[[34mINFO [0;39m] [] 18:57:40.154 [TestCaseId:] [Scenario:
                Create a new project, check its status and presence in Recents] [36mo.a.q.c.s.w.WebdriverHelper[0;39m - Send_Keys Execution_Time(ms):; 158; Page_URL:; http://localhost:8081/#!/dashboard;
[[34mINFO [0;39m] [] 18:57:40.165 [TestCaseId:] [Scenario:
                Create a new project, check its status and presence in Recents] [36mo.a.q.c.s.w.WebdriverHelper[0;39m - Wait_For_Page_Update Execution_Time(ms):; 7; Page_URL:; http://localhost:8081/#!/dashboard;
[[39mDEBUG[0;39m] [] 18:57:40.165 [TestCaseId:] [Scenario:
                Create a new project, check its status and presence in Recents] [36mo.a.q.c.s.w.WrappedWebdriver[0;39m - Finding element by: By.className: new-project__create-button 
[[34mINFO [0;39m] [] 18:57:40.182 [TestCaseId:] [Scenario:
                Create a new project, check its status and presence in Recents] [36mo.a.q.c.s.w.WrappedWebdriver[0;39m - Find_Element Execution_Time(ms):; 12; Page_URL:; http://localhost:8081/#!/dashboard;
[[39mDEBUG[0;39m] [] 18:57:40.196 [TestCaseId:] [Scenario:
                Create a new project, check its status and presence in Recents] [36mo.a.q.c.s.w.WrappedWebdriver[0;39m - Finding element by: By.className: new-project__create-button 
[[34mINFO [0;39m] [] 18:57:40.207 [TestCaseId:] [Scenario:
                Create a new project, check its status and presence in Recents] [36mo.a.q.c.s.w.WrappedWebdriver[0;39m - Find_Element Execution_Time(ms):; 7; Page_URL:; http://localhost:8081/#!/dashboard;
[[34mINFO [0;39m] [] 18:57:40.218 [TestCaseId:] [Scenario:
                Create a new project, check its status and presence in Recents] [36mo.a.q.c.s.w.WebdriverHelper[0;39m - Wait_For_Element_To_Be_Clickable Execution_Time(ms):; 50; Page_URL:; http://localhost:8081/#!/dashboard;
[[39mDEBUG[0;39m] [] 18:57:40.218 [TestCaseId:] [Scenario:
                Create a new project, check its status and presence in Recents] [36mo.a.q.c.s.w.WrappedWebdriver[0;39m - Finding element by: By.className: new-project__create-button 
[[34mINFO [0;39m] [] 18:57:40.228 [TestCaseId:] [Scenario:
                Create a new project, check its status and presence in Recents] [36mo.a.q.c.s.w.WrappedWebdriver[0;39m - Find_Element Execution_Time(ms):; 6; Page_URL:; http://localhost:8081/#!/dashboard;
[[34mINFO [0;39m] [] 18:57:40.379 [TestCaseId:] [Scenario:
                Create a new project, check its status and presence in Recents] [36mo.a.q.c.s.w.WebdriverHelper[0;39m - Wait_For_Page_Update Execution_Time(ms):; 8; Page_URL:; http://localhost:8081/#!/project/069e3730-7587-426d-9f57-d8c1045243f3/questionnaire;
[[34mINFO [0;39m] [] 18:57:40.384 [TestCaseId:] [Scenario:
                Create a new project, check its status and presence in Recents] [36mo.a.q.c.s.w.WebdriverHelper[0;39m - Click Execution_Time(ms):; 225; Page_URL:; http://localhost:8081/#!/project/069e3730-7587-426d-9f57-d8c1045243f3/questionnaire;
[[39mDEBUG[0;39m] [] 18:57:40.385 [TestCaseId:] [Scenario:
                Create a new project, check its status and presence in Recents] [36mo.a.q.c.s.a.p.AllureAttachmentsProvider[0;39m - Attach screenshot to the Allure report
[[39mDEBUG[0;39m] [] 18:57:40.830 [TestCaseId:] [Scenario:
                Create a new project, check its status and presence in Recents] [36mo.a.q.c.s.w.WrappedWebdriver[0;39m - Finding element by: By.className: page-title 
[[34mINFO [0;39m] [] 18:57:40.850 [TestCaseId:] [Scenario:
                Create a new project, check its status and presence in Recents] [36mo.a.q.c.s.w.WrappedWebdriver[0;39m - Find_Element Execution_Time(ms):; 10; Page_URL:; http://localhost:8081/#!/project/069e3730-7587-426d-9f57-d8c1045243f3/questionnaire;
[[34mINFO [0;39m] [] 18:57:40.900 [TestCaseId:] [Scenario:
                Create a new project, check its status and presence in Recents] [36mo.a.q.c.s.w.WebdriverHelper[0;39m - Wait_For_Page_Update Execution_Time(ms):; 20; Page_URL:; http://localhost:8081/#!/project/069e3730-7587-426d-9f57-d8c1045243f3/questionnaire;
[[39mDEBUG[0;39m] [] 18:57:40.900 [TestCaseId:] [Scenario:
                Create a new project, check its status and presence in Recents] [36mo.a.q.c.s.w.WrappedWebdriver[0;39m - Finding element by: By.className: save 
[[34mINFO [0;39m] [] 18:57:40.930 [TestCaseId:] [Scenario:
                Create a new project, check its status and presence in Recents] [36mo.a.q.c.s.w.WrappedWebdriver[0;39m - Find_Element Execution_Time(ms):; 20; Page_URL:; http://localhost:8081/#!/project/069e3730-7587-426d-9f57-d8c1045243f3/questionnaire;
[[39mDEBUG[0;39m] [] 18:57:40.950 [TestCaseId:] [Scenario:
                Create a new project, check its status and presence in Recents] [36mo.a.q.c.s.w.WrappedWebdriver[0;39m - Finding element by: By.className: save 
[[34mINFO [0;39m] [] 18:57:40.970 [TestCaseId:] [Scenario:
                Create a new project, check its status and presence in Recents] [36mo.a.q.c.s.w.WrappedWebdriver[0;39m - Find_Element Execution_Time(ms):; 10; Page_URL:; http://localhost:8081/#!/project/069e3730-7587-426d-9f57-d8c1045243f3/questionnaire;
[[34mINFO [0;39m] [] 18:57:40.990 [TestCaseId:] [Scenario:
                Create a new project, check its status and presence in Recents] [36mo.a.q.c.s.w.WebdriverHelper[0;39m - Wait_For_Element_To_Be_Clickable Execution_Time(ms):; 80; Page_URL:; http://localhost:8081/#!/project/069e3730-7587-426d-9f57-d8c1045243f3/questionnaire;
[[39mDEBUG[0;39m] [] 18:57:40.990 [TestCaseId:] [Scenario:
                Create a new project, check its status and presence in Recents] [36mo.a.q.c.s.w.WrappedWebdriver[0;39m - Finding element by: By.className: save 
[[34mINFO [0;39m] [] 18:57:41.010 [TestCaseId:] [Scenario:
                Create a new project, check its status and presence in Recents] [36mo.a.q.c.s.w.WrappedWebdriver[0;39m - Find_Element Execution_Time(ms):; 10; Page_URL:; http://localhost:8081/#!/project/069e3730-7587-426d-9f57-d8c1045243f3/questionnaire;
[[34mINFO [0;39m] [] 18:57:41.077 [TestCaseId:] [Scenario:
                Create a new project, check its status and presence in Recents] [36mo.a.q.c.s.w.WebdriverHelper[0;39m - Wait_For_Page_Update Execution_Time(ms):; 21; Page_URL:; http://localhost:8081/#!/project/069e3730-7587-426d-9f57-d8c1045243f3/questionnaire;
[[34mINFO [0;39m] [] 18:57:41.081 [TestCaseId:] [Scenario:
                Create a new project, check its status and presence in Recents] [36mo.a.q.c.s.w.WebdriverHelper[0;39m - Click Execution_Time(ms):; 207; Page_URL:; http://localhost:8081/#!/project/069e3730-7587-426d-9f57-d8c1045243f3/questionnaire;
[[39mDEBUG[0;39m] [] 18:57:41.090 [TestCaseId:] [Scenario:
                Create a new project, check its status and presence in Recents] [36mo.a.q.c.s.w.WrappedWebdriver[0;39m - Finding elements by: By.cssSelector: .modal-content
[[34mINFO [0;39m] [] 18:57:41.115 [TestCaseId:] [Scenario:
                Create a new project, check its status and presence in Recents] [36mo.a.q.c.s.w.WrappedWebdriver[0;39m - Find_Elements Execution_Time(ms):; 21; Page_URL:; http://localhost:8081/#!/project/069e3730-7587-426d-9f57-d8c1045243f3/questionnaire;
[[34mINFO [0;39m] [] 18:57:41.130 [TestCaseId:] [Scenario:
                Create a new project, check its status and presence in Recents] [36mo.a.q.c.s.w.WebdriverHelper[0;39m - Wait_For_Page_Update Execution_Time(ms):; 8; Page_URL:; http://localhost:8081/#!/project/069e3730-7587-426d-9f57-d8c1045243f3/questionnaire;
[[39mDEBUG[0;39m] [] 18:57:41.130 [TestCaseId:] [Scenario:
                Create a new project, check its status and presence in Recents] [36mo.a.q.c.s.w.WrappedWebdriver[0;39m - Finding element by: By.cssSelector: .modal-content .modal-title 
[[34mINFO [0;39m] [] 18:57:41.148 [TestCaseId:] [Scenario:
                Create a new project, check its status and presence in Recents] [36mo.a.q.c.s.w.WrappedWebdriver[0;39m - Find_Element Execution_Time(ms):; 14; Page_URL:; http://localhost:8081/#!/project/069e3730-7587-426d-9f57-d8c1045243f3/questionnaire;
[[39mDEBUG[0;39m] [] 18:57:41.164 [TestCaseId:] [Scenario:
                Create a new project, check its status and presence in Recents] [36mo.a.q.c.s.w.WrappedWebdriver[0;39m - Finding element by: By.cssSelector: .modal-content .modal-title 
[[34mINFO [0;39m] [] 18:57:41.175 [TestCaseId:] [Scenario:
                Create a new project, check its status and presence in Recents] [36mo.a.q.c.s.w.WrappedWebdriver[0;39m - Find_Element Execution_Time(ms):; 7; Page_URL:; http://localhost:8081/#!/project/069e3730-7587-426d-9f57-d8c1045243f3/questionnaire;
[[34mINFO [0;39m] [] 18:57:41.200 [TestCaseId:] [Scenario:
                Create a new project, check its status and presence in Recents] [36mo.a.q.c.s.w.WebdriverHelper[0;39m - Wait_For_Page_Update Execution_Time(ms):; 5; Page_URL:; http://localhost:8081/#!/project/069e3730-7587-426d-9f57-d8c1045243f3/questionnaire;
[[34mINFO [0;39m] [] 18:57:41.204 [TestCaseId:] [Scenario:
                Create a new project, check its status and presence in Recents] [36mo.a.q.c.s.w.WebdriverHelper[0;39m - get_Text Execution_Time(ms):; 84; Page_URL:; http://localhost:8081/#!/project/069e3730-7587-426d-9f57-d8c1045243f3/questionnaire;
[[34mINFO [0;39m] [] 18:57:41.216 [TestCaseId:] [Scenario:
                Create a new project, check its status and presence in Recents] [36mo.a.q.c.s.w.WebdriverHelper[0;39m - Wait_For_Page_Update Execution_Time(ms):; 6; Page_URL:; http://localhost:8081/#!/project/069e3730-7587-426d-9f57-d8c1045243f3/questionnaire;
[[39mDEBUG[0;39m] [] 18:57:41.217 [TestCaseId:] [Scenario:
                Create a new project, check its status and presence in Recents] [36mo.a.q.c.s.w.WrappedWebdriver[0;39m - Finding element by: By.cssSelector: .modal-content .modal-body 
[[34mINFO [0;39m] [] 18:57:41.232 [TestCaseId:] [Scenario:
                Create a new project, check its status and presence in Recents] [36mo.a.q.c.s.w.WrappedWebdriver[0;39m - Find_Element Execution_Time(ms):; 11; Page_URL:; http://localhost:8081/#!/project/069e3730-7587-426d-9f57-d8c1045243f3/questionnaire;
[[39mDEBUG[0;39m] [] 18:57:41.243 [TestCaseId:] [Scenario:
                Create a new project, check its status and presence in Recents] [36mo.a.q.c.s.w.WrappedWebdriver[0;39m - Finding element by: By.cssSelector: .modal-content .modal-body 
[[34mINFO [0;39m] [] 18:57:41.253 [TestCaseId:] [Scenario:
                Create a new project, check its status and presence in Recents] [36mo.a.q.c.s.w.WrappedWebdriver[0;39m - Find_Element Execution_Time(ms):; 7; Page_URL:; http://localhost:8081/#!/project/069e3730-7587-426d-9f57-d8c1045243f3/questionnaire;
[[34mINFO [0;39m] [] 18:57:41.275 [TestCaseId:] [Scenario:
                Create a new project, check its status and presence in Recents] [36mo.a.q.c.s.w.WebdriverHelper[0;39m - Wait_For_Page_Update Execution_Time(ms):; 4; Page_URL:; http://localhost:8081/#!/project/069e3730-7587-426d-9f57-d8c1045243f3/questionnaire;
[[34mINFO [0;39m] [] 18:57:41.278 [TestCaseId:] [Scenario:
                Create a new project, check its status and presence in Recents] [36mo.a.q.c.s.w.WebdriverHelper[0;39m - get_Text Execution_Time(ms):; 70; Page_URL:; http://localhost:8081/#!/project/069e3730-7587-426d-9f57-d8c1045243f3/questionnaire;
[[34mINFO [0;39m] [] 18:57:41.278 [TestCaseId:] [Scenario:
                Create a new project, check its status and presence in Recents] [36mo.a.q.c.s.c.ModalWindow[0;39m - Close modal window by Ok button
[[34mINFO [0;39m] [] 18:57:41.287 [TestCaseId:] [Scenario:
                Create a new project, check its status and presence in Recents] [36mo.a.q.c.s.w.WebdriverHelper[0;39m - Wait_For_Page_Update Execution_Time(ms):; 4; Page_URL:; http://localhost:8081/#!/project/069e3730-7587-426d-9f57-d8c1045243f3/questionnaire;
[[39mDEBUG[0;39m] [] 18:57:41.287 [TestCaseId:] [Scenario:
                Create a new project, check its status and presence in Recents] [36mo.a.q.c.s.w.WrappedWebdriver[0;39m - Finding element by: By.cssSelector: .modal-content .modal-footer .ok 
[[34mINFO [0;39m] [] 18:57:41.303 [TestCaseId:] [Scenario:
                Create a new project, check its status and presence in Recents] [36mo.a.q.c.s.w.WrappedWebdriver[0;39m - Find_Element Execution_Time(ms):; 12; Page_URL:; http://localhost:8081/#!/project/069e3730-7587-426d-9f57-d8c1045243f3/questionnaire;
[[39mDEBUG[0;39m] [] 18:57:41.316 [TestCaseId:] [Scenario:
                Create a new project, check its status and presence in Recents] [36mo.a.q.c.s.w.WrappedWebdriver[0;39m - Finding element by: By.cssSelector: .modal-content .modal-footer .ok 
[[34mINFO [0;39m] [] 18:57:41.325 [TestCaseId:] [Scenario:
                Create a new project, check its status and presence in Recents] [36mo.a.q.c.s.w.WrappedWebdriver[0;39m - Find_Element Execution_Time(ms):; 6; Page_URL:; http://localhost:8081/#!/project/069e3730-7587-426d-9f57-d8c1045243f3/questionnaire;
[[34mINFO [0;39m] [] 18:57:41.337 [TestCaseId:] [Scenario:
                Create a new project, check its status and presence in Recents] [36mo.a.q.c.s.w.WebdriverHelper[0;39m - Wait_For_Element_To_Be_Clickable Execution_Time(ms):; 46; Page_URL:; http://localhost:8081/#!/project/069e3730-7587-426d-9f57-d8c1045243f3/questionnaire;
[[39mDEBUG[0;39m] [] 18:57:41.337 [TestCaseId:] [Scenario:
                Create a new project, check its status and presence in Recents] [36mo.a.q.c.s.w.WrappedWebdriver[0;39m - Finding element by: By.cssSelector: .modal-content .modal-footer .ok 
[[34mINFO [0;39m] [] 18:57:41.346 [TestCaseId:] [Scenario:
                Create a new project, check its status and presence in Recents] [36mo.a.q.c.s.w.WrappedWebdriver[0;39m - Find_Element Execution_Time(ms):; 6; Page_URL:; http://localhost:8081/#!/project/069e3730-7587-426d-9f57-d8c1045243f3/questionnaire;
[[34mINFO [0;39m] [] 18:57:41.402 [TestCaseId:] [Scenario:
                Create a new project, check its status and presence in Recents] [36mo.a.q.c.s.w.WebdriverHelper[0;39m - Wait_For_Page_Update Execution_Time(ms):; 9; Page_URL:; http://localhost:8081/#!/project/069e3730-7587-426d-9f57-d8c1045243f3/questionnaire;
[[34mINFO [0;39m] [] 18:57:41.406 [TestCaseId:] [Scenario:
                Create a new project, check its status and presence in Recents] [36mo.a.q.c.s.w.WebdriverHelper[0;39m - Click Execution_Time(ms):; 123; Page_URL:; http://localhost:8081/#!/project/069e3730-7587-426d-9f57-d8c1045243f3/questionnaire;
[[39mDEBUG[0;39m] [] 18:57:41.406 [TestCaseId:] [Scenario:
                Create a new project, check its status and presence in Recents] [36mo.a.q.c.s.a.p.AllureAttachmentsProvider[0;39m - Attach screenshot to the Allure report
[[34mINFO [0;39m] [] 18:57:41.837 [TestCaseId:] [Scenario:
                Create a new project, check its status and presence in Recents] [36mo.a.q.c.s.w.WebdriverHelper[0;39m - Wait_For_Page_Update Execution_Time(ms):; 20; Page_URL:; http://localhost:8081/#!/project/069e3730-7587-426d-9f57-d8c1045243f3/questionnaire;
[[39mDEBUG[0;39m] [] 18:57:41.837 [TestCaseId:] [Scenario:
                Create a new project, check its status and presence in Recents] [36mo.a.q.c.s.w.WrappedWebdriver[0;39m - Finding element by: By.className: fa-home 
[[34mINFO [0;39m] [] 18:57:41.867 [TestCaseId:] [Scenario:
                Create a new project, check its status and presence in Recents] [36mo.a.q.c.s.w.WrappedWebdriver[0;39m - Find_Element Execution_Time(ms):; 20; Page_URL:; http://localhost:8081/#!/project/069e3730-7587-426d-9f57-d8c1045243f3/questionnaire;
[[39mDEBUG[0;39m] [] 18:57:41.887 [TestCaseId:] [Scenario:
                Create a new project, check its status and presence in Recents] [36mo.a.q.c.s.w.WrappedWebdriver[0;39m - Finding element by: By.className: fa-home 
[[34mINFO [0;39m] [] 18:57:41.907 [TestCaseId:] [Scenario:
                Create a new project, check its status and presence in Recents] [36mo.a.q.c.s.w.WrappedWebdriver[0;39m - Find_Element Execution_Time(ms):; 10; Page_URL:; http://localhost:8081/#!/project/069e3730-7587-426d-9f57-d8c1045243f3/questionnaire;
[[34mINFO [0;39m] [] 18:57:41.927 [TestCaseId:] [Scenario:
                Create a new project, check its status and presence in Recents] [36mo.a.q.c.s.w.WebdriverHelper[0;39m - Wait_For_Element_To_Be_Clickable Execution_Time(ms):; 80; Page_URL:; http://localhost:8081/#!/project/069e3730-7587-426d-9f57-d8c1045243f3/questionnaire;
[[39mDEBUG[0;39m] [] 18:57:41.927 [TestCaseId:] [Scenario:
                Create a new project, check its status and presence in Recents] [36mo.a.q.c.s.w.WrappedWebdriver[0;39m - Finding element by: By.className: fa-home 
[[34mINFO [0;39m] [] 18:57:41.947 [TestCaseId:] [Scenario:
                Create a new project, check its status and presence in Recents] [36mo.a.q.c.s.w.WrappedWebdriver[0;39m - Find_Element Execution_Time(ms):; 10; Page_URL:; http://localhost:8081/#!/project/069e3730-7587-426d-9f57-d8c1045243f3/questionnaire;
[[34mINFO [0;39m] [] 18:57:42.035 [TestCaseId:] [Scenario:
                Create a new project, check its status and presence in Recents] [36mo.a.q.c.s.w.WebdriverHelper[0;39m - Wait_For_Page_Update Execution_Time(ms):; 31; Page_URL:; http://localhost:8081/#!/dashboard;
[[34mINFO [0;39m] [] 18:57:42.039 [TestCaseId:] [Scenario:
                Create a new project, check its status and presence in Recents] [36mo.a.q.c.s.w.WebdriverHelper[0;39m - Click Execution_Time(ms):; 228; Page_URL:; http://localhost:8081/#!/dashboard;
[[39mDEBUG[0;39m] [] 18:57:42.044 [TestCaseId:] [Scenario:
                Create a new project, check its status and presence in Recents] [36mo.a.q.c.s.w.WrappedWebdriver[0;39m - Finding element by: By.cssSelector: label.filter[for='all-projects'] 
[[34mINFO [0;39m] [] 18:57:42.064 [TestCaseId:] [Scenario:
                Create a new project, check its status and presence in Recents] [36mo.a.q.c.s.w.WrappedWebdriver[0;39m - Find_Element Execution_Time(ms):; 17; Page_URL:; http://localhost:8081/#!/dashboard;
[[34mINFO [0;39m] [] 18:57:42.070 [TestCaseId:] [Scenario:
                Create a new project, check its status and presence in Recents] [36mo.a.q.c.s.w.WebdriverHelper[0;39m - Wait_For_Page_Update Execution_Time(ms):; 4; Page_URL:; http://localhost:8081/#!/dashboard;
[[34mINFO [0;39m] [] 18:57:42.120 [TestCaseId:] [Scenario:
                Create a new project, check its status and presence in Recents] [36mo.a.q.c.s.w.WebdriverHelper[0;39m - Wait_For_Element_To_Be_Clickable Execution_Time(ms):; 30; Page_URL:; http://localhost:8081/#!/dashboard;
[[34mINFO [0;39m] [] 18:57:42.174 [TestCaseId:] [Scenario:
                Create a new project, check its status and presence in Recents] [36mo.a.q.c.s.w.WebdriverHelper[0;39m - Wait_For_Page_Update Execution_Time(ms):; 8; Page_URL:; http://localhost:8081/#!/dashboard;
[[34mINFO [0;39m] [] 18:57:42.178 [TestCaseId:] [Scenario:
                Create a new project, check its status and presence in Recents] [36mo.a.q.c.s.w.WebdriverHelper[0;39m - Click Execution_Time(ms):; 111; Page_URL:; http://localhost:8081/#!/dashboard;
[[39mDEBUG[0;39m] [] 18:57:42.178 [TestCaseId:] [Scenario:
                Create a new project, check its status and presence in Recents] [36mo.a.q.c.s.w.WrappedWebdriver[0;39m - Finding elements by: By.xpath: //ul[@class='projects-list']/li
[[34mINFO [0;39m] [] 18:57:42.195 [TestCaseId:] [Scenario:
                Create a new project, check its status and presence in Recents] [36mo.a.q.c.s.w.WrappedWebdriver[0;39m - Find_Elements Execution_Time(ms):; 14; Page_URL:; http://localhost:8081/#!/dashboard;
[[39mDEBUG[0;39m] [] 18:57:42.646 [TestCaseId:] [Scenario:
                Create a new project, check its status and presence in Recents] [36mo.a.q.c.s.w.WrappedWebdriver[0;39m - Finding elements by: By.xpath: //ul[@class='projects-list']/li
[[34mINFO [0;39m] [] 18:57:42.666 [TestCaseId:] [Scenario:
                Create a new project, check its status and presence in Recents] [36mo.a.q.c.s.w.WrappedWebdriver[0;39m - Find_Elements Execution_Time(ms):; 10; Page_URL:; http://localhost:8081/#!/dashboard;
[[39mDEBUG[0;39m] [] 18:57:42.946 [TestCaseId:] [Scenario:
                Create a new project, check its status and presence in Recents] [36mo.a.q.c.s.w.WrappedWebdriver[0;39m - Finding element by: By.cssSelector: label.filter[for='in-progress'] 
[[34mINFO [0;39m] [] 18:57:42.976 [TestCaseId:] [Scenario:
                Create a new project, check its status and presence in Recents] [36mo.a.q.c.s.w.WrappedWebdriver[0;39m - Find_Element Execution_Time(ms):; 20; Page_URL:; http://localhost:8081/#!/dashboard;
[[34mINFO [0;39m] [] 18:57:43.006 [TestCaseId:] [Scenario:
                Create a new project, check its status and presence in Recents] [36mo.a.q.c.s.w.WebdriverHelper[0;39m - Wait_For_Page_Update Execution_Time(ms):; 20; Page_URL:; http://localhost:8081/#!/dashboard;
[[34mINFO [0;39m] [] 18:57:43.056 [TestCaseId:] [Scenario:
                Create a new project, check its status and presence in Recents] [36mo.a.q.c.s.w.WebdriverHelper[0;39m - Wait_For_Element_To_Be_Clickable Execution_Time(ms):; 40; Page_URL:; http://localhost:8081/#!/dashboard;
[[34mINFO [0;39m] [] 18:57:43.096 [TestCaseId:] [Scenario:
                Create a new project, check its status and presence in Recents] [36mo.a.q.c.s.w.WebdriverHelper[0;39m - Wait_For_Page_Update Execution_Time(ms):; 5; Page_URL:; http://localhost:8081/#!/dashboard;
[[34mINFO [0;39m] [] 18:57:43.100 [TestCaseId:] [Scenario:
                Create a new project, check its status and presence in Recents] [36mo.a.q.c.s.w.WebdriverHelper[0;39m - Click Execution_Time(ms):; 120; Page_URL:; http://localhost:8081/#!/dashboard;
[[39mDEBUG[0;39m] [] 18:57:43.100 [TestCaseId:] [Scenario:
                Create a new project, check its status and presence in Recents] [36mo.a.q.c.s.w.WrappedWebdriver[0;39m - Finding elements by: By.xpath: //ul[@class='projects-list']/li
[[34mINFO [0;39m] [] 18:57:43.112 [TestCaseId:] [Scenario:
                Create a new project, check its status and presence in Recents] [36mo.a.q.c.s.w.WrappedWebdriver[0;39m - Find_Elements Execution_Time(ms):; 8; Page_URL:; http://localhost:8081/#!/dashboard;
[[39mDEBUG[0;39m] [] 18:57:43.329 [TestCaseId:] [Scenario:
                Create a new project, check its status and presence in Recents] [36mo.a.q.c.s.w.WrappedWebdriver[0;39m - Finding elements by: By.xpath: //ul[@class='projects-list']/li
[[34mINFO [0;39m] [] 18:57:43.349 [TestCaseId:] [Scenario:
                Create a new project, check its status and presence in Recents] [36mo.a.q.c.s.w.WrappedWebdriver[0;39m - Find_Elements Execution_Time(ms):; 10; Page_URL:; http://localhost:8081/#!/dashboard;
[[39mDEBUG[0;39m] [] 18:57:43.602 [TestCaseId:] [Scenario:
                Create a new project, check its status and presence in Recents] [36mo.a.q.c.s.w.WrappedWebdriver[0;39m - Finding element by: By.cssSelector: label.filter[for='completed'] 
[[34mINFO [0;39m] [] 18:57:43.632 [TestCaseId:] [Scenario:
                Create a new project, check its status and presence in Recents] [36mo.a.q.c.s.w.WrappedWebdriver[0;39m - Find_Element Execution_Time(ms):; 20; Page_URL:; http://localhost:8081/#!/dashboard;
[[34mINFO [0;39m] [] 18:57:43.662 [TestCaseId:] [Scenario:
                Create a new project, check its status and presence in Recents] [36mo.a.q.c.s.w.WebdriverHelper[0;39m - Wait_For_Page_Update Execution_Time(ms):; 20; Page_URL:; http://localhost:8081/#!/dashboard;
[[34mINFO [0;39m] [] 18:57:43.712 [TestCaseId:] [Scenario:
                Create a new project, check its status and presence in Recents] [36mo.a.q.c.s.w.WebdriverHelper[0;39m - Wait_For_Element_To_Be_Clickable Execution_Time(ms):; 40; Page_URL:; http://localhost:8081/#!/dashboard;
[[34mINFO [0;39m] [] 18:57:43.758 [TestCaseId:] [Scenario:
                Create a new project, check its status and presence in Recents] [36mo.a.q.c.s.w.WebdriverHelper[0;39m - Wait_For_Page_Update Execution_Time(ms):; 6; Page_URL:; http://localhost:8081/#!/dashboard;
[[34mINFO [0;39m] [] 18:57:43.762 [TestCaseId:] [Scenario:
                Create a new project, check its status and presence in Recents] [36mo.a.q.c.s.w.WebdriverHelper[0;39m - Click Execution_Time(ms):; 126; Page_URL:; http://localhost:8081/#!/dashboard;
[[39mDEBUG[0;39m] [] 18:57:43.762 [TestCaseId:] [Scenario:
                Create a new project, check its status and presence in Recents] [36mo.a.q.c.s.w.WrappedWebdriver[0;39m - Finding elements by: By.xpath: //ul[@class='projects-list']/li
[[34mINFO [0;39m] [] 18:57:43.771 [TestCaseId:] [Scenario:
                Create a new project, check its status and presence in Recents] [36mo.a.q.c.s.w.WrappedWebdriver[0;39m - Find_Elements Execution_Time(ms):; 6; Page_URL:; http://localhost:8081/#!/dashboard;
[[34mINFO [0;39m] [] 18:57:43.856 [TestCaseId:] [Scenario:
                Create a new project, check its status and presence in Recents] [36mo.a.q.c.s.w.WebdriverHelper[0;39m - Wait_For_Page_Update Execution_Time(ms):; 20; Page_URL:; http://localhost:8081/#!/dashboard;
[[39mDEBUG[0;39m] [] 18:57:43.856 [TestCaseId:] [Scenario:
                Create a new project, check its status and presence in Recents] [36mo.a.q.c.s.w.WrappedWebdriver[0;39m - Finding element by: By.className: logout-button 
[[34mINFO [0;39m] [] 18:57:43.886 [TestCaseId:] [Scenario:
                Create a new project, check its status and presence in Recents] [36mo.a.q.c.s.w.WrappedWebdriver[0;39m - Find_Element Execution_Time(ms):; 20; Page_URL:; http://localhost:8081/#!/dashboard;
[[39mDEBUG[0;39m] [] 18:57:43.906 [TestCaseId:] [Scenario:
                Create a new project, check its status and presence in Recents] [36mo.a.q.c.s.w.WrappedWebdriver[0;39m - Finding element by: By.className: logout-button 
[[34mINFO [0;39m] [] 18:57:43.926 [TestCaseId:] [Scenario:
                Create a new project, check its status and presence in Recents] [36mo.a.q.c.s.w.WrappedWebdriver[0;39m - Find_Element Execution_Time(ms):; 10; Page_URL:; http://localhost:8081/#!/dashboard;
[[34mINFO [0;39m] [] 18:57:43.946 [TestCaseId:] [Scenario:
                Create a new project, check its status and presence in Recents] [36mo.a.q.c.s.w.WebdriverHelper[0;39m - Wait_For_Element_To_Be_Clickable Execution_Time(ms):; 80; Page_URL:; http://localhost:8081/#!/dashboard;
[[39mDEBUG[0;39m] [] 18:57:43.946 [TestCaseId:] [Scenario:
                Create a new project, check its status and presence in Recents] [36mo.a.q.c.s.w.WrappedWebdriver[0;39m - Finding element by: By.className: logout-button 
[[34mINFO [0;39m] [] 18:57:43.966 [TestCaseId:] [Scenario:
                Create a new project, check its status and presence in Recents] [36mo.a.q.c.s.w.WrappedWebdriver[0;39m - Find_Element Execution_Time(ms):; 10; Page_URL:; http://localhost:8081/#!/dashboard;
[[34mINFO [0;39m] [] 18:57:44.006 [TestCaseId:] [Scenario:
                Create a new project, check its status and presence in Recents] [36mo.a.q.c.s.w.WebdriverHelper[0;39m - Wait_For_Page_Update Execution_Time(ms):; 5; Page_URL:; http://localhost:8081/#!/dashboard;
[[34mINFO [0;39m] [] 18:57:44.010 [TestCaseId:] [Scenario:
                Create a new project, check its status and presence in Recents] [36mo.a.q.c.s.w.WebdriverHelper[0;39m - Click Execution_Time(ms):; 180; Page_URL:; http://localhost:8081/#!/dashboard;
[[39mDEBUG[0;39m] [] 18:57:44.010 [TestCaseId:] [Scenario:
                Create a new project, check its status and presence in Recents] [36mo.a.q.c.s.w.WrappedWebdriver[0;39m - Finding element by: By.cssSelector: .logout-menu li 
[[34mINFO [0;39m] [] 18:57:44.026 [TestCaseId:] [Scenario:
                Create a new project, check its status and presence in Recents] [36mo.a.q.c.s.w.WrappedWebdriver[0;39m - Find_Element Execution_Time(ms):; 12; Page_URL:; http://localhost:8081/#!/dashboard;
[[34mINFO [0;39m] [] 18:57:44.035 [TestCaseId:] [Scenario:
                Create a new project, check its status and presence in Recents] [36mo.a.q.c.s.w.WebdriverHelper[0;39m - Wait_For_Page_Update Execution_Time(ms):; 5; Page_URL:; http://localhost:8081/#!/dashboard;
[[34mINFO [0;39m] [] 18:57:44.076 [TestCaseId:] [Scenario:
                Create a new project, check its status and presence in Recents] [36mo.a.q.c.s.w.WebdriverHelper[0;39m - Wait_For_Element_To_Be_Clickable Execution_Time(ms):; 31; Page_URL:; http://localhost:8081/#!/dashboard;
[[34mINFO [0;39m] [] 18:57:44.119 [TestCaseId:] [Scenario:
                Create a new project, check its status and presence in Recents] [36mo.a.q.c.s.w.WebdriverHelper[0;39m - Wait_For_Page_Update Execution_Time(ms):; 7; Page_URL:; http://localhost:8081/#!/login;
[[34mINFO [0;39m] [] 18:57:44.122 [TestCaseId:] [Scenario:
                Create a new project, check its status and presence in Recents] [36mo.a.q.c.s.w.WebdriverHelper[0;39m - Click Execution_Time(ms):; 92; Page_URL:; http://localhost:8081/#!/login;
[[39mDEBUG[0;39m] [] 18:57:44.125 [TestCaseId:] [Scenario:
                ] [36mo.a.q.c.s.w.WrappedWebdriver[0;39m - Driver quit
[[34mINFO [0;39m] [] 18:57:45.170 [TestCaseId:] [Scenario:
                ] [36mo.a.q.c.s.w.WrappedWebdriver[0;39m - Driver_Quit Execution_Time(ms):; 1045; Page_URL:; ;
