[[34mINFO [0;39m] [] 20:33:37.526 [TestCaseId:] [Scenario:
                Create a new project, check its status and presence in Recents] [36mo.a.q.c.s.p.LoginPageObject[0;39m - Open login page
[[39mDEBUG[0;39m] [] 20:33:37.536 [TestCaseId:] [Scenario:
                Create a new project, check its status and presence in Recents] [36mo.a.q.c.s.w.WrappedWebdriver[0;39m - Opening url: http://localhost:8081/#!/login
[[39mDEBUG[0;39m] [] 20:33:39.213 [TestCaseId:] [Scenario:
                Create a new project, check its status and presence in Recents] [36mo.a.q.c.s.a.p.AllureAttachmentsProvider[0;39m - Attach screenshot to the Allure report
[[34mINFO [0;39m] [] 20:33:39.742 [TestCaseId:] [Scenario:
                Create a new project, check its status and presence in Recents] [36mo.a.q.c.s.w.WrappedWebdriver[0;39m - Open_Page Execution_Time(ms):; 2206; Page_URL:; http://localhost:8081/#!/login;
[[34mINFO [0;39m] [] 20:33:39.742 [TestCaseId:] [Scenario:
                Create a new project, check its status and presence in Recents] [36mo.a.q.c.s.p.LoginPageObject[0;39m - Set login as admin in SingIn form
[[34mINFO [0;39m] [] 20:33:39.793 [TestCaseId:] [Scenario:
                Create a new project, check its status and presence in Recents] [36mo.a.q.c.s.w.WebdriverHelper[0;39m - Wait_For_Page_Update Execution_Time(ms):; 11; Page_URL:; http://localhost:8081/#!/login;
[[39mDEBUG[0;39m] [] 20:33:39.793 [TestCaseId:] [Scenario:
                Create a new project, check its status and presence in Recents] [36mo.a.q.c.s.w.WrappedWebdriver[0;39m - Finding element by: By.name: login 
[[34mINFO [0;39m] [] 20:33:39.814 [TestCaseId:] [Scenario:
                Create a new project, check its status and presence in Recents] [36mo.a.q.c.s.w.WrappedWebdriver[0;39m - Find_Element Execution_Time(ms):; 20; Page_URL:; http://localhost:8081/#!/login;
[[39mDEBUG[0;39m] [] 20:33:39.846 [TestCaseId:] [Scenario:
                Create a new project, check its status and presence in Recents] [36mo.a.q.c.s.w.WrappedWebdriver[0;39m - Finding element by: By.name: login 
[[34mINFO [0;39m] [] 20:33:39.866 [TestCaseId:] [Scenario:
                Create a new project, check its status and presence in Recents] [36mo.a.q.c.s.w.WrappedWebdriver[0;39m - Find_Element Execution_Time(ms):; 10; Page_URL:; http://localhost:8081/#!/login;
[[39mDEBUG[0;39m] [] 20:33:39.886 [TestCaseId:] [Scenario:
                Create a new project, check its status and presence in Recents] [36mo.a.q.c.s.w.WrappedWebdriver[0;39m - Finding element by: By.name: login 
[[34mINFO [0;39m] [] 20:33:39.891 [TestCaseId:] [Scenario:
                Create a new project, check its status and presence in Recents] [36mo.a.q.c.s.w.WrappedWebdriver[0;39m - Find_Element Execution_Time(ms):; 1; Page_URL:; http://localhost:8081/#!/login;
[[34mINFO [0;39m] [] 20:33:39.944 [TestCaseId:] [Scenario:
                Create a new project, check its status and presence in Recents] [36mo.a.q.c.s.w.WebdriverHelper[0;39m - Wait_For_Page_Update Execution_Time(ms):; 8; Page_URL:; http://localhost:8081/#!/login;
[[34mINFO [0;39m] [] 20:33:39.948 [TestCaseId:] [Scenario:
                Create a new project, check its status and presence in Recents] [36mo.a.q.c.s.w.WebdriverHelper[0;39m - Send_Keys Execution_Time(ms):; 182; Page_URL:; http://localhost:8081/#!/login;
[[34mINFO [0;39m] [] 20:33:39.959 [TestCaseId:] [Scenario:
                Create a new project, check its status and presence in Recents] [36mo.a.q.c.s.w.WebdriverHelper[0;39m - Wait_For_Page_Update Execution_Time(ms):; 5; Page_URL:; http://localhost:8081/#!/login;
[[39mDEBUG[0;39m] [] 20:33:39.960 [TestCaseId:] [Scenario:
                Create a new project, check its status and presence in Recents] [36mo.a.q.c.s.w.WrappedWebdriver[0;39m - Finding element by: By.name: password 
[[34mINFO [0;39m] [] 20:33:39.977 [TestCaseId:] [Scenario:
                Create a new project, check its status and presence in Recents] [36mo.a.q.c.s.w.WrappedWebdriver[0;39m - Find_Element Execution_Time(ms):; 13; Page_URL:; http://localhost:8081/#!/login;
[[39mDEBUG[0;39m] [] 20:33:40.006 [TestCaseId:] [Scenario:
                Create a new project, check its status and presence in Recents] [36mo.a.q.c.s.w.WrappedWebdriver[0;39m - Finding element by: By.name: password 
[[34mINFO [0;39m] [] 20:33:40.026 [TestCaseId:] [Scenario:
                Create a new project, check its status and presence in Recents] [36mo.a.q.c.s.w.WrappedWebdriver[0;39m - Find_Element Execution_Time(ms):; 10; Page_URL:; http://localhost:8081/#!/login;
[[39mDEBUG[0;39m] [] 20:33:40.046 [TestCaseId:] [Scenario:
                Create a new project, check its status and presence in Recents] [36mo.a.q.c.s.w.WrappedWebdriver[0;39m - Finding element by: By.name: password 
[[34mINFO [0;39m] [] 20:33:40.050 [TestCaseId:] [Scenario:
                Create a new project, check its status and presence in Recents] [36mo.a.q.c.s.w.WrappedWebdriver[0;39m - Find_Element Execution_Time(ms):; 1; Page_URL:; http://localhost:8081/#!/login;
[[34mINFO [0;39m] [] 20:33:40.098 [TestCaseId:] [Scenario:
                Create a new project, check its status and presence in Recents] [36mo.a.q.c.s.w.WebdriverHelper[0;39m - Wait_For_Page_Update Execution_Time(ms):; 5; Page_URL:; http://localhost:8081/#!/login;
[[34mINFO [0;39m] [] 20:33:40.101 [TestCaseId:] [Scenario:
                Create a new project, check its status and presence in Recents] [36mo.a.q.c.s.w.WebdriverHelper[0;39m - Send_Keys Execution_Time(ms):; 149; Page_URL:; http://localhost:8081/#!/login;
[[34mINFO [0;39m] [] 20:33:40.111 [TestCaseId:] [Scenario:
                Create a new project, check its status and presence in Recents] [36mo.a.q.c.s.w.WebdriverHelper[0;39m - Wait_For_Page_Update Execution_Time(ms):; 6; Page_URL:; http://localhost:8081/#!/login;
[[39mDEBUG[0;39m] [] 20:33:40.115 [TestCaseId:] [Scenario:
                Create a new project, check its status and presence in Recents] [36mo.a.q.c.s.w.WrappedWebdriver[0;39m - Finding element by: By.className: login-button 
[[34mINFO [0;39m] [] 20:33:40.141 [TestCaseId:] [Scenario:
                Create a new project, check its status and presence in Recents] [36mo.a.q.c.s.w.WrappedWebdriver[0;39m - Find_Element Execution_Time(ms):; 24; Page_URL:; http://localhost:8081/#!/login;
[[39mDEBUG[0;39m] [] 20:33:40.172 [TestCaseId:] [Scenario:
                Create a new project, check its status and presence in Recents] [36mo.a.q.c.s.w.WrappedWebdriver[0;39m - Finding element by: By.className: login-button 
[[34mINFO [0;39m] [] 20:33:40.192 [TestCaseId:] [Scenario:
                Create a new project, check its status and presence in Recents] [36mo.a.q.c.s.w.WrappedWebdriver[0;39m - Find_Element Execution_Time(ms):; 10; Page_URL:; http://localhost:8081/#!/login;
[[34mINFO [0;39m] [] 20:33:40.222 [TestCaseId:] [Scenario:
                Create a new project, check its status and presence in Recents] [36mo.a.q.c.s.w.WebdriverHelper[0;39m - Wait_For_Element_To_Be_Clickable Execution_Time(ms):; 91; Page_URL:; http://localhost:8081/#!/login;
[[39mDEBUG[0;39m] [] 20:33:40.222 [TestCaseId:] [Scenario:
                Create a new project, check its status and presence in Recents] [36mo.a.q.c.s.w.WrappedWebdriver[0;39m - Finding element by: By.className: login-button 
[[34mINFO [0;39m] [] 20:33:40.242 [TestCaseId:] [Scenario:
                Create a new project, check its status and presence in Recents] [36mo.a.q.c.s.w.WrappedWebdriver[0;39m - Find_Element Execution_Time(ms):; 10; Page_URL:; http://localhost:8081/#!/login;
[[34mINFO [0;39m] [] 20:33:40.398 [TestCaseId:] [Scenario:
                Create a new project, check its status and presence in Recents] [36mo.a.q.c.s.w.WebdriverHelper[0;39m - Wait_For_Page_Update Execution_Time(ms):; 60; Page_URL:; http://localhost:8081/#!/dashboard;
[[34mINFO [0;39m] [] 20:33:40.401 [TestCaseId:] [Scenario:
                Create a new project, check its status and presence in Recents] [36mo.a.q.c.s.w.WebdriverHelper[0;39m - Click Execution_Time(ms):; 297; Page_URL:; http://localhost:8081/#!/dashboard;
[[39mDEBUG[0;39m] [] 20:33:40.402 [TestCaseId:] [Scenario:
                Create a new project, check its status and presence in Recents] [36mo.a.q.c.s.a.p.AllureAttachmentsProvider[0;39m - Attach screenshot to the Allure report
[[34mINFO [0;39m] [] 20:33:40.877 [TestCaseId:] [Scenario:
                Create a new project, check its status and presence in Recents] [36mo.a.q.c.s.p.LoginPageObject[0;39m - Submit SignIn form
[[34mINFO [0;39m] [] 20:33:40.907 [TestCaseId:] [Scenario:
                Create a new project, check its status and presence in Recents] [36mo.a.q.c.s.w.WebdriverHelper[0;39m - Wait_For_Page_Update Execution_Time(ms):; 20; Page_URL:; http://localhost:8081/#!/dashboard;
[[39mDEBUG[0;39m] [] 20:33:40.907 [TestCaseId:] [Scenario:
                Create a new project, check its status and presence in Recents] [36mo.a.q.c.s.w.WrappedWebdriver[0;39m - Finding element by: By.className: login-button 
[[34mINFO [0;39m] [] 20:33:40.937 [TestCaseId:] [Scenario:
                Create a new project, check its status and presence in Recents] [36mo.a.q.c.s.w.WrappedWebdriver[0;39m - Find_Element Execution_Time(ms):; 20; Page_URL:; http://localhost:8081/#!/dashboard;
[[39mDEBUG[0;39m] [] 20:33:41.444 [TestCaseId:] [Scenario:
                Create a new project, check its status and presence in Recents] [36mo.a.q.c.s.w.WrappedWebdriver[0;39m - Finding element by: By.className: login-button 
[[34mINFO [0;39m] [] 20:33:41.486 [TestCaseId:] [Scenario:
                Create a new project, check its status and presence in Recents] [36mo.a.q.c.s.w.WrappedWebdriver[0;39m - Find_Element Execution_Time(ms):; 32; Page_URL:; http://localhost:8081/#!/dashboard;
[[39mDEBUG[0;39m] [] 20:33:41.986 [TestCaseId:] [Scenario:
                Create a new project, check its status and presence in Recents] [36mo.a.q.c.s.w.WrappedWebdriver[0;39m - Finding element by: By.className: login-button 
[[34mINFO [0;39m] [] 20:33:42.036 [TestCaseId:] [Scenario:
                Create a new project, check its status and presence in Recents] [36mo.a.q.c.s.w.WrappedWebdriver[0;39m - Find_Element Execution_Time(ms):; 30; Page_URL:; http://localhost:8081/#!/dashboard;
[[39mDEBUG[0;39m] [] 20:33:42.539 [TestCaseId:] [Scenario:
                Create a new project, check its status and presence in Recents] [36mo.a.q.c.s.w.WrappedWebdriver[0;39m - Finding element by: By.className: login-button 
[[34mINFO [0;39m] [] 20:33:42.589 [TestCaseId:] [Scenario:
                Create a new project, check its status and presence in Recents] [36mo.a.q.c.s.w.WrappedWebdriver[0;39m - Find_Element Execution_Time(ms):; 30; Page_URL:; http://localhost:8081/#!/dashboard;
[[39mDEBUG[0;39m] [] 20:33:43.089 [TestCaseId:] [Scenario:
                Create a new project, check its status and presence in Recents] [36mo.a.q.c.s.w.WrappedWebdriver[0;39m - Finding element by: By.className: login-button 
[[34mINFO [0;39m] [] 20:33:43.129 [TestCaseId:] [Scenario:
                Create a new project, check its status and presence in Recents] [36mo.a.q.c.s.w.WrappedWebdriver[0;39m - Find_Element Execution_Time(ms):; 30; Page_URL:; http://localhost:8081/#!/dashboard;
[[39mDEBUG[0;39m] [] 20:33:43.630 [TestCaseId:] [Scenario:
                Create a new project, check its status and presence in Recents] [36mo.a.q.c.s.w.WrappedWebdriver[0;39m - Finding element by: By.className: login-button 
[[34mINFO [0;39m] [] 20:33:43.680 [TestCaseId:] [Scenario:
                Create a new project, check its status and presence in Recents] [36mo.a.q.c.s.w.WrappedWebdriver[0;39m - Find_Element Execution_Time(ms):; 30; Page_URL:; http://localhost:8081/#!/dashboard;
[[39mDEBUG[0;39m] [] 20:33:44.180 [TestCaseId:] [Scenario:
                Create a new project, check its status and presence in Recents] [36mo.a.q.c.s.w.WrappedWebdriver[0;39m - Finding element by: By.className: login-button 
[[34mINFO [0;39m] [] 20:33:44.230 [TestCaseId:] [Scenario:
                Create a new project, check its status and presence in Recents] [36mo.a.q.c.s.w.WrappedWebdriver[0;39m - Find_Element Execution_Time(ms):; 30; Page_URL:; http://localhost:8081/#!/dashboard;
[[39mDEBUG[0;39m] [] 20:33:44.733 [TestCaseId:] [Scenario:
                Create a new project, check its status and presence in Recents] [36mo.a.q.c.s.w.WrappedWebdriver[0;39m - Finding element by: By.className: login-button 
[[34mINFO [0;39m] [] 20:33:44.773 [TestCaseId:] [Scenario:
                Create a new project, check its status and presence in Recents] [36mo.a.q.c.s.w.WrappedWebdriver[0;39m - Find_Element Execution_Time(ms):; 30; Page_URL:; http://localhost:8081/#!/dashboard;
[[39mDEBUG[0;39m] [] 20:33:45.273 [TestCaseId:] [Scenario:
                Create a new project, check its status and presence in Recents] [36mo.a.q.c.s.w.WrappedWebdriver[0;39m - Finding element by: By.className: login-button 
[[34mINFO [0;39m] [] 20:33:45.323 [TestCaseId:] [Scenario:
                Create a new project, check its status and presence in Recents] [36mo.a.q.c.s.w.WrappedWebdriver[0;39m - Find_Element Execution_Time(ms):; 30; Page_URL:; http://localhost:8081/#!/dashboard;
[[39mDEBUG[0;39m] [] 20:33:45.810 [TestCaseId:] [Scenario:
                Create a new project, check its status and presence in Recents] [36mo.a.q.c.s.w.WrappedWebdriver[0;39m - Finding element by: By.className: login-button 
[[34mINFO [0;39m] [] 20:33:45.871 [TestCaseId:] [Scenario:
                Create a new project, check its status and presence in Recents] [36mo.a.q.c.s.w.WrappedWebdriver[0;39m - Find_Element Execution_Time(ms):; 50; Page_URL:; http://localhost:8081/#!/dashboard;
[[39mDEBUG[0;39m] [] 20:33:46.371 [TestCaseId:] [Scenario:
                Create a new project, check its status and presence in Recents] [36mo.a.q.c.s.w.WrappedWebdriver[0;39m - Finding element by: By.className: login-button 
[[34mINFO [0;39m] [] 20:33:46.387 [TestCaseId:] [Scenario:
                Create a new project, check its status and presence in Recents] [36mo.a.q.c.s.w.WrappedWebdriver[0;39m - Find_Element Execution_Time(ms):; 11; Page_URL:; http://localhost:8081/#!/dashboard;
[[39mDEBUG[0;39m] [] 20:33:46.888 [TestCaseId:] [Scenario:
                Create a new project, check its status and presence in Recents] [36mo.a.q.c.s.w.WrappedWebdriver[0;39m - Finding element by: By.className: login-button 
[[34mINFO [0;39m] [] 20:33:46.909 [TestCaseId:] [Scenario:
                Create a new project, check its status and presence in Recents] [36mo.a.q.c.s.w.WrappedWebdriver[0;39m - Find_Element Execution_Time(ms):; 14; Page_URL:; http://localhost:8081/#!/dashboard;
[[39mDEBUG[0;39m] [] 20:33:47.409 [TestCaseId:] [Scenario:
                Create a new project, check its status and presence in Recents] [36mo.a.q.c.s.w.WrappedWebdriver[0;39m - Finding element by: By.className: login-button 
[[34mINFO [0;39m] [] 20:33:47.439 [TestCaseId:] [Scenario:
                Create a new project, check its status and presence in Recents] [36mo.a.q.c.s.w.WrappedWebdriver[0;39m - Find_Element Execution_Time(ms):; 16; Page_URL:; http://localhost:8081/#!/dashboard;
[[39mDEBUG[0;39m] [] 20:33:47.940 [TestCaseId:] [Scenario:
                Create a new project, check its status and presence in Recents] [36mo.a.q.c.s.w.WrappedWebdriver[0;39m - Finding element by: By.className: login-button 
[[34mINFO [0;39m] [] 20:33:47.957 [TestCaseId:] [Scenario:
                Create a new project, check its status and presence in Recents] [36mo.a.q.c.s.w.WrappedWebdriver[0;39m - Find_Element Execution_Time(ms):; 12; Page_URL:; http://localhost:8081/#!/dashboard;
[[39mDEBUG[0;39m] [] 20:33:47.958 [TestCaseId:] [Scenario:
                Create a new project, check its status and presence in Recents] [36mo.a.q.c.s.w.WrappedWebdriver[0;39m - Finding element by: By.className: login-button 
[[34mINFO [0;39m] [] 20:33:47.991 [TestCaseId:] [Scenario:
                Create a new project, check its status and presence in Recents] [36mo.a.q.c.s.w.WrappedWebdriver[0;39m - Find_Element Execution_Time(ms):; 23; Page_URL:; http://localhost:8081/#!/dashboard;
[[34mINFO [0;39m] [] 20:33:48.001 [TestCaseId:] [Scenario:
                Create a new project, check its status and presence in Recents] [36mo.a.q.c.s.w.WebdriverHelper[0;39m - Wait_For_Element_To_Be_Clickable Execution_Time(ms):; 7084; Page_URL:; http://localhost:8081/#!/dashboard;
[[39mDEBUG[0;39m] [] 20:33:48.001 [TestCaseId:] [Scenario:
                Create a new project, check its status and presence in Recents] [36mo.a.q.c.s.a.p.AllureAttachmentsProvider[0;39m - Attach screenshot to the Allure report
[[34mINFO [0;39m] [] 20:33:48.366 [TestCaseId:] [Scenario:
                Create a new project, check its status and presence in Recents] [36mo.a.q.c.s.w.WebdriverHelper[0;39m - Click Execution_Time(ms):; 7484; Page_URL:; http://localhost:8081/#!/dashboard;
[[39mDEBUG[0;39m] [] 20:33:48.366 [TestCaseId:] [Scenario:
                Create a new project, check its status and presence in Recents] [36mo.a.q.c.s.a.p.AllureAttachmentsProvider[0;39m - Attach screenshot to the Allure report
[[39mDEBUG[0;39m] [] 20:33:48.745 [TestCaseId:] [Scenario:
                Create a new project, check its status and presence in Recents] [36mo.a.q.c.s.w.WrappedWebdriver[0;39m - Finding element by: By.xpath: //dropdown[@title='select asset type']//button 
[[34mINFO [0;39m] [] 20:33:48.775 [TestCaseId:] [Scenario:
                Create a new project, check its status and presence in Recents] [36mo.a.q.c.s.w.WrappedWebdriver[0;39m - Find_Element Execution_Time(ms):; 20; Page_URL:; http://localhost:8081/#!/dashboard;
[[34mINFO [0;39m] [] 20:33:48.805 [TestCaseId:] [Scenario:
                Create a new project, check its status and presence in Recents] [36mo.a.q.c.s.w.WebdriverHelper[0;39m - Wait_For_Page_Update Execution_Time(ms):; 20; Page_URL:; http://localhost:8081/#!/dashboard;
[[34mINFO [0;39m] [] 20:33:48.885 [TestCaseId:] [Scenario:
                Create a new project, check its status and presence in Recents] [36mo.a.q.c.s.w.WebdriverHelper[0;39m - Wait_For_Element_To_Be_Clickable Execution_Time(ms):; 60; Page_URL:; http://localhost:8081/#!/dashboard;
[[34mINFO [0;39m] [] 20:33:48.955 [TestCaseId:] [Scenario:
                Create a new project, check its status and presence in Recents] [36mo.a.q.c.s.w.WebdriverHelper[0;39m - Wait_For_Page_Update Execution_Time(ms):; 10; Page_URL:; http://localhost:8081/#!/dashboard;
[[34mINFO [0;39m] [] 20:33:48.960 [TestCaseId:] [Scenario:
                Create a new project, check its status and presence in Recents] [36mo.a.q.c.s.w.WebdriverHelper[0;39m - Click Execution_Time(ms):; 180; Page_URL:; http://localhost:8081/#!/dashboard;
[[39mDEBUG[0;39m] [] 20:33:48.960 [TestCaseId:] [Scenario:
                Create a new project, check its status and presence in Recents] [36mo.a.q.c.s.w.WrappedWebdriver[0;39m - Finding element by: By.xpath: //ul[@class = 'dropdown-menu']//a[text()='Offshore Oil and Gas'] 
[[34mINFO [0;39m] [] 20:33:48.982 [TestCaseId:] [Scenario:
                Create a new project, check its status and presence in Recents] [36mo.a.q.c.s.w.WrappedWebdriver[0;39m - Find_Element Execution_Time(ms):; 17; Page_URL:; http://localhost:8081/#!/dashboard;
[[34mINFO [0;39m] [] 20:33:48.994 [TestCaseId:] [Scenario:
                Create a new project, check its status and presence in Recents] [36mo.a.q.c.s.w.WebdriverHelper[0;39m - Wait_For_Page_Update Execution_Time(ms):; 8; Page_URL:; http://localhost:8081/#!/dashboard;
[[34mINFO [0;39m] [] 20:33:49.051 [TestCaseId:] [Scenario:
                Create a new project, check its status and presence in Recents] [36mo.a.q.c.s.w.WebdriverHelper[0;39m - Wait_For_Element_To_Be_Clickable Execution_Time(ms):; 47; Page_URL:; http://localhost:8081/#!/dashboard;
[[34mINFO [0;39m] [] 20:33:49.090 [TestCaseId:] [Scenario:
                Create a new project, check its status and presence in Recents] [36mo.a.q.c.s.w.WebdriverHelper[0;39m - Wait_For_Page_Update Execution_Time(ms):; 5; Page_URL:; http://localhost:8081/#!/dashboard;
[[34mINFO [0;39m] [] 20:33:49.093 [TestCaseId:] [Scenario:
                Create a new project, check its status and presence in Recents] [36mo.a.q.c.s.w.WebdriverHelper[0;39m - Click Execution_Time(ms):; 108; Page_URL:; http://localhost:8081/#!/dashboard;
[[39mDEBUG[0;39m] [] 20:33:49.093 [TestCaseId:] [Scenario:
                Create a new project, check its status and presence in Recents] [36mo.a.q.c.s.w.WrappedWebdriver[0;39m - Finding element by: By.xpath: //div[contains(@ng-repeat, 'system')]/span[text()='oil dehydration']/.. 
[[34mINFO [0;39m] [] 20:33:49.110 [TestCaseId:] [Scenario:
                Create a new project, check its status and presence in Recents] [36mo.a.q.c.s.w.WrappedWebdriver[0;39m - Find_Element Execution_Time(ms):; 14; Page_URL:; http://localhost:8081/#!/dashboard;
[[34mINFO [0;39m] [] 20:33:49.120 [TestCaseId:] [Scenario:
                Create a new project, check its status and presence in Recents] [36mo.a.q.c.s.w.WebdriverHelper[0;39m - Wait_For_Page_Update Execution_Time(ms):; 6; Page_URL:; http://localhost:8081/#!/dashboard;
[[34mINFO [0;39m] [] 20:33:49.160 [TestCaseId:] [Scenario:
                Create a new project, check its status and presence in Recents] [36mo.a.q.c.s.w.WebdriverHelper[0;39m - Wait_For_Element_To_Be_Clickable Execution_Time(ms):; 39; Page_URL:; http://localhost:8081/#!/dashboard;
[[34mINFO [0;39m] [] 20:33:49.216 [TestCaseId:] [Scenario:
                Create a new project, check its status and presence in Recents] [36mo.a.q.c.s.w.WebdriverHelper[0;39m - Wait_For_Page_Update Execution_Time(ms):; 6; Page_URL:; http://localhost:8081/#!/dashboard;
[[34mINFO [0;39m] [] 20:33:49.220 [TestCaseId:] [Scenario:
                Create a new project, check its status and presence in Recents] [36mo.a.q.c.s.w.WebdriverHelper[0;39m - Click Execution_Time(ms):; 106; Page_URL:; http://localhost:8081/#!/dashboard;
[[39mDEBUG[0;39m] [] 20:33:49.220 [TestCaseId:] [Scenario:
                Create a new project, check its status and presence in Recents] [36mo.a.q.c.s.w.WrappedWebdriver[0;39m - Finding element by: By.xpath: //div[contains(@ng-repeat, 'system')]/span[text()='oil dehydration']/.. 
[[34mINFO [0;39m] [] 20:33:49.230 [TestCaseId:] [Scenario:
                Create a new project, check its status and presence in Recents] [36mo.a.q.c.s.w.WrappedWebdriver[0;39m - Find_Element Execution_Time(ms):; 7; Page_URL:; http://localhost:8081/#!/dashboard;
[[39mDEBUG[0;39m] [] 20:33:49.236 [TestCaseId:] [Scenario:
                Create a new project, check its status and presence in Recents] [36mo.a.q.c.s.w.WrappedWebdriver[0;39m - Finding element by: By.xpath: //dropdown[@title='select library']//button 
[[34mINFO [0;39m] [] 20:33:49.275 [TestCaseId:] [Scenario:
                Create a new project, check its status and presence in Recents] [36mo.a.q.c.s.w.WrappedWebdriver[0;39m - Find_Element Execution_Time(ms):; 29; Page_URL:; http://localhost:8081/#!/dashboard;
[[34mINFO [0;39m] [] 20:33:49.296 [TestCaseId:] [Scenario:
                Create a new project, check its status and presence in Recents] [36mo.a.q.c.s.w.WebdriverHelper[0;39m - Wait_For_Page_Update Execution_Time(ms):; 20; Page_URL:; http://localhost:8081/#!/dashboard;
[[34mINFO [0;39m] [] 20:33:49.357 [TestCaseId:] [Scenario:
                Create a new project, check its status and presence in Recents] [36mo.a.q.c.s.w.WebdriverHelper[0;39m - Wait_For_Element_To_Be_Clickable Execution_Time(ms):; 60; Page_URL:; http://localhost:8081/#!/dashboard;
[[34mINFO [0;39m] [] 20:33:49.425 [TestCaseId:] [Scenario:
                Create a new project, check its status and presence in Recents] [36mo.a.q.c.s.w.WebdriverHelper[0;39m - Wait_For_Page_Update Execution_Time(ms):; 5; Page_URL:; http://localhost:8081/#!/dashboard;
[[34mINFO [0;39m] [] 20:33:49.431 [TestCaseId:] [Scenario:
                Create a new project, check its status and presence in Recents] [36mo.a.q.c.s.w.WebdriverHelper[0;39m - Click Execution_Time(ms):; 150; Page_URL:; http://localhost:8081/#!/dashboard;
[[39mDEBUG[0;39m] [] 20:33:49.431 [TestCaseId:] [Scenario:
                Create a new project, check its status and presence in Recents] [36mo.a.q.c.s.w.WrappedWebdriver[0;39m - Finding element by: By.xpath: //ul[@class = 'dropdown-menu']//a[text()='Main Library'] 
[[34mINFO [0;39m] [] 20:33:49.457 [TestCaseId:] [Scenario:
                Create a new project, check its status and presence in Recents] [36mo.a.q.c.s.w.WrappedWebdriver[0;39m - Find_Element Execution_Time(ms):; 23; Page_URL:; http://localhost:8081/#!/dashboard;
[[34mINFO [0;39m] [] 20:33:49.491 [TestCaseId:] [Scenario:
                Create a new project, check its status and presence in Recents] [36mo.a.q.c.s.w.WebdriverHelper[0;39m - Wait_For_Page_Update Execution_Time(ms):; 14; Page_URL:; http://localhost:8081/#!/dashboard;
[[34mINFO [0;39m] [] 20:33:49.531 [TestCaseId:] [Scenario:
                Create a new project, check its status and presence in Recents] [36mo.a.q.c.s.w.WebdriverHelper[0;39m - Wait_For_Element_To_Be_Clickable Execution_Time(ms):; 30; Page_URL:; http://localhost:8081/#!/dashboard;
[[34mINFO [0;39m] [] 20:33:49.573 [TestCaseId:] [Scenario:
                Create a new project, check its status and presence in Recents] [36mo.a.q.c.s.w.WebdriverHelper[0;39m - Wait_For_Page_Update Execution_Time(ms):; 6; Page_URL:; http://localhost:8081/#!/dashboard;
[[34mINFO [0;39m] [] 20:33:49.576 [TestCaseId:] [Scenario:
                Create a new project, check its status and presence in Recents] [36mo.a.q.c.s.w.WebdriverHelper[0;39m - Click Execution_Time(ms):; 116; Page_URL:; http://localhost:8081/#!/dashboard;
[[39mDEBUG[0;39m] [] 20:33:49.576 [TestCaseId:] [Scenario:
                Create a new project, check its status and presence in Recents] [36mo.a.q.c.s.w.WrappedWebdriver[0;39m - Finding element by: By.xpath: //dropdown[@title='select region']//button 
[[34mINFO [0;39m] [] 20:33:49.592 [TestCaseId:] [Scenario:
                Create a new project, check its status and presence in Recents] [36mo.a.q.c.s.w.WrappedWebdriver[0;39m - Find_Element Execution_Time(ms):; 13; Page_URL:; http://localhost:8081/#!/dashboard;
[[34mINFO [0;39m] [] 20:33:49.600 [TestCaseId:] [Scenario:
                Create a new project, check its status and presence in Recents] [36mo.a.q.c.s.w.WebdriverHelper[0;39m - Wait_For_Page_Update Execution_Time(ms):; 4; Page_URL:; http://localhost:8081/#!/dashboard;
[[34mINFO [0;39m] [] 20:33:49.643 [TestCaseId:] [Scenario:
                Create a new project, check its status and presence in Recents] [36mo.a.q.c.s.w.WebdriverHelper[0;39m - Wait_For_Element_To_Be_Clickable Execution_Time(ms):; 33; Page_URL:; http://localhost:8081/#!/dashboard;
[[34mINFO [0;39m] [] 20:33:49.684 [TestCaseId:] [Scenario:
                Create a new project, check its status and presence in Recents] [36mo.a.q.c.s.w.WebdriverHelper[0;39m - Wait_For_Page_Update Execution_Time(ms):; 5; Page_URL:; http://localhost:8081/#!/dashboard;
[[34mINFO [0;39m] [] 20:33:49.687 [TestCaseId:] [Scenario:
                Create a new project, check its status and presence in Recents] [36mo.a.q.c.s.w.WebdriverHelper[0;39m - Click Execution_Time(ms):; 92; Page_URL:; http://localhost:8081/#!/dashboard;
[[39mDEBUG[0;39m] [] 20:33:49.688 [TestCaseId:] [Scenario:
                Create a new project, check its status and presence in Recents] [36mo.a.q.c.s.w.WrappedWebdriver[0;39m - Finding element by: By.xpath: //ul[@class = 'dropdown-menu']//a[text()='USA'] 
[[34mINFO [0;39m] [] 20:33:49.703 [TestCaseId:] [Scenario:
                Create a new project, check its status and presence in Recents] [36mo.a.q.c.s.w.WrappedWebdriver[0;39m - Find_Element Execution_Time(ms):; 12; Page_URL:; http://localhost:8081/#!/dashboard;
[[34mINFO [0;39m] [] 20:33:49.709 [TestCaseId:] [Scenario:
                Create a new project, check its status and presence in Recents] [36mo.a.q.c.s.w.WebdriverHelper[0;39m - Wait_For_Page_Update Execution_Time(ms):; 4; Page_URL:; http://localhost:8081/#!/dashboard;
[[34mINFO [0;39m] [] 20:33:49.758 [TestCaseId:] [Scenario:
                Create a new project, check its status and presence in Recents] [36mo.a.q.c.s.w.WebdriverHelper[0;39m - Wait_For_Element_To_Be_Clickable Execution_Time(ms):; 28; Page_URL:; http://localhost:8081/#!/dashboard;
[[34mINFO [0;39m] [] 20:33:49.808 [TestCaseId:] [Scenario:
                Create a new project, check its status and presence in Recents] [36mo.a.q.c.s.w.WebdriverHelper[0;39m - Wait_For_Page_Update Execution_Time(ms):; 10; Page_URL:; http://localhost:8081/#!/dashboard;
[[34mINFO [0;39m] [] 20:33:49.811 [TestCaseId:] [Scenario:
                Create a new project, check its status and presence in Recents] [36mo.a.q.c.s.w.WebdriverHelper[0;39m - Click Execution_Time(ms):; 105; Page_URL:; http://localhost:8081/#!/dashboard;
[[39mDEBUG[0;39m] [] 20:33:49.812 [TestCaseId:] [Scenario:
                Create a new project, check its status and presence in Recents] [36mo.a.q.c.s.w.WrappedWebdriver[0;39m - Finding element by: By.xpath: //dropdown[@title='select location']//button 
[[34mINFO [0;39m] [] 20:33:49.828 [TestCaseId:] [Scenario:
                Create a new project, check its status and presence in Recents] [36mo.a.q.c.s.w.WrappedWebdriver[0;39m - Find_Element Execution_Time(ms):; 13; Page_URL:; http://localhost:8081/#!/dashboard;
[[34mINFO [0;39m] [] 20:33:49.836 [TestCaseId:] [Scenario:
                Create a new project, check its status and presence in Recents] [36mo.a.q.c.s.w.WebdriverHelper[0;39m - Wait_For_Page_Update Execution_Time(ms):; 5; Page_URL:; http://localhost:8081/#!/dashboard;
[[34mINFO [0;39m] [] 20:33:49.886 [TestCaseId:] [Scenario:
                Create a new project, check its status and presence in Recents] [36mo.a.q.c.s.w.WebdriverHelper[0;39m - Wait_For_Element_To_Be_Clickable Execution_Time(ms):; 40; Page_URL:; http://localhost:8081/#!/dashboard;
[[34mINFO [0;39m] [] 20:33:49.929 [TestCaseId:] [Scenario:
                Create a new project, check its status and presence in Recents] [36mo.a.q.c.s.w.WebdriverHelper[0;39m - Wait_For_Page_Update Execution_Time(ms):; 8; Page_URL:; http://localhost:8081/#!/dashboard;
[[34mINFO [0;39m] [] 20:33:49.933 [TestCaseId:] [Scenario:
                Create a new project, check its status and presence in Recents] [36mo.a.q.c.s.w.WebdriverHelper[0;39m - Click Execution_Time(ms):; 101; Page_URL:; http://localhost:8081/#!/dashboard;
[[39mDEBUG[0;39m] [] 20:33:49.933 [TestCaseId:] [Scenario:
                Create a new project, check its status and presence in Recents] [36mo.a.q.c.s.w.WrappedWebdriver[0;39m - Finding element by: By.xpath: //ul[@class = 'dropdown-menu']//a[text()='Gulf of Mexico'] 
[[34mINFO [0;39m] [] 20:33:49.966 [TestCaseId:] [Scenario:
                Create a new project, check its status and presence in Recents] [36mo.a.q.c.s.w.WrappedWebdriver[0;39m - Find_Element Execution_Time(ms):; 13; Page_URL:; http://localhost:8081/#!/dashboard;
[[34mINFO [0;39m] [] 20:33:49.996 [TestCaseId:] [Scenario:
                Create a new project, check its status and presence in Recents] [36mo.a.q.c.s.w.WebdriverHelper[0;39m - Wait_For_Page_Update Execution_Time(ms):; 20; Page_URL:; http://localhost:8081/#!/dashboard;
[[34mINFO [0;39m] [] 20:33:50.061 [TestCaseId:] [Scenario:
                Create a new project, check its status and presence in Recents] [36mo.a.q.c.s.w.WebdriverHelper[0;39m - Wait_For_Element_To_Be_Clickable Execution_Time(ms):; 55; Page_URL:; http://localhost:8081/#!/dashboard;
[[34mINFO [0;39m] [] 20:33:50.124 [TestCaseId:] [Scenario:
                Create a new project, check its status and presence in Recents] [36mo.a.q.c.s.w.WebdriverHelper[0;39m - Wait_For_Page_Update Execution_Time(ms):; 8; Page_URL:; http://localhost:8081/#!/dashboard;
[[34mINFO [0;39m] [] 20:33:50.128 [TestCaseId:] [Scenario:
                Create a new project, check its status and presence in Recents] [36mo.a.q.c.s.w.WebdriverHelper[0;39m - Click Execution_Time(ms):; 158; Page_URL:; http://localhost:8081/#!/dashboard;
[[34mINFO [0;39m] [] 20:33:50.143 [TestCaseId:] [Scenario:
                Create a new project, check its status and presence in Recents] [36mo.a.q.c.s.w.WebdriverHelper[0;39m - Wait_For_Page_Update Execution_Time(ms):; 5; Page_URL:; http://localhost:8081/#!/dashboard;
[[39mDEBUG[0;39m] [] 20:33:50.143 [TestCaseId:] [Scenario:
                Create a new project, check its status and presence in Recents] [36mo.a.q.c.s.w.WrappedWebdriver[0;39m - Finding element by: By.className: new-project__title-input 
[[34mINFO [0;39m] [] 20:33:50.161 [TestCaseId:] [Scenario:
                Create a new project, check its status and presence in Recents] [36mo.a.q.c.s.w.WrappedWebdriver[0;39m - Find_Element Execution_Time(ms):; 13; Page_URL:; http://localhost:8081/#!/dashboard;
[[39mDEBUG[0;39m] [] 20:33:50.193 [TestCaseId:] [Scenario:
                Create a new project, check its status and presence in Recents] [36mo.a.q.c.s.w.WrappedWebdriver[0;39m - Finding element by: By.className: new-project__title-input 
[[34mINFO [0;39m] [] 20:33:50.213 [TestCaseId:] [Scenario:
                Create a new project, check its status and presence in Recents] [36mo.a.q.c.s.w.WrappedWebdriver[0;39m - Find_Element Execution_Time(ms):; 10; Page_URL:; http://localhost:8081/#!/dashboard;
[[39mDEBUG[0;39m] [] 20:33:50.233 [TestCaseId:] [Scenario:
                Create a new project, check its status and presence in Recents] [36mo.a.q.c.s.w.WrappedWebdriver[0;39m - Finding element by: By.className: new-project__title-input 
[[34mINFO [0;39m] [] 20:33:50.238 [TestCaseId:] [Scenario:
                Create a new project, check its status and presence in Recents] [36mo.a.q.c.s.w.WrappedWebdriver[0;39m - Find_Element Execution_Time(ms):; 1; Page_URL:; http://localhost:8081/#!/dashboard;
[[34mINFO [0;39m] [] 20:33:50.345 [TestCaseId:] [Scenario:
                Create a new project, check its status and presence in Recents] [36mo.a.q.c.s.w.WebdriverHelper[0;39m - Wait_For_Page_Update Execution_Time(ms):; 6; Page_URL:; http://localhost:8081/#!/dashboard;
[[34mINFO [0;39m] [] 20:33:50.350 [TestCaseId:] [Scenario:
                Create a new project, check its status and presence in Recents] [36mo.a.q.c.s.w.WebdriverHelper[0;39m - Send_Keys Execution_Time(ms):; 210; Page_URL:; http://localhost:8081/#!/dashboard;
[[34mINFO [0;39m] [] 20:33:50.360 [TestCaseId:] [Scenario:
                Create a new project, check its status and presence in Recents] [36mo.a.q.c.s.w.WebdriverHelper[0;39m - Wait_For_Page_Update Execution_Time(ms):; 5; Page_URL:; http://localhost:8081/#!/dashboard;
[[39mDEBUG[0;39m] [] 20:33:50.360 [TestCaseId:] [Scenario:
                Create a new project, check its status and presence in Recents] [36mo.a.q.c.s.w.WrappedWebdriver[0;39m - Finding element by: By.className: new-project__description-input 
[[34mINFO [0;39m] [] 20:33:50.378 [TestCaseId:] [Scenario:
                Create a new project, check its status and presence in Recents] [36mo.a.q.c.s.w.WrappedWebdriver[0;39m - Find_Element Execution_Time(ms):; 11; Page_URL:; http://localhost:8081/#!/dashboard;
[[39mDEBUG[0;39m] [] 20:33:50.391 [TestCaseId:] [Scenario:
                Create a new project, check its status and presence in Recents] [36mo.a.q.c.s.w.WrappedWebdriver[0;39m - Finding element by: By.className: new-project__description-input 
[[34mINFO [0;39m] [] 20:33:50.401 [TestCaseId:] [Scenario:
                Create a new project, check its status and presence in Recents] [36mo.a.q.c.s.w.WrappedWebdriver[0;39m - Find_Element Execution_Time(ms):; 6; Page_URL:; http://localhost:8081/#!/dashboard;
[[39mDEBUG[0;39m] [] 20:33:50.418 [TestCaseId:] [Scenario:
                Create a new project, check its status and presence in Recents] [36mo.a.q.c.s.w.WrappedWebdriver[0;39m - Finding element by: By.className: new-project__description-input 
[[34mINFO [0;39m] [] 20:33:50.429 [TestCaseId:] [Scenario:
                Create a new project, check its status and presence in Recents] [36mo.a.q.c.s.w.WrappedWebdriver[0;39m - Find_Element Execution_Time(ms):; 7; Page_URL:; http://localhost:8081/#!/dashboard;
[[34mINFO [0;39m] [] 20:33:50.515 [TestCaseId:] [Scenario:
                Create a new project, check its status and presence in Recents] [36mo.a.q.c.s.w.WebdriverHelper[0;39m - Wait_For_Page_Update Execution_Time(ms):; 5; Page_URL:; http://localhost:8081/#!/dashboard;
[[34mINFO [0;39m] [] 20:33:50.519 [TestCaseId:] [Scenario:
                Create a new project, check its status and presence in Recents] [36mo.a.q.c.s.w.WebdriverHelper[0;39m - Send_Keys Execution_Time(ms):; 164; Page_URL:; http://localhost:8081/#!/dashboard;
[[34mINFO [0;39m] [] 20:33:50.529 [TestCaseId:] [Scenario:
                Create a new project, check its status and presence in Recents] [36mo.a.q.c.s.w.WebdriverHelper[0;39m - Wait_For_Page_Update Execution_Time(ms):; 5; Page_URL:; http://localhost:8081/#!/dashboard;
[[39mDEBUG[0;39m] [] 20:33:50.529 [TestCaseId:] [Scenario:
                Create a new project, check its status and presence in Recents] [36mo.a.q.c.s.w.WrappedWebdriver[0;39m - Finding element by: By.className: new-project__create-button 
[[34mINFO [0;39m] [] 20:33:50.545 [TestCaseId:] [Scenario:
                Create a new project, check its status and presence in Recents] [36mo.a.q.c.s.w.WrappedWebdriver[0;39m - Find_Element Execution_Time(ms):; 13; Page_URL:; http://localhost:8081/#!/dashboard;
[[39mDEBUG[0;39m] [] 20:33:50.558 [TestCaseId:] [Scenario:
                Create a new project, check its status and presence in Recents] [36mo.a.q.c.s.w.WrappedWebdriver[0;39m - Finding element by: By.className: new-project__create-button 
[[34mINFO [0;39m] [] 20:33:50.570 [TestCaseId:] [Scenario:
                Create a new project, check its status and presence in Recents] [36mo.a.q.c.s.w.WrappedWebdriver[0;39m - Find_Element Execution_Time(ms):; 7; Page_URL:; http://localhost:8081/#!/dashboard;
[[34mINFO [0;39m] [] 20:33:50.583 [TestCaseId:] [Scenario:
                Create a new project, check its status and presence in Recents] [36mo.a.q.c.s.w.WebdriverHelper[0;39m - Wait_For_Element_To_Be_Clickable Execution_Time(ms):; 50; Page_URL:; http://localhost:8081/#!/dashboard;
[[39mDEBUG[0;39m] [] 20:33:50.583 [TestCaseId:] [Scenario:
                Create a new project, check its status and presence in Recents] [36mo.a.q.c.s.w.WrappedWebdriver[0;39m - Finding element by: By.className: new-project__create-button 
[[34mINFO [0;39m] [] 20:33:50.593 [TestCaseId:] [Scenario:
                Create a new project, check its status and presence in Recents] [36mo.a.q.c.s.w.WrappedWebdriver[0;39m - Find_Element Execution_Time(ms):; 6; Page_URL:; http://localhost:8081/#!/dashboard;
[[34mINFO [0;39m] [] 20:33:50.750 [TestCaseId:] [Scenario:
                Create a new project, check its status and presence in Recents] [36mo.a.q.c.s.w.WebdriverHelper[0;39m - Wait_For_Page_Update Execution_Time(ms):; 47; Page_URL:; http://localhost:8081/#!/project/79734dce-2f2c-4e47-a98e-bdd18aca53e3/questionnaire;
[[34mINFO [0;39m] [] 20:33:50.755 [TestCaseId:] [Scenario:
                Create a new project, check its status and presence in Recents] [36mo.a.q.c.s.w.WebdriverHelper[0;39m - Click Execution_Time(ms):; 231; Page_URL:; http://localhost:8081/#!/project/79734dce-2f2c-4e47-a98e-bdd18aca53e3/questionnaire;
[[34mINFO [0;39m] [] 20:33:50.782 [TestCaseId:] [Scenario:
                Create a new project, check its status and presence in Recents] [36mo.a.q.c.s.w.WebdriverHelper[0;39m - Wait_For_Page_Update Execution_Time(ms):; 6; Page_URL:; http://localhost:8081/#!/project/79734dce-2f2c-4e47-a98e-bdd18aca53e3/questionnaire;
[[39mDEBUG[0;39m] [] 20:33:50.783 [TestCaseId:] [Scenario:
                Create a new project, check its status and presence in Recents] [36mo.a.q.c.s.w.WrappedWebdriver[0;39m - Finding element by: By.className: save 
[[34mINFO [0;39m] [] 20:33:50.817 [TestCaseId:] [Scenario:
                Create a new project, check its status and presence in Recents] [36mo.a.q.c.s.w.WrappedWebdriver[0;39m - Find_Element Execution_Time(ms):; 11; Page_URL:; http://localhost:8081/#!/project/79734dce-2f2c-4e47-a98e-bdd18aca53e3/questionnaire;
[[39mDEBUG[0;39m] [] 20:33:50.837 [TestCaseId:] [Scenario:
                Create a new project, check its status and presence in Recents] [36mo.a.q.c.s.w.WrappedWebdriver[0;39m - Finding element by: By.className: save 
[[34mINFO [0;39m] [] 20:33:50.857 [TestCaseId:] [Scenario:
                Create a new project, check its status and presence in Recents] [36mo.a.q.c.s.w.WrappedWebdriver[0;39m - Find_Element Execution_Time(ms):; 10; Page_URL:; http://localhost:8081/#!/project/79734dce-2f2c-4e47-a98e-bdd18aca53e3/questionnaire;
[[34mINFO [0;39m] [] 20:33:50.887 [TestCaseId:] [Scenario:
                Create a new project, check its status and presence in Recents] [36mo.a.q.c.s.w.WebdriverHelper[0;39m - Wait_For_Element_To_Be_Clickable Execution_Time(ms):; 95; Page_URL:; http://localhost:8081/#!/project/79734dce-2f2c-4e47-a98e-bdd18aca53e3/questionnaire;
[[39mDEBUG[0;39m] [] 20:33:50.887 [TestCaseId:] [Scenario:
                Create a new project, check its status and presence in Recents] [36mo.a.q.c.s.w.WrappedWebdriver[0;39m - Finding element by: By.className: save 
[[34mINFO [0;39m] [] 20:33:50.895 [TestCaseId:] [Scenario:
                Create a new project, check its status and presence in Recents] [36mo.a.q.c.s.w.WrappedWebdriver[0;39m - Find_Element Execution_Time(ms):; 2; Page_URL:; http://localhost:8081/#!/project/79734dce-2f2c-4e47-a98e-bdd18aca53e3/questionnaire;
[[34mINFO [0;39m] [] 20:33:50.989 [TestCaseId:] [Scenario:
                Create a new project, check its status and presence in Recents] [36mo.a.q.c.s.w.WebdriverHelper[0;39m - Wait_For_Page_Update Execution_Time(ms):; 33; Page_URL:; http://localhost:8081/#!/project/79734dce-2f2c-4e47-a98e-bdd18aca53e3/questionnaire;
[[34mINFO [0;39m] [] 20:33:50.994 [TestCaseId:] [Scenario:
                Create a new project, check its status and presence in Recents] [36mo.a.q.c.s.w.WebdriverHelper[0;39m - Click Execution_Time(ms):; 218; Page_URL:; http://localhost:8081/#!/project/79734dce-2f2c-4e47-a98e-bdd18aca53e3/questionnaire;
[[39mDEBUG[0;39m] [] 20:33:51.005 [TestCaseId:] [Scenario:
                Create a new project, check its status and presence in Recents] [36mo.a.q.c.s.w.WrappedWebdriver[0;39m - Finding elements by: By.cssSelector: .modal-content
[[34mINFO [0;39m] [] 20:33:51.025 [TestCaseId:] [Scenario:
                Create a new project, check its status and presence in Recents] [36mo.a.q.c.s.w.WrappedWebdriver[0;39m - Find_Elements Execution_Time(ms):; 15; Page_URL:; http://localhost:8081/#!/project/79734dce-2f2c-4e47-a98e-bdd18aca53e3/questionnaire;
[[34mINFO [0;39m] [] 20:33:51.075 [TestCaseId:] [Scenario:
                Create a new project, check its status and presence in Recents] [36mo.a.q.c.s.w.WebdriverHelper[0;39m - Wait_For_Page_Update Execution_Time(ms):; 5; Page_URL:; http://localhost:8081/#!/project/79734dce-2f2c-4e47-a98e-bdd18aca53e3/questionnaire;
[[39mDEBUG[0;39m] [] 20:33:51.075 [TestCaseId:] [Scenario:
                Create a new project, check its status and presence in Recents] [36mo.a.q.c.s.w.WrappedWebdriver[0;39m - Finding element by: By.cssSelector: .modal-content .modal-title 
[[34mINFO [0;39m] [] 20:33:51.091 [TestCaseId:] [Scenario:
                Create a new project, check its status and presence in Recents] [36mo.a.q.c.s.w.WrappedWebdriver[0;39m - Find_Element Execution_Time(ms):; 13; Page_URL:; http://localhost:8081/#!/project/79734dce-2f2c-4e47-a98e-bdd18aca53e3/questionnaire;
[[39mDEBUG[0;39m] [] 20:33:51.103 [TestCaseId:] [Scenario:
                Create a new project, check its status and presence in Recents] [36mo.a.q.c.s.w.WrappedWebdriver[0;39m - Finding element by: By.cssSelector: .modal-content .modal-title 
[[34mINFO [0;39m] [] 20:33:51.113 [TestCaseId:] [Scenario:
                Create a new project, check its status and presence in Recents] [36mo.a.q.c.s.w.WrappedWebdriver[0;39m - Find_Element Execution_Time(ms):; 6; Page_URL:; http://localhost:8081/#!/project/79734dce-2f2c-4e47-a98e-bdd18aca53e3/questionnaire;
[[34mINFO [0;39m] [] 20:33:51.135 [TestCaseId:] [Scenario:
                Create a new project, check its status and presence in Recents] [36mo.a.q.c.s.w.WebdriverHelper[0;39m - Wait_For_Page_Update Execution_Time(ms):; 4; Page_URL:; http://localhost:8081/#!/project/79734dce-2f2c-4e47-a98e-bdd18aca53e3/questionnaire;
[[34mINFO [0;39m] [] 20:33:51.138 [TestCaseId:] [Scenario:
                Create a new project, check its status and presence in Recents] [36mo.a.q.c.s.w.WebdriverHelper[0;39m - get_Text Execution_Time(ms):; 68; Page_URL:; http://localhost:8081/#!/project/79734dce-2f2c-4e47-a98e-bdd18aca53e3/questionnaire;
[[34mINFO [0;39m] [] 20:33:51.149 [TestCaseId:] [Scenario:
                Create a new project, check its status and presence in Recents] [36mo.a.q.c.s.w.WebdriverHelper[0;39m - Wait_For_Page_Update Execution_Time(ms):; 5; Page_URL:; http://localhost:8081/#!/project/79734dce-2f2c-4e47-a98e-bdd18aca53e3/questionnaire;
[[39mDEBUG[0;39m] [] 20:33:51.150 [TestCaseId:] [Scenario:
                Create a new project, check its status and presence in Recents] [36mo.a.q.c.s.w.WrappedWebdriver[0;39m - Finding element by: By.cssSelector: .modal-content .modal-body 
[[34mINFO [0;39m] [] 20:33:51.165 [TestCaseId:] [Scenario:
                Create a new project, check its status and presence in Recents] [36mo.a.q.c.s.w.WrappedWebdriver[0;39m - Find_Element Execution_Time(ms):; 12; Page_URL:; http://localhost:8081/#!/project/79734dce-2f2c-4e47-a98e-bdd18aca53e3/questionnaire;
[[39mDEBUG[0;39m] [] 20:33:51.178 [TestCaseId:] [Scenario:
                Create a new project, check its status and presence in Recents] [36mo.a.q.c.s.w.WrappedWebdriver[0;39m - Finding element by: By.cssSelector: .modal-content .modal-body 
[[34mINFO [0;39m] [] 20:33:51.190 [TestCaseId:] [Scenario:
                Create a new project, check its status and presence in Recents] [36mo.a.q.c.s.w.WrappedWebdriver[0;39m - Find_Element Execution_Time(ms):; 9; Page_URL:; http://localhost:8081/#!/project/79734dce-2f2c-4e47-a98e-bdd18aca53e3/questionnaire;
[[34mINFO [0;39m] [] 20:33:51.212 [TestCaseId:] [Scenario:
                Create a new project, check its status and presence in Recents] [36mo.a.q.c.s.w.WebdriverHelper[0;39m - Wait_For_Page_Update Execution_Time(ms):; 5; Page_URL:; http://localhost:8081/#!/project/79734dce-2f2c-4e47-a98e-bdd18aca53e3/questionnaire;
[[34mINFO [0;39m] [] 20:33:51.216 [TestCaseId:] [Scenario:
                Create a new project, check its status and presence in Recents] [36mo.a.q.c.s.w.WebdriverHelper[0;39m - get_Text Execution_Time(ms):; 72; Page_URL:; http://localhost:8081/#!/project/79734dce-2f2c-4e47-a98e-bdd18aca53e3/questionnaire;
[[34mINFO [0;39m] [] 20:33:51.221 [TestCaseId:] [Scenario:
                Create a new project, check its status and presence in Recents] [36mo.a.q.c.s.c.ModalWindow[0;39m - Close modal window by Ok button
[[34mINFO [0;39m] [] 20:33:51.230 [TestCaseId:] [Scenario:
                Create a new project, check its status and presence in Recents] [36mo.a.q.c.s.w.WebdriverHelper[0;39m - Wait_For_Page_Update Execution_Time(ms):; 5; Page_URL:; http://localhost:8081/#!/project/79734dce-2f2c-4e47-a98e-bdd18aca53e3/questionnaire;
[[39mDEBUG[0;39m] [] 20:33:51.230 [TestCaseId:] [Scenario:
                Create a new project, check its status and presence in Recents] [36mo.a.q.c.s.w.WrappedWebdriver[0;39m - Finding element by: By.cssSelector: .modal-content .modal-footer .ok 
[[34mINFO [0;39m] [] 20:33:51.246 [TestCaseId:] [Scenario:
                Create a new project, check its status and presence in Recents] [36mo.a.q.c.s.w.WrappedWebdriver[0;39m - Find_Element Execution_Time(ms):; 13; Page_URL:; http://localhost:8081/#!/project/79734dce-2f2c-4e47-a98e-bdd18aca53e3/questionnaire;
[[39mDEBUG[0;39m] [] 20:33:51.258 [TestCaseId:] [Scenario:
                Create a new project, check its status and presence in Recents] [36mo.a.q.c.s.w.WrappedWebdriver[0;39m - Finding element by: By.cssSelector: .modal-content .modal-footer .ok 
[[34mINFO [0;39m] [] 20:33:51.269 [TestCaseId:] [Scenario:
                Create a new project, check its status and presence in Recents] [36mo.a.q.c.s.w.WrappedWebdriver[0;39m - Find_Element Execution_Time(ms):; 8; Page_URL:; http://localhost:8081/#!/project/79734dce-2f2c-4e47-a98e-bdd18aca53e3/questionnaire;
[[34mINFO [0;39m] [] 20:33:51.281 [TestCaseId:] [Scenario:
                Create a new project, check its status and presence in Recents] [36mo.a.q.c.s.w.WebdriverHelper[0;39m - Wait_For_Element_To_Be_Clickable Execution_Time(ms):; 48; Page_URL:; http://localhost:8081/#!/project/79734dce-2f2c-4e47-a98e-bdd18aca53e3/questionnaire;
[[39mDEBUG[0;39m] [] 20:33:51.281 [TestCaseId:] [Scenario:
                Create a new project, check its status and presence in Recents] [36mo.a.q.c.s.w.WrappedWebdriver[0;39m - Finding element by: By.cssSelector: .modal-content .modal-footer .ok 
[[34mINFO [0;39m] [] 20:33:51.292 [TestCaseId:] [Scenario:
                Create a new project, check its status and presence in Recents] [36mo.a.q.c.s.w.WrappedWebdriver[0;39m - Find_Element Execution_Time(ms):; 8; Page_URL:; http://localhost:8081/#!/project/79734dce-2f2c-4e47-a98e-bdd18aca53e3/questionnaire;
[[34mINFO [0;39m] [] 20:33:51.348 [TestCaseId:] [Scenario:
                Create a new project, check its status and presence in Recents] [36mo.a.q.c.s.w.WebdriverHelper[0;39m - Wait_For_Page_Update Execution_Time(ms):; 8; Page_URL:; http://localhost:8081/#!/project/79734dce-2f2c-4e47-a98e-bdd18aca53e3/questionnaire;
[[34mINFO [0;39m] [] 20:33:51.353 [TestCaseId:] [Scenario:
                Create a new project, check its status and presence in Recents] [36mo.a.q.c.s.w.WebdriverHelper[0;39m - Click Execution_Time(ms):; 126; Page_URL:; http://localhost:8081/#!/project/79734dce-2f2c-4e47-a98e-bdd18aca53e3/questionnaire;
[[39mDEBUG[0;39m] [] 20:33:51.353 [TestCaseId:] [Scenario:
                Create a new project, check its status and presence in Recents] [36mo.a.q.c.s.a.p.AllureAttachmentsProvider[0;39m - Attach screenshot to the Allure report
[[34mINFO [0;39m] [] 20:33:51.785 [TestCaseId:] [Scenario:
                Create a new project, check its status and presence in Recents] [36mo.a.q.c.s.w.WebdriverHelper[0;39m - Wait_For_Page_Update Execution_Time(ms):; 20; Page_URL:; http://localhost:8081/#!/project/79734dce-2f2c-4e47-a98e-bdd18aca53e3/questionnaire;
[[39mDEBUG[0;39m] [] 20:33:51.785 [TestCaseId:] [Scenario:
                Create a new project, check its status and presence in Recents] [36mo.a.q.c.s.w.WrappedWebdriver[0;39m - Finding element by: By.className: fa-home 
[[34mINFO [0;39m] [] 20:33:51.835 [TestCaseId:] [Scenario:
                Create a new project, check its status and presence in Recents] [36mo.a.q.c.s.w.WrappedWebdriver[0;39m - Find_Element Execution_Time(ms):; 40; Page_URL:; http://localhost:8081/#!/project/79734dce-2f2c-4e47-a98e-bdd18aca53e3/questionnaire;
[[39mDEBUG[0;39m] [] 20:33:51.855 [TestCaseId:] [Scenario:
                Create a new project, check its status and presence in Recents] [36mo.a.q.c.s.w.WrappedWebdriver[0;39m - Finding element by: By.className: fa-home 
[[34mINFO [0;39m] [] 20:33:51.875 [TestCaseId:] [Scenario:
                Create a new project, check its status and presence in Recents] [36mo.a.q.c.s.w.WrappedWebdriver[0;39m - Find_Element Execution_Time(ms):; 10; Page_URL:; http://localhost:8081/#!/project/79734dce-2f2c-4e47-a98e-bdd18aca53e3/questionnaire;
[[34mINFO [0;39m] [] 20:33:51.905 [TestCaseId:] [Scenario:
                Create a new project, check its status and presence in Recents] [36mo.a.q.c.s.w.WebdriverHelper[0;39m - Wait_For_Element_To_Be_Clickable Execution_Time(ms):; 110; Page_URL:; http://localhost:8081/#!/project/79734dce-2f2c-4e47-a98e-bdd18aca53e3/questionnaire;
[[39mDEBUG[0;39m] [] 20:33:51.905 [TestCaseId:] [Scenario:
                Create a new project, check its status and presence in Recents] [36mo.a.q.c.s.w.WrappedWebdriver[0;39m - Finding element by: By.className: fa-home 
[[34mINFO [0;39m] [] 20:33:51.925 [TestCaseId:] [Scenario:
                Create a new project, check its status and presence in Recents] [36mo.a.q.c.s.w.WrappedWebdriver[0;39m - Find_Element Execution_Time(ms):; 10; Page_URL:; http://localhost:8081/#!/project/79734dce-2f2c-4e47-a98e-bdd18aca53e3/questionnaire;
[[34mINFO [0;39m] [] 20:33:51.994 [TestCaseId:] [Scenario:
                Create a new project, check its status and presence in Recents] [36mo.a.q.c.s.w.WebdriverHelper[0;39m - Wait_For_Page_Update Execution_Time(ms):; 7; Page_URL:; http://localhost:8081/#!/dashboard;
[[34mINFO [0;39m] [] 20:33:52.023 [TestCaseId:] [Scenario:
                Create a new project, check its status and presence in Recents] [36mo.a.q.c.s.w.WebdriverHelper[0;39m - Click Execution_Time(ms):; 239; Page_URL:; http://localhost:8081/#!/dashboard;
[[39mDEBUG[0;39m] [] 20:33:52.028 [TestCaseId:] [Scenario:
                Create a new project, check its status and presence in Recents] [36mo.a.q.c.s.w.WrappedWebdriver[0;39m - Finding element by: By.cssSelector: label.filter[for='all-projects'] 
[[34mINFO [0;39m] [] 20:33:52.046 [TestCaseId:] [Scenario:
                Create a new project, check its status and presence in Recents] [36mo.a.q.c.s.w.WrappedWebdriver[0;39m - Find_Element Execution_Time(ms):; 15; Page_URL:; http://localhost:8081/#!/dashboard;
[[34mINFO [0;39m] [] 20:33:52.054 [TestCaseId:] [Scenario:
                Create a new project, check its status and presence in Recents] [36mo.a.q.c.s.w.WebdriverHelper[0;39m - Wait_For_Page_Update Execution_Time(ms):; 5; Page_URL:; http://localhost:8081/#!/dashboard;
[[34mINFO [0;39m] [] 20:33:52.104 [TestCaseId:] [Scenario:
                Create a new project, check its status and presence in Recents] [36mo.a.q.c.s.w.WebdriverHelper[0;39m - Wait_For_Element_To_Be_Clickable Execution_Time(ms):; 40; Page_URL:; http://localhost:8081/#!/dashboard;
[[34mINFO [0;39m] [] 20:33:52.152 [TestCaseId:] [Scenario:
                Create a new project, check its status and presence in Recents] [36mo.a.q.c.s.w.WebdriverHelper[0;39m - Wait_For_Page_Update Execution_Time(ms):; 6; Page_URL:; http://localhost:8081/#!/dashboard;
[[34mINFO [0;39m] [] 20:33:52.156 [TestCaseId:] [Scenario:
                Create a new project, check its status and presence in Recents] [36mo.a.q.c.s.w.WebdriverHelper[0;39m - Click Execution_Time(ms):; 106; Page_URL:; http://localhost:8081/#!/dashboard;
[[39mDEBUG[0;39m] [] 20:33:52.156 [TestCaseId:] [Scenario:
                Create a new project, check its status and presence in Recents] [36mo.a.q.c.s.w.WrappedWebdriver[0;39m - Finding elements by: By.xpath: //ul[@class='projects-list']/li
[[34mINFO [0;39m] [] 20:33:52.172 [TestCaseId:] [Scenario:
                Create a new project, check its status and presence in Recents] [36mo.a.q.c.s.w.WrappedWebdriver[0;39m - Find_Elements Execution_Time(ms):; 13; Page_URL:; http://localhost:8081/#!/dashboard;
[[39mDEBUG[0;39m] [] 20:33:52.828 [TestCaseId:] [Scenario:
                Create a new project, check its status and presence in Recents] [36mo.a.q.c.s.w.WrappedWebdriver[0;39m - Finding elements by: By.xpath: //ul[@class='projects-list']/li
[[34mINFO [0;39m] [] 20:33:52.848 [TestCaseId:] [Scenario:
                Create a new project, check its status and presence in Recents] [36mo.a.q.c.s.w.WrappedWebdriver[0;39m - Find_Elements Execution_Time(ms):; 10; Page_URL:; http://localhost:8081/#!/dashboard;
[[39mDEBUG[0;39m] [] 20:33:53.230 [TestCaseId:] [Scenario:
                Create a new project, check its status and presence in Recents] [36mo.a.q.c.s.w.WrappedWebdriver[0;39m - Finding element by: By.cssSelector: label.filter[for='in-progress'] 
[[34mINFO [0;39m] [] 20:33:53.260 [TestCaseId:] [Scenario:
                Create a new project, check its status and presence in Recents] [36mo.a.q.c.s.w.WrappedWebdriver[0;39m - Find_Element Execution_Time(ms):; 20; Page_URL:; http://localhost:8081/#!/dashboard;
[[34mINFO [0;39m] [] 20:33:53.290 [TestCaseId:] [Scenario:
                Create a new project, check its status and presence in Recents] [36mo.a.q.c.s.w.WebdriverHelper[0;39m - Wait_For_Page_Update Execution_Time(ms):; 20; Page_URL:; http://localhost:8081/#!/dashboard;
[[34mINFO [0;39m] [] 20:33:53.360 [TestCaseId:] [Scenario:
                Create a new project, check its status and presence in Recents] [36mo.a.q.c.s.w.WebdriverHelper[0;39m - Wait_For_Element_To_Be_Clickable Execution_Time(ms):; 60; Page_URL:; http://localhost:8081/#!/dashboard;
[[34mINFO [0;39m] [] 20:33:53.404 [TestCaseId:] [Scenario:
                Create a new project, check its status and presence in Recents] [36mo.a.q.c.s.w.WebdriverHelper[0;39m - Wait_For_Page_Update Execution_Time(ms):; 5; Page_URL:; http://localhost:8081/#!/dashboard;
[[34mINFO [0;39m] [] 20:33:53.408 [TestCaseId:] [Scenario:
                Create a new project, check its status and presence in Recents] [36mo.a.q.c.s.w.WebdriverHelper[0;39m - Click Execution_Time(ms):; 144; Page_URL:; http://localhost:8081/#!/dashboard;
[[39mDEBUG[0;39m] [] 20:33:53.409 [TestCaseId:] [Scenario:
                Create a new project, check its status and presence in Recents] [36mo.a.q.c.s.w.WrappedWebdriver[0;39m - Finding elements by: By.xpath: //ul[@class='projects-list']/li
[[34mINFO [0;39m] [] 20:33:53.420 [TestCaseId:] [Scenario:
                Create a new project, check its status and presence in Recents] [36mo.a.q.c.s.w.WrappedWebdriver[0;39m - Find_Elements Execution_Time(ms):; 8; Page_URL:; http://localhost:8081/#!/dashboard;
[[39mDEBUG[0;39m] [] 20:33:53.736 [TestCaseId:] [Scenario:
                Create a new project, check its status and presence in Recents] [36mo.a.q.c.s.w.WrappedWebdriver[0;39m - Finding elements by: By.xpath: //ul[@class='projects-list']/li
[[34mINFO [0;39m] [] 20:33:53.756 [TestCaseId:] [Scenario:
                Create a new project, check its status and presence in Recents] [36mo.a.q.c.s.w.WrappedWebdriver[0;39m - Find_Elements Execution_Time(ms):; 10; Page_URL:; http://localhost:8081/#!/dashboard;
[[39mDEBUG[0;39m] [] 20:33:54.098 [TestCaseId:] [Scenario:
                Create a new project, check its status and presence in Recents] [36mo.a.q.c.s.w.WrappedWebdriver[0;39m - Finding element by: By.cssSelector: label.filter[for='completed'] 
[[34mINFO [0;39m] [] 20:33:54.128 [TestCaseId:] [Scenario:
                Create a new project, check its status and presence in Recents] [36mo.a.q.c.s.w.WrappedWebdriver[0;39m - Find_Element Execution_Time(ms):; 20; Page_URL:; http://localhost:8081/#!/dashboard;
[[34mINFO [0;39m] [] 20:33:54.158 [TestCaseId:] [Scenario:
                Create a new project, check its status and presence in Recents] [36mo.a.q.c.s.w.WebdriverHelper[0;39m - Wait_For_Page_Update Execution_Time(ms):; 20; Page_URL:; http://localhost:8081/#!/dashboard;
[[34mINFO [0;39m] [] 20:33:54.218 [TestCaseId:] [Scenario:
                Create a new project, check its status and presence in Recents] [36mo.a.q.c.s.w.WebdriverHelper[0;39m - Wait_For_Element_To_Be_Clickable Execution_Time(ms):; 50; Page_URL:; http://localhost:8081/#!/dashboard;
[[34mINFO [0;39m] [] 20:33:54.281 [TestCaseId:] [Scenario:
                Create a new project, check its status and presence in Recents] [36mo.a.q.c.s.w.WebdriverHelper[0;39m - Wait_For_Page_Update Execution_Time(ms):; 7; Page_URL:; http://localhost:8081/#!/dashboard;
[[34mINFO [0;39m] [] 20:33:54.286 [TestCaseId:] [Scenario:
                Create a new project, check its status and presence in Recents] [36mo.a.q.c.s.w.WebdriverHelper[0;39m - Click Execution_Time(ms):; 153; Page_URL:; http://localhost:8081/#!/dashboard;
[[39mDEBUG[0;39m] [] 20:33:54.286 [TestCaseId:] [Scenario:
                Create a new project, check its status and presence in Recents] [36mo.a.q.c.s.w.WrappedWebdriver[0;39m - Finding elements by: By.xpath: //ul[@class='projects-list']/li
[[34mINFO [0;39m] [] 20:33:54.298 [TestCaseId:] [Scenario:
                Create a new project, check its status and presence in Recents] [36mo.a.q.c.s.w.WrappedWebdriver[0;39m - Find_Elements Execution_Time(ms):; 9; Page_URL:; http://localhost:8081/#!/dashboard;
[[39mDEBUG[0;39m] [] 20:33:54.360 [TestCaseId:] [Scenario:
                Create a new project, check its status and presence in Recents] [36mo.a.q.c.s.w.WrappedWebdriver[0;39m - Finding element by: By.cssSelector: label.filter[for='all-projects'] 
[[34mINFO [0;39m] [] 20:33:54.365 [TestCaseId:] [Scenario:
                Create a new project, check its status and presence in Recents] [36mo.a.q.c.s.w.WrappedWebdriver[0;39m - Find_Element Execution_Time(ms):; 1; Page_URL:; http://localhost:8081/#!/dashboard;
[[34mINFO [0;39m] [] 20:33:54.394 [TestCaseId:] [Scenario:
                Create a new project, check its status and presence in Recents] [36mo.a.q.c.s.w.WebdriverHelper[0;39m - Wait_For_Page_Update Execution_Time(ms):; 7; Page_URL:; http://localhost:8081/#!/dashboard;
[[34mINFO [0;39m] [] 20:33:54.424 [TestCaseId:] [Scenario:
                Create a new project, check its status and presence in Recents] [36mo.a.q.c.s.w.WebdriverHelper[0;39m - Wait_For_Element_To_Be_Clickable Execution_Time(ms):; 20; Page_URL:; http://localhost:8081/#!/dashboard;
[[34mINFO [0;39m] [] 20:33:54.476 [TestCaseId:] [Scenario:
                Create a new project, check its status and presence in Recents] [36mo.a.q.c.s.w.WebdriverHelper[0;39m - Wait_For_Page_Update Execution_Time(ms):; 7; Page_URL:; http://localhost:8081/#!/dashboard;
[[34mINFO [0;39m] [] 20:33:54.479 [TestCaseId:] [Scenario:
                Create a new project, check its status and presence in Recents] [36mo.a.q.c.s.w.WebdriverHelper[0;39m - Click Execution_Time(ms):; 111; Page_URL:; http://localhost:8081/#!/dashboard;
[[39mDEBUG[0;39m] [] 20:33:54.479 [TestCaseId:] [Scenario:
                Create a new project, check its status and presence in Recents] [36mo.a.q.c.s.w.WrappedWebdriver[0;39m - Finding elements by: By.xpath: //ul[@class='projects-list']/li
[[34mINFO [0;39m] [] 20:33:54.490 [TestCaseId:] [Scenario:
                Create a new project, check its status and presence in Recents] [36mo.a.q.c.s.w.WrappedWebdriver[0;39m - Find_Elements Execution_Time(ms):; 8; Page_URL:; http://localhost:8081/#!/dashboard;
[[39mDEBUG[0;39m] [] 20:33:55.291 [TestCaseId:] [Scenario:
                Create a new project, check its status and presence in Recents] [36mo.a.q.c.s.w.WrappedWebdriver[0;39m - Finding elements by: By.xpath: //ul[@class='projects-list']/li
[[34mINFO [0;39m] [] 20:33:55.311 [TestCaseId:] [Scenario:
                Create a new project, check its status and presence in Recents] [36mo.a.q.c.s.w.WrappedWebdriver[0;39m - Find_Elements Execution_Time(ms):; 10; Page_URL:; http://localhost:8081/#!/dashboard;
[[39mDEBUG[0;39m] [] 20:33:57.262 [TestCaseId:] [Scenario:
                Create a new project, check its status and presence in Recents] [36mo.a.q.c.s.w.WrappedWebdriver[0;39m - Finding elements by: By.xpath: //ul[@class='projects-list']/li
[[34mINFO [0;39m] [] 20:33:57.282 [TestCaseId:] [Scenario:
                Create a new project, check its status and presence in Recents] [36mo.a.q.c.s.w.WrappedWebdriver[0;39m - Find_Elements Execution_Time(ms):; 10; Page_URL:; http://localhost:8081/#!/dashboard;
[[39mDEBUG[0;39m] [] 20:33:57.710 [TestCaseId:] [Scenario:
                Create a new project, check its status and presence in Recents] [36mo.a.q.c.s.w.WrappedWebdriver[0;39m - Finding element by: By.className: logout-button 
[[34mINFO [0;39m] [] 20:33:57.740 [TestCaseId:] [Scenario:
                Create a new project, check its status and presence in Recents] [36mo.a.q.c.s.w.WrappedWebdriver[0;39m - Find_Element Execution_Time(ms):; 20; Page_URL:; http://localhost:8081/#!/dashboard;
[[39mDEBUG[0;39m] [] 20:33:57.740 [TestCaseId:] [Scenario:
                Create a new project, check its status and presence in Recents] [36mo.a.q.c.s.w.WrappedWebdriver[0;39m - Finding element by: By.className: system-icons 
[[34mINFO [0;39m] [] 20:33:57.770 [TestCaseId:] [Scenario:
                Create a new project, check its status and presence in Recents] [36mo.a.q.c.s.w.WrappedWebdriver[0;39m - Find_Element Execution_Time(ms):; 20; Page_URL:; http://localhost:8081/#!/dashboard;
[[39mDEBUG[0;39m] [] 20:33:57.770 [TestCaseId:] [Scenario:
                Create a new project, check its status and presence in Recents] [36mo.a.q.c.s.w.WrappedWebdriver[0;39m - Finding element by: By.className: new-project__title-input 
[[34mINFO [0;39m] [] 20:33:57.800 [TestCaseId:] [Scenario:
                Create a new project, check its status and presence in Recents] [36mo.a.q.c.s.w.WrappedWebdriver[0;39m - Find_Element Execution_Time(ms):; 20; Page_URL:; http://localhost:8081/#!/dashboard;
[[39mDEBUG[0;39m] [] 20:33:57.800 [TestCaseId:] [Scenario:
                Create a new project, check its status and presence in Recents] [36mo.a.q.c.s.w.WrappedWebdriver[0;39m - Finding element by: By.className: new-project__description-input 
[[34mINFO [0;39m] [] 20:33:57.830 [TestCaseId:] [Scenario:
                Create a new project, check its status and presence in Recents] [36mo.a.q.c.s.w.WrappedWebdriver[0;39m - Find_Element Execution_Time(ms):; 20; Page_URL:; http://localhost:8081/#!/dashboard;
[[39mDEBUG[0;39m] [] 20:33:57.830 [TestCaseId:] [Scenario:
                Create a new project, check its status and presence in Recents] [36mo.a.q.c.s.w.WrappedWebdriver[0;39m - Finding element by: By.className: new-project__create-button 
[[34mINFO [0;39m] [] 20:33:57.860 [TestCaseId:] [Scenario:
                Create a new project, check its status and presence in Recents] [36mo.a.q.c.s.w.WrappedWebdriver[0;39m - Find_Element Execution_Time(ms):; 20; Page_URL:; http://localhost:8081/#!/dashboard;
[[39mDEBUG[0;39m] [] 20:34:09.601 [TestCaseId:] [Scenario:
                Create a new project, check its status and presence in Recents] [36mo.a.q.c.s.w.WrappedWebdriver[0;39m - Finding elements by: By.xpath: //ul[@class='projects-list']/li
[[34mINFO [0;39m] [] 20:34:09.641 [TestCaseId:] [Scenario:
                Create a new project, check its status and presence in Recents] [36mo.a.q.c.s.w.WrappedWebdriver[0;39m - Find_Elements Execution_Time(ms):; 30; Page_URL:; http://localhost:8081/#!/dashboard;
[[39mDEBUG[0;39m] [] 20:34:11.877 [TestCaseId:] [Scenario:
                Create a new project, check its status and presence in Recents] [36mo.a.q.c.s.w.WrappedWebdriver[0;39m - Finding elements by: By.xpath: //ul[@class='projects-list']/li
[[34mINFO [0;39m] [] 20:34:11.897 [TestCaseId:] [Scenario:
                Create a new project, check its status and presence in Recents] [36mo.a.q.c.s.w.WrappedWebdriver[0;39m - Find_Elements Execution_Time(ms):; 10; Page_URL:; http://localhost:8081/#!/dashboard;
[[34mINFO [0;39m] [] 20:34:12.307 [TestCaseId:] [Scenario:
                Create a new project, check its status and presence in Recents] [36mo.a.q.c.s.w.WebdriverHelper[0;39m - Wait_For_Page_Update Execution_Time(ms):; 30; Page_URL:; http://localhost:8081/#!/dashboard;
[[34mINFO [0;39m] [] 20:34:12.357 [TestCaseId:] [Scenario:
                Create a new project, check its status and presence in Recents] [36mo.a.q.c.s.w.WebdriverHelper[0;39m - Wait_For_Element_To_Be_Clickable Execution_Time(ms):; 40; Page_URL:; http://localhost:8081/#!/dashboard;
[[34mINFO [0;39m] [] 20:34:12.491 [TestCaseId:] [Scenario:
                Create a new project, check its status and presence in Recents] [36mo.a.q.c.s.w.WebdriverHelper[0;39m - Wait_For_Page_Update Execution_Time(ms):; 51; Page_URL:; http://localhost:8081/#!/project/79734dce-2f2c-4e47-a98e-bdd18aca53e3/questionnaire;
[[34mINFO [0;39m] [] 20:34:12.500 [TestCaseId:] [Scenario:
                Create a new project, check its status and presence in Recents] [36mo.a.q.c.s.w.WebdriverHelper[0;39m - Click Execution_Time(ms):; 225; Page_URL:; http://localhost:8081/#!/project/79734dce-2f2c-4e47-a98e-bdd18aca53e3/questionnaire;
[[39mDEBUG[0;39m] [] 20:34:12.512 [TestCaseId:] [Scenario:
                Create a new project, check its status and presence in Recents] [36mo.a.q.c.s.w.WrappedWebdriver[0;39m - Finding elements by: By.xpath: //ul[@class='projects-list']/li
[[34mINFO [0;39m] [] 20:34:12.549 [TestCaseId:] [Scenario:
                Create a new project, check its status and presence in Recents] [36mo.a.q.c.s.w.WrappedWebdriver[0;39m - Find_Elements Execution_Time(ms):; 17; Page_URL:; http://localhost:8081/#!/project/79734dce-2f2c-4e47-a98e-bdd18aca53e3/questionnaire;
[[39mDEBUG[0;39m] [] 20:34:14.030 [TestCaseId:] [Scenario:
                Create a new project, check its status and presence in Recents] [36mo.a.q.c.s.w.WrappedWebdriver[0;39m - Finding elements by: By.xpath: //ul[@class='projects-list']/li
[[34mINFO [0;39m] [] 20:34:14.050 [TestCaseId:] [Scenario:
                Create a new project, check its status and presence in Recents] [36mo.a.q.c.s.w.WrappedWebdriver[0;39m - Find_Elements Execution_Time(ms):; 10; Page_URL:; http://localhost:8081/#!/project/79734dce-2f2c-4e47-a98e-bdd18aca53e3/questionnaire;
[[39mDEBUG[0;39m] [] 20:34:14.060 [TestCaseId:] [Scenario:
                Create a new project, check its status and presence in Recents] [36mo.a.q.c.s.w.WrappedWebdriver[0;39m - Finding element by: By.className: logout-button 
[[34mINFO [0;39m] [] 20:34:14.100 [TestCaseId:] [Scenario:
                Create a new project, check its status and presence in Recents] [36mo.a.q.c.s.w.WrappedWebdriver[0;39m - Find_Element Execution_Time(ms):; 30; Page_URL:; http://localhost:8081/#!/project/79734dce-2f2c-4e47-a98e-bdd18aca53e3/questionnaire;
[[39mDEBUG[0;39m] [] 20:34:14.100 [TestCaseId:] [Scenario:
                Create a new project, check its status and presence in Recents] [36mo.a.q.c.s.w.WrappedWebdriver[0;39m - Finding element by: By.className: system-icons 
[[34mINFO [0;39m] [] 20:34:14.130 [TestCaseId:] [Scenario:
                Create a new project, check its status and presence in Recents] [36mo.a.q.c.s.w.WrappedWebdriver[0;39m - Find_Element Execution_Time(ms):; 20; Page_URL:; http://localhost:8081/#!/project/79734dce-2f2c-4e47-a98e-bdd18aca53e3/questionnaire;
[[39mDEBUG[0;39m] [] 20:34:14.130 [TestCaseId:] [Scenario:
                Create a new project, check its status and presence in Recents] [36mo.a.q.c.s.w.WrappedWebdriver[0;39m - Finding element by: By.className: new-project__title-input 
[[34mINFO [0;39m] [] 20:34:14.160 [TestCaseId:] [Scenario:
                Create a new project, check its status and presence in Recents] [36mo.a.q.c.s.w.WrappedWebdriver[0;39m - Find_Element Execution_Time(ms):; 20; Page_URL:; http://localhost:8081/#!/project/79734dce-2f2c-4e47-a98e-bdd18aca53e3/questionnaire;
[[39mDEBUG[0;39m] [] 20:34:14.160 [TestCaseId:] [Scenario:
                Create a new project, check its status and presence in Recents] [36mo.a.q.c.s.w.WrappedWebdriver[0;39m - Finding element by: By.className: new-project__description-input 
[[34mINFO [0;39m] [] 20:34:14.190 [TestCaseId:] [Scenario:
                Create a new project, check its status and presence in Recents] [36mo.a.q.c.s.w.WrappedWebdriver[0;39m - Find_Element Execution_Time(ms):; 20; Page_URL:; http://localhost:8081/#!/project/79734dce-2f2c-4e47-a98e-bdd18aca53e3/questionnaire;
[[39mDEBUG[0;39m] [] 20:34:14.190 [TestCaseId:] [Scenario:
                Create a new project, check its status and presence in Recents] [36mo.a.q.c.s.w.WrappedWebdriver[0;39m - Finding element by: By.className: new-project__create-button 
[[34mINFO [0;39m] [] 20:34:14.220 [TestCaseId:] [Scenario:
                Create a new project, check its status and presence in Recents] [36mo.a.q.c.s.w.WrappedWebdriver[0;39m - Find_Element Execution_Time(ms):; 20; Page_URL:; http://localhost:8081/#!/project/79734dce-2f2c-4e47-a98e-bdd18aca53e3/questionnaire;
[[34mINFO [0;39m] [] 20:34:16.137 [TestCaseId:] [Scenario:
                Create a new project, check its status and presence in Recents] [36mo.a.q.c.s.w.WebdriverHelper[0;39m - Wait_For_Page_Update Execution_Time(ms):; 40; Page_URL:; http://localhost:8081/#!/project/79734dce-2f2c-4e47-a98e-bdd18aca53e3/questionnaire;
[[39mDEBUG[0;39m] [] 20:34:16.137 [TestCaseId:] [Scenario:
                Create a new project, check its status and presence in Recents] [36mo.a.q.c.s.w.WrappedWebdriver[0;39m - Finding element by: By.className: delete 
[[34mINFO [0;39m] [] 20:34:16.187 [TestCaseId:] [Scenario:
                Create a new project, check its status and presence in Recents] [36mo.a.q.c.s.w.WrappedWebdriver[0;39m - Find_Element Execution_Time(ms):; 40; Page_URL:; http://localhost:8081/#!/project/79734dce-2f2c-4e47-a98e-bdd18aca53e3/questionnaire;
[[39mDEBUG[0;39m] [] 20:34:16.207 [TestCaseId:] [Scenario:
                Create a new project, check its status and presence in Recents] [36mo.a.q.c.s.w.WrappedWebdriver[0;39m - Finding element by: By.className: delete 
[[34mINFO [0;39m] [] 20:34:16.227 [TestCaseId:] [Scenario:
                Create a new project, check its status and presence in Recents] [36mo.a.q.c.s.w.WrappedWebdriver[0;39m - Find_Element Execution_Time(ms):; 10; Page_URL:; http://localhost:8081/#!/project/79734dce-2f2c-4e47-a98e-bdd18aca53e3/questionnaire;
[[34mINFO [0;39m] [] 20:34:16.247 [TestCaseId:] [Scenario:
                Create a new project, check its status and presence in Recents] [36mo.a.q.c.s.w.WebdriverHelper[0;39m - Wait_For_Element_To_Be_Clickable Execution_Time(ms):; 100; Page_URL:; http://localhost:8081/#!/project/79734dce-2f2c-4e47-a98e-bdd18aca53e3/questionnaire;
[[39mDEBUG[0;39m] [] 20:34:16.247 [TestCaseId:] [Scenario:
                Create a new project, check its status and presence in Recents] [36mo.a.q.c.s.w.WrappedWebdriver[0;39m - Finding element by: By.className: delete 
[[34mINFO [0;39m] [] 20:34:16.267 [TestCaseId:] [Scenario:
                Create a new project, check its status and presence in Recents] [36mo.a.q.c.s.w.WrappedWebdriver[0;39m - Find_Element Execution_Time(ms):; 10; Page_URL:; http://localhost:8081/#!/project/79734dce-2f2c-4e47-a98e-bdd18aca53e3/questionnaire;
[[34mINFO [0;39m] [] 20:34:16.321 [TestCaseId:] [Scenario:
                Create a new project, check its status and presence in Recents] [36mo.a.q.c.s.w.WebdriverHelper[0;39m - Wait_For_Page_Update Execution_Time(ms):; 7; Page_URL:; http://localhost:8081/#!/project/79734dce-2f2c-4e47-a98e-bdd18aca53e3/questionnaire;
[[34mINFO [0;39m] [] 20:34:16.325 [TestCaseId:] [Scenario:
                Create a new project, check its status and presence in Recents] [36mo.a.q.c.s.w.WebdriverHelper[0;39m - Click Execution_Time(ms):; 244; Page_URL:; http://localhost:8081/#!/project/79734dce-2f2c-4e47-a98e-bdd18aca53e3/questionnaire;
[[34mINFO [0;39m] [] 20:34:16.326 [TestCaseId:] [Scenario:
                Create a new project, check its status and presence in Recents] [36mo.a.q.c.s.c.ModalWindow[0;39m - Close modal window by Ok button
[[34mINFO [0;39m] [] 20:34:16.354 [TestCaseId:] [Scenario:
                Create a new project, check its status and presence in Recents] [36mo.a.q.c.s.w.WebdriverHelper[0;39m - Wait_For_Page_Update Execution_Time(ms):; 24; Page_URL:; http://localhost:8081/#!/project/79734dce-2f2c-4e47-a98e-bdd18aca53e3/questionnaire;
[[39mDEBUG[0;39m] [] 20:34:16.355 [TestCaseId:] [Scenario:
                Create a new project, check its status and presence in Recents] [36mo.a.q.c.s.w.WrappedWebdriver[0;39m - Finding element by: By.cssSelector: .modal-content .modal-footer .ok 
[[34mINFO [0;39m] [] 20:34:16.375 [TestCaseId:] [Scenario:
                Create a new project, check its status and presence in Recents] [36mo.a.q.c.s.w.WrappedWebdriver[0;39m - Find_Element Execution_Time(ms):; 14; Page_URL:; http://localhost:8081/#!/project/79734dce-2f2c-4e47-a98e-bdd18aca53e3/questionnaire;
[[39mDEBUG[0;39m] [] 20:34:16.388 [TestCaseId:] [Scenario:
                Create a new project, check its status and presence in Recents] [36mo.a.q.c.s.w.WrappedWebdriver[0;39m - Finding element by: By.cssSelector: .modal-content .modal-footer .ok 
[[34mINFO [0;39m] [] 20:34:16.399 [TestCaseId:] [Scenario:
                Create a new project, check its status and presence in Recents] [36mo.a.q.c.s.w.WrappedWebdriver[0;39m - Find_Element Execution_Time(ms):; 8; Page_URL:; http://localhost:8081/#!/project/79734dce-2f2c-4e47-a98e-bdd18aca53e3/questionnaire;
[[34mINFO [0;39m] [] 20:34:16.414 [TestCaseId:] [Scenario:
                Create a new project, check its status and presence in Recents] [36mo.a.q.c.s.w.WebdriverHelper[0;39m - Wait_For_Element_To_Be_Clickable Execution_Time(ms):; 56; Page_URL:; http://localhost:8081/#!/project/79734dce-2f2c-4e47-a98e-bdd18aca53e3/questionnaire;
[[39mDEBUG[0;39m] [] 20:34:16.414 [TestCaseId:] [Scenario:
                Create a new project, check its status and presence in Recents] [36mo.a.q.c.s.w.WrappedWebdriver[0;39m - Finding element by: By.cssSelector: .modal-content .modal-footer .ok 
[[34mINFO [0;39m] [] 20:34:16.431 [TestCaseId:] [Scenario:
                Create a new project, check its status and presence in Recents] [36mo.a.q.c.s.w.WrappedWebdriver[0;39m - Find_Element Execution_Time(ms):; 13; Page_URL:; http://localhost:8081/#!/project/79734dce-2f2c-4e47-a98e-bdd18aca53e3/questionnaire;
[[34mINFO [0;39m] [] 20:34:16.512 [TestCaseId:] [Scenario:
                Create a new project, check its status and presence in Recents] [36mo.a.q.c.s.w.WebdriverHelper[0;39m - Wait_For_Page_Update Execution_Time(ms):; 9; Page_URL:; http://localhost:8081/#!/project/79734dce-2f2c-4e47-a98e-bdd18aca53e3/questionnaire;
[[34mINFO [0;39m] [] 20:34:16.516 [TestCaseId:] [Scenario:
                Create a new project, check its status and presence in Recents] [36mo.a.q.c.s.w.WebdriverHelper[0;39m - Click Execution_Time(ms):; 186; Page_URL:; http://localhost:8081/#!/project/79734dce-2f2c-4e47-a98e-bdd18aca53e3/questionnaire;
[[39mDEBUG[0;39m] [] 20:34:16.517 [TestCaseId:] [Scenario:
                Create a new project, check its status and presence in Recents] [36mo.a.q.c.s.a.p.AllureAttachmentsProvider[0;39m - Attach screenshot to the Allure report
[[34mINFO [0;39m] [] 20:34:16.945 [TestCaseId:] [Scenario:
                Create a new project, check its status and presence in Recents] [36mo.a.q.c.s.c.ModalWindow[0;39m - Close modal window by Ok button
[[34mINFO [0;39m] [] 20:34:16.953 [TestCaseId:] [Scenario:
                Create a new project, check its status and presence in Recents] [36mo.a.q.c.s.w.WebdriverHelper[0;39m - Wait_For_Page_Update Execution_Time(ms):; 5; Page_URL:; http://localhost:8081/#!/project/79734dce-2f2c-4e47-a98e-bdd18aca53e3/questionnaire;
[[39mDEBUG[0;39m] [] 20:34:16.953 [TestCaseId:] [Scenario:
                Create a new project, check its status and presence in Recents] [36mo.a.q.c.s.w.WrappedWebdriver[0;39m - Finding element by: By.cssSelector: .modal-content .modal-footer .ok 
[[34mINFO [0;39m] [] 20:34:16.963 [TestCaseId:] [Scenario:
                Create a new project, check its status and presence in Recents] [36mo.a.q.c.s.w.WrappedWebdriver[0;39m - Find_Element Execution_Time(ms):; 7; Page_URL:; http://localhost:8081/#!/project/79734dce-2f2c-4e47-a98e-bdd18aca53e3/questionnaire;
[[39mDEBUG[0;39m] [] 20:34:16.975 [TestCaseId:] [Scenario:
                Create a new project, check its status and presence in Recents] [36mo.a.q.c.s.w.WrappedWebdriver[0;39m - Finding element by: By.cssSelector: .modal-content .modal-footer .ok 
[[34mINFO [0;39m] [] 20:34:16.984 [TestCaseId:] [Scenario:
                Create a new project, check its status and presence in Recents] [36mo.a.q.c.s.w.WrappedWebdriver[0;39m - Find_Element Execution_Time(ms):; 6; Page_URL:; http://localhost:8081/#!/project/79734dce-2f2c-4e47-a98e-bdd18aca53e3/questionnaire;
[[34mINFO [0;39m] [] 20:34:16.996 [TestCaseId:] [Scenario:
                Create a new project, check its status and presence in Recents] [36mo.a.q.c.s.w.WebdriverHelper[0;39m - Wait_For_Element_To_Be_Clickable Execution_Time(ms):; 39; Page_URL:; http://localhost:8081/#!/project/79734dce-2f2c-4e47-a98e-bdd18aca53e3/questionnaire;
[[39mDEBUG[0;39m] [] 20:34:16.996 [TestCaseId:] [Scenario:
                Create a new project, check its status and presence in Recents] [36mo.a.q.c.s.w.WrappedWebdriver[0;39m - Finding element by: By.cssSelector: .modal-content .modal-footer .ok 
[[34mINFO [0;39m] [] 20:34:17.005 [TestCaseId:] [Scenario:
                Create a new project, check its status and presence in Recents] [36mo.a.q.c.s.w.WrappedWebdriver[0;39m - Find_Element Execution_Time(ms):; 6; Page_URL:; http://localhost:8081/#!/project/79734dce-2f2c-4e47-a98e-bdd18aca53e3/questionnaire;
[[34mINFO [0;39m] [] 20:34:17.111 [TestCaseId:] [Scenario:
                Create a new project, check its status and presence in Recents] [36mo.a.q.c.s.w.WebdriverHelper[0;39m - Wait_For_Page_Update Execution_Time(ms):; 25; Page_URL:; http://localhost:8081/#!/dashboard;
[[34mINFO [0;39m] [] 20:34:17.114 [TestCaseId:] [Scenario:
                Create a new project, check its status and presence in Recents] [36mo.a.q.c.s.w.WebdriverHelper[0;39m - Click Execution_Time(ms):; 166; Page_URL:; http://localhost:8081/#!/dashboard;
[[39mDEBUG[0;39m] [] 20:34:17.114 [TestCaseId:] [Scenario:
                Create a new project, check its status and presence in Recents] [36mo.a.q.c.s.a.p.AllureAttachmentsProvider[0;39m - Attach screenshot to the Allure report
[[39mDEBUG[0;39m] [] 20:34:17.493 [TestCaseId:] [Scenario:
                Create a new project, check its status and presence in Recents] [36mo.a.q.c.s.w.WrappedWebdriver[0;39m - Finding element by: By.cssSelector: label.filter[for='all-projects'] 
[[34mINFO [0;39m] [] 20:34:17.508 [TestCaseId:] [Scenario:
                Create a new project, check its status and presence in Recents] [36mo.a.q.c.s.w.WrappedWebdriver[0;39m - Find_Element Execution_Time(ms):; 12; Page_URL:; http://localhost:8081/#!/dashboard;
[[34mINFO [0;39m] [] 20:34:17.516 [TestCaseId:] [Scenario:
                Create a new project, check its status and presence in Recents] [36mo.a.q.c.s.w.WebdriverHelper[0;39m - Wait_For_Page_Update Execution_Time(ms):; 5; Page_URL:; http://localhost:8081/#!/dashboard;
[[34mINFO [0;39m] [] 20:34:17.539 [TestCaseId:] [Scenario:
                Create a new project, check its status and presence in Recents] [36mo.a.q.c.s.w.WebdriverHelper[0;39m - Wait_For_Element_To_Be_Clickable Execution_Time(ms):; 20; Page_URL:; http://localhost:8081/#!/dashboard;
[[34mINFO [0;39m] [] 20:34:17.586 [TestCaseId:] [Scenario:
                Create a new project, check its status and presence in Recents] [36mo.a.q.c.s.w.WebdriverHelper[0;39m - Wait_For_Page_Update Execution_Time(ms):; 6; Page_URL:; http://localhost:8081/#!/dashboard;
[[34mINFO [0;39m] [] 20:34:17.591 [TestCaseId:] [Scenario:
                Create a new project, check its status and presence in Recents] [36mo.a.q.c.s.w.WebdriverHelper[0;39m - Click Execution_Time(ms):; 79; Page_URL:; http://localhost:8081/#!/dashboard;
[[39mDEBUG[0;39m] [] 20:34:17.591 [TestCaseId:] [Scenario:
                Create a new project, check its status and presence in Recents] [36mo.a.q.c.s.w.WrappedWebdriver[0;39m - Finding elements by: By.xpath: //ul[@class='projects-list']/li
[[34mINFO [0;39m] [] 20:34:17.602 [TestCaseId:] [Scenario:
                Create a new project, check its status and presence in Recents] [36mo.a.q.c.s.w.WrappedWebdriver[0;39m - Find_Elements Execution_Time(ms):; 8; Page_URL:; http://localhost:8081/#!/dashboard;
[[39mDEBUG[0;39m] [] 20:34:18.076 [TestCaseId:] [Scenario:
                Create a new project, check its status and presence in Recents] [36mo.a.q.c.s.w.WrappedWebdriver[0;39m - Finding element by: By.cssSelector: label.filter[for='in-progress'] 
[[34mINFO [0;39m] [] 20:34:18.107 [TestCaseId:] [Scenario:
                Create a new project, check its status and presence in Recents] [36mo.a.q.c.s.w.WrappedWebdriver[0;39m - Find_Element Execution_Time(ms):; 21; Page_URL:; http://localhost:8081/#!/dashboard;
[[34mINFO [0;39m] [] 20:34:18.137 [TestCaseId:] [Scenario:
                Create a new project, check its status and presence in Recents] [36mo.a.q.c.s.w.WebdriverHelper[0;39m - Wait_For_Page_Update Execution_Time(ms):; 20; Page_URL:; http://localhost:8081/#!/dashboard;
[[34mINFO [0;39m] [] 20:34:18.197 [TestCaseId:] [Scenario:
                Create a new project, check its status and presence in Recents] [36mo.a.q.c.s.w.WebdriverHelper[0;39m - Wait_For_Element_To_Be_Clickable Execution_Time(ms):; 50; Page_URL:; http://localhost:8081/#!/dashboard;
[[34mINFO [0;39m] [] 20:34:18.273 [TestCaseId:] [Scenario:
                Create a new project, check its status and presence in Recents] [36mo.a.q.c.s.w.WebdriverHelper[0;39m - Wait_For_Page_Update Execution_Time(ms):; 11; Page_URL:; http://localhost:8081/#!/dashboard;
[[34mINFO [0;39m] [] 20:34:18.277 [TestCaseId:] [Scenario:
                Create a new project, check its status and presence in Recents] [36mo.a.q.c.s.w.WebdriverHelper[0;39m - Click Execution_Time(ms):; 166; Page_URL:; http://localhost:8081/#!/dashboard;
[[39mDEBUG[0;39m] [] 20:34:18.277 [TestCaseId:] [Scenario:
                Create a new project, check its status and presence in Recents] [36mo.a.q.c.s.w.WrappedWebdriver[0;39m - Finding elements by: By.xpath: //ul[@class='projects-list']/li
[[34mINFO [0;39m] [] 20:34:18.289 [TestCaseId:] [Scenario:
                Create a new project, check its status and presence in Recents] [36mo.a.q.c.s.w.WrappedWebdriver[0;39m - Find_Elements Execution_Time(ms):; 9; Page_URL:; http://localhost:8081/#!/dashboard;
[[39mDEBUG[0;39m] [] 20:34:18.594 [TestCaseId:] [Scenario:
                Create a new project, check its status and presence in Recents] [36mo.a.q.c.s.w.WrappedWebdriver[0;39m - Finding element by: By.cssSelector: label.filter[for='completed'] 
[[34mINFO [0;39m] [] 20:34:18.624 [TestCaseId:] [Scenario:
                Create a new project, check its status and presence in Recents] [36mo.a.q.c.s.w.WrappedWebdriver[0;39m - Find_Element Execution_Time(ms):; 20; Page_URL:; http://localhost:8081/#!/dashboard;
[[34mINFO [0;39m] [] 20:34:18.654 [TestCaseId:] [Scenario:
                Create a new project, check its status and presence in Recents] [36mo.a.q.c.s.w.WebdriverHelper[0;39m - Wait_For_Page_Update Execution_Time(ms):; 20; Page_URL:; http://localhost:8081/#!/dashboard;
[[34mINFO [0;39m] [] 20:34:18.714 [TestCaseId:] [Scenario:
                Create a new project, check its status and presence in Recents] [36mo.a.q.c.s.w.WebdriverHelper[0;39m - Wait_For_Element_To_Be_Clickable Execution_Time(ms):; 50; Page_URL:; http://localhost:8081/#!/dashboard;
[[34mINFO [0;39m] [] 20:34:18.773 [TestCaseId:] [Scenario:
                Create a new project, check its status and presence in Recents] [36mo.a.q.c.s.w.WebdriverHelper[0;39m - Wait_For_Page_Update Execution_Time(ms):; 5; Page_URL:; http://localhost:8081/#!/dashboard;
[[34mINFO [0;39m] [] 20:34:18.776 [TestCaseId:] [Scenario:
                Create a new project, check its status and presence in Recents] [36mo.a.q.c.s.w.WebdriverHelper[0;39m - Click Execution_Time(ms):; 149; Page_URL:; http://localhost:8081/#!/dashboard;
[[39mDEBUG[0;39m] [] 20:34:18.777 [TestCaseId:] [Scenario:
                Create a new project, check its status and presence in Recents] [36mo.a.q.c.s.w.WrappedWebdriver[0;39m - Finding elements by: By.xpath: //ul[@class='projects-list']/li
[[34mINFO [0;39m] [] 20:34:18.787 [TestCaseId:] [Scenario:
                Create a new project, check its status and presence in Recents] [36mo.a.q.c.s.w.WrappedWebdriver[0;39m - Find_Elements Execution_Time(ms):; 7; Page_URL:; http://localhost:8081/#!/dashboard;
[[34mINFO [0;39m] [] 20:34:18.823 [TestCaseId:] [Scenario:
                Create a new project, check its status and presence in Recents] [36mo.a.q.c.s.w.WebdriverHelper[0;39m - Wait_For_Page_Update Execution_Time(ms):; 4; Page_URL:; http://localhost:8081/#!/dashboard;
[[39mDEBUG[0;39m] [] 20:34:18.833 [TestCaseId:] [Scenario:
                Create a new project, check its status and presence in Recents] [36mo.a.q.c.s.w.WrappedWebdriver[0;39m - Finding element by: By.className: logout-button 
[[34mINFO [0;39m] [] 20:34:18.853 [TestCaseId:] [Scenario:
                Create a new project, check its status and presence in Recents] [36mo.a.q.c.s.w.WrappedWebdriver[0;39m - Find_Element Execution_Time(ms):; 10; Page_URL:; http://localhost:8081/#!/dashboard;
[[39mDEBUG[0;39m] [] 20:34:18.873 [TestCaseId:] [Scenario:
                Create a new project, check its status and presence in Recents] [36mo.a.q.c.s.w.WrappedWebdriver[0;39m - Finding element by: By.className: logout-button 
[[34mINFO [0;39m] [] 20:34:18.893 [TestCaseId:] [Scenario:
                Create a new project, check its status and presence in Recents] [36mo.a.q.c.s.w.WrappedWebdriver[0;39m - Find_Element Execution_Time(ms):; 10; Page_URL:; http://localhost:8081/#!/dashboard;
[[34mINFO [0;39m] [] 20:34:18.923 [TestCaseId:] [Scenario:
                Create a new project, check its status and presence in Recents] [36mo.a.q.c.s.w.WebdriverHelper[0;39m - Wait_For_Element_To_Be_Clickable Execution_Time(ms):; 70; Page_URL:; http://localhost:8081/#!/dashboard;
[[39mDEBUG[0;39m] [] 20:34:18.923 [TestCaseId:] [Scenario:
                Create a new project, check its status and presence in Recents] [36mo.a.q.c.s.w.WrappedWebdriver[0;39m - Finding element by: By.className: logout-button 
[[34mINFO [0;39m] [] 20:34:18.943 [TestCaseId:] [Scenario:
                Create a new project, check its status and presence in Recents] [36mo.a.q.c.s.w.WrappedWebdriver[0;39m - Find_Element Execution_Time(ms):; 10; Page_URL:; http://localhost:8081/#!/dashboard;
[[34mINFO [0;39m] [] 20:34:18.982 [TestCaseId:] [Scenario:
                Create a new project, check its status and presence in Recents] [36mo.a.q.c.s.w.WebdriverHelper[0;39m - Wait_For_Page_Update Execution_Time(ms):; 5; Page_URL:; http://localhost:8081/#!/dashboard;
[[34mINFO [0;39m] [] 20:34:18.987 [TestCaseId:] [Scenario:
                Create a new project, check its status and presence in Recents] [36mo.a.q.c.s.w.WebdriverHelper[0;39m - Click Execution_Time(ms):; 165; Page_URL:; http://localhost:8081/#!/dashboard;
[[39mDEBUG[0;39m] [] 20:34:18.987 [TestCaseId:] [Scenario:
                Create a new project, check its status and presence in Recents] [36mo.a.q.c.s.w.WrappedWebdriver[0;39m - Finding element by: By.cssSelector: .logout-menu li 
[[34mINFO [0;39m] [] 20:34:19.004 [TestCaseId:] [Scenario:
                Create a new project, check its status and presence in Recents] [36mo.a.q.c.s.w.WrappedWebdriver[0;39m - Find_Element Execution_Time(ms):; 14; Page_URL:; http://localhost:8081/#!/dashboard;
[[34mINFO [0;39m] [] 20:34:19.011 [TestCaseId:] [Scenario:
                Create a new project, check its status and presence in Recents] [36mo.a.q.c.s.w.WebdriverHelper[0;39m - Wait_For_Page_Update Execution_Time(ms):; 5; Page_URL:; http://localhost:8081/#!/dashboard;
[[34mINFO [0;39m] [] 20:34:19.060 [TestCaseId:] [Scenario:
                Create a new project, check its status and presence in Recents] [36mo.a.q.c.s.w.WebdriverHelper[0;39m - Wait_For_Element_To_Be_Clickable Execution_Time(ms):; 38; Page_URL:; http://localhost:8081/#!/dashboard;
[[34mINFO [0;39m] [] 20:34:19.106 [TestCaseId:] [Scenario:
                Create a new project, check its status and presence in Recents] [36mo.a.q.c.s.w.WebdriverHelper[0;39m - Wait_For_Page_Update Execution_Time(ms):; 17; Page_URL:; http://localhost:8081/#!/login;
[[34mINFO [0;39m] [] 20:34:19.109 [TestCaseId:] [Scenario:
                Create a new project, check its status and presence in Recents] [36mo.a.q.c.s.w.WebdriverHelper[0;39m - Click Execution_Time(ms):; 102; Page_URL:; http://localhost:8081/#!/login;
[[39mDEBUG[0;39m] [] 20:34:19.117 [TestCaseId:] [Scenario:
                ] [36mo.a.q.c.s.w.WrappedWebdriver[0;39m - Driver quit
[[34mINFO [0;39m] [] 20:34:20.104 [TestCaseId:] [Scenario:
                ] [36mo.a.q.c.s.w.WrappedWebdriver[0;39m - Driver_Quit Execution_Time(ms):; 987; Page_URL:; ;
