[[34mINFO [0;39m] [] 19:38:44.002 [TestCaseId:] [Scenario:
                Create a new project] [36mo.a.q.c.g.s.p.LoginPageObject[0;39m - Open login page
[[39mDEBUG[0;39m] [] 19:38:44.010 [TestCaseId:] [Scenario:
                Create a new project] [36mo.a.q.c.g.s.w.WrappedWebdriver[0;39m - Opening url: http://localhost:8081/#!/login
[[39mDEBUG[0;39m] [] 19:38:45.117 [TestCaseId:] [Scenario:
                Create a new project] [36mo.a.q.c.g.s.a.p.AllureAttachmentsProvider[0;39m - Attach screenshot to the Allure report
[[34mINFO [0;39m] [] 19:38:45.587 [TestCaseId:] [Scenario:
                Create a new project] [36mo.a.q.c.g.s.w.WrappedWebdriver[0;39m - Open_Page Execution_Time(ms):; 1576; Page_URL:; http://localhost:8081/#!/login;
[[34mINFO [0;39m] [] 19:38:45.588 [TestCaseId:] [Scenario:
                Create a new project] [36mo.a.q.c.g.s.p.LoginPageObject[0;39m - Set login as admin in SingIn form
[[34mINFO [0;39m] [] 19:38:45.624 [TestCaseId:] [Scenario:
                Create a new project] [36mo.a.q.c.g.s.w.WebdriverHelper[0;39m - Wait_For_Page_Update Execution_Time(ms):; 14; Page_URL:; http://localhost:8081/#!/login;
[[39mDEBUG[0;39m] [] 19:38:45.626 [TestCaseId:] [Scenario:
                Create a new project] [36mo.a.q.c.g.s.w.WrappedWebdriver[0;39m - Finding element by: By.name: login 
[[34mINFO [0;39m] [] 19:38:45.645 [TestCaseId:] [Scenario:
                Create a new project] [36mo.a.q.c.g.s.w.WrappedWebdriver[0;39m - Find_Element Execution_Time(ms):; 16; Page_URL:; http://localhost:8081/#!/login;
[[39mDEBUG[0;39m] [] 19:38:45.659 [TestCaseId:] [Scenario:
                Create a new project] [36mo.a.q.c.g.s.w.WrappedWebdriver[0;39m - Finding element by: By.name: login 
[[34mINFO [0;39m] [] 19:38:45.669 [TestCaseId:] [Scenario:
                Create a new project] [36mo.a.q.c.g.s.w.WrappedWebdriver[0;39m - Find_Element Execution_Time(ms):; 7; Page_URL:; http://localhost:8081/#!/login;
[[39mDEBUG[0;39m] [] 19:38:45.688 [TestCaseId:] [Scenario:
                Create a new project] [36mo.a.q.c.g.s.w.WrappedWebdriver[0;39m - Finding element by: By.name: login 
[[34mINFO [0;39m] [] 19:38:45.701 [TestCaseId:] [Scenario:
                Create a new project] [36mo.a.q.c.g.s.w.WrappedWebdriver[0;39m - Find_Element Execution_Time(ms):; 9; Page_URL:; http://localhost:8081/#!/login;
[[34mINFO [0;39m] [] 19:38:45.754 [TestCaseId:] [Scenario:
                Create a new project] [36mo.a.q.c.g.s.w.WebdriverHelper[0;39m - Wait_For_Page_Update Execution_Time(ms):; 6; Page_URL:; http://localhost:8081/#!/login;
[[34mINFO [0;39m] [] 19:38:45.758 [TestCaseId:] [Scenario:
                Create a new project] [36mo.a.q.c.g.s.w.WebdriverHelper[0;39m - Send_Keys Execution_Time(ms):; 149; Page_URL:; http://localhost:8081/#!/login;
[[34mINFO [0;39m] [] 19:38:45.766 [TestCaseId:] [Scenario:
                Create a new project] [36mo.a.q.c.g.s.w.WebdriverHelper[0;39m - Wait_For_Page_Update Execution_Time(ms):; 5; Page_URL:; http://localhost:8081/#!/login;
[[39mDEBUG[0;39m] [] 19:38:45.766 [TestCaseId:] [Scenario:
                Create a new project] [36mo.a.q.c.g.s.w.WrappedWebdriver[0;39m - Finding element by: By.name: password 
[[34mINFO [0;39m] [] 19:38:45.782 [TestCaseId:] [Scenario:
                Create a new project] [36mo.a.q.c.g.s.w.WrappedWebdriver[0;39m - Find_Element Execution_Time(ms):; 11; Page_URL:; http://localhost:8081/#!/login;
[[39mDEBUG[0;39m] [] 19:38:45.795 [TestCaseId:] [Scenario:
                Create a new project] [36mo.a.q.c.g.s.w.WrappedWebdriver[0;39m - Finding element by: By.name: password 
[[34mINFO [0;39m] [] 19:38:45.806 [TestCaseId:] [Scenario:
                Create a new project] [36mo.a.q.c.g.s.w.WrappedWebdriver[0;39m - Find_Element Execution_Time(ms):; 7; Page_URL:; http://localhost:8081/#!/login;
[[39mDEBUG[0;39m] [] 19:38:45.824 [TestCaseId:] [Scenario:
                Create a new project] [36mo.a.q.c.g.s.w.WrappedWebdriver[0;39m - Finding element by: By.name: password 
[[34mINFO [0;39m] [] 19:38:45.837 [TestCaseId:] [Scenario:
                Create a new project] [36mo.a.q.c.g.s.w.WrappedWebdriver[0;39m - Find_Element Execution_Time(ms):; 10; Page_URL:; http://localhost:8081/#!/login;
[[34mINFO [0;39m] [] 19:38:45.888 [TestCaseId:] [Scenario:
                Create a new project] [36mo.a.q.c.g.s.w.WebdriverHelper[0;39m - Wait_For_Page_Update Execution_Time(ms):; 6; Page_URL:; http://localhost:8081/#!/login;
[[34mINFO [0;39m] [] 19:38:45.891 [TestCaseId:] [Scenario:
                Create a new project] [36mo.a.q.c.g.s.w.WebdriverHelper[0;39m - Send_Keys Execution_Time(ms):; 130; Page_URL:; http://localhost:8081/#!/login;
[[34mINFO [0;39m] [] 19:38:45.901 [TestCaseId:] [Scenario:
                Create a new project] [36mo.a.q.c.g.s.w.WebdriverHelper[0;39m - Wait_For_Page_Update Execution_Time(ms):; 6; Page_URL:; http://localhost:8081/#!/login;
[[39mDEBUG[0;39m] [] 19:38:45.902 [TestCaseId:] [Scenario:
                Create a new project] [36mo.a.q.c.g.s.w.WrappedWebdriver[0;39m - Finding element by: By.className: login-button 
[[34mINFO [0;39m] [] 19:38:45.918 [TestCaseId:] [Scenario:
                Create a new project] [36mo.a.q.c.g.s.w.WrappedWebdriver[0;39m - Find_Element Execution_Time(ms):; 13; Page_URL:; http://localhost:8081/#!/login;
[[39mDEBUG[0;39m] [] 19:38:45.931 [TestCaseId:] [Scenario:
                Create a new project] [36mo.a.q.c.g.s.w.WrappedWebdriver[0;39m - Finding element by: By.className: login-button 
[[34mINFO [0;39m] [] 19:38:45.941 [TestCaseId:] [Scenario:
                Create a new project] [36mo.a.q.c.g.s.w.WrappedWebdriver[0;39m - Find_Element Execution_Time(ms):; 7; Page_URL:; http://localhost:8081/#!/login;
[[34mINFO [0;39m] [] 19:38:45.952 [TestCaseId:] [Scenario:
                Create a new project] [36mo.a.q.c.g.s.w.WebdriverHelper[0;39m - Wait_For_Element_To_Be_Clickable Execution_Time(ms):; 48; Page_URL:; http://localhost:8081/#!/login;
[[39mDEBUG[0;39m] [] 19:38:45.952 [TestCaseId:] [Scenario:
                Create a new project] [36mo.a.q.c.g.s.w.WrappedWebdriver[0;39m - Finding element by: By.className: login-button 
[[34mINFO [0;39m] [] 19:38:45.962 [TestCaseId:] [Scenario:
                Create a new project] [36mo.a.q.c.g.s.w.WrappedWebdriver[0;39m - Find_Element Execution_Time(ms):; 7; Page_URL:; http://localhost:8081/#!/login;
[[34mINFO [0;39m] [] 19:38:46.064 [TestCaseId:] [Scenario:
                Create a new project] [36mo.a.q.c.g.s.w.WebdriverHelper[0;39m - Wait_For_Page_Update Execution_Time(ms):; 58; Page_URL:; http://localhost:8081/#!/dashboard;
[[34mINFO [0;39m] [] 19:38:46.070 [TestCaseId:] [Scenario:
                Create a new project] [36mo.a.q.c.g.s.w.WebdriverHelper[0;39m - Click Execution_Time(ms):; 172; Page_URL:; http://localhost:8081/#!/dashboard;
[[39mDEBUG[0;39m] [] 19:38:46.070 [TestCaseId:] [Scenario:
                Create a new project] [36mo.a.q.c.g.s.a.p.AllureAttachmentsProvider[0;39m - Attach screenshot to the Allure report
[[34mINFO [0;39m] [] 19:38:46.476 [TestCaseId:] [Scenario:
                Create a new project] [36mo.a.q.c.g.s.p.LoginPageObject[0;39m - Submit SignIn form
[[34mINFO [0;39m] [] 19:38:46.486 [TestCaseId:] [Scenario:
                Create a new project] [36mo.a.q.c.g.s.w.WebdriverHelper[0;39m - Wait_For_Page_Update Execution_Time(ms):; 6; Page_URL:; http://localhost:8081/#!/dashboard;
[[39mDEBUG[0;39m] [] 19:38:46.487 [TestCaseId:] [Scenario:
                Create a new project] [36mo.a.q.c.g.s.w.WrappedWebdriver[0;39m - Finding element by: By.className: login-button 
[[34mINFO [0;39m] [] 19:38:46.501 [TestCaseId:] [Scenario:
                Create a new project] [36mo.a.q.c.g.s.w.WrappedWebdriver[0;39m - Find_Element Execution_Time(ms):; 10; Page_URL:; http://localhost:8081/#!/dashboard;
[[39mDEBUG[0;39m] [] 19:38:47.001 [TestCaseId:] [Scenario:
                Create a new project] [36mo.a.q.c.g.s.w.WrappedWebdriver[0;39m - Finding element by: By.className: login-button 
[[34mINFO [0;39m] [] 19:38:47.038 [TestCaseId:] [Scenario:
                Create a new project] [36mo.a.q.c.g.s.w.WrappedWebdriver[0;39m - Find_Element Execution_Time(ms):; 25; Page_URL:; http://localhost:8081/#!/dashboard;
[[39mDEBUG[0;39m] [] 19:38:47.538 [TestCaseId:] [Scenario:
                Create a new project] [36mo.a.q.c.g.s.w.WrappedWebdriver[0;39m - Finding element by: By.className: login-button 
[[34mINFO [0;39m] [] 19:38:47.579 [TestCaseId:] [Scenario:
                Create a new project] [36mo.a.q.c.g.s.w.WrappedWebdriver[0;39m - Find_Element Execution_Time(ms):; 27; Page_URL:; http://localhost:8081/#!/dashboard;
[[39mDEBUG[0;39m] [] 19:38:48.080 [TestCaseId:] [Scenario:
                Create a new project] [36mo.a.q.c.g.s.w.WrappedWebdriver[0;39m - Finding element by: By.className: login-button 
[[34mINFO [0;39m] [] 19:38:48.129 [TestCaseId:] [Scenario:
                Create a new project] [36mo.a.q.c.g.s.w.WrappedWebdriver[0;39m - Find_Element Execution_Time(ms):; 35; Page_URL:; http://localhost:8081/#!/dashboard;
[[39mDEBUG[0;39m] [] 19:38:48.630 [TestCaseId:] [Scenario:
                Create a new project] [36mo.a.q.c.g.s.w.WrappedWebdriver[0;39m - Finding element by: By.className: login-button 
[[34mINFO [0;39m] [] 19:38:48.666 [TestCaseId:] [Scenario:
                Create a new project] [36mo.a.q.c.g.s.w.WrappedWebdriver[0;39m - Find_Element Execution_Time(ms):; 28; Page_URL:; http://localhost:8081/#!/dashboard;
[[39mDEBUG[0;39m] [] 19:38:49.167 [TestCaseId:] [Scenario:
                Create a new project] [36mo.a.q.c.g.s.w.WrappedWebdriver[0;39m - Finding element by: By.className: login-button 
[[34mINFO [0;39m] [] 19:38:49.208 [TestCaseId:] [Scenario:
                Create a new project] [36mo.a.q.c.g.s.w.WrappedWebdriver[0;39m - Find_Element Execution_Time(ms):; 27; Page_URL:; http://localhost:8081/#!/dashboard;
[[39mDEBUG[0;39m] [] 19:38:49.709 [TestCaseId:] [Scenario:
                Create a new project] [36mo.a.q.c.g.s.w.WrappedWebdriver[0;39m - Finding element by: By.className: login-button 
[[34mINFO [0;39m] [] 19:38:49.740 [TestCaseId:] [Scenario:
                Create a new project] [36mo.a.q.c.g.s.w.WrappedWebdriver[0;39m - Find_Element Execution_Time(ms):; 23; Page_URL:; http://localhost:8081/#!/dashboard;
[[39mDEBUG[0;39m] [] 19:38:50.241 [TestCaseId:] [Scenario:
                Create a new project] [36mo.a.q.c.g.s.w.WrappedWebdriver[0;39m - Finding element by: By.className: login-button 
[[34mINFO [0;39m] [] 19:38:50.276 [TestCaseId:] [Scenario:
                Create a new project] [36mo.a.q.c.g.s.w.WrappedWebdriver[0;39m - Find_Element Execution_Time(ms):; 23; Page_URL:; http://localhost:8081/#!/dashboard;
[[39mDEBUG[0;39m] [] 19:38:50.777 [TestCaseId:] [Scenario:
                Create a new project] [36mo.a.q.c.g.s.w.WrappedWebdriver[0;39m - Finding element by: By.className: login-button 
[[34mINFO [0;39m] [] 19:38:50.819 [TestCaseId:] [Scenario:
                Create a new project] [36mo.a.q.c.g.s.w.WrappedWebdriver[0;39m - Find_Element Execution_Time(ms):; 28; Page_URL:; http://localhost:8081/#!/dashboard;
[[39mDEBUG[0;39m] [] 19:38:51.319 [TestCaseId:] [Scenario:
                Create a new project] [36mo.a.q.c.g.s.w.WrappedWebdriver[0;39m - Finding element by: By.className: login-button 
[[34mINFO [0;39m] [] 19:38:51.358 [TestCaseId:] [Scenario:
                Create a new project] [36mo.a.q.c.g.s.w.WrappedWebdriver[0;39m - Find_Element Execution_Time(ms):; 26; Page_URL:; http://localhost:8081/#!/dashboard;
[[39mDEBUG[0;39m] [] 19:38:51.859 [TestCaseId:] [Scenario:
                Create a new project] [36mo.a.q.c.g.s.w.WrappedWebdriver[0;39m - Finding element by: By.className: login-button 
[[34mINFO [0;39m] [] 19:38:51.898 [TestCaseId:] [Scenario:
                Create a new project] [36mo.a.q.c.g.s.w.WrappedWebdriver[0;39m - Find_Element Execution_Time(ms):; 26; Page_URL:; http://localhost:8081/#!/dashboard;
[[39mDEBUG[0;39m] [] 19:38:52.399 [TestCaseId:] [Scenario:
                Create a new project] [36mo.a.q.c.g.s.w.WrappedWebdriver[0;39m - Finding element by: By.className: login-button 
[[34mINFO [0;39m] [] 19:38:52.434 [TestCaseId:] [Scenario:
                Create a new project] [36mo.a.q.c.g.s.w.WrappedWebdriver[0;39m - Find_Element Execution_Time(ms):; 24; Page_URL:; http://localhost:8081/#!/dashboard;
[[39mDEBUG[0;39m] [] 19:38:52.935 [TestCaseId:] [Scenario:
                Create a new project] [36mo.a.q.c.g.s.w.WrappedWebdriver[0;39m - Finding element by: By.className: login-button 
[[34mINFO [0;39m] [] 19:38:52.971 [TestCaseId:] [Scenario:
                Create a new project] [36mo.a.q.c.g.s.w.WrappedWebdriver[0;39m - Find_Element Execution_Time(ms):; 24; Page_URL:; http://localhost:8081/#!/dashboard;
[[39mDEBUG[0;39m] [] 19:38:53.472 [TestCaseId:] [Scenario:
                Create a new project] [36mo.a.q.c.g.s.w.WrappedWebdriver[0;39m - Finding element by: By.className: login-button 
[[34mINFO [0;39m] [] 19:38:53.511 [TestCaseId:] [Scenario:
                Create a new project] [36mo.a.q.c.g.s.w.WrappedWebdriver[0;39m - Find_Element Execution_Time(ms):; 27; Page_URL:; http://localhost:8081/#!/dashboard;
[[39mDEBUG[0;39m] [] 19:38:53.512 [TestCaseId:] [Scenario:
                Create a new project] [36mo.a.q.c.g.s.w.WrappedWebdriver[0;39m - Finding element by: By.className: login-button 
[[34mINFO [0;39m] [] 19:38:53.539 [TestCaseId:] [Scenario:
                Create a new project] [36mo.a.q.c.g.s.w.WrappedWebdriver[0;39m - Find_Element Execution_Time(ms):; 21; Page_URL:; http://localhost:8081/#!/dashboard;
[[34mINFO [0;39m] [] 19:38:53.546 [TestCaseId:] [Scenario:
                Create a new project] [36mo.a.q.c.g.s.w.WebdriverHelper[0;39m - Wait_For_Element_To_Be_Clickable Execution_Time(ms):; 7054; Page_URL:; http://localhost:8081/#!/dashboard;
[[39mDEBUG[0;39m] [] 19:38:53.547 [TestCaseId:] [Scenario:
                Create a new project] [36mo.a.q.c.g.s.a.p.AllureAttachmentsProvider[0;39m - Attach screenshot to the Allure report
[[34mINFO [0;39m] [] 19:38:53.889 [TestCaseId:] [Scenario:
                Create a new project] [36mo.a.q.c.g.s.w.WebdriverHelper[0;39m - Click Execution_Time(ms):; 7409; Page_URL:; http://localhost:8081/#!/dashboard;
[[39mDEBUG[0;39m] [] 19:38:53.890 [TestCaseId:] [Scenario:
                Create a new project] [36mo.a.q.c.g.s.a.p.AllureAttachmentsProvider[0;39m - Attach screenshot to the Allure report
[[39mDEBUG[0;39m] [] 19:38:54.221 [TestCaseId:] [Scenario:
                Create a new project] [36mo.a.q.c.g.s.a.p.AllureAttachmentsProvider[0;39m - Attach screenshot to the Allure report
[[39mDEBUG[0;39m] [] 19:38:54.603 [TestCaseId:] [Scenario:
                Create a new project] [36mo.a.q.c.g.s.w.WrappedWebdriver[0;39m - Finding element by: By.className: page-title 
[[34mINFO [0;39m] [] 19:38:54.618 [TestCaseId:] [Scenario:
                Create a new project] [36mo.a.q.c.g.s.w.WrappedWebdriver[0;39m - Find_Element Execution_Time(ms):; 11; Page_URL:; http://localhost:8081/#!/dashboard;
[[39mDEBUG[0;39m] [] 19:38:54.645 [TestCaseId:] [Scenario:
                Create a new project] [36mo.a.q.c.g.s.w.WrappedWebdriver[0;39m - Finding element by: By.xpath: //button[contains(text(),'select asset type')] 
[[34mINFO [0;39m] [] 19:38:54.662 [TestCaseId:] [Scenario:
                Create a new project] [36mo.a.q.c.g.s.w.WrappedWebdriver[0;39m - Find_Element Execution_Time(ms):; 14; Page_URL:; http://localhost:8081/#!/dashboard;
[[34mINFO [0;39m] [] 19:38:54.670 [TestCaseId:] [Scenario:
                Create a new project] [36mo.a.q.c.g.s.w.WebdriverHelper[0;39m - Wait_For_Page_Update Execution_Time(ms):; 5; Page_URL:; http://localhost:8081/#!/dashboard;
[[34mINFO [0;39m] [] 19:38:54.694 [TestCaseId:] [Scenario:
                Create a new project] [36mo.a.q.c.g.s.w.WebdriverHelper[0;39m - Wait_For_Element_To_Be_Clickable Execution_Time(ms):; 20; Page_URL:; http://localhost:8081/#!/dashboard;
[[34mINFO [0;39m] [] 19:38:54.750 [TestCaseId:] [Scenario:
                Create a new project] [36mo.a.q.c.g.s.w.WebdriverHelper[0;39m - Wait_For_Page_Update Execution_Time(ms):; 9; Page_URL:; http://localhost:8081/#!/dashboard;
[[34mINFO [0;39m] [] 19:38:54.755 [TestCaseId:] [Scenario:
                Create a new project] [36mo.a.q.c.g.s.w.WebdriverHelper[0;39m - Click Execution_Time(ms):; 89; Page_URL:; http://localhost:8081/#!/dashboard;
[[39mDEBUG[0;39m] [] 19:38:54.756 [TestCaseId:] [Scenario:
                Create a new project] [36mo.a.q.c.g.s.w.WrappedWebdriver[0;39m - Finding element by: By.xpath: //ul[@class = 'dropdown-menu']//a[text()='Offshore Oil and Gas'] 
[[34mINFO [0;39m] [] 19:38:54.778 [TestCaseId:] [Scenario:
                Create a new project] [36mo.a.q.c.g.s.w.WrappedWebdriver[0;39m - Find_Element Execution_Time(ms):; 18; Page_URL:; http://localhost:8081/#!/dashboard;
[[34mINFO [0;39m] [] 19:38:54.790 [TestCaseId:] [Scenario:
                Create a new project] [36mo.a.q.c.g.s.w.WebdriverHelper[0;39m - Wait_For_Page_Update Execution_Time(ms):; 7; Page_URL:; http://localhost:8081/#!/dashboard;
[[34mINFO [0;39m] [] 19:38:54.818 [TestCaseId:] [Scenario:
                Create a new project] [36mo.a.q.c.g.s.w.WebdriverHelper[0;39m - Wait_For_Element_To_Be_Clickable Execution_Time(ms):; 25; Page_URL:; http://localhost:8081/#!/dashboard;
[[34mINFO [0;39m] [] 19:38:54.866 [TestCaseId:] [Scenario:
                Create a new project] [36mo.a.q.c.g.s.w.WebdriverHelper[0;39m - Wait_For_Page_Update Execution_Time(ms):; 5; Page_URL:; http://localhost:8081/#!/dashboard;
[[34mINFO [0;39m] [] 19:38:54.869 [TestCaseId:] [Scenario:
                Create a new project] [36mo.a.q.c.g.s.w.WebdriverHelper[0;39m - Click Execution_Time(ms):; 88; Page_URL:; http://localhost:8081/#!/dashboard;
[[39mDEBUG[0;39m] [] 19:38:54.870 [TestCaseId:] [Scenario:
                Create a new project] [36mo.a.q.c.g.s.w.WrappedWebdriver[0;39m - Finding element by: By.xpath: //div[contains(@ng-repeat, 'system')]/span[@text()='oil dehydration'] 
[[34mINFO [0;39m] [] 19:38:54.887 [TestCaseId:] [Scenario:
                Create a new project] [36mo.a.q.c.g.s.w.WrappedWebdriver[0;39m - Find_Element Execution_Time(ms):; 13; Page_URL:; http://localhost:8081/#!/dashboard;
[[34mINFO [0;39m] [] 19:38:54.913 [TestCaseId:] [Scenario:
                Create a new project] [36mo.a.q.c.g.s.w.WebdriverHelper[0;39m - Wait_For_Page_Update Execution_Time(ms):; 6; Page_URL:; http://localhost:8081/#!/dashboard;
[[39mDEBUG[0;39m] [] 19:38:54.913 [TestCaseId:] [Scenario:
                Create a new project] [36mo.a.q.c.g.s.w.WrappedWebdriver[0;39m - Finding element by: By.className: logout-button 
[[34mINFO [0;39m] [] 19:38:54.929 [TestCaseId:] [Scenario:
                Create a new project] [36mo.a.q.c.g.s.w.WrappedWebdriver[0;39m - Find_Element Execution_Time(ms):; 13; Page_URL:; http://localhost:8081/#!/dashboard;
[[39mDEBUG[0;39m] [] 19:38:54.942 [TestCaseId:] [Scenario:
                Create a new project] [36mo.a.q.c.g.s.w.WrappedWebdriver[0;39m - Finding element by: By.className: logout-button 
[[34mINFO [0;39m] [] 19:38:54.953 [TestCaseId:] [Scenario:
                Create a new project] [36mo.a.q.c.g.s.w.WrappedWebdriver[0;39m - Find_Element Execution_Time(ms):; 8; Page_URL:; http://localhost:8081/#!/dashboard;
[[34mINFO [0;39m] [] 19:38:54.964 [TestCaseId:] [Scenario:
                Create a new project] [36mo.a.q.c.g.s.w.WebdriverHelper[0;39m - Wait_For_Element_To_Be_Clickable Execution_Time(ms):; 48; Page_URL:; http://localhost:8081/#!/dashboard;
[[39mDEBUG[0;39m] [] 19:38:54.964 [TestCaseId:] [Scenario:
                Create a new project] [36mo.a.q.c.g.s.w.WrappedWebdriver[0;39m - Finding element by: By.className: logout-button 
[[34mINFO [0;39m] [] 19:38:54.974 [TestCaseId:] [Scenario:
                Create a new project] [36mo.a.q.c.g.s.w.WrappedWebdriver[0;39m - Find_Element Execution_Time(ms):; 7; Page_URL:; http://localhost:8081/#!/dashboard;
[[34mINFO [0;39m] [] 19:38:55.015 [TestCaseId:] [Scenario:
                Create a new project] [36mo.a.q.c.g.s.w.WebdriverHelper[0;39m - Wait_For_Page_Update Execution_Time(ms):; 4; Page_URL:; http://localhost:8081/#!/dashboard;
[[34mINFO [0;39m] [] 19:38:55.018 [TestCaseId:] [Scenario:
                Create a new project] [36mo.a.q.c.g.s.w.WebdriverHelper[0;39m - Click Execution_Time(ms):; 112; Page_URL:; http://localhost:8081/#!/dashboard;
[[39mDEBUG[0;39m] [] 19:38:55.019 [TestCaseId:] [Scenario:
                Create a new project] [36mo.a.q.c.g.s.w.WrappedWebdriver[0;39m - Finding element by: By.cssSelector: .logout-menu li 
[[34mINFO [0;39m] [] 19:38:55.036 [TestCaseId:] [Scenario:
                Create a new project] [36mo.a.q.c.g.s.w.WrappedWebdriver[0;39m - Find_Element Execution_Time(ms):; 13; Page_URL:; http://localhost:8081/#!/dashboard;
[[34mINFO [0;39m] [] 19:38:55.045 [TestCaseId:] [Scenario:
                Create a new project] [36mo.a.q.c.g.s.w.WebdriverHelper[0;39m - Wait_For_Page_Update Execution_Time(ms):; 5; Page_URL:; http://localhost:8081/#!/dashboard;
[[34mINFO [0;39m] [] 19:38:55.070 [TestCaseId:] [Scenario:
                Create a new project] [36mo.a.q.c.g.s.w.WebdriverHelper[0;39m - Wait_For_Element_To_Be_Clickable Execution_Time(ms):; 21; Page_URL:; http://localhost:8081/#!/dashboard;
[[34mINFO [0;39m] [] 19:38:55.127 [TestCaseId:] [Scenario:
                Create a new project] [36mo.a.q.c.g.s.w.WebdriverHelper[0;39m - Wait_For_Page_Update Execution_Time(ms):; 15; Page_URL:; http://localhost:8081/#!/login;
[[34mINFO [0;39m] [] 19:38:55.132 [TestCaseId:] [Scenario:
                Create a new project] [36mo.a.q.c.g.s.w.WebdriverHelper[0;39m - Click Execution_Time(ms):; 90; Page_URL:; http://localhost:8081/#!/login;
[[39mDEBUG[0;39m] [] 19:38:55.136 [TestCaseId:] [Scenario:
                ] [36mo.a.q.c.g.s.w.WrappedWebdriver[0;39m - Driver quit
[[34mINFO [0;39m] [] 19:38:56.204 [TestCaseId:] [Scenario:
                ] [36mo.a.q.c.g.s.w.WrappedWebdriver[0;39m - Driver_Quit Execution_Time(ms):; 1068; Page_URL:; ;
