[[34mINFO [0;39m] [] 12:12:31.085 [TestCaseId:] [Scenario:
                Check availability of inputs when creating a new project on Dashboard page] [36mo.a.q.c.s.p.LoginPageObject[0;39m - Open login page
[[39mDEBUG[0;39m] [] 12:12:31.095 [TestCaseId:] [Scenario:
                Check availability of inputs when creating a new project on Dashboard page] [36mo.a.q.c.s.w.WrappedWebdriver[0;39m - Opening url: http://localhost:8081/#!/login
[[39mDEBUG[0;39m] [] 12:12:32.441 [TestCaseId:] [Scenario:
                Check availability of inputs when creating a new project on Dashboard page] [36mo.a.q.c.s.a.p.AllureAttachmentsProvider[0;39m - Attach screenshot to the Allure report
[[34mINFO [0;39m] [] 12:12:33.062 [TestCaseId:] [Scenario:
                Check availability of inputs when creating a new project on Dashboard page] [36mo.a.q.c.s.w.WrappedWebdriver[0;39m - Open_Page Execution_Time(ms):; 1967; Page_URL:; http://localhost:8081/#!/login;
[[34mINFO [0;39m] [] 12:12:33.062 [TestCaseId:] [Scenario:
                Check availability of inputs when creating a new project on Dashboard page] [36mo.a.q.c.s.p.LoginPageObject[0;39m - Set login as admin in SingIn form
[[34mINFO [0;39m] [] 12:12:33.114 [TestCaseId:] [Scenario:
                Check availability of inputs when creating a new project on Dashboard page] [36mo.a.q.c.s.w.WebdriverHelper[0;39m - Wait_For_Page_Update Execution_Time(ms):; 11; Page_URL:; http://localhost:8081/#!/login;
[[39mDEBUG[0;39m] [] 12:12:33.114 [TestCaseId:] [Scenario:
                Check availability of inputs when creating a new project on Dashboard page] [36mo.a.q.c.s.w.WrappedWebdriver[0;39m - Finding element by: By.name: login 
[[34mINFO [0;39m] [] 12:12:33.144 [TestCaseId:] [Scenario:
                Check availability of inputs when creating a new project on Dashboard page] [36mo.a.q.c.s.w.WrappedWebdriver[0;39m - Find_Element Execution_Time(ms):; 20; Page_URL:; http://localhost:8081/#!/login;
[[39mDEBUG[0;39m] [] 12:12:33.164 [TestCaseId:] [Scenario:
                Check availability of inputs when creating a new project on Dashboard page] [36mo.a.q.c.s.w.WrappedWebdriver[0;39m - Finding element by: By.name: login 
[[34mINFO [0;39m] [] 12:12:33.184 [TestCaseId:] [Scenario:
                Check availability of inputs when creating a new project on Dashboard page] [36mo.a.q.c.s.w.WrappedWebdriver[0;39m - Find_Element Execution_Time(ms):; 10; Page_URL:; http://localhost:8081/#!/login;
[[39mDEBUG[0;39m] [] 12:12:33.204 [TestCaseId:] [Scenario:
                Check availability of inputs when creating a new project on Dashboard page] [36mo.a.q.c.s.w.WrappedWebdriver[0;39m - Finding element by: By.name: login 
[[34mINFO [0;39m] [] 12:12:33.209 [TestCaseId:] [Scenario:
                Check availability of inputs when creating a new project on Dashboard page] [36mo.a.q.c.s.w.WrappedWebdriver[0;39m - Find_Element Execution_Time(ms):; 1; Page_URL:; http://localhost:8081/#!/login;
[[34mINFO [0;39m] [] 12:12:33.264 [TestCaseId:] [Scenario:
                Check availability of inputs when creating a new project on Dashboard page] [36mo.a.q.c.s.w.WebdriverHelper[0;39m - Wait_For_Page_Update Execution_Time(ms):; 5; Page_URL:; http://localhost:8081/#!/login;
[[34mINFO [0;39m] [] 12:12:33.269 [TestCaseId:] [Scenario:
                Check availability of inputs when creating a new project on Dashboard page] [36mo.a.q.c.s.w.WebdriverHelper[0;39m - Send_Keys Execution_Time(ms):; 182; Page_URL:; http://localhost:8081/#!/login;
[[34mINFO [0;39m] [] 12:12:33.280 [TestCaseId:] [Scenario:
                Check availability of inputs when creating a new project on Dashboard page] [36mo.a.q.c.s.w.WebdriverHelper[0;39m - Wait_For_Page_Update Execution_Time(ms):; 6; Page_URL:; http://localhost:8081/#!/login;
[[39mDEBUG[0;39m] [] 12:12:33.281 [TestCaseId:] [Scenario:
                Check availability of inputs when creating a new project on Dashboard page] [36mo.a.q.c.s.w.WrappedWebdriver[0;39m - Finding element by: By.name: password 
[[34mINFO [0;39m] [] 12:12:33.299 [TestCaseId:] [Scenario:
                Check availability of inputs when creating a new project on Dashboard page] [36mo.a.q.c.s.w.WrappedWebdriver[0;39m - Find_Element Execution_Time(ms):; 14; Page_URL:; http://localhost:8081/#!/login;
[[39mDEBUG[0;39m] [] 12:12:33.331 [TestCaseId:] [Scenario:
                Check availability of inputs when creating a new project on Dashboard page] [36mo.a.q.c.s.w.WrappedWebdriver[0;39m - Finding element by: By.name: password 
[[34mINFO [0;39m] [] 12:12:33.351 [TestCaseId:] [Scenario:
                Check availability of inputs when creating a new project on Dashboard page] [36mo.a.q.c.s.w.WrappedWebdriver[0;39m - Find_Element Execution_Time(ms):; 10; Page_URL:; http://localhost:8081/#!/login;
[[39mDEBUG[0;39m] [] 12:12:33.381 [TestCaseId:] [Scenario:
                Check availability of inputs when creating a new project on Dashboard page] [36mo.a.q.c.s.w.WrappedWebdriver[0;39m - Finding element by: By.name: password 
[[34mINFO [0;39m] [] 12:12:33.387 [TestCaseId:] [Scenario:
                Check availability of inputs when creating a new project on Dashboard page] [36mo.a.q.c.s.w.WrappedWebdriver[0;39m - Find_Element Execution_Time(ms):; 1; Page_URL:; http://localhost:8081/#!/login;
[[34mINFO [0;39m] [] 12:12:33.428 [TestCaseId:] [Scenario:
                Check availability of inputs when creating a new project on Dashboard page] [36mo.a.q.c.s.w.WebdriverHelper[0;39m - Wait_For_Page_Update Execution_Time(ms):; 4; Page_URL:; http://localhost:8081/#!/login;
[[34mINFO [0;39m] [] 12:12:33.432 [TestCaseId:] [Scenario:
                Check availability of inputs when creating a new project on Dashboard page] [36mo.a.q.c.s.w.WebdriverHelper[0;39m - Send_Keys Execution_Time(ms):; 159; Page_URL:; http://localhost:8081/#!/login;
[[34mINFO [0;39m] [] 12:12:33.444 [TestCaseId:] [Scenario:
                Check availability of inputs when creating a new project on Dashboard page] [36mo.a.q.c.s.w.WebdriverHelper[0;39m - Wait_For_Page_Update Execution_Time(ms):; 6; Page_URL:; http://localhost:8081/#!/login;
[[39mDEBUG[0;39m] [] 12:12:33.445 [TestCaseId:] [Scenario:
                Check availability of inputs when creating a new project on Dashboard page] [36mo.a.q.c.s.w.WrappedWebdriver[0;39m - Finding element by: By.className: login-button 
[[34mINFO [0;39m] [] 12:12:33.461 [TestCaseId:] [Scenario:
                Check availability of inputs when creating a new project on Dashboard page] [36mo.a.q.c.s.w.WrappedWebdriver[0;39m - Find_Element Execution_Time(ms):; 12; Page_URL:; http://localhost:8081/#!/login;
[[39mDEBUG[0;39m] [] 12:12:33.476 [TestCaseId:] [Scenario:
                Check availability of inputs when creating a new project on Dashboard page] [36mo.a.q.c.s.w.WrappedWebdriver[0;39m - Finding element by: By.className: login-button 
[[34mINFO [0;39m] [] 12:12:33.506 [TestCaseId:] [Scenario:
                Check availability of inputs when creating a new project on Dashboard page] [36mo.a.q.c.s.w.WrappedWebdriver[0;39m - Find_Element Execution_Time(ms):; 8; Page_URL:; http://localhost:8081/#!/login;
[[34mINFO [0;39m] [] 12:12:33.526 [TestCaseId:] [Scenario:
                Check availability of inputs when creating a new project on Dashboard page] [36mo.a.q.c.s.w.WebdriverHelper[0;39m - Wait_For_Element_To_Be_Clickable Execution_Time(ms):; 72; Page_URL:; http://localhost:8081/#!/login;
[[39mDEBUG[0;39m] [] 12:12:33.526 [TestCaseId:] [Scenario:
                Check availability of inputs when creating a new project on Dashboard page] [36mo.a.q.c.s.w.WrappedWebdriver[0;39m - Finding element by: By.className: login-button 
[[34mINFO [0;39m] [] 12:12:33.546 [TestCaseId:] [Scenario:
                Check availability of inputs when creating a new project on Dashboard page] [36mo.a.q.c.s.w.WrappedWebdriver[0;39m - Find_Element Execution_Time(ms):; 10; Page_URL:; http://localhost:8081/#!/login;
[[34mINFO [0;39m] [] 12:12:33.692 [TestCaseId:] [Scenario:
                Check availability of inputs when creating a new project on Dashboard page] [36mo.a.q.c.s.w.WebdriverHelper[0;39m - Wait_For_Page_Update Execution_Time(ms):; 46; Page_URL:; http://localhost:8081/#!/dashboard;
[[34mINFO [0;39m] [] 12:12:33.697 [TestCaseId:] [Scenario:
                Check availability of inputs when creating a new project on Dashboard page] [36mo.a.q.c.s.w.WebdriverHelper[0;39m - Click Execution_Time(ms):; 258; Page_URL:; http://localhost:8081/#!/dashboard;
[[39mDEBUG[0;39m] [] 12:12:33.697 [TestCaseId:] [Scenario:
                Check availability of inputs when creating a new project on Dashboard page] [36mo.a.q.c.s.a.p.AllureAttachmentsProvider[0;39m - Attach screenshot to the Allure report
[[34mINFO [0;39m] [] 12:12:34.176 [TestCaseId:] [Scenario:
                Check availability of inputs when creating a new project on Dashboard page] [36mo.a.q.c.s.p.LoginPageObject[0;39m - Submit SignIn form
[[34mINFO [0;39m] [] 12:12:34.206 [TestCaseId:] [Scenario:
                Check availability of inputs when creating a new project on Dashboard page] [36mo.a.q.c.s.w.WebdriverHelper[0;39m - Wait_For_Page_Update Execution_Time(ms):; 20; Page_URL:; http://localhost:8081/#!/dashboard;
[[39mDEBUG[0;39m] [] 12:12:34.206 [TestCaseId:] [Scenario:
                Check availability of inputs when creating a new project on Dashboard page] [36mo.a.q.c.s.w.WrappedWebdriver[0;39m - Finding element by: By.className: login-button 
[[34mINFO [0;39m] [] 12:12:34.236 [TestCaseId:] [Scenario:
                Check availability of inputs when creating a new project on Dashboard page] [36mo.a.q.c.s.w.WrappedWebdriver[0;39m - Find_Element Execution_Time(ms):; 20; Page_URL:; http://localhost:8081/#!/dashboard;
[[39mDEBUG[0;39m] [] 12:12:34.745 [TestCaseId:] [Scenario:
                Check availability of inputs when creating a new project on Dashboard page] [36mo.a.q.c.s.w.WrappedWebdriver[0;39m - Finding element by: By.className: login-button 
[[34mINFO [0;39m] [] 12:12:34.795 [TestCaseId:] [Scenario:
                Check availability of inputs when creating a new project on Dashboard page] [36mo.a.q.c.s.w.WrappedWebdriver[0;39m - Find_Element Execution_Time(ms):; 30; Page_URL:; http://localhost:8081/#!/dashboard;
[[39mDEBUG[0;39m] [] 12:12:35.298 [TestCaseId:] [Scenario:
                Check availability of inputs when creating a new project on Dashboard page] [36mo.a.q.c.s.w.WrappedWebdriver[0;39m - Finding element by: By.className: login-button 
[[34mINFO [0;39m] [] 12:12:35.348 [TestCaseId:] [Scenario:
                Check availability of inputs when creating a new project on Dashboard page] [36mo.a.q.c.s.w.WrappedWebdriver[0;39m - Find_Element Execution_Time(ms):; 30; Page_URL:; http://localhost:8081/#!/dashboard;
[[39mDEBUG[0;39m] [] 12:12:35.848 [TestCaseId:] [Scenario:
                Check availability of inputs when creating a new project on Dashboard page] [36mo.a.q.c.s.w.WrappedWebdriver[0;39m - Finding element by: By.className: login-button 
[[34mINFO [0;39m] [] 12:12:35.898 [TestCaseId:] [Scenario:
                Check availability of inputs when creating a new project on Dashboard page] [36mo.a.q.c.s.w.WrappedWebdriver[0;39m - Find_Element Execution_Time(ms):; 30; Page_URL:; http://localhost:8081/#!/dashboard;
[[39mDEBUG[0;39m] [] 12:12:36.398 [TestCaseId:] [Scenario:
                Check availability of inputs when creating a new project on Dashboard page] [36mo.a.q.c.s.w.WrappedWebdriver[0;39m - Finding element by: By.className: login-button 
[[34mINFO [0;39m] [] 12:12:36.414 [TestCaseId:] [Scenario:
                Check availability of inputs when creating a new project on Dashboard page] [36mo.a.q.c.s.w.WrappedWebdriver[0;39m - Find_Element Execution_Time(ms):; 8; Page_URL:; http://localhost:8081/#!/dashboard;
[[39mDEBUG[0;39m] [] 12:12:36.939 [TestCaseId:] [Scenario:
                Check availability of inputs when creating a new project on Dashboard page] [36mo.a.q.c.s.w.WrappedWebdriver[0;39m - Finding element by: By.className: login-button 
[[34mINFO [0;39m] [] 12:12:36.969 [TestCaseId:] [Scenario:
                Check availability of inputs when creating a new project on Dashboard page] [36mo.a.q.c.s.w.WrappedWebdriver[0;39m - Find_Element Execution_Time(ms):; 20; Page_URL:; http://localhost:8081/#!/dashboard;
[[39mDEBUG[0;39m] [] 12:12:37.474 [TestCaseId:] [Scenario:
                Check availability of inputs when creating a new project on Dashboard page] [36mo.a.q.c.s.w.WrappedWebdriver[0;39m - Finding element by: By.className: login-button 
[[34mINFO [0;39m] [] 12:12:37.516 [TestCaseId:] [Scenario:
                Check availability of inputs when creating a new project on Dashboard page] [36mo.a.q.c.s.w.WrappedWebdriver[0;39m - Find_Element Execution_Time(ms):; 21; Page_URL:; http://localhost:8081/#!/dashboard;
[[39mDEBUG[0;39m] [] 12:12:38.023 [TestCaseId:] [Scenario:
                Check availability of inputs when creating a new project on Dashboard page] [36mo.a.q.c.s.w.WrappedWebdriver[0;39m - Finding element by: By.className: login-button 
[[34mINFO [0;39m] [] 12:12:38.063 [TestCaseId:] [Scenario:
                Check availability of inputs when creating a new project on Dashboard page] [36mo.a.q.c.s.w.WrappedWebdriver[0;39m - Find_Element Execution_Time(ms):; 30; Page_URL:; http://localhost:8081/#!/dashboard;
[[39mDEBUG[0;39m] [] 12:12:38.565 [TestCaseId:] [Scenario:
                Check availability of inputs when creating a new project on Dashboard page] [36mo.a.q.c.s.w.WrappedWebdriver[0;39m - Finding element by: By.className: login-button 
[[34mINFO [0;39m] [] 12:12:38.605 [TestCaseId:] [Scenario:
                Check availability of inputs when creating a new project on Dashboard page] [36mo.a.q.c.s.w.WrappedWebdriver[0;39m - Find_Element Execution_Time(ms):; 30; Page_URL:; http://localhost:8081/#!/dashboard;
[[39mDEBUG[0;39m] [] 12:12:39.120 [TestCaseId:] [Scenario:
                Check availability of inputs when creating a new project on Dashboard page] [36mo.a.q.c.s.w.WrappedWebdriver[0;39m - Finding element by: By.className: login-button 
[[34mINFO [0;39m] [] 12:12:39.172 [TestCaseId:] [Scenario:
                Check availability of inputs when creating a new project on Dashboard page] [36mo.a.q.c.s.w.WrappedWebdriver[0;39m - Find_Element Execution_Time(ms):; 32; Page_URL:; http://localhost:8081/#!/dashboard;
[[39mDEBUG[0;39m] [] 12:12:39.673 [TestCaseId:] [Scenario:
                Check availability of inputs when creating a new project on Dashboard page] [36mo.a.q.c.s.w.WrappedWebdriver[0;39m - Finding element by: By.className: login-button 
[[34mINFO [0;39m] [] 12:12:39.723 [TestCaseId:] [Scenario:
                Check availability of inputs when creating a new project on Dashboard page] [36mo.a.q.c.s.w.WrappedWebdriver[0;39m - Find_Element Execution_Time(ms):; 30; Page_URL:; http://localhost:8081/#!/dashboard;
[[39mDEBUG[0;39m] [] 12:12:40.223 [TestCaseId:] [Scenario:
                Check availability of inputs when creating a new project on Dashboard page] [36mo.a.q.c.s.w.WrappedWebdriver[0;39m - Finding element by: By.className: login-button 
[[34mINFO [0;39m] [] 12:12:40.273 [TestCaseId:] [Scenario:
                Check availability of inputs when creating a new project on Dashboard page] [36mo.a.q.c.s.w.WrappedWebdriver[0;39m - Find_Element Execution_Time(ms):; 30; Page_URL:; http://localhost:8081/#!/dashboard;
[[39mDEBUG[0;39m] [] 12:12:40.774 [TestCaseId:] [Scenario:
                Check availability of inputs when creating a new project on Dashboard page] [36mo.a.q.c.s.w.WrappedWebdriver[0;39m - Finding element by: By.className: login-button 
[[34mINFO [0;39m] [] 12:12:40.824 [TestCaseId:] [Scenario:
                Check availability of inputs when creating a new project on Dashboard page] [36mo.a.q.c.s.w.WrappedWebdriver[0;39m - Find_Element Execution_Time(ms):; 30; Page_URL:; http://localhost:8081/#!/dashboard;
[[39mDEBUG[0;39m] [] 12:12:41.326 [TestCaseId:] [Scenario:
                Check availability of inputs when creating a new project on Dashboard page] [36mo.a.q.c.s.w.WrappedWebdriver[0;39m - Finding element by: By.className: login-button 
[[34mINFO [0;39m] [] 12:12:41.346 [TestCaseId:] [Scenario:
                Check availability of inputs when creating a new project on Dashboard page] [36mo.a.q.c.s.w.WrappedWebdriver[0;39m - Find_Element Execution_Time(ms):; 10; Page_URL:; http://localhost:8081/#!/dashboard;
[[39mDEBUG[0;39m] [] 12:12:41.346 [TestCaseId:] [Scenario:
                Check availability of inputs when creating a new project on Dashboard page] [36mo.a.q.c.s.w.WrappedWebdriver[0;39m - Finding element by: By.className: login-button 
[[34mINFO [0;39m] [] 12:12:41.366 [TestCaseId:] [Scenario:
                Check availability of inputs when creating a new project on Dashboard page] [36mo.a.q.c.s.w.WrappedWebdriver[0;39m - Find_Element Execution_Time(ms):; 10; Page_URL:; http://localhost:8081/#!/dashboard;
[[34mINFO [0;39m] [] 12:12:41.376 [TestCaseId:] [Scenario:
                Check availability of inputs when creating a new project on Dashboard page] [36mo.a.q.c.s.w.WebdriverHelper[0;39m - Wait_For_Element_To_Be_Clickable Execution_Time(ms):; 7160; Page_URL:; http://localhost:8081/#!/dashboard;
[[39mDEBUG[0;39m] [] 12:12:41.376 [TestCaseId:] [Scenario:
                Check availability of inputs when creating a new project on Dashboard page] [36mo.a.q.c.s.a.p.AllureAttachmentsProvider[0;39m - Attach screenshot to the Allure report
[[34mINFO [0;39m] [] 12:12:41.725 [TestCaseId:] [Scenario:
                Check availability of inputs when creating a new project on Dashboard page] [36mo.a.q.c.s.w.WebdriverHelper[0;39m - Click Execution_Time(ms):; 7539; Page_URL:; http://localhost:8081/#!/dashboard;
[[39mDEBUG[0;39m] [] 12:12:41.725 [TestCaseId:] [Scenario:
                Check availability of inputs when creating a new project on Dashboard page] [36mo.a.q.c.s.a.p.AllureAttachmentsProvider[0;39m - Attach screenshot to the Allure report
[[39mDEBUG[0;39m] [] 12:12:42.117 [TestCaseId:] [Scenario:
                Check availability of inputs when creating a new project on Dashboard page] [36mo.a.q.c.s.a.p.AllureAttachmentsProvider[0;39m - Attach screenshot to the Allure report
[[39mDEBUG[0;39m] [] 12:12:42.517 [TestCaseId:] [Scenario:
                Check availability of inputs when creating a new project on Dashboard page] [36mo.a.q.c.s.w.WrappedWebdriver[0;39m - Finding element by: By.className: page-title 
[[34mINFO [0;39m] [] 12:12:42.547 [TestCaseId:] [Scenario:
                Check availability of inputs when creating a new project on Dashboard page] [36mo.a.q.c.s.w.WrappedWebdriver[0;39m - Find_Element Execution_Time(ms):; 20; Page_URL:; http://localhost:8081/#!/dashboard;
[[39mDEBUG[0;39m] [] 12:12:42.587 [TestCaseId:] [Scenario:
                Check availability of inputs when creating a new project on Dashboard page] [36mo.a.q.c.s.w.WrappedWebdriver[0;39m - Finding element by: By.xpath: //button[contains(text(),'select asset type')] 
[[34mINFO [0;39m] [] 12:12:42.617 [TestCaseId:] [Scenario:
                Check availability of inputs when creating a new project on Dashboard page] [36mo.a.q.c.s.w.WrappedWebdriver[0;39m - Find_Element Execution_Time(ms):; 20; Page_URL:; http://localhost:8081/#!/dashboard;
[[39mDEBUG[0;39m] [] 12:12:42.627 [TestCaseId:] [Scenario:
                Check availability of inputs when creating a new project on Dashboard page] [36mo.a.q.c.s.w.WrappedWebdriver[0;39m - Finding element by: By.xpath: //button[contains(text(),'select library')] 
[[34mINFO [0;39m] [] 12:12:42.657 [TestCaseId:] [Scenario:
                Check availability of inputs when creating a new project on Dashboard page] [36mo.a.q.c.s.w.WrappedWebdriver[0;39m - Find_Element Execution_Time(ms):; 20; Page_URL:; http://localhost:8081/#!/dashboard;
[[39mDEBUG[0;39m] [] 12:12:42.667 [TestCaseId:] [Scenario:
                Check availability of inputs when creating a new project on Dashboard page] [36mo.a.q.c.s.w.WrappedWebdriver[0;39m - Finding element by: By.xpath: //button[contains(text(),'select library')] 
[[34mINFO [0;39m] [] 12:12:42.687 [TestCaseId:] [Scenario:
                Check availability of inputs when creating a new project on Dashboard page] [36mo.a.q.c.s.w.WrappedWebdriver[0;39m - Find_Element Execution_Time(ms):; 10; Page_URL:; http://localhost:8081/#!/dashboard;
[[39mDEBUG[0;39m] [] 12:12:42.697 [TestCaseId:] [Scenario:
                Check availability of inputs when creating a new project on Dashboard page] [36mo.a.q.c.s.w.WrappedWebdriver[0;39m - Finding element by: By.xpath: //button[contains(text(),'select region')] 
[[34mINFO [0;39m] [] 12:12:42.727 [TestCaseId:] [Scenario:
                Check availability of inputs when creating a new project on Dashboard page] [36mo.a.q.c.s.w.WrappedWebdriver[0;39m - Find_Element Execution_Time(ms):; 20; Page_URL:; http://localhost:8081/#!/dashboard;
[[39mDEBUG[0;39m] [] 12:12:42.737 [TestCaseId:] [Scenario:
                Check availability of inputs when creating a new project on Dashboard page] [36mo.a.q.c.s.w.WrappedWebdriver[0;39m - Finding element by: By.xpath: //button[contains(text(),'select region')] 
[[34mINFO [0;39m] [] 12:12:42.757 [TestCaseId:] [Scenario:
                Check availability of inputs when creating a new project on Dashboard page] [36mo.a.q.c.s.w.WrappedWebdriver[0;39m - Find_Element Execution_Time(ms):; 10; Page_URL:; http://localhost:8081/#!/dashboard;
[[39mDEBUG[0;39m] [] 12:12:42.767 [TestCaseId:] [Scenario:
                Check availability of inputs when creating a new project on Dashboard page] [36mo.a.q.c.s.w.WrappedWebdriver[0;39m - Finding element by: By.xpath: //button[contains(text(),'select location')] 
[[34mINFO [0;39m] [] 12:12:42.793 [TestCaseId:] [Scenario:
                Check availability of inputs when creating a new project on Dashboard page] [36mo.a.q.c.s.w.WrappedWebdriver[0;39m - Find_Element Execution_Time(ms):; 5; Page_URL:; http://localhost:8081/#!/dashboard;
[[39mDEBUG[0;39m] [] 12:12:42.803 [TestCaseId:] [Scenario:
                Check availability of inputs when creating a new project on Dashboard page] [36mo.a.q.c.s.w.WrappedWebdriver[0;39m - Finding element by: By.xpath: //button[contains(text(),'select location')] 
[[34mINFO [0;39m] [] 12:12:42.823 [TestCaseId:] [Scenario:
                Check availability of inputs when creating a new project on Dashboard page] [36mo.a.q.c.s.w.WrappedWebdriver[0;39m - Find_Element Execution_Time(ms):; 10; Page_URL:; http://localhost:8081/#!/dashboard;
[[39mDEBUG[0;39m] [] 12:12:42.833 [TestCaseId:] [Scenario:
                Check availability of inputs when creating a new project on Dashboard page] [36mo.a.q.c.s.w.WrappedWebdriver[0;39m - Finding element by: By.className: new-project__title-input 
[[34mINFO [0;39m] [] 12:12:42.863 [TestCaseId:] [Scenario:
                Check availability of inputs when creating a new project on Dashboard page] [36mo.a.q.c.s.w.WrappedWebdriver[0;39m - Find_Element Execution_Time(ms):; 20; Page_URL:; http://localhost:8081/#!/dashboard;
[[39mDEBUG[0;39m] [] 12:12:42.873 [TestCaseId:] [Scenario:
                Check availability of inputs when creating a new project on Dashboard page] [36mo.a.q.c.s.w.WrappedWebdriver[0;39m - Finding element by: By.className: new-project__description-input 
[[34mINFO [0;39m] [] 12:12:42.903 [TestCaseId:] [Scenario:
                Check availability of inputs when creating a new project on Dashboard page] [36mo.a.q.c.s.w.WrappedWebdriver[0;39m - Find_Element Execution_Time(ms):; 20; Page_URL:; http://localhost:8081/#!/dashboard;
[[39mDEBUG[0;39m] [] 12:12:42.913 [TestCaseId:] [Scenario:
                Check availability of inputs when creating a new project on Dashboard page] [36mo.a.q.c.s.w.WrappedWebdriver[0;39m - Finding element by: By.className: system-icons 
[[34mINFO [0;39m] [] 12:12:42.953 [TestCaseId:] [Scenario:
                Check availability of inputs when creating a new project on Dashboard page] [36mo.a.q.c.s.w.WrappedWebdriver[0;39m - Find_Element Execution_Time(ms):; 30; Page_URL:; http://localhost:8081/#!/dashboard;
[[34mINFO [0;39m] [] 12:12:43.023 [TestCaseId:] [Scenario:
                Check availability of inputs when creating a new project on Dashboard page] [36mo.a.q.c.s.w.WebdriverHelper[0;39m - Wait_For_Page_Update Execution_Time(ms):; 20; Page_URL:; http://localhost:8081/#!/dashboard;
[[39mDEBUG[0;39m] [] 12:12:43.023 [TestCaseId:] [Scenario:
                Check availability of inputs when creating a new project on Dashboard page] [36mo.a.q.c.s.w.WrappedWebdriver[0;39m - Finding element by: By.className: logout-button 
[[34mINFO [0;39m] [] 12:12:43.053 [TestCaseId:] [Scenario:
                Check availability of inputs when creating a new project on Dashboard page] [36mo.a.q.c.s.w.WrappedWebdriver[0;39m - Find_Element Execution_Time(ms):; 20; Page_URL:; http://localhost:8081/#!/dashboard;
[[39mDEBUG[0;39m] [] 12:12:43.073 [TestCaseId:] [Scenario:
                Check availability of inputs when creating a new project on Dashboard page] [36mo.a.q.c.s.w.WrappedWebdriver[0;39m - Finding element by: By.className: logout-button 
[[34mINFO [0;39m] [] 12:12:43.093 [TestCaseId:] [Scenario:
                Check availability of inputs when creating a new project on Dashboard page] [36mo.a.q.c.s.w.WrappedWebdriver[0;39m - Find_Element Execution_Time(ms):; 10; Page_URL:; http://localhost:8081/#!/dashboard;
[[34mINFO [0;39m] [] 12:12:43.113 [TestCaseId:] [Scenario:
                Check availability of inputs when creating a new project on Dashboard page] [36mo.a.q.c.s.w.WebdriverHelper[0;39m - Wait_For_Element_To_Be_Clickable Execution_Time(ms):; 80; Page_URL:; http://localhost:8081/#!/dashboard;
[[39mDEBUG[0;39m] [] 12:12:43.113 [TestCaseId:] [Scenario:
                Check availability of inputs when creating a new project on Dashboard page] [36mo.a.q.c.s.w.WrappedWebdriver[0;39m - Finding element by: By.className: logout-button 
[[34mINFO [0;39m] [] 12:12:43.133 [TestCaseId:] [Scenario:
                Check availability of inputs when creating a new project on Dashboard page] [36mo.a.q.c.s.w.WrappedWebdriver[0;39m - Find_Element Execution_Time(ms):; 10; Page_URL:; http://localhost:8081/#!/dashboard;
[[34mINFO [0;39m] [] 12:12:43.186 [TestCaseId:] [Scenario:
                Check availability of inputs when creating a new project on Dashboard page] [36mo.a.q.c.s.w.WebdriverHelper[0;39m - Wait_For_Page_Update Execution_Time(ms):; 8; Page_URL:; http://localhost:8081/#!/dashboard;
[[34mINFO [0;39m] [] 12:12:43.191 [TestCaseId:] [Scenario:
                Check availability of inputs when creating a new project on Dashboard page] [36mo.a.q.c.s.w.WebdriverHelper[0;39m - Click Execution_Time(ms):; 193; Page_URL:; http://localhost:8081/#!/dashboard;
[[39mDEBUG[0;39m] [] 12:12:43.192 [TestCaseId:] [Scenario:
                Check availability of inputs when creating a new project on Dashboard page] [36mo.a.q.c.s.w.WrappedWebdriver[0;39m - Finding element by: By.cssSelector: .logout-menu li 
[[34mINFO [0;39m] [] 12:12:43.214 [TestCaseId:] [Scenario:
                Check availability of inputs when creating a new project on Dashboard page] [36mo.a.q.c.s.w.WrappedWebdriver[0;39m - Find_Element Execution_Time(ms):; 17; Page_URL:; http://localhost:8081/#!/dashboard;
[[34mINFO [0;39m] [] 12:12:43.232 [TestCaseId:] [Scenario:
                Check availability of inputs when creating a new project on Dashboard page] [36mo.a.q.c.s.w.WebdriverHelper[0;39m - Wait_For_Page_Update Execution_Time(ms):; 13; Page_URL:; http://localhost:8081/#!/dashboard;
[[34mINFO [0;39m] [] 12:12:43.269 [TestCaseId:] [Scenario:
                Check availability of inputs when creating a new project on Dashboard page] [36mo.a.q.c.s.w.WebdriverHelper[0;39m - Wait_For_Element_To_Be_Clickable Execution_Time(ms):; 36; Page_URL:; http://localhost:8081/#!/dashboard;
[[34mINFO [0;39m] [] 12:12:43.324 [TestCaseId:] [Scenario:
                Check availability of inputs when creating a new project on Dashboard page] [36mo.a.q.c.s.w.WebdriverHelper[0;39m - Wait_For_Page_Update Execution_Time(ms):; 3; Page_URL:; http://localhost:8081/#!/login;
[[34mINFO [0;39m] [] 12:12:43.328 [TestCaseId:] [Scenario:
                Check availability of inputs when creating a new project on Dashboard page] [36mo.a.q.c.s.w.WebdriverHelper[0;39m - Click Execution_Time(ms):; 110; Page_URL:; http://localhost:8081/#!/login;
[[39mDEBUG[0;39m] [] 12:12:43.331 [TestCaseId:] [Scenario:
                ] [36mo.a.q.c.s.w.WrappedWebdriver[0;39m - Driver quit
[[34mINFO [0;39m] [] 12:12:44.477 [TestCaseId:] [Scenario:
                ] [36mo.a.q.c.s.w.WrappedWebdriver[0;39m - Driver_Quit Execution_Time(ms):; 1146; Page_URL:; ;
