[[34mINFO [0;39m] [] 13:13:57.585 [TestCaseId:] [Scenario:
                Check availability of inputs when creating a new project on Dashboard page] [36mo.a.q.c.s.p.LoginPageObject[0;39m - Open login page
[[39mDEBUG[0;39m] [] 13:13:57.595 [TestCaseId:] [Scenario:
                Check availability of inputs when creating a new project on Dashboard page] [36mo.a.q.c.s.w.WrappedWebdriver[0;39m - Opening url: http://localhost:8081/#!/login
[[39mDEBUG[0;39m] [] 13:13:59.060 [TestCaseId:] [Scenario:
                Check availability of inputs when creating a new project on Dashboard page] [36mo.a.q.c.s.a.p.AllureAttachmentsProvider[0;39m - Attach screenshot to the Allure report
[[34mINFO [0;39m] [] 13:13:59.541 [TestCaseId:] [Scenario:
                Check availability of inputs when creating a new project on Dashboard page] [36mo.a.q.c.s.w.WrappedWebdriver[0;39m - Open_Page Execution_Time(ms):; 1946; Page_URL:; http://localhost:8081/#!/login;
[[34mINFO [0;39m] [] 13:13:59.541 [TestCaseId:] [Scenario:
                Check availability of inputs when creating a new project on Dashboard page] [36mo.a.q.c.s.p.LoginPageObject[0;39m - Set login as admin in SingIn form
[[34mINFO [0;39m] [] 13:13:59.591 [TestCaseId:] [Scenario:
                Check availability of inputs when creating a new project on Dashboard page] [36mo.a.q.c.s.w.WebdriverHelper[0;39m - Wait_For_Page_Update Execution_Time(ms):; 20; Page_URL:; http://localhost:8081/#!/login;
[[39mDEBUG[0;39m] [] 13:13:59.591 [TestCaseId:] [Scenario:
                Check availability of inputs when creating a new project on Dashboard page] [36mo.a.q.c.s.w.WrappedWebdriver[0;39m - Finding element by: By.name: login 
[[34mINFO [0;39m] [] 13:13:59.621 [TestCaseId:] [Scenario:
                Check availability of inputs when creating a new project on Dashboard page] [36mo.a.q.c.s.w.WrappedWebdriver[0;39m - Find_Element Execution_Time(ms):; 20; Page_URL:; http://localhost:8081/#!/login;
[[39mDEBUG[0;39m] [] 13:13:59.641 [TestCaseId:] [Scenario:
                Check availability of inputs when creating a new project on Dashboard page] [36mo.a.q.c.s.w.WrappedWebdriver[0;39m - Finding element by: By.name: login 
[[34mINFO [0;39m] [] 13:13:59.661 [TestCaseId:] [Scenario:
                Check availability of inputs when creating a new project on Dashboard page] [36mo.a.q.c.s.w.WrappedWebdriver[0;39m - Find_Element Execution_Time(ms):; 10; Page_URL:; http://localhost:8081/#!/login;
[[39mDEBUG[0;39m] [] 13:13:59.681 [TestCaseId:] [Scenario:
                Check availability of inputs when creating a new project on Dashboard page] [36mo.a.q.c.s.w.WrappedWebdriver[0;39m - Finding element by: By.name: login 
[[34mINFO [0;39m] [] 13:13:59.686 [TestCaseId:] [Scenario:
                Check availability of inputs when creating a new project on Dashboard page] [36mo.a.q.c.s.w.WrappedWebdriver[0;39m - Find_Element Execution_Time(ms):; 1; Page_URL:; http://localhost:8081/#!/login;
[[34mINFO [0;39m] [] 13:13:59.746 [TestCaseId:] [Scenario:
                Check availability of inputs when creating a new project on Dashboard page] [36mo.a.q.c.s.w.WebdriverHelper[0;39m - Wait_For_Page_Update Execution_Time(ms):; 7; Page_URL:; http://localhost:8081/#!/login;
[[34mINFO [0;39m] [] 13:13:59.751 [TestCaseId:] [Scenario:
                Check availability of inputs when creating a new project on Dashboard page] [36mo.a.q.c.s.w.WebdriverHelper[0;39m - Send_Keys Execution_Time(ms):; 186; Page_URL:; http://localhost:8081/#!/login;
[[34mINFO [0;39m] [] 13:13:59.761 [TestCaseId:] [Scenario:
                Check availability of inputs when creating a new project on Dashboard page] [36mo.a.q.c.s.w.WebdriverHelper[0;39m - Wait_For_Page_Update Execution_Time(ms):; 5; Page_URL:; http://localhost:8081/#!/login;
[[39mDEBUG[0;39m] [] 13:13:59.762 [TestCaseId:] [Scenario:
                Check availability of inputs when creating a new project on Dashboard page] [36mo.a.q.c.s.w.WrappedWebdriver[0;39m - Finding element by: By.name: password 
[[34mINFO [0;39m] [] 13:13:59.804 [TestCaseId:] [Scenario:
                Check availability of inputs when creating a new project on Dashboard page] [36mo.a.q.c.s.w.WrappedWebdriver[0;39m - Find_Element Execution_Time(ms):; 32; Page_URL:; http://localhost:8081/#!/login;
[[39mDEBUG[0;39m] [] 13:13:59.824 [TestCaseId:] [Scenario:
                Check availability of inputs when creating a new project on Dashboard page] [36mo.a.q.c.s.w.WrappedWebdriver[0;39m - Finding element by: By.name: password 
[[34mINFO [0;39m] [] 13:13:59.844 [TestCaseId:] [Scenario:
                Check availability of inputs when creating a new project on Dashboard page] [36mo.a.q.c.s.w.WrappedWebdriver[0;39m - Find_Element Execution_Time(ms):; 10; Page_URL:; http://localhost:8081/#!/login;
[[39mDEBUG[0;39m] [] 13:13:59.851 [TestCaseId:] [Scenario:
                Check availability of inputs when creating a new project on Dashboard page] [36mo.a.q.c.s.w.WrappedWebdriver[0;39m - Finding element by: By.name: password 
[[34mINFO [0;39m] [] 13:13:59.862 [TestCaseId:] [Scenario:
                Check availability of inputs when creating a new project on Dashboard page] [36mo.a.q.c.s.w.WrappedWebdriver[0;39m - Find_Element Execution_Time(ms):; 7; Page_URL:; http://localhost:8081/#!/login;
[[34mINFO [0;39m] [] 13:13:59.908 [TestCaseId:] [Scenario:
                Check availability of inputs when creating a new project on Dashboard page] [36mo.a.q.c.s.w.WebdriverHelper[0;39m - Wait_For_Page_Update Execution_Time(ms):; 5; Page_URL:; http://localhost:8081/#!/login;
[[34mINFO [0;39m] [] 13:13:59.912 [TestCaseId:] [Scenario:
                Check availability of inputs when creating a new project on Dashboard page] [36mo.a.q.c.s.w.WebdriverHelper[0;39m - Send_Keys Execution_Time(ms):; 156; Page_URL:; http://localhost:8081/#!/login;
[[34mINFO [0;39m] [] 13:13:59.925 [TestCaseId:] [Scenario:
                Check availability of inputs when creating a new project on Dashboard page] [36mo.a.q.c.s.w.WebdriverHelper[0;39m - Wait_For_Page_Update Execution_Time(ms):; 9; Page_URL:; http://localhost:8081/#!/login;
[[39mDEBUG[0;39m] [] 13:13:59.926 [TestCaseId:] [Scenario:
                Check availability of inputs when creating a new project on Dashboard page] [36mo.a.q.c.s.w.WrappedWebdriver[0;39m - Finding element by: By.className: login-button 
[[34mINFO [0;39m] [] 13:13:59.961 [TestCaseId:] [Scenario:
                Check availability of inputs when creating a new project on Dashboard page] [36mo.a.q.c.s.w.WrappedWebdriver[0;39m - Find_Element Execution_Time(ms):; 25; Page_URL:; http://localhost:8081/#!/login;
[[39mDEBUG[0;39m] [] 13:13:59.981 [TestCaseId:] [Scenario:
                Check availability of inputs when creating a new project on Dashboard page] [36mo.a.q.c.s.w.WrappedWebdriver[0;39m - Finding element by: By.className: login-button 
[[34mINFO [0;39m] [] 13:14:00.001 [TestCaseId:] [Scenario:
                Check availability of inputs when creating a new project on Dashboard page] [36mo.a.q.c.s.w.WrappedWebdriver[0;39m - Find_Element Execution_Time(ms):; 10; Page_URL:; http://localhost:8081/#!/login;
[[34mINFO [0;39m] [] 13:14:00.021 [TestCaseId:] [Scenario:
                Check availability of inputs when creating a new project on Dashboard page] [36mo.a.q.c.s.w.WebdriverHelper[0;39m - Wait_For_Element_To_Be_Clickable Execution_Time(ms):; 85; Page_URL:; http://localhost:8081/#!/login;
[[39mDEBUG[0;39m] [] 13:14:00.021 [TestCaseId:] [Scenario:
                Check availability of inputs when creating a new project on Dashboard page] [36mo.a.q.c.s.w.WrappedWebdriver[0;39m - Finding element by: By.className: login-button 
[[34mINFO [0;39m] [] 13:14:00.041 [TestCaseId:] [Scenario:
                Check availability of inputs when creating a new project on Dashboard page] [36mo.a.q.c.s.w.WrappedWebdriver[0;39m - Find_Element Execution_Time(ms):; 10; Page_URL:; http://localhost:8081/#!/login;
[[34mINFO [0;39m] [] 13:14:00.183 [TestCaseId:] [Scenario:
                Check availability of inputs when creating a new project on Dashboard page] [36mo.a.q.c.s.w.WebdriverHelper[0;39m - Wait_For_Page_Update Execution_Time(ms):; 96; Page_URL:; http://localhost:8081/#!/dashboard;
[[34mINFO [0;39m] [] 13:14:00.189 [TestCaseId:] [Scenario:
                Check availability of inputs when creating a new project on Dashboard page] [36mo.a.q.c.s.w.WebdriverHelper[0;39m - Click Execution_Time(ms):; 271; Page_URL:; http://localhost:8081/#!/dashboard;
[[39mDEBUG[0;39m] [] 13:14:00.190 [TestCaseId:] [Scenario:
                Check availability of inputs when creating a new project on Dashboard page] [36mo.a.q.c.s.a.p.AllureAttachmentsProvider[0;39m - Attach screenshot to the Allure report
[[34mINFO [0;39m] [] 13:14:00.646 [TestCaseId:] [Scenario:
                Check availability of inputs when creating a new project on Dashboard page] [36mo.a.q.c.s.p.LoginPageObject[0;39m - Submit SignIn form
[[34mINFO [0;39m] [] 13:14:00.676 [TestCaseId:] [Scenario:
                Check availability of inputs when creating a new project on Dashboard page] [36mo.a.q.c.s.w.WebdriverHelper[0;39m - Wait_For_Page_Update Execution_Time(ms):; 20; Page_URL:; http://localhost:8081/#!/dashboard;
[[39mDEBUG[0;39m] [] 13:14:00.676 [TestCaseId:] [Scenario:
                Check availability of inputs when creating a new project on Dashboard page] [36mo.a.q.c.s.w.WrappedWebdriver[0;39m - Finding element by: By.className: login-button 
[[34mINFO [0;39m] [] 13:14:00.706 [TestCaseId:] [Scenario:
                Check availability of inputs when creating a new project on Dashboard page] [36mo.a.q.c.s.w.WrappedWebdriver[0;39m - Find_Element Execution_Time(ms):; 20; Page_URL:; http://localhost:8081/#!/dashboard;
[[39mDEBUG[0;39m] [] 13:14:01.206 [TestCaseId:] [Scenario:
                Check availability of inputs when creating a new project on Dashboard page] [36mo.a.q.c.s.w.WrappedWebdriver[0;39m - Finding element by: By.className: login-button 
[[34mINFO [0;39m] [] 13:14:01.246 [TestCaseId:] [Scenario:
                Check availability of inputs when creating a new project on Dashboard page] [36mo.a.q.c.s.w.WrappedWebdriver[0;39m - Find_Element Execution_Time(ms):; 30; Page_URL:; http://localhost:8081/#!/dashboard;
[[39mDEBUG[0;39m] [] 13:14:01.746 [TestCaseId:] [Scenario:
                Check availability of inputs when creating a new project on Dashboard page] [36mo.a.q.c.s.w.WrappedWebdriver[0;39m - Finding element by: By.className: login-button 
[[34mINFO [0;39m] [] 13:14:01.786 [TestCaseId:] [Scenario:
                Check availability of inputs when creating a new project on Dashboard page] [36mo.a.q.c.s.w.WrappedWebdriver[0;39m - Find_Element Execution_Time(ms):; 30; Page_URL:; http://localhost:8081/#!/dashboard;
[[39mDEBUG[0;39m] [] 13:14:02.289 [TestCaseId:] [Scenario:
                Check availability of inputs when creating a new project on Dashboard page] [36mo.a.q.c.s.w.WrappedWebdriver[0;39m - Finding element by: By.className: login-button 
[[34mINFO [0;39m] [] 13:14:02.309 [TestCaseId:] [Scenario:
                Check availability of inputs when creating a new project on Dashboard page] [36mo.a.q.c.s.w.WrappedWebdriver[0;39m - Find_Element Execution_Time(ms):; 10; Page_URL:; http://localhost:8081/#!/dashboard;
[[39mDEBUG[0;39m] [] 13:14:02.813 [TestCaseId:] [Scenario:
                Check availability of inputs when creating a new project on Dashboard page] [36mo.a.q.c.s.w.WrappedWebdriver[0;39m - Finding element by: By.className: login-button 
[[34mINFO [0;39m] [] 13:14:02.863 [TestCaseId:] [Scenario:
                Check availability of inputs when creating a new project on Dashboard page] [36mo.a.q.c.s.w.WrappedWebdriver[0;39m - Find_Element Execution_Time(ms):; 30; Page_URL:; http://localhost:8081/#!/dashboard;
[[39mDEBUG[0;39m] [] 13:14:03.363 [TestCaseId:] [Scenario:
                Check availability of inputs when creating a new project on Dashboard page] [36mo.a.q.c.s.w.WrappedWebdriver[0;39m - Finding element by: By.className: login-button 
[[34mINFO [0;39m] [] 13:14:03.433 [TestCaseId:] [Scenario:
                Check availability of inputs when creating a new project on Dashboard page] [36mo.a.q.c.s.w.WrappedWebdriver[0;39m - Find_Element Execution_Time(ms):; 30; Page_URL:; http://localhost:8081/#!/dashboard;
[[39mDEBUG[0;39m] [] 13:14:03.937 [TestCaseId:] [Scenario:
                Check availability of inputs when creating a new project on Dashboard page] [36mo.a.q.c.s.w.WrappedWebdriver[0;39m - Finding element by: By.className: login-button 
[[34mINFO [0;39m] [] 13:14:03.989 [TestCaseId:] [Scenario:
                Check availability of inputs when creating a new project on Dashboard page] [36mo.a.q.c.s.w.WrappedWebdriver[0;39m - Find_Element Execution_Time(ms):; 32; Page_URL:; http://localhost:8081/#!/dashboard;
[[39mDEBUG[0;39m] [] 13:14:04.484 [TestCaseId:] [Scenario:
                Check availability of inputs when creating a new project on Dashboard page] [36mo.a.q.c.s.w.WrappedWebdriver[0;39m - Finding element by: By.className: login-button 
[[34mINFO [0;39m] [] 13:14:04.546 [TestCaseId:] [Scenario:
                Check availability of inputs when creating a new project on Dashboard page] [36mo.a.q.c.s.w.WrappedWebdriver[0;39m - Find_Element Execution_Time(ms):; 42; Page_URL:; http://localhost:8081/#!/dashboard;
[[39mDEBUG[0;39m] [] 13:14:05.046 [TestCaseId:] [Scenario:
                Check availability of inputs when creating a new project on Dashboard page] [36mo.a.q.c.s.w.WrappedWebdriver[0;39m - Finding element by: By.className: login-button 
[[34mINFO [0;39m] [] 13:14:05.096 [TestCaseId:] [Scenario:
                Check availability of inputs when creating a new project on Dashboard page] [36mo.a.q.c.s.w.WrappedWebdriver[0;39m - Find_Element Execution_Time(ms):; 30; Page_URL:; http://localhost:8081/#!/dashboard;
[[39mDEBUG[0;39m] [] 13:14:05.597 [TestCaseId:] [Scenario:
                Check availability of inputs when creating a new project on Dashboard page] [36mo.a.q.c.s.w.WrappedWebdriver[0;39m - Finding element by: By.className: login-button 
[[34mINFO [0;39m] [] 13:14:05.647 [TestCaseId:] [Scenario:
                Check availability of inputs when creating a new project on Dashboard page] [36mo.a.q.c.s.w.WrappedWebdriver[0;39m - Find_Element Execution_Time(ms):; 30; Page_URL:; http://localhost:8081/#!/dashboard;
[[39mDEBUG[0;39m] [] 13:14:06.147 [TestCaseId:] [Scenario:
                Check availability of inputs when creating a new project on Dashboard page] [36mo.a.q.c.s.w.WrappedWebdriver[0;39m - Finding element by: By.className: login-button 
[[34mINFO [0;39m] [] 13:14:06.197 [TestCaseId:] [Scenario:
                Check availability of inputs when creating a new project on Dashboard page] [36mo.a.q.c.s.w.WrappedWebdriver[0;39m - Find_Element Execution_Time(ms):; 30; Page_URL:; http://localhost:8081/#!/dashboard;
[[39mDEBUG[0;39m] [] 13:14:06.702 [TestCaseId:] [Scenario:
                Check availability of inputs when creating a new project on Dashboard page] [36mo.a.q.c.s.w.WrappedWebdriver[0;39m - Finding element by: By.className: login-button 
[[34mINFO [0;39m] [] 13:14:06.742 [TestCaseId:] [Scenario:
                Check availability of inputs when creating a new project on Dashboard page] [36mo.a.q.c.s.w.WrappedWebdriver[0;39m - Find_Element Execution_Time(ms):; 30; Page_URL:; http://localhost:8081/#!/dashboard;
[[39mDEBUG[0;39m] [] 13:14:07.242 [TestCaseId:] [Scenario:
                Check availability of inputs when creating a new project on Dashboard page] [36mo.a.q.c.s.w.WrappedWebdriver[0;39m - Finding element by: By.className: login-button 
[[34mINFO [0;39m] [] 13:14:07.282 [TestCaseId:] [Scenario:
                Check availability of inputs when creating a new project on Dashboard page] [36mo.a.q.c.s.w.WrappedWebdriver[0;39m - Find_Element Execution_Time(ms):; 30; Page_URL:; http://localhost:8081/#!/dashboard;
[[39mDEBUG[0;39m] [] 13:14:07.783 [TestCaseId:] [Scenario:
                Check availability of inputs when creating a new project on Dashboard page] [36mo.a.q.c.s.w.WrappedWebdriver[0;39m - Finding element by: By.className: login-button 
[[34mINFO [0;39m] [] 13:14:07.833 [TestCaseId:] [Scenario:
                Check availability of inputs when creating a new project on Dashboard page] [36mo.a.q.c.s.w.WrappedWebdriver[0;39m - Find_Element Execution_Time(ms):; 30; Page_URL:; http://localhost:8081/#!/dashboard;
[[39mDEBUG[0;39m] [] 13:14:07.833 [TestCaseId:] [Scenario:
                Check availability of inputs when creating a new project on Dashboard page] [36mo.a.q.c.s.w.WrappedWebdriver[0;39m - Finding element by: By.className: login-button 
[[34mINFO [0;39m] [] 13:14:07.893 [TestCaseId:] [Scenario:
                Check availability of inputs when creating a new project on Dashboard page] [36mo.a.q.c.s.w.WrappedWebdriver[0;39m - Find_Element Execution_Time(ms):; 40; Page_URL:; http://localhost:8081/#!/dashboard;
[[34mINFO [0;39m] [] 13:14:07.913 [TestCaseId:] [Scenario:
                Check availability of inputs when creating a new project on Dashboard page] [36mo.a.q.c.s.w.WebdriverHelper[0;39m - Wait_For_Element_To_Be_Clickable Execution_Time(ms):; 7217; Page_URL:; http://localhost:8081/#!/dashboard;
[[39mDEBUG[0;39m] [] 13:14:07.913 [TestCaseId:] [Scenario:
                Check availability of inputs when creating a new project on Dashboard page] [36mo.a.q.c.s.a.p.AllureAttachmentsProvider[0;39m - Attach screenshot to the Allure report
[[34mINFO [0;39m] [] 13:14:08.288 [TestCaseId:] [Scenario:
                Check availability of inputs when creating a new project on Dashboard page] [36mo.a.q.c.s.w.WebdriverHelper[0;39m - Click Execution_Time(ms):; 7632; Page_URL:; http://localhost:8081/#!/dashboard;
[[39mDEBUG[0;39m] [] 13:14:08.288 [TestCaseId:] [Scenario:
                Check availability of inputs when creating a new project on Dashboard page] [36mo.a.q.c.s.a.p.AllureAttachmentsProvider[0;39m - Attach screenshot to the Allure report
[[39mDEBUG[0;39m] [] 13:14:08.655 [TestCaseId:] [Scenario:
                Check availability of inputs when creating a new project on Dashboard page] [36mo.a.q.c.s.a.p.AllureAttachmentsProvider[0;39m - Attach screenshot to the Allure report
[[39mDEBUG[0;39m] [] 13:14:09.012 [TestCaseId:] [Scenario:
                Check availability of inputs when creating a new project on Dashboard page] [36mo.a.q.c.s.w.WrappedWebdriver[0;39m - Finding element by: By.className: page-title 
[[34mINFO [0;39m] [] 13:14:09.042 [TestCaseId:] [Scenario:
                Check availability of inputs when creating a new project on Dashboard page] [36mo.a.q.c.s.w.WrappedWebdriver[0;39m - Find_Element Execution_Time(ms):; 20; Page_URL:; http://localhost:8081/#!/dashboard;
[[39mDEBUG[0;39m] [] 13:14:09.082 [TestCaseId:] [Scenario:
                Check availability of inputs when creating a new project on Dashboard page] [36mo.a.q.c.s.w.WrappedWebdriver[0;39m - Finding element by: By.xpath: //button[contains(text(),'select asset type')] 
[[34mINFO [0;39m] [] 13:14:09.112 [TestCaseId:] [Scenario:
                Check availability of inputs when creating a new project on Dashboard page] [36mo.a.q.c.s.w.WrappedWebdriver[0;39m - Find_Element Execution_Time(ms):; 20; Page_URL:; http://localhost:8081/#!/dashboard;
[[39mDEBUG[0;39m] [] 13:14:09.122 [TestCaseId:] [Scenario:
                Check availability of inputs when creating a new project on Dashboard page] [36mo.a.q.c.s.w.WrappedWebdriver[0;39m - Finding element by: By.xpath: //button[contains(text(),'select asset type')] 
[[34mINFO [0;39m] [] 13:14:09.152 [TestCaseId:] [Scenario:
                Check availability of inputs when creating a new project on Dashboard page] [36mo.a.q.c.s.w.WrappedWebdriver[0;39m - Find_Element Execution_Time(ms):; 20; Page_URL:; http://localhost:8081/#!/dashboard;
[[34mINFO [0;39m] [] 13:14:09.272 [TestCaseId:] [Scenario:
                Check availability of inputs when creating a new project on Dashboard page] [36mo.a.q.c.s.w.WebdriverHelper[0;39m - Wait_For_Page_Update Execution_Time(ms):; 20; Page_URL:; http://localhost:8081/#!/dashboard;
[[39mDEBUG[0;39m] [] 13:14:09.272 [TestCaseId:] [Scenario:
                Check availability of inputs when creating a new project on Dashboard page] [36mo.a.q.c.s.w.WrappedWebdriver[0;39m - Finding element by: By.className: logout-button 
[[34mINFO [0;39m] [] 13:14:09.302 [TestCaseId:] [Scenario:
                Check availability of inputs when creating a new project on Dashboard page] [36mo.a.q.c.s.w.WrappedWebdriver[0;39m - Find_Element Execution_Time(ms):; 20; Page_URL:; http://localhost:8081/#!/dashboard;
[[39mDEBUG[0;39m] [] 13:14:09.322 [TestCaseId:] [Scenario:
                Check availability of inputs when creating a new project on Dashboard page] [36mo.a.q.c.s.w.WrappedWebdriver[0;39m - Finding element by: By.className: logout-button 
[[34mINFO [0;39m] [] 13:14:09.342 [TestCaseId:] [Scenario:
                Check availability of inputs when creating a new project on Dashboard page] [36mo.a.q.c.s.w.WrappedWebdriver[0;39m - Find_Element Execution_Time(ms):; 10; Page_URL:; http://localhost:8081/#!/dashboard;
[[34mINFO [0;39m] [] 13:14:09.362 [TestCaseId:] [Scenario:
                Check availability of inputs when creating a new project on Dashboard page] [36mo.a.q.c.s.w.WebdriverHelper[0;39m - Wait_For_Element_To_Be_Clickable Execution_Time(ms):; 80; Page_URL:; http://localhost:8081/#!/dashboard;
[[39mDEBUG[0;39m] [] 13:14:09.362 [TestCaseId:] [Scenario:
                Check availability of inputs when creating a new project on Dashboard page] [36mo.a.q.c.s.w.WrappedWebdriver[0;39m - Finding element by: By.className: logout-button 
[[34mINFO [0;39m] [] 13:14:09.382 [TestCaseId:] [Scenario:
                Check availability of inputs when creating a new project on Dashboard page] [36mo.a.q.c.s.w.WrappedWebdriver[0;39m - Find_Element Execution_Time(ms):; 10; Page_URL:; http://localhost:8081/#!/dashboard;
[[34mINFO [0;39m] [] 13:14:09.427 [TestCaseId:] [Scenario:
                Check availability of inputs when creating a new project on Dashboard page] [36mo.a.q.c.s.w.WebdriverHelper[0;39m - Wait_For_Page_Update Execution_Time(ms):; 9; Page_URL:; http://localhost:8081/#!/dashboard;
[[34mINFO [0;39m] [] 13:14:09.432 [TestCaseId:] [Scenario:
                Check availability of inputs when creating a new project on Dashboard page] [36mo.a.q.c.s.w.WebdriverHelper[0;39m - Click Execution_Time(ms):; 186; Page_URL:; http://localhost:8081/#!/dashboard;
[[39mDEBUG[0;39m] [] 13:14:09.433 [TestCaseId:] [Scenario:
                Check availability of inputs when creating a new project on Dashboard page] [36mo.a.q.c.s.w.WrappedWebdriver[0;39m - Finding element by: By.cssSelector: .logout-menu li 
[[34mINFO [0;39m] [] 13:14:09.455 [TestCaseId:] [Scenario:
                Check availability of inputs when creating a new project on Dashboard page] [36mo.a.q.c.s.w.WrappedWebdriver[0;39m - Find_Element Execution_Time(ms):; 17; Page_URL:; http://localhost:8081/#!/dashboard;
[[34mINFO [0;39m] [] 13:14:09.468 [TestCaseId:] [Scenario:
                Check availability of inputs when creating a new project on Dashboard page] [36mo.a.q.c.s.w.WebdriverHelper[0;39m - Wait_For_Page_Update Execution_Time(ms):; 7; Page_URL:; http://localhost:8081/#!/dashboard;
[[34mINFO [0;39m] [] 13:14:09.520 [TestCaseId:] [Scenario:
                Check availability of inputs when creating a new project on Dashboard page] [36mo.a.q.c.s.w.WebdriverHelper[0;39m - Wait_For_Element_To_Be_Clickable Execution_Time(ms):; 42; Page_URL:; http://localhost:8081/#!/dashboard;
[[34mINFO [0;39m] [] 13:14:09.571 [TestCaseId:] [Scenario:
                Check availability of inputs when creating a new project on Dashboard page] [36mo.a.q.c.s.w.WebdriverHelper[0;39m - Wait_For_Page_Update Execution_Time(ms):; 16; Page_URL:; http://localhost:8081/#!/login;
[[34mINFO [0;39m] [] 13:14:09.575 [TestCaseId:] [Scenario:
                Check availability of inputs when creating a new project on Dashboard page] [36mo.a.q.c.s.w.WebdriverHelper[0;39m - Click Execution_Time(ms):; 116; Page_URL:; http://localhost:8081/#!/login;
[[39mDEBUG[0;39m] [] 13:14:09.579 [TestCaseId:] [Scenario:
                ] [36mo.a.q.c.s.w.WrappedWebdriver[0;39m - Driver quit
[[34mINFO [0;39m] [] 13:14:10.934 [TestCaseId:] [Scenario:
                ] [36mo.a.q.c.s.w.WrappedWebdriver[0;39m - Driver_Quit Execution_Time(ms):; 1355; Page_URL:; ;
