[[34mINFO [0;39m] [] 13:56:05.067 [TestCaseId:] [Scenario:
                Sign Up with correct credentials] [36mo.a.q.c.s.p.LoginPageObject[0;39m - Open login page
[[39mDEBUG[0;39m] [] 13:56:05.075 [TestCaseId:] [Scenario:
                Sign Up with correct credentials] [36mo.a.q.c.s.w.WrappedWebdriver[0;39m - Opening url: http://localhost:8081/#!/login
[[39mDEBUG[0;39m] [] 13:56:06.086 [TestCaseId:] [Scenario:
                Sign Up with correct credentials] [36mo.a.q.c.s.a.p.AllureAttachmentsProvider[0;39m - Attach screenshot to the Allure report
[[34mINFO [0;39m] [] 13:56:06.588 [TestCaseId:] [Scenario:
                Sign Up with correct credentials] [36mo.a.q.c.s.w.WrappedWebdriver[0;39m - Open_Page Execution_Time(ms):; 1511; Page_URL:; http://localhost:8081/#!/login;
[[34mINFO [0;39m] [] 13:56:06.598 [TestCaseId:] [Scenario:
                Sign Up with correct credentials] [36mo.a.q.c.s.p.LoginPageObject[0;39m - Set login as admin in SingIn form
[[34mINFO [0;39m] [] 13:56:06.649 [TestCaseId:] [Scenario:
                Sign Up with correct credentials] [36mo.a.q.c.s.w.WebdriverHelper[0;39m - Wait_For_Page_Update Execution_Time(ms):; 31; Page_URL:; http://localhost:8081/#!/login;
[[39mDEBUG[0;39m] [] 13:56:06.649 [TestCaseId:] [Scenario:
                Sign Up with correct credentials] [36mo.a.q.c.s.w.WrappedWebdriver[0;39m - Finding element by: By.name: login 
[[34mINFO [0;39m] [] 13:56:06.679 [TestCaseId:] [Scenario:
                Sign Up with correct credentials] [36mo.a.q.c.s.w.WrappedWebdriver[0;39m - Find_Element Execution_Time(ms):; 20; Page_URL:; http://localhost:8081/#!/login;
[[39mDEBUG[0;39m] [] 13:56:06.699 [TestCaseId:] [Scenario:
                Sign Up with correct credentials] [36mo.a.q.c.s.w.WrappedWebdriver[0;39m - Finding element by: By.name: login 
[[34mINFO [0;39m] [] 13:56:06.720 [TestCaseId:] [Scenario:
                Sign Up with correct credentials] [36mo.a.q.c.s.w.WrappedWebdriver[0;39m - Find_Element Execution_Time(ms):; 1; Page_URL:; http://localhost:8081/#!/login;
[[39mDEBUG[0;39m] [] 13:56:06.740 [TestCaseId:] [Scenario:
                Sign Up with correct credentials] [36mo.a.q.c.s.w.WrappedWebdriver[0;39m - Finding element by: By.name: login 
[[34mINFO [0;39m] [] 13:56:06.746 [TestCaseId:] [Scenario:
                Sign Up with correct credentials] [36mo.a.q.c.s.w.WrappedWebdriver[0;39m - Find_Element Execution_Time(ms):; 1; Page_URL:; http://localhost:8081/#!/login;
[[34mINFO [0;39m] [] 13:56:06.808 [TestCaseId:] [Scenario:
                Sign Up with correct credentials] [36mo.a.q.c.s.w.WebdriverHelper[0;39m - Wait_For_Page_Update Execution_Time(ms):; 10; Page_URL:; http://localhost:8081/#!/login;
[[34mINFO [0;39m] [] 13:56:06.817 [TestCaseId:] [Scenario:
                Sign Up with correct credentials] [36mo.a.q.c.s.w.WebdriverHelper[0;39m - Send_Keys Execution_Time(ms):; 200; Page_URL:; http://localhost:8081/#!/login;
[[34mINFO [0;39m] [] 13:56:06.828 [TestCaseId:] [Scenario:
                Sign Up with correct credentials] [36mo.a.q.c.s.w.WebdriverHelper[0;39m - Wait_For_Page_Update Execution_Time(ms):; 6; Page_URL:; http://localhost:8081/#!/login;
[[39mDEBUG[0;39m] [] 13:56:06.828 [TestCaseId:] [Scenario:
                Sign Up with correct credentials] [36mo.a.q.c.s.w.WrappedWebdriver[0;39m - Finding element by: By.name: password 
[[34mINFO [0;39m] [] 13:56:06.865 [TestCaseId:] [Scenario:
                Sign Up with correct credentials] [36mo.a.q.c.s.w.WrappedWebdriver[0;39m - Find_Element Execution_Time(ms):; 14; Page_URL:; http://localhost:8081/#!/login;
[[39mDEBUG[0;39m] [] 13:56:06.885 [TestCaseId:] [Scenario:
                Sign Up with correct credentials] [36mo.a.q.c.s.w.WrappedWebdriver[0;39m - Finding element by: By.name: password 
[[34mINFO [0;39m] [] 13:56:06.905 [TestCaseId:] [Scenario:
                Sign Up with correct credentials] [36mo.a.q.c.s.w.WrappedWebdriver[0;39m - Find_Element Execution_Time(ms):; 10; Page_URL:; http://localhost:8081/#!/login;
[[39mDEBUG[0;39m] [] 13:56:06.925 [TestCaseId:] [Scenario:
                Sign Up with correct credentials] [36mo.a.q.c.s.w.WrappedWebdriver[0;39m - Finding element by: By.name: password 
[[34mINFO [0;39m] [] 13:56:06.929 [TestCaseId:] [Scenario:
                Sign Up with correct credentials] [36mo.a.q.c.s.w.WrappedWebdriver[0;39m - Find_Element Execution_Time(ms):; 1; Page_URL:; http://localhost:8081/#!/login;
[[34mINFO [0;39m] [] 13:56:06.981 [TestCaseId:] [Scenario:
                Sign Up with correct credentials] [36mo.a.q.c.s.w.WebdriverHelper[0;39m - Wait_For_Page_Update Execution_Time(ms):; 6; Page_URL:; http://localhost:8081/#!/login;
[[34mINFO [0;39m] [] 13:56:06.985 [TestCaseId:] [Scenario:
                Sign Up with correct credentials] [36mo.a.q.c.s.w.WebdriverHelper[0;39m - Send_Keys Execution_Time(ms):; 163; Page_URL:; http://localhost:8081/#!/login;
[[34mINFO [0;39m] [] 13:56:06.994 [TestCaseId:] [Scenario:
                Sign Up with correct credentials] [36mo.a.q.c.s.w.WebdriverHelper[0;39m - Wait_For_Page_Update Execution_Time(ms):; 6; Page_URL:; http://localhost:8081/#!/login;
[[39mDEBUG[0;39m] [] 13:56:06.995 [TestCaseId:] [Scenario:
                Sign Up with correct credentials] [36mo.a.q.c.s.w.WrappedWebdriver[0;39m - Finding element by: By.className: login-button 
[[34mINFO [0;39m] [] 13:56:07.010 [TestCaseId:] [Scenario:
                Sign Up with correct credentials] [36mo.a.q.c.s.w.WrappedWebdriver[0;39m - Find_Element Execution_Time(ms):; 11; Page_URL:; http://localhost:8081/#!/login;
[[39mDEBUG[0;39m] [] 13:56:07.032 [TestCaseId:] [Scenario:
                Sign Up with correct credentials] [36mo.a.q.c.s.w.WrappedWebdriver[0;39m - Finding element by: By.className: login-button 
[[34mINFO [0;39m] [] 13:56:07.052 [TestCaseId:] [Scenario:
                Sign Up with correct credentials] [36mo.a.q.c.s.w.WrappedWebdriver[0;39m - Find_Element Execution_Time(ms):; 10; Page_URL:; http://localhost:8081/#!/login;
[[34mINFO [0;39m] [] 13:56:07.082 [TestCaseId:] [Scenario:
                Sign Up with correct credentials] [36mo.a.q.c.s.w.WebdriverHelper[0;39m - Wait_For_Element_To_Be_Clickable Execution_Time(ms):; 68; Page_URL:; http://localhost:8081/#!/login;
[[39mDEBUG[0;39m] [] 13:56:07.082 [TestCaseId:] [Scenario:
                Sign Up with correct credentials] [36mo.a.q.c.s.w.WrappedWebdriver[0;39m - Finding element by: By.className: login-button 
[[34mINFO [0;39m] [] 13:56:07.102 [TestCaseId:] [Scenario:
                Sign Up with correct credentials] [36mo.a.q.c.s.w.WrappedWebdriver[0;39m - Find_Element Execution_Time(ms):; 10; Page_URL:; http://localhost:8081/#!/login;
[[34mINFO [0;39m] [] 13:56:07.308 [TestCaseId:] [Scenario:
                Sign Up with correct credentials] [36mo.a.q.c.s.w.WebdriverHelper[0;39m - Wait_For_Page_Update Execution_Time(ms):; 88; Page_URL:; http://localhost:8081/#!/dashboard;
[[34mINFO [0;39m] [] 13:56:07.316 [TestCaseId:] [Scenario:
                Sign Up with correct credentials] [36mo.a.q.c.s.w.WebdriverHelper[0;39m - Click Execution_Time(ms):; 326; Page_URL:; http://localhost:8081/#!/dashboard;
[[39mDEBUG[0;39m] [] 13:56:07.316 [TestCaseId:] [Scenario:
                Sign Up with correct credentials] [36mo.a.q.c.s.a.p.AllureAttachmentsProvider[0;39m - Attach screenshot to the Allure report
[[34mINFO [0;39m] [] 13:56:07.744 [TestCaseId:] [Scenario:
                Sign Up with correct credentials] [36mo.a.q.c.s.p.LoginPageObject[0;39m - Submit SignIn form
[[34mINFO [0;39m] [] 13:56:07.774 [TestCaseId:] [Scenario:
                Sign Up with correct credentials] [36mo.a.q.c.s.w.WebdriverHelper[0;39m - Wait_For_Page_Update Execution_Time(ms):; 20; Page_URL:; http://localhost:8081/#!/dashboard;
[[39mDEBUG[0;39m] [] 13:56:07.774 [TestCaseId:] [Scenario:
                Sign Up with correct credentials] [36mo.a.q.c.s.w.WrappedWebdriver[0;39m - Finding element by: By.className: login-button 
[[34mINFO [0;39m] [] 13:56:07.804 [TestCaseId:] [Scenario:
                Sign Up with correct credentials] [36mo.a.q.c.s.w.WrappedWebdriver[0;39m - Find_Element Execution_Time(ms):; 20; Page_URL:; http://localhost:8081/#!/dashboard;
[[39mDEBUG[0;39m] [] 13:56:08.303 [TestCaseId:] [Scenario:
                Sign Up with correct credentials] [36mo.a.q.c.s.w.WrappedWebdriver[0;39m - Finding element by: By.className: login-button 
[[34mINFO [0;39m] [] 13:56:08.333 [TestCaseId:] [Scenario:
                Sign Up with correct credentials] [36mo.a.q.c.s.w.WrappedWebdriver[0;39m - Find_Element Execution_Time(ms):; 9; Page_URL:; http://localhost:8081/#!/dashboard;
[[39mDEBUG[0;39m] [] 13:56:08.833 [TestCaseId:] [Scenario:
                Sign Up with correct credentials] [36mo.a.q.c.s.w.WrappedWebdriver[0;39m - Finding element by: By.className: login-button 
[[34mINFO [0;39m] [] 13:56:08.883 [TestCaseId:] [Scenario:
                Sign Up with correct credentials] [36mo.a.q.c.s.w.WrappedWebdriver[0;39m - Find_Element Execution_Time(ms):; 30; Page_URL:; http://localhost:8081/#!/dashboard;
[[39mDEBUG[0;39m] [] 13:56:09.384 [TestCaseId:] [Scenario:
                Sign Up with correct credentials] [36mo.a.q.c.s.w.WrappedWebdriver[0;39m - Finding element by: By.className: login-button 
[[34mINFO [0;39m] [] 13:56:09.424 [TestCaseId:] [Scenario:
                Sign Up with correct credentials] [36mo.a.q.c.s.w.WrappedWebdriver[0;39m - Find_Element Execution_Time(ms):; 30; Page_URL:; http://localhost:8081/#!/dashboard;
[[39mDEBUG[0;39m] [] 13:56:09.924 [TestCaseId:] [Scenario:
                Sign Up with correct credentials] [36mo.a.q.c.s.w.WrappedWebdriver[0;39m - Finding element by: By.className: login-button 
[[34mINFO [0;39m] [] 13:56:09.955 [TestCaseId:] [Scenario:
                Sign Up with correct credentials] [36mo.a.q.c.s.w.WrappedWebdriver[0;39m - Find_Element Execution_Time(ms):; 30; Page_URL:; http://localhost:8081/#!/dashboard;
[[39mDEBUG[0;39m] [] 13:56:10.464 [TestCaseId:] [Scenario:
                Sign Up with correct credentials] [36mo.a.q.c.s.w.WrappedWebdriver[0;39m - Finding element by: By.className: login-button 
[[34mINFO [0;39m] [] 13:56:10.514 [TestCaseId:] [Scenario:
                Sign Up with correct credentials] [36mo.a.q.c.s.w.WrappedWebdriver[0;39m - Find_Element Execution_Time(ms):; 30; Page_URL:; http://localhost:8081/#!/dashboard;
[[39mDEBUG[0;39m] [] 13:56:11.014 [TestCaseId:] [Scenario:
                Sign Up with correct credentials] [36mo.a.q.c.s.w.WrappedWebdriver[0;39m - Finding element by: By.className: login-button 
[[34mINFO [0;39m] [] 13:56:11.055 [TestCaseId:] [Scenario:
                Sign Up with correct credentials] [36mo.a.q.c.s.w.WrappedWebdriver[0;39m - Find_Element Execution_Time(ms):; 30; Page_URL:; http://localhost:8081/#!/dashboard;
[[39mDEBUG[0;39m] [] 13:56:11.573 [TestCaseId:] [Scenario:
                Sign Up with correct credentials] [36mo.a.q.c.s.w.WrappedWebdriver[0;39m - Finding element by: By.className: login-button 
[[34mINFO [0;39m] [] 13:56:11.623 [TestCaseId:] [Scenario:
                Sign Up with correct credentials] [36mo.a.q.c.s.w.WrappedWebdriver[0;39m - Find_Element Execution_Time(ms):; 30; Page_URL:; http://localhost:8081/#!/dashboard;
[[39mDEBUG[0;39m] [] 13:56:12.127 [TestCaseId:] [Scenario:
                Sign Up with correct credentials] [36mo.a.q.c.s.w.WrappedWebdriver[0;39m - Finding element by: By.className: login-button 
[[34mINFO [0;39m] [] 13:56:12.177 [TestCaseId:] [Scenario:
                Sign Up with correct credentials] [36mo.a.q.c.s.w.WrappedWebdriver[0;39m - Find_Element Execution_Time(ms):; 30; Page_URL:; http://localhost:8081/#!/dashboard;
[[39mDEBUG[0;39m] [] 13:56:12.686 [TestCaseId:] [Scenario:
                Sign Up with correct credentials] [36mo.a.q.c.s.w.WrappedWebdriver[0;39m - Finding element by: By.className: login-button 
[[34mINFO [0;39m] [] 13:56:12.716 [TestCaseId:] [Scenario:
                Sign Up with correct credentials] [36mo.a.q.c.s.w.WrappedWebdriver[0;39m - Find_Element Execution_Time(ms):; 20; Page_URL:; http://localhost:8081/#!/dashboard;
[[39mDEBUG[0;39m] [] 13:56:13.224 [TestCaseId:] [Scenario:
                Sign Up with correct credentials] [36mo.a.q.c.s.w.WrappedWebdriver[0;39m - Finding element by: By.className: login-button 
[[34mINFO [0;39m] [] 13:56:13.242 [TestCaseId:] [Scenario:
                Sign Up with correct credentials] [36mo.a.q.c.s.w.WrappedWebdriver[0;39m - Find_Element Execution_Time(ms):; 11; Page_URL:; http://localhost:8081/#!/dashboard;
[[39mDEBUG[0;39m] [] 13:56:13.763 [TestCaseId:] [Scenario:
                Sign Up with correct credentials] [36mo.a.q.c.s.w.WrappedWebdriver[0;39m - Finding element by: By.className: login-button 
[[34mINFO [0;39m] [] 13:56:13.813 [TestCaseId:] [Scenario:
                Sign Up with correct credentials] [36mo.a.q.c.s.w.WrappedWebdriver[0;39m - Find_Element Execution_Time(ms):; 30; Page_URL:; http://localhost:8081/#!/dashboard;
[[39mDEBUG[0;39m] [] 13:56:14.304 [TestCaseId:] [Scenario:
                Sign Up with correct credentials] [36mo.a.q.c.s.w.WrappedWebdriver[0;39m - Finding element by: By.className: login-button 
[[34mINFO [0;39m] [] 13:56:14.348 [TestCaseId:] [Scenario:
                Sign Up with correct credentials] [36mo.a.q.c.s.w.WrappedWebdriver[0;39m - Find_Element Execution_Time(ms):; 34; Page_URL:; http://localhost:8081/#!/dashboard;
[[39mDEBUG[0;39m] [] 13:56:14.848 [TestCaseId:] [Scenario:
                Sign Up with correct credentials] [36mo.a.q.c.s.w.WrappedWebdriver[0;39m - Finding element by: By.className: login-button 
[[34mINFO [0;39m] [] 13:56:14.898 [TestCaseId:] [Scenario:
                Sign Up with correct credentials] [36mo.a.q.c.s.w.WrappedWebdriver[0;39m - Find_Element Execution_Time(ms):; 40; Page_URL:; http://localhost:8081/#!/dashboard;
[[39mDEBUG[0;39m] [] 13:56:14.898 [TestCaseId:] [Scenario:
                Sign Up with correct credentials] [36mo.a.q.c.s.w.WrappedWebdriver[0;39m - Finding element by: By.className: login-button 
[[34mINFO [0;39m] [] 13:56:14.928 [TestCaseId:] [Scenario:
                Sign Up with correct credentials] [36mo.a.q.c.s.w.WrappedWebdriver[0;39m - Find_Element Execution_Time(ms):; 20; Page_URL:; http://localhost:8081/#!/dashboard;
[[34mINFO [0;39m] [] 13:56:14.938 [TestCaseId:] [Scenario:
                Sign Up with correct credentials] [36mo.a.q.c.s.w.WebdriverHelper[0;39m - Wait_For_Element_To_Be_Clickable Execution_Time(ms):; 7154; Page_URL:; http://localhost:8081/#!/dashboard;
[[39mDEBUG[0;39m] [] 13:56:14.938 [TestCaseId:] [Scenario:
                Sign Up with correct credentials] [36mo.a.q.c.s.a.p.AllureAttachmentsProvider[0;39m - Attach screenshot to the Allure report
[[34mINFO [0;39m] [] 13:56:15.276 [TestCaseId:] [Scenario:
                Sign Up with correct credentials] [36mo.a.q.c.s.w.WebdriverHelper[0;39m - Click Execution_Time(ms):; 7522; Page_URL:; http://localhost:8081/#!/dashboard;
[[39mDEBUG[0;39m] [] 13:56:15.276 [TestCaseId:] [Scenario:
                Sign Up with correct credentials] [36mo.a.q.c.s.a.p.AllureAttachmentsProvider[0;39m - Attach screenshot to the Allure report
[[34mINFO [0;39m] [] 13:56:15.718 [TestCaseId:] [Scenario:
                Sign Up with correct credentials] [36mo.a.q.c.s.w.WebdriverHelper[0;39m - Wait_For_Page_Update Execution_Time(ms):; 20; Page_URL:; http://localhost:8081/#!/dashboard;
[[39mDEBUG[0;39m] [] 13:56:15.718 [TestCaseId:] [Scenario:
                Sign Up with correct credentials] [36mo.a.q.c.s.w.WrappedWebdriver[0;39m - Finding element by: By.className: logout-button 
[[34mINFO [0;39m] [] 13:56:15.768 [TestCaseId:] [Scenario:
                Sign Up with correct credentials] [36mo.a.q.c.s.w.WrappedWebdriver[0;39m - Find_Element Execution_Time(ms):; 40; Page_URL:; http://localhost:8081/#!/dashboard;
[[39mDEBUG[0;39m] [] 13:56:15.798 [TestCaseId:] [Scenario:
                Sign Up with correct credentials] [36mo.a.q.c.s.w.WrappedWebdriver[0;39m - Finding element by: By.className: logout-button 
[[34mINFO [0;39m] [] 13:56:15.828 [TestCaseId:] [Scenario:
                Sign Up with correct credentials] [36mo.a.q.c.s.w.WrappedWebdriver[0;39m - Find_Element Execution_Time(ms):; 20; Page_URL:; http://localhost:8081/#!/dashboard;
[[34mINFO [0;39m] [] 13:56:15.858 [TestCaseId:] [Scenario:
                Sign Up with correct credentials] [36mo.a.q.c.s.w.WebdriverHelper[0;39m - Wait_For_Element_To_Be_Clickable Execution_Time(ms):; 130; Page_URL:; http://localhost:8081/#!/dashboard;
[[39mDEBUG[0;39m] [] 13:56:15.858 [TestCaseId:] [Scenario:
                Sign Up with correct credentials] [36mo.a.q.c.s.w.WrappedWebdriver[0;39m - Finding element by: By.className: logout-button 
[[34mINFO [0;39m] [] 13:56:15.888 [TestCaseId:] [Scenario:
                Sign Up with correct credentials] [36mo.a.q.c.s.w.WrappedWebdriver[0;39m - Find_Element Execution_Time(ms):; 20; Page_URL:; http://localhost:8081/#!/dashboard;
[[34mINFO [0;39m] [] 13:56:15.940 [TestCaseId:] [Scenario:
                Sign Up with correct credentials] [36mo.a.q.c.s.w.WebdriverHelper[0;39m - Wait_For_Page_Update Execution_Time(ms):; 7; Page_URL:; http://localhost:8081/#!/dashboard;
[[34mINFO [0;39m] [] 13:56:15.945 [TestCaseId:] [Scenario:
                Sign Up with correct credentials] [36mo.a.q.c.s.w.WebdriverHelper[0;39m - Click Execution_Time(ms):; 252; Page_URL:; http://localhost:8081/#!/dashboard;
[[39mDEBUG[0;39m] [] 13:56:15.946 [TestCaseId:] [Scenario:
                Sign Up with correct credentials] [36mo.a.q.c.s.w.WrappedWebdriver[0;39m - Finding element by: By.cssSelector: .logout-menu li 
[[34mINFO [0;39m] [] 13:56:15.977 [TestCaseId:] [Scenario:
                Sign Up with correct credentials] [36mo.a.q.c.s.w.WrappedWebdriver[0;39m - Find_Element Execution_Time(ms):; 26; Page_URL:; http://localhost:8081/#!/dashboard;
[[34mINFO [0;39m] [] 13:56:15.999 [TestCaseId:] [Scenario:
                Sign Up with correct credentials] [36mo.a.q.c.s.w.WebdriverHelper[0;39m - Wait_For_Page_Update Execution_Time(ms):; 16; Page_URL:; http://localhost:8081/#!/dashboard;
[[34mINFO [0;39m] [] 13:56:16.046 [TestCaseId:] [Scenario:
                Sign Up with correct credentials] [36mo.a.q.c.s.w.WebdriverHelper[0;39m - Wait_For_Element_To_Be_Clickable Execution_Time(ms):; 27; Page_URL:; http://localhost:8081/#!/dashboard;
[[34mINFO [0;39m] [] 13:56:16.094 [TestCaseId:] [Scenario:
                Sign Up with correct credentials] [36mo.a.q.c.s.w.WebdriverHelper[0;39m - Wait_For_Page_Update Execution_Time(ms):; 13; Page_URL:; http://localhost:8081/#!/login;
[[34mINFO [0;39m] [] 13:56:16.100 [TestCaseId:] [Scenario:
                Sign Up with correct credentials] [36mo.a.q.c.s.w.WebdriverHelper[0;39m - Click Execution_Time(ms):; 119; Page_URL:; http://localhost:8081/#!/login;
[[34mINFO [0;39m] [] 13:56:16.110 [TestCaseId:] [Scenario:
                Sign Up with fake credentials] [36mo.a.q.c.s.p.LoginPageObject[0;39m - Open login page
[[39mDEBUG[0;39m] [] 13:56:16.110 [TestCaseId:] [Scenario:
                Sign Up with fake credentials] [36mo.a.q.c.s.w.WrappedWebdriver[0;39m - Opening url: http://localhost:8081/#!/login
[[39mDEBUG[0;39m] [] 13:56:16.517 [TestCaseId:] [Scenario:
                Sign Up with fake credentials] [36mo.a.q.c.s.a.p.AllureAttachmentsProvider[0;39m - Attach screenshot to the Allure report
[[34mINFO [0;39m] [] 13:56:16.943 [TestCaseId:] [Scenario:
                Sign Up with fake credentials] [36mo.a.q.c.s.w.WrappedWebdriver[0;39m - Open_Page Execution_Time(ms):; 833; Page_URL:; http://localhost:8081/#!/login;
[[34mINFO [0;39m] [] 13:56:16.943 [TestCaseId:] [Scenario:
                Sign Up with fake credentials] [36mo.a.q.c.s.p.LoginPageObject[0;39m - Set login as fake in SingIn form
[[34mINFO [0;39m] [] 13:56:16.973 [TestCaseId:] [Scenario:
                Sign Up with fake credentials] [36mo.a.q.c.s.w.WebdriverHelper[0;39m - Wait_For_Page_Update Execution_Time(ms):; 20; Page_URL:; http://localhost:8081/#!/login;
[[39mDEBUG[0;39m] [] 13:56:16.973 [TestCaseId:] [Scenario:
                Sign Up with fake credentials] [36mo.a.q.c.s.w.WrappedWebdriver[0;39m - Finding element by: By.name: login 
[[34mINFO [0;39m] [] 13:56:16.993 [TestCaseId:] [Scenario:
                Sign Up with fake credentials] [36mo.a.q.c.s.w.WrappedWebdriver[0;39m - Find_Element Execution_Time(ms):; 10; Page_URL:; http://localhost:8081/#!/login;
[[39mDEBUG[0;39m] [] 13:56:17.013 [TestCaseId:] [Scenario:
                Sign Up with fake credentials] [36mo.a.q.c.s.w.WrappedWebdriver[0;39m - Finding element by: By.name: login 
[[34mINFO [0;39m] [] 13:56:17.033 [TestCaseId:] [Scenario:
                Sign Up with fake credentials] [36mo.a.q.c.s.w.WrappedWebdriver[0;39m - Find_Element Execution_Time(ms):; 10; Page_URL:; http://localhost:8081/#!/login;
[[39mDEBUG[0;39m] [] 13:56:17.053 [TestCaseId:] [Scenario:
                Sign Up with fake credentials] [36mo.a.q.c.s.w.WrappedWebdriver[0;39m - Finding element by: By.name: login 
[[34mINFO [0;39m] [] 13:56:17.070 [TestCaseId:] [Scenario:
                Sign Up with fake credentials] [36mo.a.q.c.s.w.WrappedWebdriver[0;39m - Find_Element Execution_Time(ms):; 12; Page_URL:; http://localhost:8081/#!/login;
[[34mINFO [0;39m] [] 13:56:17.127 [TestCaseId:] [Scenario:
                Sign Up with fake credentials] [36mo.a.q.c.s.w.WebdriverHelper[0;39m - Wait_For_Page_Update Execution_Time(ms):; 7; Page_URL:; http://localhost:8081/#!/login;
[[34mINFO [0;39m] [] 13:56:17.131 [TestCaseId:] [Scenario:
                Sign Up with fake credentials] [36mo.a.q.c.s.w.WebdriverHelper[0;39m - Send_Keys Execution_Time(ms):; 184; Page_URL:; http://localhost:8081/#!/login;
[[34mINFO [0;39m] [] 13:56:17.138 [TestCaseId:] [Scenario:
                Sign Up with fake credentials] [36mo.a.q.c.s.w.WebdriverHelper[0;39m - Wait_For_Page_Update Execution_Time(ms):; 4; Page_URL:; http://localhost:8081/#!/login;
[[39mDEBUG[0;39m] [] 13:56:17.139 [TestCaseId:] [Scenario:
                Sign Up with fake credentials] [36mo.a.q.c.s.w.WrappedWebdriver[0;39m - Finding element by: By.name: password 
[[34mINFO [0;39m] [] 13:56:17.170 [TestCaseId:] [Scenario:
                Sign Up with fake credentials] [36mo.a.q.c.s.w.WrappedWebdriver[0;39m - Find_Element Execution_Time(ms):; 21; Page_URL:; http://localhost:8081/#!/login;
[[39mDEBUG[0;39m] [] 13:56:17.190 [TestCaseId:] [Scenario:
                Sign Up with fake credentials] [36mo.a.q.c.s.w.WrappedWebdriver[0;39m - Finding element by: By.name: password 
[[34mINFO [0;39m] [] 13:56:17.201 [TestCaseId:] [Scenario:
                Sign Up with fake credentials] [36mo.a.q.c.s.w.WrappedWebdriver[0;39m - Find_Element Execution_Time(ms):; 10; Page_URL:; http://localhost:8081/#!/login;
[[39mDEBUG[0;39m] [] 13:56:17.222 [TestCaseId:] [Scenario:
                Sign Up with fake credentials] [36mo.a.q.c.s.w.WrappedWebdriver[0;39m - Finding element by: By.name: password 
[[34mINFO [0;39m] [] 13:56:17.234 [TestCaseId:] [Scenario:
                Sign Up with fake credentials] [36mo.a.q.c.s.w.WrappedWebdriver[0;39m - Find_Element Execution_Time(ms):; 8; Page_URL:; http://localhost:8081/#!/login;
[[34mINFO [0;39m] [] 13:56:17.277 [TestCaseId:] [Scenario:
                Sign Up with fake credentials] [36mo.a.q.c.s.w.WebdriverHelper[0;39m - Wait_For_Page_Update Execution_Time(ms):; 5; Page_URL:; http://localhost:8081/#!/login;
[[34mINFO [0;39m] [] 13:56:17.281 [TestCaseId:] [Scenario:
                Sign Up with fake credentials] [36mo.a.q.c.s.w.WebdriverHelper[0;39m - Send_Keys Execution_Time(ms):; 146; Page_URL:; http://localhost:8081/#!/login;
[[34mINFO [0;39m] [] 13:56:17.288 [TestCaseId:] [Scenario:
                Sign Up with fake credentials] [36mo.a.q.c.s.w.WebdriverHelper[0;39m - Wait_For_Page_Update Execution_Time(ms):; 4; Page_URL:; http://localhost:8081/#!/login;
[[39mDEBUG[0;39m] [] 13:56:17.288 [TestCaseId:] [Scenario:
                Sign Up with fake credentials] [36mo.a.q.c.s.w.WrappedWebdriver[0;39m - Finding element by: By.className: login-button 
[[34mINFO [0;39m] [] 13:56:17.297 [TestCaseId:] [Scenario:
                Sign Up with fake credentials] [36mo.a.q.c.s.w.WrappedWebdriver[0;39m - Find_Element Execution_Time(ms):; 6; Page_URL:; http://localhost:8081/#!/login;
[[39mDEBUG[0;39m] [] 13:56:17.327 [TestCaseId:] [Scenario:
                Sign Up with fake credentials] [36mo.a.q.c.s.w.WrappedWebdriver[0;39m - Finding element by: By.className: login-button 
[[34mINFO [0;39m] [] 13:56:17.347 [TestCaseId:] [Scenario:
                Sign Up with fake credentials] [36mo.a.q.c.s.w.WrappedWebdriver[0;39m - Find_Element Execution_Time(ms):; 10; Page_URL:; http://localhost:8081/#!/login;
[[34mINFO [0;39m] [] 13:56:17.367 [TestCaseId:] [Scenario:
                Sign Up with fake credentials] [36mo.a.q.c.s.w.WebdriverHelper[0;39m - Wait_For_Element_To_Be_Clickable Execution_Time(ms):; 69; Page_URL:; http://localhost:8081/#!/login;
[[39mDEBUG[0;39m] [] 13:56:17.367 [TestCaseId:] [Scenario:
                Sign Up with fake credentials] [36mo.a.q.c.s.w.WrappedWebdriver[0;39m - Finding element by: By.className: login-button 
[[34mINFO [0;39m] [] 13:56:17.387 [TestCaseId:] [Scenario:
                Sign Up with fake credentials] [36mo.a.q.c.s.w.WrappedWebdriver[0;39m - Find_Element Execution_Time(ms):; 10; Page_URL:; http://localhost:8081/#!/login;
[[34mINFO [0;39m] [] 13:56:17.457 [TestCaseId:] [Scenario:
                Sign Up with fake credentials] [36mo.a.q.c.s.w.WebdriverHelper[0;39m - Wait_For_Page_Update Execution_Time(ms):; 23; Page_URL:; http://localhost:8081/#!/login;
[[34mINFO [0;39m] [] 13:56:17.465 [TestCaseId:] [Scenario:
                Sign Up with fake credentials] [36mo.a.q.c.s.w.WebdriverHelper[0;39m - Click Execution_Time(ms):; 176; Page_URL:; http://localhost:8081/#!/login;
[[39mDEBUG[0;39m] [] 13:56:17.465 [TestCaseId:] [Scenario:
                Sign Up with fake credentials] [36mo.a.q.c.s.a.p.AllureAttachmentsProvider[0;39m - Attach screenshot to the Allure report
[[34mINFO [0;39m] [] 13:56:17.833 [TestCaseId:] [Scenario:
                Sign Up with fake credentials] [36mo.a.q.c.s.p.LoginPageObject[0;39m - Submit SignIn form
[[34mINFO [0;39m] [] 13:56:17.846 [TestCaseId:] [Scenario:
                Sign Up with fake credentials] [36mo.a.q.c.s.w.WebdriverHelper[0;39m - Wait_For_Page_Update Execution_Time(ms):; 8; Page_URL:; http://localhost:8081/#!/login;
[[39mDEBUG[0;39m] [] 13:56:17.847 [TestCaseId:] [Scenario:
                Sign Up with fake credentials] [36mo.a.q.c.s.w.WrappedWebdriver[0;39m - Finding element by: By.className: login-button 
[[34mINFO [0;39m] [] 13:56:17.860 [TestCaseId:] [Scenario:
                Sign Up with fake credentials] [36mo.a.q.c.s.w.WrappedWebdriver[0;39m - Find_Element Execution_Time(ms):; 7; Page_URL:; http://localhost:8081/#!/login;
[[39mDEBUG[0;39m] [] 13:56:17.868 [TestCaseId:] [Scenario:
                Sign Up with fake credentials] [36mo.a.q.c.s.w.WrappedWebdriver[0;39m - Finding element by: By.className: login-button 
[[34mINFO [0;39m] [] 13:56:17.893 [TestCaseId:] [Scenario:
                Sign Up with fake credentials] [36mo.a.q.c.s.w.WrappedWebdriver[0;39m - Find_Element Execution_Time(ms):; 15; Page_URL:; http://localhost:8081/#!/login;
[[34mINFO [0;39m] [] 13:56:17.913 [TestCaseId:] [Scenario:
                Sign Up with fake credentials] [36mo.a.q.c.s.w.WebdriverHelper[0;39m - Wait_For_Element_To_Be_Clickable Execution_Time(ms):; 57; Page_URL:; http://localhost:8081/#!/login;
[[39mDEBUG[0;39m] [] 13:56:17.913 [TestCaseId:] [Scenario:
                Sign Up with fake credentials] [36mo.a.q.c.s.w.WrappedWebdriver[0;39m - Finding element by: By.className: login-button 
[[34mINFO [0;39m] [] 13:56:17.933 [TestCaseId:] [Scenario:
                Sign Up with fake credentials] [36mo.a.q.c.s.w.WrappedWebdriver[0;39m - Find_Element Execution_Time(ms):; 10; Page_URL:; http://localhost:8081/#!/login;
[[39mDEBUG[0;39m] [] 13:56:17.957 [TestCaseId:] [Scenario:
                Sign Up with fake credentials] [36mo.a.q.c.s.a.p.AllureAttachmentsProvider[0;39m - Attach screenshot to the Allure report
[[34mINFO [0;39m] [] 13:56:18.260 [TestCaseId:] [Scenario:
                Sign Up with fake credentials] [36mo.a.q.c.s.w.WebdriverHelper[0;39m - Click Execution_Time(ms):; 421; Page_URL:; http://localhost:8081/#!/login;
[[39mDEBUG[0;39m] [] 13:56:18.260 [TestCaseId:] [Scenario:
                Sign Up with fake credentials] [36mo.a.q.c.s.a.p.AllureAttachmentsProvider[0;39m - Attach screenshot to the Allure report
[[39mDEBUG[0;39m] [] 13:56:18.630 [TestCaseId:] [Scenario:
                Sign Up with fake credentials] [36mo.a.q.c.s.w.WrappedWebdriver[0;39m - Finding elements by: By.cssSelector: .modal-content
[[34mINFO [0;39m] [] 13:56:18.660 [TestCaseId:] [Scenario:
                Sign Up with fake credentials] [36mo.a.q.c.s.w.WrappedWebdriver[0;39m - Find_Elements Execution_Time(ms):; 20; Page_URL:; http://localhost:8081/#!/login;
[[34mINFO [0;39m] [] 13:56:18.720 [TestCaseId:] [Scenario:
                Sign Up with fake credentials] [36mo.a.q.c.s.w.WebdriverHelper[0;39m - Wait_For_Page_Update Execution_Time(ms):; 20; Page_URL:; http://localhost:8081/#!/login;
[[39mDEBUG[0;39m] [] 13:56:18.720 [TestCaseId:] [Scenario:
                Sign Up with fake credentials] [36mo.a.q.c.s.w.WrappedWebdriver[0;39m - Finding element by: By.cssSelector: .modal-content .modal-title 
[[34mINFO [0;39m] [] 13:56:18.750 [TestCaseId:] [Scenario:
                Sign Up with fake credentials] [36mo.a.q.c.s.w.WrappedWebdriver[0;39m - Find_Element Execution_Time(ms):; 20; Page_URL:; http://localhost:8081/#!/login;
[[39mDEBUG[0;39m] [] 13:56:18.770 [TestCaseId:] [Scenario:
                Sign Up with fake credentials] [36mo.a.q.c.s.w.WrappedWebdriver[0;39m - Finding element by: By.cssSelector: .modal-content .modal-title 
[[34mINFO [0;39m] [] 13:56:18.790 [TestCaseId:] [Scenario:
                Sign Up with fake credentials] [36mo.a.q.c.s.w.WrappedWebdriver[0;39m - Find_Element Execution_Time(ms):; 10; Page_URL:; http://localhost:8081/#!/login;
[[34mINFO [0;39m] [] 13:56:18.840 [TestCaseId:] [Scenario:
                Sign Up with fake credentials] [36mo.a.q.c.s.w.WebdriverHelper[0;39m - Wait_For_Page_Update Execution_Time(ms):; 20; Page_URL:; http://localhost:8081/#!/login;
[[34mINFO [0;39m] [] 13:56:18.850 [TestCaseId:] [Scenario:
                Sign Up with fake credentials] [36mo.a.q.c.s.w.WebdriverHelper[0;39m - get_Text Execution_Time(ms):; 150; Page_URL:; http://localhost:8081/#!/login;
[[34mINFO [0;39m] [] 13:56:18.880 [TestCaseId:] [Scenario:
                Sign Up with fake credentials] [36mo.a.q.c.s.w.WebdriverHelper[0;39m - Wait_For_Page_Update Execution_Time(ms):; 20; Page_URL:; http://localhost:8081/#!/login;
[[39mDEBUG[0;39m] [] 13:56:18.880 [TestCaseId:] [Scenario:
                Sign Up with fake credentials] [36mo.a.q.c.s.w.WrappedWebdriver[0;39m - Finding element by: By.cssSelector: .modal-content .modal-body 
[[34mINFO [0;39m] [] 13:56:18.910 [TestCaseId:] [Scenario:
                Sign Up with fake credentials] [36mo.a.q.c.s.w.WrappedWebdriver[0;39m - Find_Element Execution_Time(ms):; 20; Page_URL:; http://localhost:8081/#!/login;
[[39mDEBUG[0;39m] [] 13:56:18.930 [TestCaseId:] [Scenario:
                Sign Up with fake credentials] [36mo.a.q.c.s.w.WrappedWebdriver[0;39m - Finding element by: By.cssSelector: .modal-content .modal-body 
[[34mINFO [0;39m] [] 13:56:18.950 [TestCaseId:] [Scenario:
                Sign Up with fake credentials] [36mo.a.q.c.s.w.WrappedWebdriver[0;39m - Find_Element Execution_Time(ms):; 10; Page_URL:; http://localhost:8081/#!/login;
[[34mINFO [0;39m] [] 13:56:18.991 [TestCaseId:] [Scenario:
                Sign Up with fake credentials] [36mo.a.q.c.s.w.WebdriverHelper[0;39m - Wait_For_Page_Update Execution_Time(ms):; 20; Page_URL:; http://localhost:8081/#!/login;
[[34mINFO [0;39m] [] 13:56:19.011 [TestCaseId:] [Scenario:
                Sign Up with fake credentials] [36mo.a.q.c.s.w.WebdriverHelper[0;39m - get_Text Execution_Time(ms):; 141; Page_URL:; http://localhost:8081/#!/login;
[[34mINFO [0;39m] [] 13:56:19.011 [TestCaseId:] [Scenario:
                Sign Up with fake credentials] [36mo.a.q.c.s.c.ModalWindow[0;39m - Close modal window by Ok button
[[34mINFO [0;39m] [] 13:56:19.041 [TestCaseId:] [Scenario:
                Sign Up with fake credentials] [36mo.a.q.c.s.w.WebdriverHelper[0;39m - Wait_For_Page_Update Execution_Time(ms):; 20; Page_URL:; http://localhost:8081/#!/login;
[[39mDEBUG[0;39m] [] 13:56:19.041 [TestCaseId:] [Scenario:
                Sign Up with fake credentials] [36mo.a.q.c.s.w.WrappedWebdriver[0;39m - Finding element by: By.cssSelector: .modal-content .modal-footer .ok 
[[34mINFO [0;39m] [] 13:56:19.071 [TestCaseId:] [Scenario:
                Sign Up with fake credentials] [36mo.a.q.c.s.w.WrappedWebdriver[0;39m - Find_Element Execution_Time(ms):; 20; Page_URL:; http://localhost:8081/#!/login;
[[39mDEBUG[0;39m] [] 13:56:19.091 [TestCaseId:] [Scenario:
                Sign Up with fake credentials] [36mo.a.q.c.s.w.WrappedWebdriver[0;39m - Finding element by: By.cssSelector: .modal-content .modal-footer .ok 
[[34mINFO [0;39m] [] 13:56:19.111 [TestCaseId:] [Scenario:
                Sign Up with fake credentials] [36mo.a.q.c.s.w.WrappedWebdriver[0;39m - Find_Element Execution_Time(ms):; 10; Page_URL:; http://localhost:8081/#!/login;
[[34mINFO [0;39m] [] 13:56:19.131 [TestCaseId:] [Scenario:
                Sign Up with fake credentials] [36mo.a.q.c.s.w.WebdriverHelper[0;39m - Wait_For_Element_To_Be_Clickable Execution_Time(ms):; 80; Page_URL:; http://localhost:8081/#!/login;
[[39mDEBUG[0;39m] [] 13:56:19.131 [TestCaseId:] [Scenario:
                Sign Up with fake credentials] [36mo.a.q.c.s.w.WrappedWebdriver[0;39m - Finding element by: By.cssSelector: .modal-content .modal-footer .ok 
[[34mINFO [0;39m] [] 13:56:19.151 [TestCaseId:] [Scenario:
                Sign Up with fake credentials] [36mo.a.q.c.s.w.WrappedWebdriver[0;39m - Find_Element Execution_Time(ms):; 10; Page_URL:; http://localhost:8081/#!/login;
[[34mINFO [0;39m] [] 13:56:19.213 [TestCaseId:] [Scenario:
                Sign Up with fake credentials] [36mo.a.q.c.s.w.WebdriverHelper[0;39m - Wait_For_Page_Update Execution_Time(ms):; 10; Page_URL:; http://localhost:8081/#!/login;
[[34mINFO [0;39m] [] 13:56:19.223 [TestCaseId:] [Scenario:
                Sign Up with fake credentials] [36mo.a.q.c.s.w.WebdriverHelper[0;39m - Click Execution_Time(ms):; 202; Page_URL:; http://localhost:8081/#!/login;
[[39mDEBUG[0;39m] [] 13:56:19.223 [TestCaseId:] [Scenario:
                Sign Up with fake credentials] [36mo.a.q.c.s.a.p.AllureAttachmentsProvider[0;39m - Attach screenshot to the Allure report
[[39mDEBUG[0;39m] [] 13:56:19.639 [TestCaseId:] [Scenario:
                Sign Up with fake credentials] [36mo.a.q.c.s.w.WrappedWebdriver[0;39m - Finding elements by: By.className: error-message
[[34mINFO [0;39m] [] 13:56:19.669 [TestCaseId:] [Scenario:
                Sign Up with fake credentials] [36mo.a.q.c.s.w.WrappedWebdriver[0;39m - Find_Elements Execution_Time(ms):; 20; Page_URL:; http://localhost:8081/#!/login;
[[39mDEBUG[0;39m] [] 13:56:19.679 [TestCaseId:] [Scenario:
                Sign Up with fake credentials] [36mo.a.q.c.s.w.WrappedWebdriver[0;39m - Finding element by: By.className: error-message 
[[34mINFO [0;39m] [] 13:56:19.709 [TestCaseId:] [Scenario:
                Sign Up with fake credentials] [36mo.a.q.c.s.w.WrappedWebdriver[0;39m - Find_Element Execution_Time(ms):; 20; Page_URL:; http://localhost:8081/#!/login;
[[34mINFO [0;39m] [] 13:56:19.769 [TestCaseId:] [Scenario:
                Sign Up with fake credentials] [36mo.a.q.c.s.w.WebdriverHelper[0;39m - Wait_For_Page_Update Execution_Time(ms):; 20; Page_URL:; http://localhost:8081/#!/login;
[[39mDEBUG[0;39m] [] 13:56:19.769 [TestCaseId:] [Scenario:
                Sign Up with fake credentials] [36mo.a.q.c.s.w.WrappedWebdriver[0;39m - Finding element by: By.className: error-message 
[[34mINFO [0;39m] [] 13:56:19.789 [TestCaseId:] [Scenario:
                Sign Up with fake credentials] [36mo.a.q.c.s.w.WrappedWebdriver[0;39m - Find_Element Execution_Time(ms):; 10; Page_URL:; http://localhost:8081/#!/login;
[[39mDEBUG[0;39m] [] 13:56:19.799 [TestCaseId:] [Scenario:
                Sign Up with fake credentials] [36mo.a.q.c.s.w.WrappedWebdriver[0;39m - Finding element by: By.className: error-message 
[[34mINFO [0;39m] [] 13:56:19.819 [TestCaseId:] [Scenario:
                Sign Up with fake credentials] [36mo.a.q.c.s.w.WrappedWebdriver[0;39m - Find_Element Execution_Time(ms):; 10; Page_URL:; http://localhost:8081/#!/login;
[[34mINFO [0;39m] [] 13:56:19.869 [TestCaseId:] [Scenario:
                Sign Up with fake credentials] [36mo.a.q.c.s.w.WebdriverHelper[0;39m - Wait_For_Page_Update Execution_Time(ms):; 20; Page_URL:; http://localhost:8081/#!/login;
[[34mINFO [0;39m] [] 13:56:19.879 [TestCaseId:] [Scenario:
                Sign Up with fake credentials] [36mo.a.q.c.s.w.WebdriverHelper[0;39m - get_Text Execution_Time(ms):; 130; Page_URL:; http://localhost:8081/#!/login;
[[39mDEBUG[0;39m] [] 13:56:19.889 [TestCaseId:] [Scenario:
                ] [36mo.a.q.c.s.w.WrappedWebdriver[0;39m - Driver quit
[[34mINFO [0;39m] [] 13:56:20.865 [TestCaseId:] [Scenario:
                ] [36mo.a.q.c.s.w.WrappedWebdriver[0;39m - Driver_Quit Execution_Time(ms):; 976; Page_URL:; ;
