[[34mINFO [0;39m] [] 18:49:28.745 [TestCaseId:] [Scenario:
                Check availability of inputs when creating a new project on Dashboard page] [36mo.a.q.c.s.p.LoginPageObject[0;39m - Open login page
[[39mDEBUG[0;39m] [] 18:49:28.755 [TestCaseId:] [Scenario:
                Check availability of inputs when creating a new project on Dashboard page] [36mo.a.q.c.s.w.WrappedWebdriver[0;39m - Opening url: http://localhost:8081/#!/login
[[39mDEBUG[0;39m] [] 18:49:29.825 [TestCaseId:] [Scenario:
                Check availability of inputs when creating a new project on Dashboard page] [36mo.a.q.c.s.a.p.AllureAttachmentsProvider[0;39m - Attach screenshot to the Allure report
[[34mINFO [0;39m] [] 18:49:30.340 [TestCaseId:] [Scenario:
                Check availability of inputs when creating a new project on Dashboard page] [36mo.a.q.c.s.w.WrappedWebdriver[0;39m - Open_Page Execution_Time(ms):; 1585; Page_URL:; http://localhost:8081/#!/login;
[[34mINFO [0;39m] [] 18:49:30.340 [TestCaseId:] [Scenario:
                Check availability of inputs when creating a new project on Dashboard page] [36mo.a.q.c.s.p.LoginPageObject[0;39m - Set login as admin in SingIn form
[[34mINFO [0;39m] [] 18:49:30.390 [TestCaseId:] [Scenario:
                Check availability of inputs when creating a new project on Dashboard page] [36mo.a.q.c.s.w.WebdriverHelper[0;39m - Wait_For_Page_Update Execution_Time(ms):; 20; Page_URL:; http://localhost:8081/#!/login;
[[39mDEBUG[0;39m] [] 18:49:30.390 [TestCaseId:] [Scenario:
                Check availability of inputs when creating a new project on Dashboard page] [36mo.a.q.c.s.w.WrappedWebdriver[0;39m - Finding element by: By.name: login 
[[34mINFO [0;39m] [] 18:49:30.420 [TestCaseId:] [Scenario:
                Check availability of inputs when creating a new project on Dashboard page] [36mo.a.q.c.s.w.WrappedWebdriver[0;39m - Find_Element Execution_Time(ms):; 20; Page_URL:; http://localhost:8081/#!/login;
[[39mDEBUG[0;39m] [] 18:49:30.440 [TestCaseId:] [Scenario:
                Check availability of inputs when creating a new project on Dashboard page] [36mo.a.q.c.s.w.WrappedWebdriver[0;39m - Finding element by: By.name: login 
[[34mINFO [0;39m] [] 18:49:30.460 [TestCaseId:] [Scenario:
                Check availability of inputs when creating a new project on Dashboard page] [36mo.a.q.c.s.w.WrappedWebdriver[0;39m - Find_Element Execution_Time(ms):; 10; Page_URL:; http://localhost:8081/#!/login;
[[39mDEBUG[0;39m] [] 18:49:30.471 [TestCaseId:] [Scenario:
                Check availability of inputs when creating a new project on Dashboard page] [36mo.a.q.c.s.w.WrappedWebdriver[0;39m - Finding element by: By.name: login 
[[34mINFO [0;39m] [] 18:49:30.483 [TestCaseId:] [Scenario:
                Check availability of inputs when creating a new project on Dashboard page] [36mo.a.q.c.s.w.WrappedWebdriver[0;39m - Find_Element Execution_Time(ms):; 8; Page_URL:; http://localhost:8081/#!/login;
[[34mINFO [0;39m] [] 18:49:30.538 [TestCaseId:] [Scenario:
                Check availability of inputs when creating a new project on Dashboard page] [36mo.a.q.c.s.w.WebdriverHelper[0;39m - Wait_For_Page_Update Execution_Time(ms):; 7; Page_URL:; http://localhost:8081/#!/login;
[[34mINFO [0;39m] [] 18:49:30.543 [TestCaseId:] [Scenario:
                Check availability of inputs when creating a new project on Dashboard page] [36mo.a.q.c.s.w.WebdriverHelper[0;39m - Send_Keys Execution_Time(ms):; 178; Page_URL:; http://localhost:8081/#!/login;
[[34mINFO [0;39m] [] 18:49:30.553 [TestCaseId:] [Scenario:
                Check availability of inputs when creating a new project on Dashboard page] [36mo.a.q.c.s.w.WebdriverHelper[0;39m - Wait_For_Page_Update Execution_Time(ms):; 6; Page_URL:; http://localhost:8081/#!/login;
[[39mDEBUG[0;39m] [] 18:49:30.554 [TestCaseId:] [Scenario:
                Check availability of inputs when creating a new project on Dashboard page] [36mo.a.q.c.s.w.WrappedWebdriver[0;39m - Finding element by: By.name: password 
[[34mINFO [0;39m] [] 18:49:30.600 [TestCaseId:] [Scenario:
                Check availability of inputs when creating a new project on Dashboard page] [36mo.a.q.c.s.w.WrappedWebdriver[0;39m - Find_Element Execution_Time(ms):; 26; Page_URL:; http://localhost:8081/#!/login;
[[39mDEBUG[0;39m] [] 18:49:30.611 [TestCaseId:] [Scenario:
                Check availability of inputs when creating a new project on Dashboard page] [36mo.a.q.c.s.w.WrappedWebdriver[0;39m - Finding element by: By.name: password 
[[34mINFO [0;39m] [] 18:49:30.641 [TestCaseId:] [Scenario:
                Check availability of inputs when creating a new project on Dashboard page] [36mo.a.q.c.s.w.WrappedWebdriver[0;39m - Find_Element Execution_Time(ms):; 10; Page_URL:; http://localhost:8081/#!/login;
[[39mDEBUG[0;39m] [] 18:49:30.661 [TestCaseId:] [Scenario:
                Check availability of inputs when creating a new project on Dashboard page] [36mo.a.q.c.s.w.WrappedWebdriver[0;39m - Finding element by: By.name: password 
[[34mINFO [0;39m] [] 18:49:30.675 [TestCaseId:] [Scenario:
                Check availability of inputs when creating a new project on Dashboard page] [36mo.a.q.c.s.w.WrappedWebdriver[0;39m - Find_Element Execution_Time(ms):; 1; Page_URL:; http://localhost:8081/#!/login;
[[34mINFO [0;39m] [] 18:49:30.728 [TestCaseId:] [Scenario:
                Check availability of inputs when creating a new project on Dashboard page] [36mo.a.q.c.s.w.WebdriverHelper[0;39m - Wait_For_Page_Update Execution_Time(ms):; 6; Page_URL:; http://localhost:8081/#!/login;
[[34mINFO [0;39m] [] 18:49:30.733 [TestCaseId:] [Scenario:
                Check availability of inputs when creating a new project on Dashboard page] [36mo.a.q.c.s.w.WebdriverHelper[0;39m - Send_Keys Execution_Time(ms):; 185; Page_URL:; http://localhost:8081/#!/login;
[[34mINFO [0;39m] [] 18:49:30.743 [TestCaseId:] [Scenario:
                Check availability of inputs when creating a new project on Dashboard page] [36mo.a.q.c.s.w.WebdriverHelper[0;39m - Wait_For_Page_Update Execution_Time(ms):; 6; Page_URL:; http://localhost:8081/#!/login;
[[39mDEBUG[0;39m] [] 18:49:30.744 [TestCaseId:] [Scenario:
                Check availability of inputs when creating a new project on Dashboard page] [36mo.a.q.c.s.w.WrappedWebdriver[0;39m - Finding element by: By.className: login-button 
[[34mINFO [0;39m] [] 18:49:30.779 [TestCaseId:] [Scenario:
                Check availability of inputs when creating a new project on Dashboard page] [36mo.a.q.c.s.w.WrappedWebdriver[0;39m - Find_Element Execution_Time(ms):; 25; Page_URL:; http://localhost:8081/#!/login;
[[39mDEBUG[0;39m] [] 18:49:30.799 [TestCaseId:] [Scenario:
                Check availability of inputs when creating a new project on Dashboard page] [36mo.a.q.c.s.w.WrappedWebdriver[0;39m - Finding element by: By.className: login-button 
[[34mINFO [0;39m] [] 18:49:30.819 [TestCaseId:] [Scenario:
                Check availability of inputs when creating a new project on Dashboard page] [36mo.a.q.c.s.w.WrappedWebdriver[0;39m - Find_Element Execution_Time(ms):; 10; Page_URL:; http://localhost:8081/#!/login;
[[34mINFO [0;39m] [] 18:49:30.839 [TestCaseId:] [Scenario:
                Check availability of inputs when creating a new project on Dashboard page] [36mo.a.q.c.s.w.WebdriverHelper[0;39m - Wait_For_Element_To_Be_Clickable Execution_Time(ms):; 86; Page_URL:; http://localhost:8081/#!/login;
[[39mDEBUG[0;39m] [] 18:49:30.839 [TestCaseId:] [Scenario:
                Check availability of inputs when creating a new project on Dashboard page] [36mo.a.q.c.s.w.WrappedWebdriver[0;39m - Finding element by: By.className: login-button 
[[34mINFO [0;39m] [] 18:49:30.859 [TestCaseId:] [Scenario:
                Check availability of inputs when creating a new project on Dashboard page] [36mo.a.q.c.s.w.WrappedWebdriver[0;39m - Find_Element Execution_Time(ms):; 10; Page_URL:; http://localhost:8081/#!/login;
[[34mINFO [0;39m] [] 18:49:31.006 [TestCaseId:] [Scenario:
                Check availability of inputs when creating a new project on Dashboard page] [36mo.a.q.c.s.w.WebdriverHelper[0;39m - Wait_For_Page_Update Execution_Time(ms):; 86; Page_URL:; http://localhost:8081/#!/dashboard;
[[34mINFO [0;39m] [] 18:49:31.011 [TestCaseId:] [Scenario:
                Check availability of inputs when creating a new project on Dashboard page] [36mo.a.q.c.s.w.WebdriverHelper[0;39m - Click Execution_Time(ms):; 273; Page_URL:; http://localhost:8081/#!/dashboard;
[[39mDEBUG[0;39m] [] 18:49:31.011 [TestCaseId:] [Scenario:
                Check availability of inputs when creating a new project on Dashboard page] [36mo.a.q.c.s.a.p.AllureAttachmentsProvider[0;39m - Attach screenshot to the Allure report
[[34mINFO [0;39m] [] 18:49:31.486 [TestCaseId:] [Scenario:
                Check availability of inputs when creating a new project on Dashboard page] [36mo.a.q.c.s.p.LoginPageObject[0;39m - Submit SignIn form
[[34mINFO [0;39m] [] 18:49:31.507 [TestCaseId:] [Scenario:
                Check availability of inputs when creating a new project on Dashboard page] [36mo.a.q.c.s.w.WebdriverHelper[0;39m - Wait_For_Page_Update Execution_Time(ms):; 20; Page_URL:; http://localhost:8081/#!/dashboard;
[[39mDEBUG[0;39m] [] 18:49:31.507 [TestCaseId:] [Scenario:
                Check availability of inputs when creating a new project on Dashboard page] [36mo.a.q.c.s.w.WrappedWebdriver[0;39m - Finding element by: By.className: login-button 
[[34mINFO [0;39m] [] 18:49:31.523 [TestCaseId:] [Scenario:
                Check availability of inputs when creating a new project on Dashboard page] [36mo.a.q.c.s.w.WrappedWebdriver[0;39m - Find_Element Execution_Time(ms):; 11; Page_URL:; http://localhost:8081/#!/dashboard;
[[39mDEBUG[0;39m] [] 18:49:32.044 [TestCaseId:] [Scenario:
                Check availability of inputs when creating a new project on Dashboard page] [36mo.a.q.c.s.w.WrappedWebdriver[0;39m - Finding element by: By.className: login-button 
[[34mINFO [0;39m] [] 18:49:32.094 [TestCaseId:] [Scenario:
                Check availability of inputs when creating a new project on Dashboard page] [36mo.a.q.c.s.w.WrappedWebdriver[0;39m - Find_Element Execution_Time(ms):; 30; Page_URL:; http://localhost:8081/#!/dashboard;
[[39mDEBUG[0;39m] [] 18:49:32.586 [TestCaseId:] [Scenario:
                Check availability of inputs when creating a new project on Dashboard page] [36mo.a.q.c.s.w.WrappedWebdriver[0;39m - Finding element by: By.className: login-button 
[[34mINFO [0;39m] [] 18:49:32.644 [TestCaseId:] [Scenario:
                Check availability of inputs when creating a new project on Dashboard page] [36mo.a.q.c.s.w.WrappedWebdriver[0;39m - Find_Element Execution_Time(ms):; 38; Page_URL:; http://localhost:8081/#!/dashboard;
[[39mDEBUG[0;39m] [] 18:49:33.144 [TestCaseId:] [Scenario:
                Check availability of inputs when creating a new project on Dashboard page] [36mo.a.q.c.s.w.WrappedWebdriver[0;39m - Finding element by: By.className: login-button 
[[34mINFO [0;39m] [] 18:49:33.164 [TestCaseId:] [Scenario:
                Check availability of inputs when creating a new project on Dashboard page] [36mo.a.q.c.s.w.WrappedWebdriver[0;39m - Find_Element Execution_Time(ms):; 10; Page_URL:; http://localhost:8081/#!/dashboard;
[[39mDEBUG[0;39m] [] 18:49:33.667 [TestCaseId:] [Scenario:
                Check availability of inputs when creating a new project on Dashboard page] [36mo.a.q.c.s.w.WrappedWebdriver[0;39m - Finding element by: By.className: login-button 
[[34mINFO [0;39m] [] 18:49:33.717 [TestCaseId:] [Scenario:
                Check availability of inputs when creating a new project on Dashboard page] [36mo.a.q.c.s.w.WrappedWebdriver[0;39m - Find_Element Execution_Time(ms):; 30; Page_URL:; http://localhost:8081/#!/dashboard;
[[39mDEBUG[0;39m] [] 18:49:34.220 [TestCaseId:] [Scenario:
                Check availability of inputs when creating a new project on Dashboard page] [36mo.a.q.c.s.w.WrappedWebdriver[0;39m - Finding element by: By.className: login-button 
[[34mINFO [0;39m] [] 18:49:34.270 [TestCaseId:] [Scenario:
                Check availability of inputs when creating a new project on Dashboard page] [36mo.a.q.c.s.w.WrappedWebdriver[0;39m - Find_Element Execution_Time(ms):; 30; Page_URL:; http://localhost:8081/#!/dashboard;
[[39mDEBUG[0;39m] [] 18:49:34.773 [TestCaseId:] [Scenario:
                Check availability of inputs when creating a new project on Dashboard page] [36mo.a.q.c.s.w.WrappedWebdriver[0;39m - Finding element by: By.className: login-button 
[[34mINFO [0;39m] [] 18:49:34.816 [TestCaseId:] [Scenario:
                Check availability of inputs when creating a new project on Dashboard page] [36mo.a.q.c.s.w.WrappedWebdriver[0;39m - Find_Element Execution_Time(ms):; 20; Page_URL:; http://localhost:8081/#!/dashboard;
[[39mDEBUG[0;39m] [] 18:49:35.320 [TestCaseId:] [Scenario:
                Check availability of inputs when creating a new project on Dashboard page] [36mo.a.q.c.s.w.WrappedWebdriver[0;39m - Finding element by: By.className: login-button 
[[34mINFO [0;39m] [] 18:49:35.370 [TestCaseId:] [Scenario:
                Check availability of inputs when creating a new project on Dashboard page] [36mo.a.q.c.s.w.WrappedWebdriver[0;39m - Find_Element Execution_Time(ms):; 30; Page_URL:; http://localhost:8081/#!/dashboard;
[[39mDEBUG[0;39m] [] 18:49:35.871 [TestCaseId:] [Scenario:
                Check availability of inputs when creating a new project on Dashboard page] [36mo.a.q.c.s.w.WrappedWebdriver[0;39m - Finding element by: By.className: login-button 
[[34mINFO [0;39m] [] 18:49:35.921 [TestCaseId:] [Scenario:
                Check availability of inputs when creating a new project on Dashboard page] [36mo.a.q.c.s.w.WrappedWebdriver[0;39m - Find_Element Execution_Time(ms):; 30; Page_URL:; http://localhost:8081/#!/dashboard;
[[39mDEBUG[0;39m] [] 18:49:36.425 [TestCaseId:] [Scenario:
                Check availability of inputs when creating a new project on Dashboard page] [36mo.a.q.c.s.w.WrappedWebdriver[0;39m - Finding element by: By.className: login-button 
[[34mINFO [0;39m] [] 18:49:36.475 [TestCaseId:] [Scenario:
                Check availability of inputs when creating a new project on Dashboard page] [36mo.a.q.c.s.w.WrappedWebdriver[0;39m - Find_Element Execution_Time(ms):; 30; Page_URL:; http://localhost:8081/#!/dashboard;
[[39mDEBUG[0;39m] [] 18:49:36.975 [TestCaseId:] [Scenario:
                Check availability of inputs when creating a new project on Dashboard page] [36mo.a.q.c.s.w.WrappedWebdriver[0;39m - Finding element by: By.className: login-button 
[[34mINFO [0;39m] [] 18:49:37.025 [TestCaseId:] [Scenario:
                Check availability of inputs when creating a new project on Dashboard page] [36mo.a.q.c.s.w.WrappedWebdriver[0;39m - Find_Element Execution_Time(ms):; 30; Page_URL:; http://localhost:8081/#!/dashboard;
[[39mDEBUG[0;39m] [] 18:49:37.507 [TestCaseId:] [Scenario:
                Check availability of inputs when creating a new project on Dashboard page] [36mo.a.q.c.s.w.WrappedWebdriver[0;39m - Finding element by: By.className: login-button 
[[34mINFO [0;39m] [] 18:49:37.573 [TestCaseId:] [Scenario:
                Check availability of inputs when creating a new project on Dashboard page] [36mo.a.q.c.s.w.WrappedWebdriver[0;39m - Find_Element Execution_Time(ms):; 35; Page_URL:; http://localhost:8081/#!/dashboard;
[[39mDEBUG[0;39m] [] 18:49:38.079 [TestCaseId:] [Scenario:
                Check availability of inputs when creating a new project on Dashboard page] [36mo.a.q.c.s.w.WrappedWebdriver[0;39m - Finding element by: By.className: login-button 
[[34mINFO [0;39m] [] 18:49:38.119 [TestCaseId:] [Scenario:
                Check availability of inputs when creating a new project on Dashboard page] [36mo.a.q.c.s.w.WrappedWebdriver[0;39m - Find_Element Execution_Time(ms):; 30; Page_URL:; http://localhost:8081/#!/dashboard;
[[39mDEBUG[0;39m] [] 18:49:38.633 [TestCaseId:] [Scenario:
                Check availability of inputs when creating a new project on Dashboard page] [36mo.a.q.c.s.w.WrappedWebdriver[0;39m - Finding element by: By.className: login-button 
[[34mINFO [0;39m] [] 18:49:38.673 [TestCaseId:] [Scenario:
                Check availability of inputs when creating a new project on Dashboard page] [36mo.a.q.c.s.w.WrappedWebdriver[0;39m - Find_Element Execution_Time(ms):; 30; Page_URL:; http://localhost:8081/#!/dashboard;
[[39mDEBUG[0;39m] [] 18:49:38.673 [TestCaseId:] [Scenario:
                Check availability of inputs when creating a new project on Dashboard page] [36mo.a.q.c.s.w.WrappedWebdriver[0;39m - Finding element by: By.className: login-button 
[[34mINFO [0;39m] [] 18:49:38.678 [TestCaseId:] [Scenario:
                Check availability of inputs when creating a new project on Dashboard page] [36mo.a.q.c.s.w.WrappedWebdriver[0;39m - Find_Element Execution_Time(ms):; 1; Page_URL:; http://localhost:8081/#!/dashboard;
[[34mINFO [0;39m] [] 18:49:38.681 [TestCaseId:] [Scenario:
                Check availability of inputs when creating a new project on Dashboard page] [36mo.a.q.c.s.w.WebdriverHelper[0;39m - Wait_For_Element_To_Be_Clickable Execution_Time(ms):; 7171; Page_URL:; http://localhost:8081/#!/dashboard;
[[39mDEBUG[0;39m] [] 18:49:38.681 [TestCaseId:] [Scenario:
                Check availability of inputs when creating a new project on Dashboard page] [36mo.a.q.c.s.a.p.AllureAttachmentsProvider[0;39m - Attach screenshot to the Allure report
[[34mINFO [0;39m] [] 18:49:39.083 [TestCaseId:] [Scenario:
                Check availability of inputs when creating a new project on Dashboard page] [36mo.a.q.c.s.w.WebdriverHelper[0;39m - Click Execution_Time(ms):; 7577; Page_URL:; http://localhost:8081/#!/dashboard;
[[39mDEBUG[0;39m] [] 18:49:39.083 [TestCaseId:] [Scenario:
                Check availability of inputs when creating a new project on Dashboard page] [36mo.a.q.c.s.a.p.AllureAttachmentsProvider[0;39m - Attach screenshot to the Allure report
[[39mDEBUG[0;39m] [] 18:49:39.492 [TestCaseId:] [Scenario:
                Check availability of inputs when creating a new project on Dashboard page] [36mo.a.q.c.s.a.p.AllureAttachmentsProvider[0;39m - Attach screenshot to the Allure report
[[39mDEBUG[0;39m] [] 18:49:39.929 [TestCaseId:] [Scenario:
                Check availability of inputs when creating a new project on Dashboard page] [36mo.a.q.c.s.w.WrappedWebdriver[0;39m - Finding element by: By.className: page-title 
[[34mINFO [0;39m] [] 18:49:39.959 [TestCaseId:] [Scenario:
                Check availability of inputs when creating a new project on Dashboard page] [36mo.a.q.c.s.w.WrappedWebdriver[0;39m - Find_Element Execution_Time(ms):; 20; Page_URL:; http://localhost:8081/#!/dashboard;
[[39mDEBUG[0;39m] [] 18:49:39.999 [TestCaseId:] [Scenario:
                Check availability of inputs when creating a new project on Dashboard page] [36mo.a.q.c.s.w.WrappedWebdriver[0;39m - Finding element by: By.xpath: //button[contains(text(),'select asset type')] 
[[34mINFO [0;39m] [] 18:49:40.029 [TestCaseId:] [Scenario:
                Check availability of inputs when creating a new project on Dashboard page] [36mo.a.q.c.s.w.WrappedWebdriver[0;39m - Find_Element Execution_Time(ms):; 20; Page_URL:; http://localhost:8081/#!/dashboard;
[[39mDEBUG[0;39m] [] 18:49:40.039 [TestCaseId:] [Scenario:
                Check availability of inputs when creating a new project on Dashboard page] [36mo.a.q.c.s.w.WrappedWebdriver[0;39m - Finding element by: By.xpath: //button[contains(text(),'select library')] 
[[34mINFO [0;39m] [] 18:49:40.069 [TestCaseId:] [Scenario:
                Check availability of inputs when creating a new project on Dashboard page] [36mo.a.q.c.s.w.WrappedWebdriver[0;39m - Find_Element Execution_Time(ms):; 20; Page_URL:; http://localhost:8081/#!/dashboard;
[[39mDEBUG[0;39m] [] 18:49:40.079 [TestCaseId:] [Scenario:
                Check availability of inputs when creating a new project on Dashboard page] [36mo.a.q.c.s.w.WrappedWebdriver[0;39m - Finding element by: By.xpath: //button[contains(text(),'select library')] 
[[34mINFO [0;39m] [] 18:49:40.099 [TestCaseId:] [Scenario:
                Check availability of inputs when creating a new project on Dashboard page] [36mo.a.q.c.s.w.WrappedWebdriver[0;39m - Find_Element Execution_Time(ms):; 10; Page_URL:; http://localhost:8081/#!/dashboard;
[[39mDEBUG[0;39m] [] 18:49:40.109 [TestCaseId:] [Scenario:
                Check availability of inputs when creating a new project on Dashboard page] [36mo.a.q.c.s.w.WrappedWebdriver[0;39m - Finding element by: By.xpath: //button[contains(text(),'select region')] 
[[34mINFO [0;39m] [] 18:49:40.139 [TestCaseId:] [Scenario:
                Check availability of inputs when creating a new project on Dashboard page] [36mo.a.q.c.s.w.WrappedWebdriver[0;39m - Find_Element Execution_Time(ms):; 20; Page_URL:; http://localhost:8081/#!/dashboard;
[[39mDEBUG[0;39m] [] 18:49:40.149 [TestCaseId:] [Scenario:
                Check availability of inputs when creating a new project on Dashboard page] [36mo.a.q.c.s.w.WrappedWebdriver[0;39m - Finding element by: By.xpath: //button[contains(text(),'select region')] 
[[34mINFO [0;39m] [] 18:49:40.169 [TestCaseId:] [Scenario:
                Check availability of inputs when creating a new project on Dashboard page] [36mo.a.q.c.s.w.WrappedWebdriver[0;39m - Find_Element Execution_Time(ms):; 10; Page_URL:; http://localhost:8081/#!/dashboard;
[[39mDEBUG[0;39m] [] 18:49:40.179 [TestCaseId:] [Scenario:
                Check availability of inputs when creating a new project on Dashboard page] [36mo.a.q.c.s.w.WrappedWebdriver[0;39m - Finding element by: By.xpath: //button[contains(text(),'select location')] 
[[34mINFO [0;39m] [] 18:49:40.209 [TestCaseId:] [Scenario:
                Check availability of inputs when creating a new project on Dashboard page] [36mo.a.q.c.s.w.WrappedWebdriver[0;39m - Find_Element Execution_Time(ms):; 20; Page_URL:; http://localhost:8081/#!/dashboard;
[[39mDEBUG[0;39m] [] 18:49:40.219 [TestCaseId:] [Scenario:
                Check availability of inputs when creating a new project on Dashboard page] [36mo.a.q.c.s.w.WrappedWebdriver[0;39m - Finding element by: By.xpath: //button[contains(text(),'select location')] 
[[34mINFO [0;39m] [] 18:49:40.239 [TestCaseId:] [Scenario:
                Check availability of inputs when creating a new project on Dashboard page] [36mo.a.q.c.s.w.WrappedWebdriver[0;39m - Find_Element Execution_Time(ms):; 10; Page_URL:; http://localhost:8081/#!/dashboard;
[[39mDEBUG[0;39m] [] 18:49:40.249 [TestCaseId:] [Scenario:
                Check availability of inputs when creating a new project on Dashboard page] [36mo.a.q.c.s.w.WrappedWebdriver[0;39m - Finding element by: By.className: new-project__title-input 
[[34mINFO [0;39m] [] 18:49:40.279 [TestCaseId:] [Scenario:
                Check availability of inputs when creating a new project on Dashboard page] [36mo.a.q.c.s.w.WrappedWebdriver[0;39m - Find_Element Execution_Time(ms):; 20; Page_URL:; http://localhost:8081/#!/dashboard;
[[39mDEBUG[0;39m] [] 18:49:40.289 [TestCaseId:] [Scenario:
                Check availability of inputs when creating a new project on Dashboard page] [36mo.a.q.c.s.w.WrappedWebdriver[0;39m - Finding element by: By.className: new-project__description-input 
[[34mINFO [0;39m] [] 18:49:40.319 [TestCaseId:] [Scenario:
                Check availability of inputs when creating a new project on Dashboard page] [36mo.a.q.c.s.w.WrappedWebdriver[0;39m - Find_Element Execution_Time(ms):; 20; Page_URL:; http://localhost:8081/#!/dashboard;
[[34mINFO [0;39m] [] 18:49:40.379 [TestCaseId:] [Scenario:
                Check availability of inputs when creating a new project on Dashboard page] [36mo.a.q.c.s.w.WebdriverHelper[0;39m - Wait_For_Page_Update Execution_Time(ms):; 20; Page_URL:; http://localhost:8081/#!/dashboard;
[[39mDEBUG[0;39m] [] 18:49:40.379 [TestCaseId:] [Scenario:
                Check availability of inputs when creating a new project on Dashboard page] [36mo.a.q.c.s.w.WrappedWebdriver[0;39m - Finding element by: By.className: logout-button 
[[34mINFO [0;39m] [] 18:49:40.409 [TestCaseId:] [Scenario:
                Check availability of inputs when creating a new project on Dashboard page] [36mo.a.q.c.s.w.WrappedWebdriver[0;39m - Find_Element Execution_Time(ms):; 20; Page_URL:; http://localhost:8081/#!/dashboard;
[[39mDEBUG[0;39m] [] 18:49:40.429 [TestCaseId:] [Scenario:
                Check availability of inputs when creating a new project on Dashboard page] [36mo.a.q.c.s.w.WrappedWebdriver[0;39m - Finding element by: By.className: logout-button 
[[34mINFO [0;39m] [] 18:49:40.449 [TestCaseId:] [Scenario:
                Check availability of inputs when creating a new project on Dashboard page] [36mo.a.q.c.s.w.WrappedWebdriver[0;39m - Find_Element Execution_Time(ms):; 10; Page_URL:; http://localhost:8081/#!/dashboard;
[[34mINFO [0;39m] [] 18:49:40.469 [TestCaseId:] [Scenario:
                Check availability of inputs when creating a new project on Dashboard page] [36mo.a.q.c.s.w.WebdriverHelper[0;39m - Wait_For_Element_To_Be_Clickable Execution_Time(ms):; 80; Page_URL:; http://localhost:8081/#!/dashboard;
[[39mDEBUG[0;39m] [] 18:49:40.469 [TestCaseId:] [Scenario:
                Check availability of inputs when creating a new project on Dashboard page] [36mo.a.q.c.s.w.WrappedWebdriver[0;39m - Finding element by: By.className: logout-button 
[[34mINFO [0;39m] [] 18:49:40.489 [TestCaseId:] [Scenario:
                Check availability of inputs when creating a new project on Dashboard page] [36mo.a.q.c.s.w.WrappedWebdriver[0;39m - Find_Element Execution_Time(ms):; 10; Page_URL:; http://localhost:8081/#!/dashboard;
[[34mINFO [0;39m] [] 18:49:40.533 [TestCaseId:] [Scenario:
                Check availability of inputs when creating a new project on Dashboard page] [36mo.a.q.c.s.w.WebdriverHelper[0;39m - Wait_For_Page_Update Execution_Time(ms):; 7; Page_URL:; http://localhost:8081/#!/dashboard;
[[34mINFO [0;39m] [] 18:49:40.538 [TestCaseId:] [Scenario:
                Check availability of inputs when creating a new project on Dashboard page] [36mo.a.q.c.s.w.WebdriverHelper[0;39m - Click Execution_Time(ms):; 184; Page_URL:; http://localhost:8081/#!/dashboard;
[[39mDEBUG[0;39m] [] 18:49:40.538 [TestCaseId:] [Scenario:
                Check availability of inputs when creating a new project on Dashboard page] [36mo.a.q.c.s.w.WrappedWebdriver[0;39m - Finding element by: By.cssSelector: .logout-menu li 
[[34mINFO [0;39m] [] 18:49:40.560 [TestCaseId:] [Scenario:
                Check availability of inputs when creating a new project on Dashboard page] [36mo.a.q.c.s.w.WrappedWebdriver[0;39m - Find_Element Execution_Time(ms):; 15; Page_URL:; http://localhost:8081/#!/dashboard;
[[34mINFO [0;39m] [] 18:49:40.587 [TestCaseId:] [Scenario:
                Check availability of inputs when creating a new project on Dashboard page] [36mo.a.q.c.s.w.WebdriverHelper[0;39m - Wait_For_Page_Update Execution_Time(ms):; 10; Page_URL:; http://localhost:8081/#!/dashboard;
[[34mINFO [0;39m] [] 18:49:40.638 [TestCaseId:] [Scenario:
                Check availability of inputs when creating a new project on Dashboard page] [36mo.a.q.c.s.w.WebdriverHelper[0;39m - Wait_For_Element_To_Be_Clickable Execution_Time(ms):; 40; Page_URL:; http://localhost:8081/#!/dashboard;
[[34mINFO [0;39m] [] 18:49:40.688 [TestCaseId:] [Scenario:
                Check availability of inputs when creating a new project on Dashboard page] [36mo.a.q.c.s.w.WebdriverHelper[0;39m - Wait_For_Page_Update Execution_Time(ms):; 15; Page_URL:; http://localhost:8081/#!/login;
[[34mINFO [0;39m] [] 18:49:40.693 [TestCaseId:] [Scenario:
                Check availability of inputs when creating a new project on Dashboard page] [36mo.a.q.c.s.w.WebdriverHelper[0;39m - Click Execution_Time(ms):; 129; Page_URL:; http://localhost:8081/#!/login;
[[39mDEBUG[0;39m] [] 18:49:40.696 [TestCaseId:] [Scenario:
                ] [36mo.a.q.c.s.w.WrappedWebdriver[0;39m - Driver quit
[[34mINFO [0;39m] [] 18:49:41.683 [TestCaseId:] [Scenario:
                ] [36mo.a.q.c.s.w.WrappedWebdriver[0;39m - Driver_Quit Execution_Time(ms):; 987; Page_URL:; ;
